[2025-01-27 20:29:45,514] multiqc                                            [DEBUG  ]  This is MultiQC v1.12
[2025-01-27 20:29:45,515] multiqc                                            [DEBUG  ]  No MultiQC config found: /modules/uri_apps/software/MultiQC/1.12-foss-2021b/lib/python3.9/site-packages/multiqc_config.yaml
[2025-01-27 20:29:45,515] multiqc                                            [DEBUG  ]  No MultiQC config found: /home/zdellaert_uri_edu/.multiqc_config.yaml
[2025-01-27 20:29:45,515] multiqc                                            [DEBUG  ]  No MultiQC config found: multiqc_config.yaml
[2025-01-27 20:29:45,516] multiqc                                            [DEBUG  ]  Command used: /modules/uri_apps/software/MultiQC/1.12-foss-2021b/bin/multiqc .
[2025-01-27 20:29:46,815] multiqc                                            [WARNING]  MultiQC Version v1.27 now available!
[2025-01-27 20:29:46,815] multiqc                                            [DEBUG  ]  Command     : /modules/uri_apps/software/MultiQC/1.12-foss-2021b/bin/multiqc .
[2025-01-27 20:29:46,815] multiqc                                            [DEBUG  ]  Working dir : /project/pi_hputnam_uri_edu/zdellaert/LaserCoral/output_WGBS/dedup_V3
[2025-01-27 20:29:46,815] multiqc                                            [DEBUG  ]  Template    : default
[2025-01-27 20:29:46,815] multiqc                                            [DEBUG  ]  Running Python 3.9.6 (default, Nov 15 2024, 16:57:16)  [GCC 11.2.0]
[2025-01-27 20:29:46,816] multiqc                                            [DEBUG  ]  Analysing modules: custom_content, ccs, ngsderive, purple, conpair, lima, peddy, somalier, methylQA, mosdepth, phantompeakqualtools, qualimap, preseq, quast, qorts, rna_seqc, rockhopper, rsem, rseqc, busco, bustools, goleft_indexcov, gffcompare, disambiguate, supernova, deeptools, sargasso, verifybamid, mirtrace, happy, mirtop, sambamba, homer, hops, macs2, theta2, snpeff, gatk, htseq, bcftools, featureCounts, fgbio, dragen, dedup, pbmarkdup, damageprofiler, biobambam2, jcvi, mtnucratio, picard, vep, sentieon, prokka, qc3C, nanostat, samblaster, samtools, sexdeterrmine, eigenstratdatabasetools, bamtools, jellyfish, vcftools, longranger, stacks, varscan2, snippy, bbmap, bismark, biscuit, hicexplorer, hicup, hicpro, salmon, kallisto, slamdunk, star, hisat2, tophat, bowtie2, bowtie1, snpsplit, odgi, pangolin, kat, leehom, adapterRemoval, clipandmerge, cutadapt, flexbar, kaiju, kraken, malt, trimmomatic, sickle, skewer, sortmerna, biobloomtools, fastq_screen, afterqc, fastp, fastqc, pychopper, pycoqc, minionqc, multivcfanalyzer, clusterflow, checkqc, bcl2fastq, bclconvert, interop, ivar, flash, seqyclean, optitype, whatshap
[2025-01-27 20:29:46,817] multiqc                                            [DEBUG  ]  Using temporary directory for creating report: /tmp/tmp4xs22lqa
[2025-01-27 20:29:47,031] multiqc                                            [INFO   ]  Search path : /project/pi_hputnam_uri_edu/zdellaert/LaserCoral/output_WGBS/dedup_V3
[2025-01-27 20:29:47,060] multiqc                                            [DEBUG  ]  Ignoring file as matched an ignore pattern: trimmed_V3_LCM_24_S5_pe.deduplicated.bam
[2025-01-27 20:29:47,061] multiqc                                            [DEBUG  ]  Ignoring file as matched an ignore pattern: trimmed_V3_LCM_25_S6_pe.deduplicated.bam
[2025-01-27 20:29:47,062] multiqc                                            [DEBUG  ]  Ignoring file as matched an ignore pattern: trimmed_V3_LCM_11_S3_pe.deduplicated.bam
[2025-01-27 20:29:47,062] multiqc                                            [DEBUG  ]  Ignoring file as matched an ignore pattern: trimmed_V3_LCM_1_S1_pe.deduplicated.bam
[2025-01-27 20:29:47,062] multiqc                                            [DEBUG  ]  Ignoring file as matched an ignore pattern: trimmed_V3_LCM_18_S8_pe.deduplicated.bam
[2025-01-27 20:29:47,063] multiqc                                            [DEBUG  ]  Ignoring file as matched an ignore pattern: trimmed_V3_LCM_32_S9_pe.deduplicated.bam
[2025-01-27 20:29:47,063] multiqc                                            [DEBUG  ]  Ignoring file as matched an ignore pattern: trimmed_V3_LCM_12_S4_pe.deduplicated.bam
[2025-01-27 20:29:47,064] multiqc                                            [DEBUG  ]  Ignoring file as matched an ignore pattern: trimmed_V3_LCM_17_S7_pe.deduplicated.bam
[2025-01-27 20:29:47,064] multiqc                                            [DEBUG  ]  Ignoring file as matched an ignore pattern: trimmed_V3_LCM_33_S10_pe.deduplicated.bam
[2025-01-27 20:29:47,064] multiqc                                            [DEBUG  ]  Ignoring file as matched an ignore pattern: trimmed_V3_LCM_3_S2_pe.deduplicated.bam
[2025-01-27 20:29:47,112] multiqc                                            [DEBUG  ]  File ignored by ccs/v4 because it exceeded search pattern filesize limit: trimmed_V3_LCM_12_S4-bismark_summary.txt
[2025-01-27 20:29:47,114] multiqc                                            [DEBUG  ]  File ignored by hicexplorer because it exceeded search pattern filesize limit: trimmed_V3_LCM_12_S4-bismark_summary.txt
[2025-01-27 20:29:47,114] multiqc                                            [DEBUG  ]  File ignored by lima/summary because it exceeded search pattern filesize limit: trimmed_V3_LCM_12_S4-bismark_summary.txt
[2025-01-27 20:29:47,117] multiqc                                            [DEBUG  ]  File ignored by longranger/invocation because it exceeded search pattern filesize limit: trimmed_V3_LCM_12_S4-bismark_summary.txt
[2025-01-27 20:29:47,136] multiqc                                            [DEBUG  ]  File ignored by nanostat because it exceeded search pattern filesize limit: trimmed_V3_LCM_12_S4-bismark_summary.txt
[2025-01-27 20:29:47,142] multiqc                                            [DEBUG  ]  File ignored by ccs/v4 because it exceeded search pattern filesize limit: trimmed_V3_LCM_18_S8-bismark_summary.txt
[2025-01-27 20:29:47,146] multiqc                                            [DEBUG  ]  File ignored by hicexplorer because it exceeded search pattern filesize limit: trimmed_V3_LCM_18_S8-bismark_summary.txt
[2025-01-27 20:29:47,146] multiqc                                            [DEBUG  ]  File ignored by lima/summary because it exceeded search pattern filesize limit: trimmed_V3_LCM_18_S8-bismark_summary.txt
[2025-01-27 20:29:47,150] multiqc                                            [DEBUG  ]  File ignored by vep/vep_txt because it exceeded search pattern filesize limit: trimmed_V3_LCM_18_S8-bismark_summary.txt
[2025-01-27 20:29:47,150] multiqc                                            [DEBUG  ]  File ignored by longranger/invocation because it exceeded search pattern filesize limit: trimmed_V3_LCM_18_S8-bismark_summary.txt
[2025-01-27 20:29:47,192] multiqc                                            [DEBUG  ]  File ignored by nanostat because it exceeded search pattern filesize limit: trimmed_V3_LCM_18_S8-bismark_summary.txt
[2025-01-27 20:29:47,200] multiqc                                            [DEBUG  ]  File ignored by ccs/v4 because it exceeded search pattern filesize limit: trimmed_V3_LCM_12_S4.cytosine_context_summary.txt
[2025-01-27 20:29:47,202] multiqc                                            [DEBUG  ]  File ignored by lima/summary because it exceeded search pattern filesize limit: trimmed_V3_LCM_12_S4.cytosine_context_summary.txt
[2025-01-27 20:29:47,213] multiqc                                            [DEBUG  ]  Ignoring file as matched an ignore pattern: trimmed_V3_LCM_12_S4_pe.bam
[2025-01-27 20:29:47,217] multiqc                                            [DEBUG  ]  File ignored by ccs/v4 because it exceeded search pattern filesize limit: trimmed_V3_LCM_1_S1-bismark_summary.txt
[2025-01-27 20:29:47,218] multiqc                                            [DEBUG  ]  File ignored by hicexplorer because it exceeded search pattern filesize limit: trimmed_V3_LCM_1_S1-bismark_summary.txt
[2025-01-27 20:29:47,219] multiqc                                            [DEBUG  ]  File ignored by lima/summary because it exceeded search pattern filesize limit: trimmed_V3_LCM_1_S1-bismark_summary.txt
[2025-01-27 20:29:47,222] multiqc                                            [DEBUG  ]  File ignored by vep/vep_txt because it exceeded search pattern filesize limit: trimmed_V3_LCM_1_S1-bismark_summary.txt
[2025-01-27 20:29:47,222] multiqc                                            [DEBUG  ]  File ignored by longranger/invocation because it exceeded search pattern filesize limit: trimmed_V3_LCM_1_S1-bismark_summary.txt
[2025-01-27 20:29:47,258] multiqc                                            [DEBUG  ]  File ignored by nanostat because it exceeded search pattern filesize limit: trimmed_V3_LCM_1_S1-bismark_summary.txt
[2025-01-27 20:29:47,265] multiqc                                            [DEBUG  ]  File ignored by ccs/v4 because it exceeded search pattern filesize limit: trimmed_V3_LCM_3_S2.cytosine_context_summary.txt
[2025-01-27 20:29:47,267] multiqc                                            [DEBUG  ]  File ignored by lima/summary because it exceeded search pattern filesize limit: trimmed_V3_LCM_3_S2.cytosine_context_summary.txt
[2025-01-27 20:29:47,281] multiqc                                            [DEBUG  ]  File ignored by ccs/v4 because it exceeded search pattern filesize limit: trimmed_V3_LCM_33_S10.cytosine_context_summary.txt
[2025-01-27 20:29:47,282] multiqc                                            [DEBUG  ]  File ignored by lima/summary because it exceeded search pattern filesize limit: trimmed_V3_LCM_33_S10.cytosine_context_summary.txt
[2025-01-27 20:29:47,296] multiqc                                            [DEBUG  ]  File ignored by ccs/v4 because it exceeded search pattern filesize limit: trimmed_V3_LCM_18_S8.cytosine_context_summary.txt
[2025-01-27 20:29:47,298] multiqc                                            [DEBUG  ]  File ignored by lima/summary because it exceeded search pattern filesize limit: trimmed_V3_LCM_18_S8.cytosine_context_summary.txt
[2025-01-27 20:29:47,309] multiqc                                            [DEBUG  ]  Ignoring file as matched an ignore pattern: trimmed_V3_LCM_11_S3_pe.bam
[2025-01-27 20:29:47,309] multiqc                                            [DEBUG  ]  Ignoring file as matched an ignore pattern: trimmed_V3_LCM_17_S7_pe.bam
[2025-01-27 20:29:47,309] multiqc                                            [DEBUG  ]  Ignoring file as matched an ignore pattern: trimmed_V3_LCM_18_S8_pe.bam
[2025-01-27 20:29:47,317] multiqc                                            [DEBUG  ]  File ignored by ccs/v4 because it exceeded search pattern filesize limit: trimmed_V3_LCM_32_S9.cytosine_context_summary.txt
[2025-01-27 20:29:47,319] multiqc                                            [DEBUG  ]  File ignored by lima/summary because it exceeded search pattern filesize limit: trimmed_V3_LCM_32_S9.cytosine_context_summary.txt
[2025-01-27 20:29:47,332] multiqc                                            [DEBUG  ]  File ignored by ccs/v4 because it exceeded search pattern filesize limit: trimmed_V3_LCM_24_S5.cytosine_context_summary.txt
[2025-01-27 20:29:47,334] multiqc                                            [DEBUG  ]  File ignored by lima/summary because it exceeded search pattern filesize limit: trimmed_V3_LCM_24_S5.cytosine_context_summary.txt
[2025-01-27 20:29:47,348] multiqc                                            [DEBUG  ]  File ignored by ccs/v4 because it exceeded search pattern filesize limit: trimmed_V3_LCM_11_S3.cytosine_context_summary.txt
[2025-01-27 20:29:47,350] multiqc                                            [DEBUG  ]  File ignored by lima/summary because it exceeded search pattern filesize limit: trimmed_V3_LCM_11_S3.cytosine_context_summary.txt
[2025-01-27 20:29:47,366] multiqc                                            [DEBUG  ]  File ignored by ccs/v4 because it exceeded search pattern filesize limit: trimmed_V3_LCM_25_S6.cytosine_context_summary.txt
[2025-01-27 20:29:47,368] multiqc                                            [DEBUG  ]  File ignored by lima/summary because it exceeded search pattern filesize limit: trimmed_V3_LCM_25_S6.cytosine_context_summary.txt
[2025-01-27 20:29:47,382] multiqc                                            [DEBUG  ]  File ignored by ccs/v4 because it exceeded search pattern filesize limit: trimmed_V3_LCM_17_S7.cytosine_context_summary.txt
[2025-01-27 20:29:47,384] multiqc                                            [DEBUG  ]  File ignored by lima/summary because it exceeded search pattern filesize limit: trimmed_V3_LCM_17_S7.cytosine_context_summary.txt
[2025-01-27 20:29:47,398] multiqc                                            [DEBUG  ]  File ignored by ccs/v4 because it exceeded search pattern filesize limit: trimmed_V3_LCM_1_S1.cytosine_context_summary.txt
[2025-01-27 20:29:47,400] multiqc                                            [DEBUG  ]  File ignored by lima/summary because it exceeded search pattern filesize limit: trimmed_V3_LCM_1_S1.cytosine_context_summary.txt
[2025-01-27 20:29:47,428] multiqc                                            [DEBUG  ]  File ignored by ccs/v4 because it exceeded search pattern filesize limit: trimmed_V3_LCM_11_S3-bismark_summary.txt
[2025-01-27 20:29:47,429] multiqc                                            [DEBUG  ]  File ignored by hicexplorer because it exceeded search pattern filesize limit: trimmed_V3_LCM_11_S3-bismark_summary.txt
[2025-01-27 20:29:47,429] multiqc                                            [DEBUG  ]  File ignored by lima/summary because it exceeded search pattern filesize limit: trimmed_V3_LCM_11_S3-bismark_summary.txt
[2025-01-27 20:29:47,433] multiqc                                            [DEBUG  ]  File ignored by longranger/invocation because it exceeded search pattern filesize limit: trimmed_V3_LCM_11_S3-bismark_summary.txt
[2025-01-27 20:29:47,463] multiqc                                            [DEBUG  ]  File ignored by nanostat because it exceeded search pattern filesize limit: trimmed_V3_LCM_11_S3-bismark_summary.txt
[2025-01-27 20:29:47,469] multiqc                                            [DEBUG  ]  File ignored by ccs/v4 because it exceeded search pattern filesize limit: trimmed_V3_LCM_17_S7-bismark_summary.txt
[2025-01-27 20:29:47,470] multiqc                                            [DEBUG  ]  File ignored by hicexplorer because it exceeded search pattern filesize limit: trimmed_V3_LCM_17_S7-bismark_summary.txt
[2025-01-27 20:29:47,471] multiqc                                            [DEBUG  ]  File ignored by lima/summary because it exceeded search pattern filesize limit: trimmed_V3_LCM_17_S7-bismark_summary.txt
[2025-01-27 20:29:47,474] multiqc                                            [DEBUG  ]  File ignored by longranger/invocation because it exceeded search pattern filesize limit: trimmed_V3_LCM_17_S7-bismark_summary.txt
[2025-01-27 20:29:47,504] multiqc                                            [DEBUG  ]  File ignored by nanostat because it exceeded search pattern filesize limit: trimmed_V3_LCM_17_S7-bismark_summary.txt
[2025-01-27 20:29:47,506] multiqc                                            [DEBUG  ]  Ignoring file as matched an ignore pattern: trimmed_V3_LCM_1_S1_pe.bam
[2025-01-27 20:29:47,510] multiqc                                            [DEBUG  ]  File ignored by ccs/v4 because it exceeded search pattern filesize limit: trimmed_V3_LCM_24_S5-bismark_summary.txt
[2025-01-27 20:29:47,511] multiqc                                            [DEBUG  ]  File ignored by hicexplorer because it exceeded search pattern filesize limit: trimmed_V3_LCM_24_S5-bismark_summary.txt
[2025-01-27 20:29:47,512] multiqc                                            [DEBUG  ]  File ignored by lima/summary because it exceeded search pattern filesize limit: trimmed_V3_LCM_24_S5-bismark_summary.txt
[2025-01-27 20:29:47,515] multiqc                                            [DEBUG  ]  File ignored by vep/vep_txt because it exceeded search pattern filesize limit: trimmed_V3_LCM_24_S5-bismark_summary.txt
[2025-01-27 20:29:47,515] multiqc                                            [DEBUG  ]  File ignored by longranger/invocation because it exceeded search pattern filesize limit: trimmed_V3_LCM_24_S5-bismark_summary.txt
[2025-01-27 20:29:47,567] multiqc                                            [DEBUG  ]  File ignored by nanostat because it exceeded search pattern filesize limit: trimmed_V3_LCM_24_S5-bismark_summary.txt
[2025-01-27 20:29:47,570] multiqc                                            [DEBUG  ]  Ignoring file as matched an ignore pattern: trimmed_V3_LCM_24_S5_pe.bam
[2025-01-27 20:29:47,573] multiqc                                            [DEBUG  ]  File ignored by ccs/v4 because it exceeded search pattern filesize limit: trimmed_V3_LCM_25_S6-bismark_summary.txt
[2025-01-27 20:29:47,575] multiqc                                            [DEBUG  ]  File ignored by hicexplorer because it exceeded search pattern filesize limit: trimmed_V3_LCM_25_S6-bismark_summary.txt
[2025-01-27 20:29:47,575] multiqc                                            [DEBUG  ]  File ignored by lima/summary because it exceeded search pattern filesize limit: trimmed_V3_LCM_25_S6-bismark_summary.txt
[2025-01-27 20:29:47,578] multiqc                                            [DEBUG  ]  File ignored by vep/vep_txt because it exceeded search pattern filesize limit: trimmed_V3_LCM_25_S6-bismark_summary.txt
[2025-01-27 20:29:47,578] multiqc                                            [DEBUG  ]  File ignored by longranger/invocation because it exceeded search pattern filesize limit: trimmed_V3_LCM_25_S6-bismark_summary.txt
[2025-01-27 20:29:47,610] multiqc                                            [DEBUG  ]  File ignored by nanostat because it exceeded search pattern filesize limit: trimmed_V3_LCM_25_S6-bismark_summary.txt
[2025-01-27 20:29:47,613] multiqc                                            [DEBUG  ]  Ignoring file as matched an ignore pattern: trimmed_V3_LCM_25_S6_pe.bam
[2025-01-27 20:29:47,616] multiqc                                            [DEBUG  ]  File ignored by ccs/v4 because it exceeded search pattern filesize limit: trimmed_V3_LCM_32_S9-bismark_summary.txt
[2025-01-27 20:29:47,617] multiqc                                            [DEBUG  ]  File ignored by hicexplorer because it exceeded search pattern filesize limit: trimmed_V3_LCM_32_S9-bismark_summary.txt
[2025-01-27 20:29:47,618] multiqc                                            [DEBUG  ]  File ignored by lima/summary because it exceeded search pattern filesize limit: trimmed_V3_LCM_32_S9-bismark_summary.txt
[2025-01-27 20:29:47,620] multiqc                                            [DEBUG  ]  File ignored by vep/vep_txt because it exceeded search pattern filesize limit: trimmed_V3_LCM_32_S9-bismark_summary.txt
[2025-01-27 20:29:47,621] multiqc                                            [DEBUG  ]  File ignored by longranger/invocation because it exceeded search pattern filesize limit: trimmed_V3_LCM_32_S9-bismark_summary.txt
[2025-01-27 20:29:47,653] multiqc                                            [DEBUG  ]  File ignored by nanostat because it exceeded search pattern filesize limit: trimmed_V3_LCM_32_S9-bismark_summary.txt
[2025-01-27 20:29:47,655] multiqc                                            [DEBUG  ]  Ignoring file as matched an ignore pattern: trimmed_V3_LCM_32_S9_pe.bam
[2025-01-27 20:29:47,659] multiqc                                            [DEBUG  ]  File ignored by ccs/v4 because it exceeded search pattern filesize limit: trimmed_V3_LCM_33_S10-bismark_summary.txt
[2025-01-27 20:29:47,660] multiqc                                            [DEBUG  ]  File ignored by hicexplorer because it exceeded search pattern filesize limit: trimmed_V3_LCM_33_S10-bismark_summary.txt
[2025-01-27 20:29:47,660] multiqc                                            [DEBUG  ]  File ignored by lima/summary because it exceeded search pattern filesize limit: trimmed_V3_LCM_33_S10-bismark_summary.txt
[2025-01-27 20:29:47,663] multiqc                                            [DEBUG  ]  File ignored by longranger/invocation because it exceeded search pattern filesize limit: trimmed_V3_LCM_33_S10-bismark_summary.txt
[2025-01-27 20:29:47,685] multiqc                                            [DEBUG  ]  File ignored by nanostat because it exceeded search pattern filesize limit: trimmed_V3_LCM_33_S10-bismark_summary.txt
[2025-01-27 20:29:47,686] multiqc                                            [DEBUG  ]  Ignoring file as matched an ignore pattern: trimmed_V3_LCM_33_S10_pe.bam
[2025-01-27 20:29:47,690] multiqc                                            [DEBUG  ]  File ignored by ccs/v4 because it exceeded search pattern filesize limit: trimmed_V3_LCM_3_S2-bismark_summary.txt
[2025-01-27 20:29:47,691] multiqc                                            [DEBUG  ]  File ignored by hicexplorer because it exceeded search pattern filesize limit: trimmed_V3_LCM_3_S2-bismark_summary.txt
[2025-01-27 20:29:47,691] multiqc                                            [DEBUG  ]  File ignored by lima/summary because it exceeded search pattern filesize limit: trimmed_V3_LCM_3_S2-bismark_summary.txt
[2025-01-27 20:29:47,694] multiqc                                            [DEBUG  ]  File ignored by longranger/invocation because it exceeded search pattern filesize limit: trimmed_V3_LCM_3_S2-bismark_summary.txt
[2025-01-27 20:29:47,715] multiqc                                            [DEBUG  ]  File ignored by nanostat because it exceeded search pattern filesize limit: trimmed_V3_LCM_3_S2-bismark_summary.txt
[2025-01-27 20:29:47,717] multiqc                                            [DEBUG  ]  Ignoring file as matched an ignore pattern: trimmed_V3_LCM_3_S2_pe.bam
[2025-01-27 20:29:47,728] multiqc                                            [DEBUG  ]  File ignored by ccs/v4 because it exceeded search pattern filesize limit: trimmed_V3_LCM_11_S3_PE_report.html
[2025-01-27 20:29:47,729] multiqc                                            [DEBUG  ]  File ignored by hicexplorer because it exceeded search pattern filesize limit: trimmed_V3_LCM_11_S3_PE_report.html
[2025-01-27 20:29:47,729] multiqc                                            [DEBUG  ]  File ignored by lima/summary because it exceeded search pattern filesize limit: trimmed_V3_LCM_11_S3_PE_report.html
[2025-01-27 20:29:47,732] multiqc                                            [DEBUG  ]  File ignored by vep/vep_html because it exceeded search pattern filesize limit: trimmed_V3_LCM_11_S3_PE_report.html
[2025-01-27 20:29:47,732] multiqc                                            [DEBUG  ]  File ignored by vep/vep_txt because it exceeded search pattern filesize limit: trimmed_V3_LCM_11_S3_PE_report.html
[2025-01-27 20:29:47,732] multiqc                                            [DEBUG  ]  File ignored by longranger/invocation because it exceeded search pattern filesize limit: trimmed_V3_LCM_11_S3_PE_report.html
[2025-01-27 20:29:47,732] multiqc                                            [DEBUG  ]  File ignored by rockhopper because it exceeded search pattern filesize limit: trimmed_V3_LCM_11_S3_PE_report.html
[2025-01-27 20:29:47,732] multiqc                                            [DEBUG  ]  File ignored by rseqc/bam_stat because it exceeded search pattern filesize limit: trimmed_V3_LCM_11_S3_PE_report.html
[2025-01-27 20:29:47,732] multiqc                                            [DEBUG  ]  File ignored by rseqc/junction_annotation because it exceeded search pattern filesize limit: trimmed_V3_LCM_11_S3_PE_report.html
[2025-01-27 20:29:47,732] multiqc                                            [DEBUG  ]  File ignored by rseqc/read_distribution because it exceeded search pattern filesize limit: trimmed_V3_LCM_11_S3_PE_report.html
[2025-01-27 20:29:47,733] multiqc                                            [DEBUG  ]  File ignored by rseqc/infer_experiment because it exceeded search pattern filesize limit: trimmed_V3_LCM_11_S3_PE_report.html
[2025-01-27 20:29:47,738] multiqc                                            [DEBUG  ]  File ignored by stacks/sumstats because it exceeded search pattern filesize limit: trimmed_V3_LCM_11_S3_PE_report.html
[2025-01-27 20:29:48,095] multiqc                                            [DEBUG  ]  File ignored by nanostat because it exceeded search pattern filesize limit: trimmed_V3_LCM_11_S3_PE_report.html
[2025-01-27 20:29:48,126] multiqc                                            [DEBUG  ]  File ignored by ccs/v4 because it exceeded search pattern filesize limit: trimmed_V3_LCM_12_S4_PE_report.html
[2025-01-27 20:29:48,127] multiqc                                            [DEBUG  ]  File ignored by hicexplorer because it exceeded search pattern filesize limit: trimmed_V3_LCM_12_S4_PE_report.html
[2025-01-27 20:29:48,127] multiqc                                            [DEBUG  ]  File ignored by lima/summary because it exceeded search pattern filesize limit: trimmed_V3_LCM_12_S4_PE_report.html
[2025-01-27 20:29:48,130] multiqc                                            [DEBUG  ]  File ignored by vep/vep_html because it exceeded search pattern filesize limit: trimmed_V3_LCM_12_S4_PE_report.html
[2025-01-27 20:29:48,131] multiqc                                            [DEBUG  ]  File ignored by vep/vep_txt because it exceeded search pattern filesize limit: trimmed_V3_LCM_12_S4_PE_report.html
[2025-01-27 20:29:48,131] multiqc                                            [DEBUG  ]  File ignored by longranger/invocation because it exceeded search pattern filesize limit: trimmed_V3_LCM_12_S4_PE_report.html
[2025-01-27 20:29:48,131] multiqc                                            [DEBUG  ]  File ignored by rockhopper because it exceeded search pattern filesize limit: trimmed_V3_LCM_12_S4_PE_report.html
[2025-01-27 20:29:48,131] multiqc                                            [DEBUG  ]  File ignored by rseqc/bam_stat because it exceeded search pattern filesize limit: trimmed_V3_LCM_12_S4_PE_report.html
[2025-01-27 20:29:48,131] multiqc                                            [DEBUG  ]  File ignored by rseqc/junction_annotation because it exceeded search pattern filesize limit: trimmed_V3_LCM_12_S4_PE_report.html
[2025-01-27 20:29:48,131] multiqc                                            [DEBUG  ]  File ignored by rseqc/read_distribution because it exceeded search pattern filesize limit: trimmed_V3_LCM_12_S4_PE_report.html
[2025-01-27 20:29:48,131] multiqc                                            [DEBUG  ]  File ignored by rseqc/infer_experiment because it exceeded search pattern filesize limit: trimmed_V3_LCM_12_S4_PE_report.html
[2025-01-27 20:29:48,138] multiqc                                            [DEBUG  ]  File ignored by stacks/sumstats because it exceeded search pattern filesize limit: trimmed_V3_LCM_12_S4_PE_report.html
[2025-01-27 20:29:48,496] multiqc                                            [DEBUG  ]  File ignored by nanostat because it exceeded search pattern filesize limit: trimmed_V3_LCM_12_S4_PE_report.html
[2025-01-27 20:29:48,530] multiqc                                            [DEBUG  ]  File ignored by ccs/v4 because it exceeded search pattern filesize limit: trimmed_V3_LCM_17_S7_PE_report.html
[2025-01-27 20:29:48,532] multiqc                                            [DEBUG  ]  File ignored by hicexplorer because it exceeded search pattern filesize limit: trimmed_V3_LCM_17_S7_PE_report.html
[2025-01-27 20:29:48,532] multiqc                                            [DEBUG  ]  File ignored by lima/summary because it exceeded search pattern filesize limit: trimmed_V3_LCM_17_S7_PE_report.html
[2025-01-27 20:29:48,535] multiqc                                            [DEBUG  ]  File ignored by vep/vep_html because it exceeded search pattern filesize limit: trimmed_V3_LCM_17_S7_PE_report.html
[2025-01-27 20:29:48,535] multiqc                                            [DEBUG  ]  File ignored by vep/vep_txt because it exceeded search pattern filesize limit: trimmed_V3_LCM_17_S7_PE_report.html
[2025-01-27 20:29:48,535] multiqc                                            [DEBUG  ]  File ignored by longranger/invocation because it exceeded search pattern filesize limit: trimmed_V3_LCM_17_S7_PE_report.html
[2025-01-27 20:29:48,535] multiqc                                            [DEBUG  ]  File ignored by rockhopper because it exceeded search pattern filesize limit: trimmed_V3_LCM_17_S7_PE_report.html
[2025-01-27 20:29:48,535] multiqc                                            [DEBUG  ]  File ignored by rseqc/bam_stat because it exceeded search pattern filesize limit: trimmed_V3_LCM_17_S7_PE_report.html
[2025-01-27 20:29:48,535] multiqc                                            [DEBUG  ]  File ignored by rseqc/junction_annotation because it exceeded search pattern filesize limit: trimmed_V3_LCM_17_S7_PE_report.html
[2025-01-27 20:29:48,535] multiqc                                            [DEBUG  ]  File ignored by rseqc/read_distribution because it exceeded search pattern filesize limit: trimmed_V3_LCM_17_S7_PE_report.html
[2025-01-27 20:29:48,535] multiqc                                            [DEBUG  ]  File ignored by rseqc/infer_experiment because it exceeded search pattern filesize limit: trimmed_V3_LCM_17_S7_PE_report.html
[2025-01-27 20:29:48,543] multiqc                                            [DEBUG  ]  File ignored by stacks/sumstats because it exceeded search pattern filesize limit: trimmed_V3_LCM_17_S7_PE_report.html
[2025-01-27 20:29:48,907] multiqc                                            [DEBUG  ]  File ignored by nanostat because it exceeded search pattern filesize limit: trimmed_V3_LCM_17_S7_PE_report.html
[2025-01-27 20:29:48,940] multiqc                                            [DEBUG  ]  File ignored by ccs/v4 because it exceeded search pattern filesize limit: trimmed_V3_LCM_18_S8_PE_report.html
[2025-01-27 20:29:48,942] multiqc                                            [DEBUG  ]  File ignored by hicexplorer because it exceeded search pattern filesize limit: trimmed_V3_LCM_18_S8_PE_report.html
[2025-01-27 20:29:48,942] multiqc                                            [DEBUG  ]  File ignored by lima/summary because it exceeded search pattern filesize limit: trimmed_V3_LCM_18_S8_PE_report.html
[2025-01-27 20:29:48,945] multiqc                                            [DEBUG  ]  File ignored by vep/vep_html because it exceeded search pattern filesize limit: trimmed_V3_LCM_18_S8_PE_report.html
[2025-01-27 20:29:48,945] multiqc                                            [DEBUG  ]  File ignored by vep/vep_txt because it exceeded search pattern filesize limit: trimmed_V3_LCM_18_S8_PE_report.html
[2025-01-27 20:29:48,945] multiqc                                            [DEBUG  ]  File ignored by longranger/invocation because it exceeded search pattern filesize limit: trimmed_V3_LCM_18_S8_PE_report.html
[2025-01-27 20:29:48,945] multiqc                                            [DEBUG  ]  File ignored by rockhopper because it exceeded search pattern filesize limit: trimmed_V3_LCM_18_S8_PE_report.html
[2025-01-27 20:29:48,945] multiqc                                            [DEBUG  ]  File ignored by rseqc/bam_stat because it exceeded search pattern filesize limit: trimmed_V3_LCM_18_S8_PE_report.html
[2025-01-27 20:29:48,945] multiqc                                            [DEBUG  ]  File ignored by rseqc/junction_annotation because it exceeded search pattern filesize limit: trimmed_V3_LCM_18_S8_PE_report.html
[2025-01-27 20:29:48,945] multiqc                                            [DEBUG  ]  File ignored by rseqc/read_distribution because it exceeded search pattern filesize limit: trimmed_V3_LCM_18_S8_PE_report.html
[2025-01-27 20:29:48,945] multiqc                                            [DEBUG  ]  File ignored by rseqc/infer_experiment because it exceeded search pattern filesize limit: trimmed_V3_LCM_18_S8_PE_report.html
[2025-01-27 20:29:48,953] multiqc                                            [DEBUG  ]  File ignored by stacks/sumstats because it exceeded search pattern filesize limit: trimmed_V3_LCM_18_S8_PE_report.html
[2025-01-27 20:29:49,313] multiqc                                            [DEBUG  ]  File ignored by nanostat because it exceeded search pattern filesize limit: trimmed_V3_LCM_18_S8_PE_report.html
[2025-01-27 20:29:49,344] multiqc                                            [DEBUG  ]  File ignored by ccs/v4 because it exceeded search pattern filesize limit: trimmed_V3_LCM_1_S1_PE_report.html
[2025-01-27 20:29:49,346] multiqc                                            [DEBUG  ]  File ignored by hicexplorer because it exceeded search pattern filesize limit: trimmed_V3_LCM_1_S1_PE_report.html
[2025-01-27 20:29:49,346] multiqc                                            [DEBUG  ]  File ignored by lima/summary because it exceeded search pattern filesize limit: trimmed_V3_LCM_1_S1_PE_report.html
[2025-01-27 20:29:49,349] multiqc                                            [DEBUG  ]  File ignored by vep/vep_html because it exceeded search pattern filesize limit: trimmed_V3_LCM_1_S1_PE_report.html
[2025-01-27 20:29:49,349] multiqc                                            [DEBUG  ]  File ignored by vep/vep_txt because it exceeded search pattern filesize limit: trimmed_V3_LCM_1_S1_PE_report.html
[2025-01-27 20:29:49,349] multiqc                                            [DEBUG  ]  File ignored by longranger/invocation because it exceeded search pattern filesize limit: trimmed_V3_LCM_1_S1_PE_report.html
[2025-01-27 20:29:49,349] multiqc                                            [DEBUG  ]  File ignored by rockhopper because it exceeded search pattern filesize limit: trimmed_V3_LCM_1_S1_PE_report.html
[2025-01-27 20:29:49,349] multiqc                                            [DEBUG  ]  File ignored by rseqc/bam_stat because it exceeded search pattern filesize limit: trimmed_V3_LCM_1_S1_PE_report.html
[2025-01-27 20:29:49,349] multiqc                                            [DEBUG  ]  File ignored by rseqc/junction_annotation because it exceeded search pattern filesize limit: trimmed_V3_LCM_1_S1_PE_report.html
[2025-01-27 20:29:49,349] multiqc                                            [DEBUG  ]  File ignored by rseqc/read_distribution because it exceeded search pattern filesize limit: trimmed_V3_LCM_1_S1_PE_report.html
[2025-01-27 20:29:49,349] multiqc                                            [DEBUG  ]  File ignored by rseqc/infer_experiment because it exceeded search pattern filesize limit: trimmed_V3_LCM_1_S1_PE_report.html
[2025-01-27 20:29:49,359] multiqc                                            [DEBUG  ]  File ignored by stacks/sumstats because it exceeded search pattern filesize limit: trimmed_V3_LCM_1_S1_PE_report.html
[2025-01-27 20:29:49,719] multiqc                                            [DEBUG  ]  File ignored by nanostat because it exceeded search pattern filesize limit: trimmed_V3_LCM_1_S1_PE_report.html
[2025-01-27 20:29:49,749] multiqc                                            [DEBUG  ]  File ignored by ccs/v4 because it exceeded search pattern filesize limit: trimmed_V3_LCM_24_S5_PE_report.html
[2025-01-27 20:29:49,750] multiqc                                            [DEBUG  ]  File ignored by hicexplorer because it exceeded search pattern filesize limit: trimmed_V3_LCM_24_S5_PE_report.html
[2025-01-27 20:29:49,751] multiqc                                            [DEBUG  ]  File ignored by lima/summary because it exceeded search pattern filesize limit: trimmed_V3_LCM_24_S5_PE_report.html
[2025-01-27 20:29:49,753] multiqc                                            [DEBUG  ]  File ignored by vep/vep_html because it exceeded search pattern filesize limit: trimmed_V3_LCM_24_S5_PE_report.html
[2025-01-27 20:29:49,753] multiqc                                            [DEBUG  ]  File ignored by vep/vep_txt because it exceeded search pattern filesize limit: trimmed_V3_LCM_24_S5_PE_report.html
[2025-01-27 20:29:49,754] multiqc                                            [DEBUG  ]  File ignored by longranger/invocation because it exceeded search pattern filesize limit: trimmed_V3_LCM_24_S5_PE_report.html
[2025-01-27 20:29:49,754] multiqc                                            [DEBUG  ]  File ignored by rockhopper because it exceeded search pattern filesize limit: trimmed_V3_LCM_24_S5_PE_report.html
[2025-01-27 20:29:49,754] multiqc                                            [DEBUG  ]  File ignored by rseqc/bam_stat because it exceeded search pattern filesize limit: trimmed_V3_LCM_24_S5_PE_report.html
[2025-01-27 20:29:49,754] multiqc                                            [DEBUG  ]  File ignored by rseqc/junction_annotation because it exceeded search pattern filesize limit: trimmed_V3_LCM_24_S5_PE_report.html
[2025-01-27 20:29:49,754] multiqc                                            [DEBUG  ]  File ignored by rseqc/read_distribution because it exceeded search pattern filesize limit: trimmed_V3_LCM_24_S5_PE_report.html
[2025-01-27 20:29:49,754] multiqc                                            [DEBUG  ]  File ignored by rseqc/infer_experiment because it exceeded search pattern filesize limit: trimmed_V3_LCM_24_S5_PE_report.html
[2025-01-27 20:29:49,761] multiqc                                            [DEBUG  ]  File ignored by stacks/sumstats because it exceeded search pattern filesize limit: trimmed_V3_LCM_24_S5_PE_report.html
[2025-01-27 20:29:50,182] multiqc                                            [DEBUG  ]  File ignored by nanostat because it exceeded search pattern filesize limit: trimmed_V3_LCM_24_S5_PE_report.html
[2025-01-27 20:29:50,222] multiqc                                            [DEBUG  ]  File ignored by ccs/v4 because it exceeded search pattern filesize limit: trimmed_V3_LCM_25_S6_PE_report.html
[2025-01-27 20:29:50,224] multiqc                                            [DEBUG  ]  File ignored by hicexplorer because it exceeded search pattern filesize limit: trimmed_V3_LCM_25_S6_PE_report.html
[2025-01-27 20:29:50,224] multiqc                                            [DEBUG  ]  File ignored by lima/summary because it exceeded search pattern filesize limit: trimmed_V3_LCM_25_S6_PE_report.html
[2025-01-27 20:29:50,227] multiqc                                            [DEBUG  ]  File ignored by vep/vep_html because it exceeded search pattern filesize limit: trimmed_V3_LCM_25_S6_PE_report.html
[2025-01-27 20:29:50,227] multiqc                                            [DEBUG  ]  File ignored by vep/vep_txt because it exceeded search pattern filesize limit: trimmed_V3_LCM_25_S6_PE_report.html
[2025-01-27 20:29:50,228] multiqc                                            [DEBUG  ]  File ignored by longranger/invocation because it exceeded search pattern filesize limit: trimmed_V3_LCM_25_S6_PE_report.html
[2025-01-27 20:29:50,228] multiqc                                            [DEBUG  ]  File ignored by rockhopper because it exceeded search pattern filesize limit: trimmed_V3_LCM_25_S6_PE_report.html
[2025-01-27 20:29:50,228] multiqc                                            [DEBUG  ]  File ignored by rseqc/bam_stat because it exceeded search pattern filesize limit: trimmed_V3_LCM_25_S6_PE_report.html
[2025-01-27 20:29:50,228] multiqc                                            [DEBUG  ]  File ignored by rseqc/junction_annotation because it exceeded search pattern filesize limit: trimmed_V3_LCM_25_S6_PE_report.html
[2025-01-27 20:29:50,228] multiqc                                            [DEBUG  ]  File ignored by rseqc/read_distribution because it exceeded search pattern filesize limit: trimmed_V3_LCM_25_S6_PE_report.html
[2025-01-27 20:29:50,228] multiqc                                            [DEBUG  ]  File ignored by rseqc/infer_experiment because it exceeded search pattern filesize limit: trimmed_V3_LCM_25_S6_PE_report.html
[2025-01-27 20:29:50,237] multiqc                                            [DEBUG  ]  File ignored by stacks/sumstats because it exceeded search pattern filesize limit: trimmed_V3_LCM_25_S6_PE_report.html
[2025-01-27 20:29:50,670] multiqc                                            [DEBUG  ]  File ignored by nanostat because it exceeded search pattern filesize limit: trimmed_V3_LCM_25_S6_PE_report.html
[2025-01-27 20:29:50,705] multiqc                                            [DEBUG  ]  File ignored by ccs/v4 because it exceeded search pattern filesize limit: trimmed_V3_LCM_32_S9_PE_report.html
[2025-01-27 20:29:50,707] multiqc                                            [DEBUG  ]  File ignored by hicexplorer because it exceeded search pattern filesize limit: trimmed_V3_LCM_32_S9_PE_report.html
[2025-01-27 20:29:50,707] multiqc                                            [DEBUG  ]  File ignored by lima/summary because it exceeded search pattern filesize limit: trimmed_V3_LCM_32_S9_PE_report.html
[2025-01-27 20:29:50,710] multiqc                                            [DEBUG  ]  File ignored by vep/vep_html because it exceeded search pattern filesize limit: trimmed_V3_LCM_32_S9_PE_report.html
[2025-01-27 20:29:50,710] multiqc                                            [DEBUG  ]  File ignored by vep/vep_txt because it exceeded search pattern filesize limit: trimmed_V3_LCM_32_S9_PE_report.html
[2025-01-27 20:29:50,710] multiqc                                            [DEBUG  ]  File ignored by longranger/invocation because it exceeded search pattern filesize limit: trimmed_V3_LCM_32_S9_PE_report.html
[2025-01-27 20:29:50,710] multiqc                                            [DEBUG  ]  File ignored by rockhopper because it exceeded search pattern filesize limit: trimmed_V3_LCM_32_S9_PE_report.html
[2025-01-27 20:29:50,710] multiqc                                            [DEBUG  ]  File ignored by rseqc/bam_stat because it exceeded search pattern filesize limit: trimmed_V3_LCM_32_S9_PE_report.html
[2025-01-27 20:29:50,710] multiqc                                            [DEBUG  ]  File ignored by rseqc/junction_annotation because it exceeded search pattern filesize limit: trimmed_V3_LCM_32_S9_PE_report.html
[2025-01-27 20:29:50,710] multiqc                                            [DEBUG  ]  File ignored by rseqc/read_distribution because it exceeded search pattern filesize limit: trimmed_V3_LCM_32_S9_PE_report.html
[2025-01-27 20:29:50,710] multiqc                                            [DEBUG  ]  File ignored by rseqc/infer_experiment because it exceeded search pattern filesize limit: trimmed_V3_LCM_32_S9_PE_report.html
[2025-01-27 20:29:50,719] multiqc                                            [DEBUG  ]  File ignored by stacks/sumstats because it exceeded search pattern filesize limit: trimmed_V3_LCM_32_S9_PE_report.html
[2025-01-27 20:29:51,148] multiqc                                            [DEBUG  ]  File ignored by nanostat because it exceeded search pattern filesize limit: trimmed_V3_LCM_32_S9_PE_report.html
[2025-01-27 20:29:51,186] multiqc                                            [DEBUG  ]  File ignored by ccs/v4 because it exceeded search pattern filesize limit: trimmed_V3_LCM_33_S10_PE_report.html
[2025-01-27 20:29:51,188] multiqc                                            [DEBUG  ]  File ignored by hicexplorer because it exceeded search pattern filesize limit: trimmed_V3_LCM_33_S10_PE_report.html
[2025-01-27 20:29:51,188] multiqc                                            [DEBUG  ]  File ignored by lima/summary because it exceeded search pattern filesize limit: trimmed_V3_LCM_33_S10_PE_report.html
[2025-01-27 20:29:51,191] multiqc                                            [DEBUG  ]  File ignored by vep/vep_html because it exceeded search pattern filesize limit: trimmed_V3_LCM_33_S10_PE_report.html
[2025-01-27 20:29:51,192] multiqc                                            [DEBUG  ]  File ignored by vep/vep_txt because it exceeded search pattern filesize limit: trimmed_V3_LCM_33_S10_PE_report.html
[2025-01-27 20:29:51,192] multiqc                                            [DEBUG  ]  File ignored by longranger/invocation because it exceeded search pattern filesize limit: trimmed_V3_LCM_33_S10_PE_report.html
[2025-01-27 20:29:51,192] multiqc                                            [DEBUG  ]  File ignored by rockhopper because it exceeded search pattern filesize limit: trimmed_V3_LCM_33_S10_PE_report.html
[2025-01-27 20:29:51,192] multiqc                                            [DEBUG  ]  File ignored by rseqc/bam_stat because it exceeded search pattern filesize limit: trimmed_V3_LCM_33_S10_PE_report.html
[2025-01-27 20:29:51,192] multiqc                                            [DEBUG  ]  File ignored by rseqc/junction_annotation because it exceeded search pattern filesize limit: trimmed_V3_LCM_33_S10_PE_report.html
[2025-01-27 20:29:51,192] multiqc                                            [DEBUG  ]  File ignored by rseqc/read_distribution because it exceeded search pattern filesize limit: trimmed_V3_LCM_33_S10_PE_report.html
[2025-01-27 20:29:51,192] multiqc                                            [DEBUG  ]  File ignored by rseqc/infer_experiment because it exceeded search pattern filesize limit: trimmed_V3_LCM_33_S10_PE_report.html
[2025-01-27 20:29:51,200] multiqc                                            [DEBUG  ]  File ignored by stacks/sumstats because it exceeded search pattern filesize limit: trimmed_V3_LCM_33_S10_PE_report.html
[2025-01-27 20:29:51,620] multiqc                                            [DEBUG  ]  File ignored by nanostat because it exceeded search pattern filesize limit: trimmed_V3_LCM_33_S10_PE_report.html
[2025-01-27 20:29:51,658] multiqc                                            [DEBUG  ]  File ignored by ccs/v4 because it exceeded search pattern filesize limit: trimmed_V3_LCM_3_S2_PE_report.html
[2025-01-27 20:29:51,659] multiqc                                            [DEBUG  ]  File ignored by hicexplorer because it exceeded search pattern filesize limit: trimmed_V3_LCM_3_S2_PE_report.html
[2025-01-27 20:29:51,660] multiqc                                            [DEBUG  ]  File ignored by lima/summary because it exceeded search pattern filesize limit: trimmed_V3_LCM_3_S2_PE_report.html
[2025-01-27 20:29:51,663] multiqc                                            [DEBUG  ]  File ignored by vep/vep_html because it exceeded search pattern filesize limit: trimmed_V3_LCM_3_S2_PE_report.html
[2025-01-27 20:29:51,663] multiqc                                            [DEBUG  ]  File ignored by vep/vep_txt because it exceeded search pattern filesize limit: trimmed_V3_LCM_3_S2_PE_report.html
[2025-01-27 20:29:51,663] multiqc                                            [DEBUG  ]  File ignored by longranger/invocation because it exceeded search pattern filesize limit: trimmed_V3_LCM_3_S2_PE_report.html
[2025-01-27 20:29:51,663] multiqc                                            [DEBUG  ]  File ignored by rockhopper because it exceeded search pattern filesize limit: trimmed_V3_LCM_3_S2_PE_report.html
[2025-01-27 20:29:51,663] multiqc                                            [DEBUG  ]  File ignored by rseqc/bam_stat because it exceeded search pattern filesize limit: trimmed_V3_LCM_3_S2_PE_report.html
[2025-01-27 20:29:51,663] multiqc                                            [DEBUG  ]  File ignored by rseqc/junction_annotation because it exceeded search pattern filesize limit: trimmed_V3_LCM_3_S2_PE_report.html
[2025-01-27 20:29:51,663] multiqc                                            [DEBUG  ]  File ignored by rseqc/read_distribution because it exceeded search pattern filesize limit: trimmed_V3_LCM_3_S2_PE_report.html
[2025-01-27 20:29:51,663] multiqc                                            [DEBUG  ]  File ignored by rseqc/infer_experiment because it exceeded search pattern filesize limit: trimmed_V3_LCM_3_S2_PE_report.html
[2025-01-27 20:29:51,672] multiqc                                            [DEBUG  ]  File ignored by stacks/sumstats because it exceeded search pattern filesize limit: trimmed_V3_LCM_3_S2_PE_report.html
[2025-01-27 20:29:52,118] multiqc                                            [DEBUG  ]  File ignored by nanostat because it exceeded search pattern filesize limit: trimmed_V3_LCM_3_S2_PE_report.html
[2025-01-27 20:29:52,149] multiqc                                            [DEBUG  ]  File ignored by ccs/v4 because it exceeded search pattern filesize limit: bismark_summary_report.txt
[2025-01-27 20:29:52,151] multiqc                                            [DEBUG  ]  File ignored by lima/summary because it exceeded search pattern filesize limit: bismark_summary_report.txt
[2025-01-27 20:29:52,170] multiqc                                            [DEBUG  ]  File ignored by ccs/v4 because it exceeded search pattern filesize limit: bismark_summary_report.html
[2025-01-27 20:29:52,172] multiqc                                            [DEBUG  ]  File ignored by hicexplorer because it exceeded search pattern filesize limit: bismark_summary_report.html
[2025-01-27 20:29:52,172] multiqc                                            [DEBUG  ]  File ignored by lima/summary because it exceeded search pattern filesize limit: bismark_summary_report.html
[2025-01-27 20:29:52,182] multiqc                                            [DEBUG  ]  File ignored by vep/vep_html because it exceeded search pattern filesize limit: bismark_summary_report.html
[2025-01-27 20:29:52,182] multiqc                                            [DEBUG  ]  File ignored by vep/vep_txt because it exceeded search pattern filesize limit: bismark_summary_report.html
[2025-01-27 20:29:52,182] multiqc                                            [DEBUG  ]  File ignored by longranger/invocation because it exceeded search pattern filesize limit: bismark_summary_report.html
[2025-01-27 20:29:52,183] multiqc                                            [DEBUG  ]  File ignored by rockhopper because it exceeded search pattern filesize limit: bismark_summary_report.html
[2025-01-27 20:29:52,183] multiqc                                            [DEBUG  ]  File ignored by rseqc/bam_stat because it exceeded search pattern filesize limit: bismark_summary_report.html
[2025-01-27 20:29:52,183] multiqc                                            [DEBUG  ]  File ignored by rseqc/junction_annotation because it exceeded search pattern filesize limit: bismark_summary_report.html
[2025-01-27 20:29:52,183] multiqc                                            [DEBUG  ]  File ignored by rseqc/read_distribution because it exceeded search pattern filesize limit: bismark_summary_report.html
[2025-01-27 20:29:52,183] multiqc                                            [DEBUG  ]  File ignored by rseqc/infer_experiment because it exceeded search pattern filesize limit: bismark_summary_report.html
[2025-01-27 20:29:52,191] multiqc                                            [DEBUG  ]  File ignored by stacks/sumstats because it exceeded search pattern filesize limit: bismark_summary_report.html
[2025-01-27 20:29:52,620] multiqc                                            [DEBUG  ]  File ignored by nanostat because it exceeded search pattern filesize limit: bismark_summary_report.html
[2025-01-27 20:29:53,287] multiqc.plots.linegraph                            [DEBUG  ]  Using matplotlib version 3.4.3
[2025-01-27 20:29:53,288] multiqc.plots.bargraph                             [DEBUG  ]  Using matplotlib version 3.4.3
[2025-01-27 20:29:53,386] multiqc.modules.bismark.bismark                    [INFO   ]  Found 10 alignment reports
[2025-01-27 20:29:53,391] multiqc.modules.bismark.bismark                    [INFO   ]  Found 10 dedup reports
[2025-01-27 20:29:53,395] multiqc.modules.bismark.bismark                    [INFO   ]  Found 10 methextract reports
[2025-01-27 20:29:53,425] multiqc.modules.bismark.bismark                    [INFO   ]  Found 10 bismark bam2nuc reports
[2025-01-27 20:29:53,448] multiqc                                            [INFO   ]  Compressing plot data
[2025-01-27 20:29:53,699] multiqc                                            [INFO   ]  Report      : multiqc_report.html
[2025-01-27 20:29:53,700] multiqc                                            [INFO   ]  Data        : multiqc_data
[2025-01-27 20:29:53,700] multiqc                                            [DEBUG  ]  Moving data file from '/tmp/tmp4xs22lqa/multiqc_data' to '/project/pi_hputnam_uri_edu/zdellaert/LaserCoral/output_WGBS/dedup_V3/multiqc_data'
[2025-01-27 20:29:53,920] multiqc                                            [INFO   ]  MultiQC complete
