[2025-02-06 14:04:46,253] multiqc                                            [DEBUG  ]  This is MultiQC v1.12
[2025-02-06 14:04:46,255] multiqc                                            [DEBUG  ]  No MultiQC config found: /modules/uri_apps/software/MultiQC/1.12-foss-2021b/lib/python3.9/site-packages/multiqc_config.yaml
[2025-02-06 14:04:46,256] multiqc                                            [DEBUG  ]  No MultiQC config found: /home/zdellaert_uri_edu/.multiqc_config.yaml
[2025-02-06 14:04:46,257] multiqc                                            [DEBUG  ]  No MultiQC config found: multiqc_config.yaml
[2025-02-06 14:04:46,257] multiqc                                            [DEBUG  ]  Command used: /modules/uri_apps/software/MultiQC/1.12-foss-2021b/bin/multiqc LCM_11_S3_flexbar.log LCM_11_S3_flexbar_1_fastqc.html LCM_11_S3_flexbar_1_fastqc.zip LCM_11_S3_flexbar_2_fastqc.html LCM_11_S3_flexbar_2_fastqc.zip LCM_12_S4_flexbar.log LCM_12_S4_flexbar_1_fastqc.html LCM_12_S4_flexbar_1_fastqc.zip LCM_12_S4_flexbar_2_fastqc.html LCM_12_S4_flexbar_2_fastqc.zip LCM_17_S7_flexbar.log LCM_17_S7_flexbar_1_fastqc.html LCM_17_S7_flexbar_1_fastqc.zip LCM_17_S7_flexbar_2_fastqc.html LCM_17_S7_flexbar_2_fastqc.zip LCM_18_S8_flexbar.log LCM_18_S8_flexbar_1_fastqc.html LCM_18_S8_flexbar_1_fastqc.zip LCM_18_S8_flexbar_2_fastqc.html LCM_18_S8_flexbar_2_fastqc.zip LCM_1_S1_flexbar.log LCM_1_S1_flexbar_1_fastqc.html LCM_1_S1_flexbar_1_fastqc.zip LCM_1_S1_flexbar_2_fastqc.html LCM_1_S1_flexbar_2_fastqc.zip LCM_24_S5_flexbar.log LCM_24_S5_flexbar_1_fastqc.html LCM_24_S5_flexbar_1_fastqc.zip LCM_24_S5_flexbar_2_fastqc.html LCM_24_S5_flexbar_2_fastqc.zip LCM_25_S6_flexbar.log LCM_25_S6_flexbar_1_fastqc.html LCM_25_S6_flexbar_1_fastqc.zip LCM_25_S6_flexbar_2_fastqc.html LCM_25_S6_flexbar_2_fastqc.zip LCM_32_S9_flexbar.log LCM_32_S9_flexbar_1_fastqc.html LCM_32_S9_flexbar_1_fastqc.zip LCM_32_S9_flexbar_2_fastqc.html LCM_32_S9_flexbar_2_fastqc.zip LCM_33_S10_flexbar.log LCM_33_S10_flexbar_1_fastqc.html LCM_33_S10_flexbar_1_fastqc.zip LCM_33_S10_flexbar_2_fastqc.html LCM_33_S10_flexbar_2_fastqc.zip LCM_3_S2_flexbar.log LCM_3_S2_flexbar_1_fastqc.html LCM_3_S2_flexbar_1_fastqc.zip LCM_3_S2_flexbar_2_fastqc.html LCM_3_S2_flexbar_2_fastqc.zip
[2025-02-06 14:04:46,965] multiqc                                            [WARNING]  MultiQC Version v1.27 now available!
[2025-02-06 14:04:46,965] multiqc                                            [DEBUG  ]  Command     : /modules/uri_apps/software/MultiQC/1.12-foss-2021b/bin/multiqc LCM_11_S3_flexbar.log LCM_11_S3_flexbar_1_fastqc.html LCM_11_S3_flexbar_1_fastqc.zip LCM_11_S3_flexbar_2_fastqc.html LCM_11_S3_flexbar_2_fastqc.zip LCM_12_S4_flexbar.log LCM_12_S4_flexbar_1_fastqc.html LCM_12_S4_flexbar_1_fastqc.zip LCM_12_S4_flexbar_2_fastqc.html LCM_12_S4_flexbar_2_fastqc.zip LCM_17_S7_flexbar.log LCM_17_S7_flexbar_1_fastqc.html LCM_17_S7_flexbar_1_fastqc.zip LCM_17_S7_flexbar_2_fastqc.html LCM_17_S7_flexbar_2_fastqc.zip LCM_18_S8_flexbar.log LCM_18_S8_flexbar_1_fastqc.html LCM_18_S8_flexbar_1_fastqc.zip LCM_18_S8_flexbar_2_fastqc.html LCM_18_S8_flexbar_2_fastqc.zip LCM_1_S1_flexbar.log LCM_1_S1_flexbar_1_fastqc.html LCM_1_S1_flexbar_1_fastqc.zip LCM_1_S1_flexbar_2_fastqc.html LCM_1_S1_flexbar_2_fastqc.zip LCM_24_S5_flexbar.log LCM_24_S5_flexbar_1_fastqc.html LCM_24_S5_flexbar_1_fastqc.zip LCM_24_S5_flexbar_2_fastqc.html LCM_24_S5_flexbar_2_fastqc.zip LCM_25_S6_flexbar.log LCM_25_S6_flexbar_1_fastqc.html LCM_25_S6_flexbar_1_fastqc.zip LCM_25_S6_flexbar_2_fastqc.html LCM_25_S6_flexbar_2_fastqc.zip LCM_32_S9_flexbar.log LCM_32_S9_flexbar_1_fastqc.html LCM_32_S9_flexbar_1_fastqc.zip LCM_32_S9_flexbar_2_fastqc.html LCM_32_S9_flexbar_2_fastqc.zip LCM_33_S10_flexbar.log LCM_33_S10_flexbar_1_fastqc.html LCM_33_S10_flexbar_1_fastqc.zip LCM_33_S10_flexbar_2_fastqc.html LCM_33_S10_flexbar_2_fastqc.zip LCM_3_S2_flexbar.log LCM_3_S2_flexbar_1_fastqc.html LCM_3_S2_flexbar_1_fastqc.zip LCM_3_S2_flexbar_2_fastqc.html LCM_3_S2_flexbar_2_fastqc.zip
[2025-02-06 14:04:46,965] multiqc                                            [DEBUG  ]  Working dir : /project/pi_hputnam_uri_edu/zdellaert/LaserCoral/output_WGBS/trimmed_flexbar_qc
[2025-02-06 14:04:46,965] multiqc                                            [DEBUG  ]  Template    : default
[2025-02-06 14:04:46,965] multiqc                                            [DEBUG  ]  Running Python 3.9.6 (default, Nov 15 2024, 16:57:16)  [GCC 11.2.0]
[2025-02-06 14:04:46,966] multiqc                                            [DEBUG  ]  Analysing modules: custom_content, ccs, ngsderive, purple, conpair, lima, peddy, somalier, methylQA, mosdepth, phantompeakqualtools, qualimap, preseq, quast, qorts, rna_seqc, rockhopper, rsem, rseqc, busco, bustools, goleft_indexcov, gffcompare, disambiguate, supernova, deeptools, sargasso, verifybamid, mirtrace, happy, mirtop, sambamba, homer, hops, macs2, theta2, snpeff, gatk, htseq, bcftools, featureCounts, fgbio, dragen, dedup, pbmarkdup, damageprofiler, biobambam2, jcvi, mtnucratio, picard, vep, sentieon, prokka, qc3C, nanostat, samblaster, samtools, sexdeterrmine, eigenstratdatabasetools, bamtools, jellyfish, vcftools, longranger, stacks, varscan2, snippy, bbmap, bismark, biscuit, hicexplorer, hicup, hicpro, salmon, kallisto, slamdunk, star, hisat2, tophat, bowtie2, bowtie1, snpsplit, odgi, pangolin, kat, leehom, adapterRemoval, clipandmerge, cutadapt, flexbar, kaiju, kraken, malt, trimmomatic, sickle, skewer, sortmerna, biobloomtools, fastq_screen, afterqc, fastp, fastqc, pychopper, pycoqc, minionqc, multivcfanalyzer, clusterflow, checkqc, bcl2fastq, bclconvert, interop, ivar, flash, seqyclean, optitype, whatshap
[2025-02-06 14:04:46,967] multiqc                                            [DEBUG  ]  Using temporary directory for creating report: /tmp/tmpg72zajiz
[2025-02-06 14:04:47,380] multiqc                                            [INFO   ]  Search path : /project/pi_hputnam_uri_edu/zdellaert/LaserCoral/output_WGBS/trimmed_flexbar_qc/LCM_11_S3_flexbar.log
[2025-02-06 14:04:47,380] multiqc                                            [INFO   ]  Search path : /project/pi_hputnam_uri_edu/zdellaert/LaserCoral/output_WGBS/trimmed_flexbar_qc/LCM_11_S3_flexbar_1_fastqc.html
[2025-02-06 14:04:47,380] multiqc                                            [INFO   ]  Search path : /project/pi_hputnam_uri_edu/zdellaert/LaserCoral/output_WGBS/trimmed_flexbar_qc/LCM_11_S3_flexbar_1_fastqc.zip
[2025-02-06 14:04:47,380] multiqc                                            [INFO   ]  Search path : /project/pi_hputnam_uri_edu/zdellaert/LaserCoral/output_WGBS/trimmed_flexbar_qc/LCM_11_S3_flexbar_2_fastqc.html
[2025-02-06 14:04:47,380] multiqc                                            [INFO   ]  Search path : /project/pi_hputnam_uri_edu/zdellaert/LaserCoral/output_WGBS/trimmed_flexbar_qc/LCM_11_S3_flexbar_2_fastqc.zip
[2025-02-06 14:04:47,380] multiqc                                            [INFO   ]  Search path : /project/pi_hputnam_uri_edu/zdellaert/LaserCoral/output_WGBS/trimmed_flexbar_qc/LCM_12_S4_flexbar.log
[2025-02-06 14:04:47,380] multiqc                                            [INFO   ]  Search path : /project/pi_hputnam_uri_edu/zdellaert/LaserCoral/output_WGBS/trimmed_flexbar_qc/LCM_12_S4_flexbar_1_fastqc.html
[2025-02-06 14:04:47,381] multiqc                                            [INFO   ]  Search path : /project/pi_hputnam_uri_edu/zdellaert/LaserCoral/output_WGBS/trimmed_flexbar_qc/LCM_12_S4_flexbar_1_fastqc.zip
[2025-02-06 14:04:47,381] multiqc                                            [INFO   ]  Search path : /project/pi_hputnam_uri_edu/zdellaert/LaserCoral/output_WGBS/trimmed_flexbar_qc/LCM_12_S4_flexbar_2_fastqc.html
[2025-02-06 14:04:47,381] multiqc                                            [INFO   ]  Search path : /project/pi_hputnam_uri_edu/zdellaert/LaserCoral/output_WGBS/trimmed_flexbar_qc/LCM_12_S4_flexbar_2_fastqc.zip
[2025-02-06 14:04:47,381] multiqc                                            [INFO   ]  Search path : /project/pi_hputnam_uri_edu/zdellaert/LaserCoral/output_WGBS/trimmed_flexbar_qc/LCM_17_S7_flexbar.log
[2025-02-06 14:04:47,381] multiqc                                            [INFO   ]  Search path : /project/pi_hputnam_uri_edu/zdellaert/LaserCoral/output_WGBS/trimmed_flexbar_qc/LCM_17_S7_flexbar_1_fastqc.html
[2025-02-06 14:04:47,381] multiqc                                            [INFO   ]  Search path : /project/pi_hputnam_uri_edu/zdellaert/LaserCoral/output_WGBS/trimmed_flexbar_qc/LCM_17_S7_flexbar_1_fastqc.zip
[2025-02-06 14:04:47,381] multiqc                                            [INFO   ]  Search path : /project/pi_hputnam_uri_edu/zdellaert/LaserCoral/output_WGBS/trimmed_flexbar_qc/LCM_17_S7_flexbar_2_fastqc.html
[2025-02-06 14:04:47,381] multiqc                                            [INFO   ]  Search path : /project/pi_hputnam_uri_edu/zdellaert/LaserCoral/output_WGBS/trimmed_flexbar_qc/LCM_17_S7_flexbar_2_fastqc.zip
[2025-02-06 14:04:47,381] multiqc                                            [INFO   ]  Search path : /project/pi_hputnam_uri_edu/zdellaert/LaserCoral/output_WGBS/trimmed_flexbar_qc/LCM_18_S8_flexbar.log
[2025-02-06 14:04:47,381] multiqc                                            [INFO   ]  Search path : /project/pi_hputnam_uri_edu/zdellaert/LaserCoral/output_WGBS/trimmed_flexbar_qc/LCM_18_S8_flexbar_1_fastqc.html
[2025-02-06 14:04:47,382] multiqc                                            [INFO   ]  Search path : /project/pi_hputnam_uri_edu/zdellaert/LaserCoral/output_WGBS/trimmed_flexbar_qc/LCM_18_S8_flexbar_1_fastqc.zip
[2025-02-06 14:04:47,382] multiqc                                            [INFO   ]  Search path : /project/pi_hputnam_uri_edu/zdellaert/LaserCoral/output_WGBS/trimmed_flexbar_qc/LCM_18_S8_flexbar_2_fastqc.html
[2025-02-06 14:04:47,382] multiqc                                            [INFO   ]  Search path : /project/pi_hputnam_uri_edu/zdellaert/LaserCoral/output_WGBS/trimmed_flexbar_qc/LCM_18_S8_flexbar_2_fastqc.zip
[2025-02-06 14:04:47,382] multiqc                                            [INFO   ]  Search path : /project/pi_hputnam_uri_edu/zdellaert/LaserCoral/output_WGBS/trimmed_flexbar_qc/LCM_1_S1_flexbar.log
[2025-02-06 14:04:47,382] multiqc                                            [INFO   ]  Search path : /project/pi_hputnam_uri_edu/zdellaert/LaserCoral/output_WGBS/trimmed_flexbar_qc/LCM_1_S1_flexbar_1_fastqc.html
[2025-02-06 14:04:47,382] multiqc                                            [INFO   ]  Search path : /project/pi_hputnam_uri_edu/zdellaert/LaserCoral/output_WGBS/trimmed_flexbar_qc/LCM_1_S1_flexbar_1_fastqc.zip
[2025-02-06 14:04:47,382] multiqc                                            [INFO   ]  Search path : /project/pi_hputnam_uri_edu/zdellaert/LaserCoral/output_WGBS/trimmed_flexbar_qc/LCM_1_S1_flexbar_2_fastqc.html
[2025-02-06 14:04:47,382] multiqc                                            [INFO   ]  Search path : /project/pi_hputnam_uri_edu/zdellaert/LaserCoral/output_WGBS/trimmed_flexbar_qc/LCM_1_S1_flexbar_2_fastqc.zip
[2025-02-06 14:04:47,382] multiqc                                            [INFO   ]  Search path : /project/pi_hputnam_uri_edu/zdellaert/LaserCoral/output_WGBS/trimmed_flexbar_qc/LCM_24_S5_flexbar.log
[2025-02-06 14:04:47,383] multiqc                                            [INFO   ]  Search path : /project/pi_hputnam_uri_edu/zdellaert/LaserCoral/output_WGBS/trimmed_flexbar_qc/LCM_24_S5_flexbar_1_fastqc.html
[2025-02-06 14:04:47,383] multiqc                                            [INFO   ]  Search path : /project/pi_hputnam_uri_edu/zdellaert/LaserCoral/output_WGBS/trimmed_flexbar_qc/LCM_24_S5_flexbar_1_fastqc.zip
[2025-02-06 14:04:47,383] multiqc                                            [INFO   ]  Search path : /project/pi_hputnam_uri_edu/zdellaert/LaserCoral/output_WGBS/trimmed_flexbar_qc/LCM_24_S5_flexbar_2_fastqc.html
[2025-02-06 14:04:47,383] multiqc                                            [INFO   ]  Search path : /project/pi_hputnam_uri_edu/zdellaert/LaserCoral/output_WGBS/trimmed_flexbar_qc/LCM_24_S5_flexbar_2_fastqc.zip
[2025-02-06 14:04:47,383] multiqc                                            [INFO   ]  Search path : /project/pi_hputnam_uri_edu/zdellaert/LaserCoral/output_WGBS/trimmed_flexbar_qc/LCM_25_S6_flexbar.log
[2025-02-06 14:04:47,383] multiqc                                            [INFO   ]  Search path : /project/pi_hputnam_uri_edu/zdellaert/LaserCoral/output_WGBS/trimmed_flexbar_qc/LCM_25_S6_flexbar_1_fastqc.html
[2025-02-06 14:04:47,383] multiqc                                            [INFO   ]  Search path : /project/pi_hputnam_uri_edu/zdellaert/LaserCoral/output_WGBS/trimmed_flexbar_qc/LCM_25_S6_flexbar_1_fastqc.zip
[2025-02-06 14:04:47,383] multiqc                                            [INFO   ]  Search path : /project/pi_hputnam_uri_edu/zdellaert/LaserCoral/output_WGBS/trimmed_flexbar_qc/LCM_25_S6_flexbar_2_fastqc.html
[2025-02-06 14:04:47,384] multiqc                                            [INFO   ]  Search path : /project/pi_hputnam_uri_edu/zdellaert/LaserCoral/output_WGBS/trimmed_flexbar_qc/LCM_25_S6_flexbar_2_fastqc.zip
[2025-02-06 14:04:47,384] multiqc                                            [INFO   ]  Search path : /project/pi_hputnam_uri_edu/zdellaert/LaserCoral/output_WGBS/trimmed_flexbar_qc/LCM_32_S9_flexbar.log
[2025-02-06 14:04:47,384] multiqc                                            [INFO   ]  Search path : /project/pi_hputnam_uri_edu/zdellaert/LaserCoral/output_WGBS/trimmed_flexbar_qc/LCM_32_S9_flexbar_1_fastqc.html
[2025-02-06 14:04:47,384] multiqc                                            [INFO   ]  Search path : /project/pi_hputnam_uri_edu/zdellaert/LaserCoral/output_WGBS/trimmed_flexbar_qc/LCM_32_S9_flexbar_1_fastqc.zip
[2025-02-06 14:04:47,384] multiqc                                            [INFO   ]  Search path : /project/pi_hputnam_uri_edu/zdellaert/LaserCoral/output_WGBS/trimmed_flexbar_qc/LCM_32_S9_flexbar_2_fastqc.html
[2025-02-06 14:04:47,384] multiqc                                            [INFO   ]  Search path : /project/pi_hputnam_uri_edu/zdellaert/LaserCoral/output_WGBS/trimmed_flexbar_qc/LCM_32_S9_flexbar_2_fastqc.zip
[2025-02-06 14:04:47,384] multiqc                                            [INFO   ]  Search path : /project/pi_hputnam_uri_edu/zdellaert/LaserCoral/output_WGBS/trimmed_flexbar_qc/LCM_33_S10_flexbar.log
[2025-02-06 14:04:47,384] multiqc                                            [INFO   ]  Search path : /project/pi_hputnam_uri_edu/zdellaert/LaserCoral/output_WGBS/trimmed_flexbar_qc/LCM_33_S10_flexbar_1_fastqc.html
[2025-02-06 14:04:47,385] multiqc                                            [INFO   ]  Search path : /project/pi_hputnam_uri_edu/zdellaert/LaserCoral/output_WGBS/trimmed_flexbar_qc/LCM_33_S10_flexbar_1_fastqc.zip
[2025-02-06 14:04:47,385] multiqc                                            [INFO   ]  Search path : /project/pi_hputnam_uri_edu/zdellaert/LaserCoral/output_WGBS/trimmed_flexbar_qc/LCM_33_S10_flexbar_2_fastqc.html
[2025-02-06 14:04:47,385] multiqc                                            [INFO   ]  Search path : /project/pi_hputnam_uri_edu/zdellaert/LaserCoral/output_WGBS/trimmed_flexbar_qc/LCM_33_S10_flexbar_2_fastqc.zip
[2025-02-06 14:04:47,385] multiqc                                            [INFO   ]  Search path : /project/pi_hputnam_uri_edu/zdellaert/LaserCoral/output_WGBS/trimmed_flexbar_qc/LCM_3_S2_flexbar.log
[2025-02-06 14:04:47,385] multiqc                                            [INFO   ]  Search path : /project/pi_hputnam_uri_edu/zdellaert/LaserCoral/output_WGBS/trimmed_flexbar_qc/LCM_3_S2_flexbar_1_fastqc.html
[2025-02-06 14:04:47,385] multiqc                                            [INFO   ]  Search path : /project/pi_hputnam_uri_edu/zdellaert/LaserCoral/output_WGBS/trimmed_flexbar_qc/LCM_3_S2_flexbar_1_fastqc.zip
[2025-02-06 14:04:47,385] multiqc                                            [INFO   ]  Search path : /project/pi_hputnam_uri_edu/zdellaert/LaserCoral/output_WGBS/trimmed_flexbar_qc/LCM_3_S2_flexbar_2_fastqc.html
[2025-02-06 14:04:47,385] multiqc                                            [INFO   ]  Search path : /project/pi_hputnam_uri_edu/zdellaert/LaserCoral/output_WGBS/trimmed_flexbar_qc/LCM_3_S2_flexbar_2_fastqc.zip
[2025-02-06 14:04:47,433] multiqc                                            [DEBUG  ]  File ignored by ccs/v4 because it exceeded search pattern filesize limit: LCM_11_S3_flexbar.log
[2025-02-06 14:04:47,435] multiqc                                            [DEBUG  ]  File ignored by lima/summary because it exceeded search pattern filesize limit: LCM_11_S3_flexbar.log
[2025-02-06 14:04:47,440] multiqc                                            [DEBUG  ]  File ignored by longranger/invocation because it exceeded search pattern filesize limit: LCM_11_S3_flexbar.log
[2025-02-06 14:04:47,457] multiqc                                            [DEBUG  ]  File ignored by ccs/v4 because it exceeded search pattern filesize limit: LCM_11_S3_flexbar_1_fastqc.html
[2025-02-06 14:04:47,458] multiqc                                            [DEBUG  ]  File ignored by hicexplorer because it exceeded search pattern filesize limit: LCM_11_S3_flexbar_1_fastqc.html
[2025-02-06 14:04:47,459] multiqc                                            [DEBUG  ]  File ignored by lima/summary because it exceeded search pattern filesize limit: LCM_11_S3_flexbar_1_fastqc.html
[2025-02-06 14:04:47,462] multiqc                                            [DEBUG  ]  File ignored by vep/vep_txt because it exceeded search pattern filesize limit: LCM_11_S3_flexbar_1_fastqc.html
[2025-02-06 14:04:47,462] multiqc                                            [DEBUG  ]  File ignored by longranger/invocation because it exceeded search pattern filesize limit: LCM_11_S3_flexbar_1_fastqc.html
[2025-02-06 14:04:47,462] multiqc                                            [DEBUG  ]  File ignored by rockhopper because it exceeded search pattern filesize limit: LCM_11_S3_flexbar_1_fastqc.html
[2025-02-06 14:04:47,462] multiqc                                            [DEBUG  ]  File ignored by rseqc/bam_stat because it exceeded search pattern filesize limit: LCM_11_S3_flexbar_1_fastqc.html
[2025-02-06 14:04:47,462] multiqc                                            [DEBUG  ]  File ignored by rseqc/junction_annotation because it exceeded search pattern filesize limit: LCM_11_S3_flexbar_1_fastqc.html
[2025-02-06 14:04:47,462] multiqc                                            [DEBUG  ]  File ignored by rseqc/read_distribution because it exceeded search pattern filesize limit: LCM_11_S3_flexbar_1_fastqc.html
[2025-02-06 14:04:47,462] multiqc                                            [DEBUG  ]  File ignored by rseqc/infer_experiment because it exceeded search pattern filesize limit: LCM_11_S3_flexbar_1_fastqc.html
[2025-02-06 14:04:47,511] multiqc                                            [DEBUG  ]  File ignored by nanostat because it exceeded search pattern filesize limit: LCM_11_S3_flexbar_1_fastqc.html
[2025-02-06 14:04:47,519] multiqc                                            [DEBUG  ]  File ignored by ccs/v4 because it exceeded search pattern filesize limit: LCM_11_S3_flexbar_2_fastqc.html
[2025-02-06 14:04:47,520] multiqc                                            [DEBUG  ]  File ignored by hicexplorer because it exceeded search pattern filesize limit: LCM_11_S3_flexbar_2_fastqc.html
[2025-02-06 14:04:47,520] multiqc                                            [DEBUG  ]  File ignored by lima/summary because it exceeded search pattern filesize limit: LCM_11_S3_flexbar_2_fastqc.html
[2025-02-06 14:04:47,523] multiqc                                            [DEBUG  ]  File ignored by vep/vep_txt because it exceeded search pattern filesize limit: LCM_11_S3_flexbar_2_fastqc.html
[2025-02-06 14:04:47,524] multiqc                                            [DEBUG  ]  File ignored by longranger/invocation because it exceeded search pattern filesize limit: LCM_11_S3_flexbar_2_fastqc.html
[2025-02-06 14:04:47,524] multiqc                                            [DEBUG  ]  File ignored by rockhopper because it exceeded search pattern filesize limit: LCM_11_S3_flexbar_2_fastqc.html
[2025-02-06 14:04:47,524] multiqc                                            [DEBUG  ]  File ignored by rseqc/bam_stat because it exceeded search pattern filesize limit: LCM_11_S3_flexbar_2_fastqc.html
[2025-02-06 14:04:47,524] multiqc                                            [DEBUG  ]  File ignored by rseqc/junction_annotation because it exceeded search pattern filesize limit: LCM_11_S3_flexbar_2_fastqc.html
[2025-02-06 14:04:47,524] multiqc                                            [DEBUG  ]  File ignored by rseqc/read_distribution because it exceeded search pattern filesize limit: LCM_11_S3_flexbar_2_fastqc.html
[2025-02-06 14:04:47,524] multiqc                                            [DEBUG  ]  File ignored by rseqc/infer_experiment because it exceeded search pattern filesize limit: LCM_11_S3_flexbar_2_fastqc.html
[2025-02-06 14:04:47,569] multiqc                                            [DEBUG  ]  File ignored by nanostat because it exceeded search pattern filesize limit: LCM_11_S3_flexbar_2_fastqc.html
[2025-02-06 14:04:47,576] multiqc                                            [DEBUG  ]  File ignored by ccs/v4 because it exceeded search pattern filesize limit: LCM_12_S4_flexbar.log
[2025-02-06 14:04:47,578] multiqc                                            [DEBUG  ]  File ignored by lima/summary because it exceeded search pattern filesize limit: LCM_12_S4_flexbar.log
[2025-02-06 14:04:47,581] multiqc                                            [DEBUG  ]  File ignored by longranger/invocation because it exceeded search pattern filesize limit: LCM_12_S4_flexbar.log
[2025-02-06 14:04:47,593] multiqc                                            [DEBUG  ]  File ignored by ccs/v4 because it exceeded search pattern filesize limit: LCM_12_S4_flexbar_1_fastqc.html
[2025-02-06 14:04:47,594] multiqc                                            [DEBUG  ]  File ignored by hicexplorer because it exceeded search pattern filesize limit: LCM_12_S4_flexbar_1_fastqc.html
[2025-02-06 14:04:47,595] multiqc                                            [DEBUG  ]  File ignored by lima/summary because it exceeded search pattern filesize limit: LCM_12_S4_flexbar_1_fastqc.html
[2025-02-06 14:04:47,597] multiqc                                            [DEBUG  ]  File ignored by vep/vep_txt because it exceeded search pattern filesize limit: LCM_12_S4_flexbar_1_fastqc.html
[2025-02-06 14:04:47,598] multiqc                                            [DEBUG  ]  File ignored by longranger/invocation because it exceeded search pattern filesize limit: LCM_12_S4_flexbar_1_fastqc.html
[2025-02-06 14:04:47,598] multiqc                                            [DEBUG  ]  File ignored by rockhopper because it exceeded search pattern filesize limit: LCM_12_S4_flexbar_1_fastqc.html
[2025-02-06 14:04:47,598] multiqc                                            [DEBUG  ]  File ignored by rseqc/bam_stat because it exceeded search pattern filesize limit: LCM_12_S4_flexbar_1_fastqc.html
[2025-02-06 14:04:47,598] multiqc                                            [DEBUG  ]  File ignored by rseqc/junction_annotation because it exceeded search pattern filesize limit: LCM_12_S4_flexbar_1_fastqc.html
[2025-02-06 14:04:47,598] multiqc                                            [DEBUG  ]  File ignored by rseqc/read_distribution because it exceeded search pattern filesize limit: LCM_12_S4_flexbar_1_fastqc.html
[2025-02-06 14:04:47,598] multiqc                                            [DEBUG  ]  File ignored by rseqc/infer_experiment because it exceeded search pattern filesize limit: LCM_12_S4_flexbar_1_fastqc.html
[2025-02-06 14:04:47,645] multiqc                                            [DEBUG  ]  File ignored by nanostat because it exceeded search pattern filesize limit: LCM_12_S4_flexbar_1_fastqc.html
[2025-02-06 14:04:47,653] multiqc                                            [DEBUG  ]  File ignored by ccs/v4 because it exceeded search pattern filesize limit: LCM_12_S4_flexbar_2_fastqc.html
[2025-02-06 14:04:47,655] multiqc                                            [DEBUG  ]  File ignored by hicexplorer because it exceeded search pattern filesize limit: LCM_12_S4_flexbar_2_fastqc.html
[2025-02-06 14:04:47,655] multiqc                                            [DEBUG  ]  File ignored by lima/summary because it exceeded search pattern filesize limit: LCM_12_S4_flexbar_2_fastqc.html
[2025-02-06 14:04:47,658] multiqc                                            [DEBUG  ]  File ignored by vep/vep_txt because it exceeded search pattern filesize limit: LCM_12_S4_flexbar_2_fastqc.html
[2025-02-06 14:04:47,658] multiqc                                            [DEBUG  ]  File ignored by longranger/invocation because it exceeded search pattern filesize limit: LCM_12_S4_flexbar_2_fastqc.html
[2025-02-06 14:04:47,659] multiqc                                            [DEBUG  ]  File ignored by rockhopper because it exceeded search pattern filesize limit: LCM_12_S4_flexbar_2_fastqc.html
[2025-02-06 14:04:47,659] multiqc                                            [DEBUG  ]  File ignored by rseqc/bam_stat because it exceeded search pattern filesize limit: LCM_12_S4_flexbar_2_fastqc.html
[2025-02-06 14:04:47,659] multiqc                                            [DEBUG  ]  File ignored by rseqc/junction_annotation because it exceeded search pattern filesize limit: LCM_12_S4_flexbar_2_fastqc.html
[2025-02-06 14:04:47,659] multiqc                                            [DEBUG  ]  File ignored by rseqc/read_distribution because it exceeded search pattern filesize limit: LCM_12_S4_flexbar_2_fastqc.html
[2025-02-06 14:04:47,659] multiqc                                            [DEBUG  ]  File ignored by rseqc/infer_experiment because it exceeded search pattern filesize limit: LCM_12_S4_flexbar_2_fastqc.html
[2025-02-06 14:04:47,704] multiqc                                            [DEBUG  ]  File ignored by nanostat because it exceeded search pattern filesize limit: LCM_12_S4_flexbar_2_fastqc.html
[2025-02-06 14:04:47,714] multiqc                                            [DEBUG  ]  File ignored by ccs/v4 because it exceeded search pattern filesize limit: LCM_17_S7_flexbar.log
[2025-02-06 14:04:47,716] multiqc                                            [DEBUG  ]  File ignored by lima/summary because it exceeded search pattern filesize limit: LCM_17_S7_flexbar.log
[2025-02-06 14:04:47,719] multiqc                                            [DEBUG  ]  File ignored by longranger/invocation because it exceeded search pattern filesize limit: LCM_17_S7_flexbar.log
[2025-02-06 14:04:47,731] multiqc                                            [DEBUG  ]  File ignored by ccs/v4 because it exceeded search pattern filesize limit: LCM_17_S7_flexbar_1_fastqc.html
[2025-02-06 14:04:47,732] multiqc                                            [DEBUG  ]  File ignored by hicexplorer because it exceeded search pattern filesize limit: LCM_17_S7_flexbar_1_fastqc.html
[2025-02-06 14:04:47,732] multiqc                                            [DEBUG  ]  File ignored by lima/summary because it exceeded search pattern filesize limit: LCM_17_S7_flexbar_1_fastqc.html
[2025-02-06 14:04:47,735] multiqc                                            [DEBUG  ]  File ignored by vep/vep_txt because it exceeded search pattern filesize limit: LCM_17_S7_flexbar_1_fastqc.html
[2025-02-06 14:04:47,735] multiqc                                            [DEBUG  ]  File ignored by longranger/invocation because it exceeded search pattern filesize limit: LCM_17_S7_flexbar_1_fastqc.html
[2025-02-06 14:04:47,735] multiqc                                            [DEBUG  ]  File ignored by rockhopper because it exceeded search pattern filesize limit: LCM_17_S7_flexbar_1_fastqc.html
[2025-02-06 14:04:47,736] multiqc                                            [DEBUG  ]  File ignored by rseqc/bam_stat because it exceeded search pattern filesize limit: LCM_17_S7_flexbar_1_fastqc.html
[2025-02-06 14:04:47,736] multiqc                                            [DEBUG  ]  File ignored by rseqc/junction_annotation because it exceeded search pattern filesize limit: LCM_17_S7_flexbar_1_fastqc.html
[2025-02-06 14:04:47,736] multiqc                                            [DEBUG  ]  File ignored by rseqc/read_distribution because it exceeded search pattern filesize limit: LCM_17_S7_flexbar_1_fastqc.html
[2025-02-06 14:04:47,736] multiqc                                            [DEBUG  ]  File ignored by rseqc/infer_experiment because it exceeded search pattern filesize limit: LCM_17_S7_flexbar_1_fastqc.html
[2025-02-06 14:04:47,780] multiqc                                            [DEBUG  ]  File ignored by nanostat because it exceeded search pattern filesize limit: LCM_17_S7_flexbar_1_fastqc.html
[2025-02-06 14:04:47,788] multiqc                                            [DEBUG  ]  File ignored by ccs/v4 because it exceeded search pattern filesize limit: LCM_17_S7_flexbar_2_fastqc.html
[2025-02-06 14:04:47,790] multiqc                                            [DEBUG  ]  File ignored by hicexplorer because it exceeded search pattern filesize limit: LCM_17_S7_flexbar_2_fastqc.html
[2025-02-06 14:04:47,790] multiqc                                            [DEBUG  ]  File ignored by lima/summary because it exceeded search pattern filesize limit: LCM_17_S7_flexbar_2_fastqc.html
[2025-02-06 14:04:47,793] multiqc                                            [DEBUG  ]  File ignored by vep/vep_txt because it exceeded search pattern filesize limit: LCM_17_S7_flexbar_2_fastqc.html
[2025-02-06 14:04:47,793] multiqc                                            [DEBUG  ]  File ignored by longranger/invocation because it exceeded search pattern filesize limit: LCM_17_S7_flexbar_2_fastqc.html
[2025-02-06 14:04:47,793] multiqc                                            [DEBUG  ]  File ignored by rockhopper because it exceeded search pattern filesize limit: LCM_17_S7_flexbar_2_fastqc.html
[2025-02-06 14:04:47,793] multiqc                                            [DEBUG  ]  File ignored by rseqc/bam_stat because it exceeded search pattern filesize limit: LCM_17_S7_flexbar_2_fastqc.html
[2025-02-06 14:04:47,793] multiqc                                            [DEBUG  ]  File ignored by rseqc/junction_annotation because it exceeded search pattern filesize limit: LCM_17_S7_flexbar_2_fastqc.html
[2025-02-06 14:04:47,793] multiqc                                            [DEBUG  ]  File ignored by rseqc/read_distribution because it exceeded search pattern filesize limit: LCM_17_S7_flexbar_2_fastqc.html
[2025-02-06 14:04:47,794] multiqc                                            [DEBUG  ]  File ignored by rseqc/infer_experiment because it exceeded search pattern filesize limit: LCM_17_S7_flexbar_2_fastqc.html
[2025-02-06 14:04:47,842] multiqc                                            [DEBUG  ]  File ignored by nanostat because it exceeded search pattern filesize limit: LCM_17_S7_flexbar_2_fastqc.html
[2025-02-06 14:04:47,849] multiqc                                            [DEBUG  ]  File ignored by ccs/v4 because it exceeded search pattern filesize limit: LCM_18_S8_flexbar.log
[2025-02-06 14:04:47,851] multiqc                                            [DEBUG  ]  File ignored by lima/summary because it exceeded search pattern filesize limit: LCM_18_S8_flexbar.log
[2025-02-06 14:04:47,854] multiqc                                            [DEBUG  ]  File ignored by longranger/invocation because it exceeded search pattern filesize limit: LCM_18_S8_flexbar.log
[2025-02-06 14:04:47,866] multiqc                                            [DEBUG  ]  File ignored by ccs/v4 because it exceeded search pattern filesize limit: LCM_18_S8_flexbar_1_fastqc.html
[2025-02-06 14:04:47,867] multiqc                                            [DEBUG  ]  File ignored by hicexplorer because it exceeded search pattern filesize limit: LCM_18_S8_flexbar_1_fastqc.html
[2025-02-06 14:04:47,867] multiqc                                            [DEBUG  ]  File ignored by lima/summary because it exceeded search pattern filesize limit: LCM_18_S8_flexbar_1_fastqc.html
[2025-02-06 14:04:47,870] multiqc                                            [DEBUG  ]  File ignored by vep/vep_txt because it exceeded search pattern filesize limit: LCM_18_S8_flexbar_1_fastqc.html
[2025-02-06 14:04:47,870] multiqc                                            [DEBUG  ]  File ignored by longranger/invocation because it exceeded search pattern filesize limit: LCM_18_S8_flexbar_1_fastqc.html
[2025-02-06 14:04:47,871] multiqc                                            [DEBUG  ]  File ignored by rockhopper because it exceeded search pattern filesize limit: LCM_18_S8_flexbar_1_fastqc.html
[2025-02-06 14:04:47,871] multiqc                                            [DEBUG  ]  File ignored by rseqc/bam_stat because it exceeded search pattern filesize limit: LCM_18_S8_flexbar_1_fastqc.html
[2025-02-06 14:04:47,871] multiqc                                            [DEBUG  ]  File ignored by rseqc/junction_annotation because it exceeded search pattern filesize limit: LCM_18_S8_flexbar_1_fastqc.html
[2025-02-06 14:04:47,871] multiqc                                            [DEBUG  ]  File ignored by rseqc/read_distribution because it exceeded search pattern filesize limit: LCM_18_S8_flexbar_1_fastqc.html
[2025-02-06 14:04:47,871] multiqc                                            [DEBUG  ]  File ignored by rseqc/infer_experiment because it exceeded search pattern filesize limit: LCM_18_S8_flexbar_1_fastqc.html
[2025-02-06 14:04:47,915] multiqc                                            [DEBUG  ]  File ignored by nanostat because it exceeded search pattern filesize limit: LCM_18_S8_flexbar_1_fastqc.html
[2025-02-06 14:04:47,926] multiqc                                            [DEBUG  ]  File ignored by ccs/v4 because it exceeded search pattern filesize limit: LCM_18_S8_flexbar_2_fastqc.html
[2025-02-06 14:04:47,927] multiqc                                            [DEBUG  ]  File ignored by hicexplorer because it exceeded search pattern filesize limit: LCM_18_S8_flexbar_2_fastqc.html
[2025-02-06 14:04:47,928] multiqc                                            [DEBUG  ]  File ignored by lima/summary because it exceeded search pattern filesize limit: LCM_18_S8_flexbar_2_fastqc.html
[2025-02-06 14:04:47,930] multiqc                                            [DEBUG  ]  File ignored by vep/vep_txt because it exceeded search pattern filesize limit: LCM_18_S8_flexbar_2_fastqc.html
[2025-02-06 14:04:47,930] multiqc                                            [DEBUG  ]  File ignored by longranger/invocation because it exceeded search pattern filesize limit: LCM_18_S8_flexbar_2_fastqc.html
[2025-02-06 14:04:47,930] multiqc                                            [DEBUG  ]  File ignored by rockhopper because it exceeded search pattern filesize limit: LCM_18_S8_flexbar_2_fastqc.html
[2025-02-06 14:04:47,931] multiqc                                            [DEBUG  ]  File ignored by rseqc/bam_stat because it exceeded search pattern filesize limit: LCM_18_S8_flexbar_2_fastqc.html
[2025-02-06 14:04:47,931] multiqc                                            [DEBUG  ]  File ignored by rseqc/junction_annotation because it exceeded search pattern filesize limit: LCM_18_S8_flexbar_2_fastqc.html
[2025-02-06 14:04:47,931] multiqc                                            [DEBUG  ]  File ignored by rseqc/read_distribution because it exceeded search pattern filesize limit: LCM_18_S8_flexbar_2_fastqc.html
[2025-02-06 14:04:47,931] multiqc                                            [DEBUG  ]  File ignored by rseqc/infer_experiment because it exceeded search pattern filesize limit: LCM_18_S8_flexbar_2_fastqc.html
[2025-02-06 14:04:47,970] multiqc                                            [DEBUG  ]  File ignored by nanostat because it exceeded search pattern filesize limit: LCM_18_S8_flexbar_2_fastqc.html
[2025-02-06 14:04:47,977] multiqc                                            [DEBUG  ]  File ignored by ccs/v4 because it exceeded search pattern filesize limit: LCM_1_S1_flexbar.log
[2025-02-06 14:04:47,978] multiqc                                            [DEBUG  ]  File ignored by lima/summary because it exceeded search pattern filesize limit: LCM_1_S1_flexbar.log
[2025-02-06 14:04:47,981] multiqc                                            [DEBUG  ]  File ignored by longranger/invocation because it exceeded search pattern filesize limit: LCM_1_S1_flexbar.log
[2025-02-06 14:04:47,992] multiqc                                            [DEBUG  ]  File ignored by ccs/v4 because it exceeded search pattern filesize limit: LCM_1_S1_flexbar_1_fastqc.html
[2025-02-06 14:04:47,993] multiqc                                            [DEBUG  ]  File ignored by hicexplorer because it exceeded search pattern filesize limit: LCM_1_S1_flexbar_1_fastqc.html
[2025-02-06 14:04:47,994] multiqc                                            [DEBUG  ]  File ignored by lima/summary because it exceeded search pattern filesize limit: LCM_1_S1_flexbar_1_fastqc.html
[2025-02-06 14:04:47,996] multiqc                                            [DEBUG  ]  File ignored by vep/vep_txt because it exceeded search pattern filesize limit: LCM_1_S1_flexbar_1_fastqc.html
[2025-02-06 14:04:47,997] multiqc                                            [DEBUG  ]  File ignored by longranger/invocation because it exceeded search pattern filesize limit: LCM_1_S1_flexbar_1_fastqc.html
[2025-02-06 14:04:47,997] multiqc                                            [DEBUG  ]  File ignored by rockhopper because it exceeded search pattern filesize limit: LCM_1_S1_flexbar_1_fastqc.html
[2025-02-06 14:04:47,997] multiqc                                            [DEBUG  ]  File ignored by rseqc/bam_stat because it exceeded search pattern filesize limit: LCM_1_S1_flexbar_1_fastqc.html
[2025-02-06 14:04:47,997] multiqc                                            [DEBUG  ]  File ignored by rseqc/junction_annotation because it exceeded search pattern filesize limit: LCM_1_S1_flexbar_1_fastqc.html
[2025-02-06 14:04:47,997] multiqc                                            [DEBUG  ]  File ignored by rseqc/read_distribution because it exceeded search pattern filesize limit: LCM_1_S1_flexbar_1_fastqc.html
[2025-02-06 14:04:47,997] multiqc                                            [DEBUG  ]  File ignored by rseqc/infer_experiment because it exceeded search pattern filesize limit: LCM_1_S1_flexbar_1_fastqc.html
[2025-02-06 14:04:48,039] multiqc                                            [DEBUG  ]  File ignored by nanostat because it exceeded search pattern filesize limit: LCM_1_S1_flexbar_1_fastqc.html
[2025-02-06 14:04:48,047] multiqc                                            [DEBUG  ]  File ignored by ccs/v4 because it exceeded search pattern filesize limit: LCM_1_S1_flexbar_2_fastqc.html
[2025-02-06 14:04:48,048] multiqc                                            [DEBUG  ]  File ignored by hicexplorer because it exceeded search pattern filesize limit: LCM_1_S1_flexbar_2_fastqc.html
[2025-02-06 14:04:48,048] multiqc                                            [DEBUG  ]  File ignored by lima/summary because it exceeded search pattern filesize limit: LCM_1_S1_flexbar_2_fastqc.html
[2025-02-06 14:04:48,051] multiqc                                            [DEBUG  ]  File ignored by vep/vep_txt because it exceeded search pattern filesize limit: LCM_1_S1_flexbar_2_fastqc.html
[2025-02-06 14:04:48,051] multiqc                                            [DEBUG  ]  File ignored by longranger/invocation because it exceeded search pattern filesize limit: LCM_1_S1_flexbar_2_fastqc.html
[2025-02-06 14:04:48,051] multiqc                                            [DEBUG  ]  File ignored by rockhopper because it exceeded search pattern filesize limit: LCM_1_S1_flexbar_2_fastqc.html
[2025-02-06 14:04:48,051] multiqc                                            [DEBUG  ]  File ignored by rseqc/bam_stat because it exceeded search pattern filesize limit: LCM_1_S1_flexbar_2_fastqc.html
[2025-02-06 14:04:48,051] multiqc                                            [DEBUG  ]  File ignored by rseqc/junction_annotation because it exceeded search pattern filesize limit: LCM_1_S1_flexbar_2_fastqc.html
[2025-02-06 14:04:48,051] multiqc                                            [DEBUG  ]  File ignored by rseqc/read_distribution because it exceeded search pattern filesize limit: LCM_1_S1_flexbar_2_fastqc.html
[2025-02-06 14:04:48,051] multiqc                                            [DEBUG  ]  File ignored by rseqc/infer_experiment because it exceeded search pattern filesize limit: LCM_1_S1_flexbar_2_fastqc.html
[2025-02-06 14:04:48,091] multiqc                                            [DEBUG  ]  File ignored by nanostat because it exceeded search pattern filesize limit: LCM_1_S1_flexbar_2_fastqc.html
[2025-02-06 14:04:48,097] multiqc                                            [DEBUG  ]  File ignored by ccs/v4 because it exceeded search pattern filesize limit: LCM_24_S5_flexbar.log
[2025-02-06 14:04:48,099] multiqc                                            [DEBUG  ]  File ignored by lima/summary because it exceeded search pattern filesize limit: LCM_24_S5_flexbar.log
[2025-02-06 14:04:48,101] multiqc                                            [DEBUG  ]  File ignored by longranger/invocation because it exceeded search pattern filesize limit: LCM_24_S5_flexbar.log
[2025-02-06 14:04:48,112] multiqc                                            [DEBUG  ]  File ignored by ccs/v4 because it exceeded search pattern filesize limit: LCM_24_S5_flexbar_1_fastqc.html
[2025-02-06 14:04:48,114] multiqc                                            [DEBUG  ]  File ignored by hicexplorer because it exceeded search pattern filesize limit: LCM_24_S5_flexbar_1_fastqc.html
[2025-02-06 14:04:48,114] multiqc                                            [DEBUG  ]  File ignored by lima/summary because it exceeded search pattern filesize limit: LCM_24_S5_flexbar_1_fastqc.html
[2025-02-06 14:04:48,117] multiqc                                            [DEBUG  ]  File ignored by vep/vep_txt because it exceeded search pattern filesize limit: LCM_24_S5_flexbar_1_fastqc.html
[2025-02-06 14:04:48,117] multiqc                                            [DEBUG  ]  File ignored by longranger/invocation because it exceeded search pattern filesize limit: LCM_24_S5_flexbar_1_fastqc.html
[2025-02-06 14:04:48,117] multiqc                                            [DEBUG  ]  File ignored by rockhopper because it exceeded search pattern filesize limit: LCM_24_S5_flexbar_1_fastqc.html
[2025-02-06 14:04:48,117] multiqc                                            [DEBUG  ]  File ignored by rseqc/bam_stat because it exceeded search pattern filesize limit: LCM_24_S5_flexbar_1_fastqc.html
[2025-02-06 14:04:48,117] multiqc                                            [DEBUG  ]  File ignored by rseqc/junction_annotation because it exceeded search pattern filesize limit: LCM_24_S5_flexbar_1_fastqc.html
[2025-02-06 14:04:48,117] multiqc                                            [DEBUG  ]  File ignored by rseqc/read_distribution because it exceeded search pattern filesize limit: LCM_24_S5_flexbar_1_fastqc.html
[2025-02-06 14:04:48,117] multiqc                                            [DEBUG  ]  File ignored by rseqc/infer_experiment because it exceeded search pattern filesize limit: LCM_24_S5_flexbar_1_fastqc.html
[2025-02-06 14:04:48,160] multiqc                                            [DEBUG  ]  File ignored by nanostat because it exceeded search pattern filesize limit: LCM_24_S5_flexbar_1_fastqc.html
[2025-02-06 14:04:48,167] multiqc                                            [DEBUG  ]  File ignored by ccs/v4 because it exceeded search pattern filesize limit: LCM_24_S5_flexbar_2_fastqc.html
[2025-02-06 14:04:48,168] multiqc                                            [DEBUG  ]  File ignored by hicexplorer because it exceeded search pattern filesize limit: LCM_24_S5_flexbar_2_fastqc.html
[2025-02-06 14:04:48,169] multiqc                                            [DEBUG  ]  File ignored by lima/summary because it exceeded search pattern filesize limit: LCM_24_S5_flexbar_2_fastqc.html
[2025-02-06 14:04:48,171] multiqc                                            [DEBUG  ]  File ignored by vep/vep_txt because it exceeded search pattern filesize limit: LCM_24_S5_flexbar_2_fastqc.html
[2025-02-06 14:04:48,171] multiqc                                            [DEBUG  ]  File ignored by longranger/invocation because it exceeded search pattern filesize limit: LCM_24_S5_flexbar_2_fastqc.html
[2025-02-06 14:04:48,171] multiqc                                            [DEBUG  ]  File ignored by rockhopper because it exceeded search pattern filesize limit: LCM_24_S5_flexbar_2_fastqc.html
[2025-02-06 14:04:48,171] multiqc                                            [DEBUG  ]  File ignored by rseqc/bam_stat because it exceeded search pattern filesize limit: LCM_24_S5_flexbar_2_fastqc.html
[2025-02-06 14:04:48,171] multiqc                                            [DEBUG  ]  File ignored by rseqc/junction_annotation because it exceeded search pattern filesize limit: LCM_24_S5_flexbar_2_fastqc.html
[2025-02-06 14:04:48,172] multiqc                                            [DEBUG  ]  File ignored by rseqc/read_distribution because it exceeded search pattern filesize limit: LCM_24_S5_flexbar_2_fastqc.html
[2025-02-06 14:04:48,172] multiqc                                            [DEBUG  ]  File ignored by rseqc/infer_experiment because it exceeded search pattern filesize limit: LCM_24_S5_flexbar_2_fastqc.html
[2025-02-06 14:04:48,212] multiqc                                            [DEBUG  ]  File ignored by nanostat because it exceeded search pattern filesize limit: LCM_24_S5_flexbar_2_fastqc.html
[2025-02-06 14:04:48,218] multiqc                                            [DEBUG  ]  File ignored by ccs/v4 because it exceeded search pattern filesize limit: LCM_25_S6_flexbar.log
[2025-02-06 14:04:48,220] multiqc                                            [DEBUG  ]  File ignored by lima/summary because it exceeded search pattern filesize limit: LCM_25_S6_flexbar.log
[2025-02-06 14:04:48,222] multiqc                                            [DEBUG  ]  File ignored by longranger/invocation because it exceeded search pattern filesize limit: LCM_25_S6_flexbar.log
[2025-02-06 14:04:48,236] multiqc                                            [DEBUG  ]  File ignored by ccs/v4 because it exceeded search pattern filesize limit: LCM_25_S6_flexbar_1_fastqc.html
[2025-02-06 14:04:48,237] multiqc                                            [DEBUG  ]  File ignored by hicexplorer because it exceeded search pattern filesize limit: LCM_25_S6_flexbar_1_fastqc.html
[2025-02-06 14:04:48,238] multiqc                                            [DEBUG  ]  File ignored by lima/summary because it exceeded search pattern filesize limit: LCM_25_S6_flexbar_1_fastqc.html
[2025-02-06 14:04:48,240] multiqc                                            [DEBUG  ]  File ignored by vep/vep_txt because it exceeded search pattern filesize limit: LCM_25_S6_flexbar_1_fastqc.html
[2025-02-06 14:04:48,240] multiqc                                            [DEBUG  ]  File ignored by longranger/invocation because it exceeded search pattern filesize limit: LCM_25_S6_flexbar_1_fastqc.html
[2025-02-06 14:04:48,240] multiqc                                            [DEBUG  ]  File ignored by rockhopper because it exceeded search pattern filesize limit: LCM_25_S6_flexbar_1_fastqc.html
[2025-02-06 14:04:48,240] multiqc                                            [DEBUG  ]  File ignored by rseqc/bam_stat because it exceeded search pattern filesize limit: LCM_25_S6_flexbar_1_fastqc.html
[2025-02-06 14:04:48,240] multiqc                                            [DEBUG  ]  File ignored by rseqc/junction_annotation because it exceeded search pattern filesize limit: LCM_25_S6_flexbar_1_fastqc.html
[2025-02-06 14:04:48,241] multiqc                                            [DEBUG  ]  File ignored by rseqc/read_distribution because it exceeded search pattern filesize limit: LCM_25_S6_flexbar_1_fastqc.html
[2025-02-06 14:04:48,241] multiqc                                            [DEBUG  ]  File ignored by rseqc/infer_experiment because it exceeded search pattern filesize limit: LCM_25_S6_flexbar_1_fastqc.html
[2025-02-06 14:04:48,281] multiqc                                            [DEBUG  ]  File ignored by nanostat because it exceeded search pattern filesize limit: LCM_25_S6_flexbar_1_fastqc.html
[2025-02-06 14:04:48,288] multiqc                                            [DEBUG  ]  File ignored by ccs/v4 because it exceeded search pattern filesize limit: LCM_25_S6_flexbar_2_fastqc.html
[2025-02-06 14:04:48,289] multiqc                                            [DEBUG  ]  File ignored by hicexplorer because it exceeded search pattern filesize limit: LCM_25_S6_flexbar_2_fastqc.html
[2025-02-06 14:04:48,290] multiqc                                            [DEBUG  ]  File ignored by lima/summary because it exceeded search pattern filesize limit: LCM_25_S6_flexbar_2_fastqc.html
[2025-02-06 14:04:48,292] multiqc                                            [DEBUG  ]  File ignored by vep/vep_txt because it exceeded search pattern filesize limit: LCM_25_S6_flexbar_2_fastqc.html
[2025-02-06 14:04:48,292] multiqc                                            [DEBUG  ]  File ignored by longranger/invocation because it exceeded search pattern filesize limit: LCM_25_S6_flexbar_2_fastqc.html
[2025-02-06 14:04:48,292] multiqc                                            [DEBUG  ]  File ignored by rockhopper because it exceeded search pattern filesize limit: LCM_25_S6_flexbar_2_fastqc.html
[2025-02-06 14:04:48,293] multiqc                                            [DEBUG  ]  File ignored by rseqc/bam_stat because it exceeded search pattern filesize limit: LCM_25_S6_flexbar_2_fastqc.html
[2025-02-06 14:04:48,293] multiqc                                            [DEBUG  ]  File ignored by rseqc/junction_annotation because it exceeded search pattern filesize limit: LCM_25_S6_flexbar_2_fastqc.html
[2025-02-06 14:04:48,293] multiqc                                            [DEBUG  ]  File ignored by rseqc/read_distribution because it exceeded search pattern filesize limit: LCM_25_S6_flexbar_2_fastqc.html
[2025-02-06 14:04:48,293] multiqc                                            [DEBUG  ]  File ignored by rseqc/infer_experiment because it exceeded search pattern filesize limit: LCM_25_S6_flexbar_2_fastqc.html
[2025-02-06 14:04:48,332] multiqc                                            [DEBUG  ]  File ignored by nanostat because it exceeded search pattern filesize limit: LCM_25_S6_flexbar_2_fastqc.html
[2025-02-06 14:04:48,341] multiqc                                            [DEBUG  ]  File ignored by ccs/v4 because it exceeded search pattern filesize limit: LCM_32_S9_flexbar.log
[2025-02-06 14:04:48,343] multiqc                                            [DEBUG  ]  File ignored by lima/summary because it exceeded search pattern filesize limit: LCM_32_S9_flexbar.log
[2025-02-06 14:04:48,346] multiqc                                            [DEBUG  ]  File ignored by longranger/invocation because it exceeded search pattern filesize limit: LCM_32_S9_flexbar.log
[2025-02-06 14:04:48,357] multiqc                                            [DEBUG  ]  File ignored by ccs/v4 because it exceeded search pattern filesize limit: LCM_32_S9_flexbar_1_fastqc.html
[2025-02-06 14:04:48,358] multiqc                                            [DEBUG  ]  File ignored by hicexplorer because it exceeded search pattern filesize limit: LCM_32_S9_flexbar_1_fastqc.html
[2025-02-06 14:04:48,358] multiqc                                            [DEBUG  ]  File ignored by lima/summary because it exceeded search pattern filesize limit: LCM_32_S9_flexbar_1_fastqc.html
[2025-02-06 14:04:48,361] multiqc                                            [DEBUG  ]  File ignored by vep/vep_txt because it exceeded search pattern filesize limit: LCM_32_S9_flexbar_1_fastqc.html
[2025-02-06 14:04:48,361] multiqc                                            [DEBUG  ]  File ignored by longranger/invocation because it exceeded search pattern filesize limit: LCM_32_S9_flexbar_1_fastqc.html
[2025-02-06 14:04:48,361] multiqc                                            [DEBUG  ]  File ignored by rockhopper because it exceeded search pattern filesize limit: LCM_32_S9_flexbar_1_fastqc.html
[2025-02-06 14:04:48,361] multiqc                                            [DEBUG  ]  File ignored by rseqc/bam_stat because it exceeded search pattern filesize limit: LCM_32_S9_flexbar_1_fastqc.html
[2025-02-06 14:04:48,361] multiqc                                            [DEBUG  ]  File ignored by rseqc/junction_annotation because it exceeded search pattern filesize limit: LCM_32_S9_flexbar_1_fastqc.html
[2025-02-06 14:04:48,361] multiqc                                            [DEBUG  ]  File ignored by rseqc/read_distribution because it exceeded search pattern filesize limit: LCM_32_S9_flexbar_1_fastqc.html
[2025-02-06 14:04:48,361] multiqc                                            [DEBUG  ]  File ignored by rseqc/infer_experiment because it exceeded search pattern filesize limit: LCM_32_S9_flexbar_1_fastqc.html
[2025-02-06 14:04:48,402] multiqc                                            [DEBUG  ]  File ignored by nanostat because it exceeded search pattern filesize limit: LCM_32_S9_flexbar_1_fastqc.html
[2025-02-06 14:04:48,409] multiqc                                            [DEBUG  ]  File ignored by ccs/v4 because it exceeded search pattern filesize limit: LCM_32_S9_flexbar_2_fastqc.html
[2025-02-06 14:04:48,411] multiqc                                            [DEBUG  ]  File ignored by hicexplorer because it exceeded search pattern filesize limit: LCM_32_S9_flexbar_2_fastqc.html
[2025-02-06 14:04:48,411] multiqc                                            [DEBUG  ]  File ignored by lima/summary because it exceeded search pattern filesize limit: LCM_32_S9_flexbar_2_fastqc.html
[2025-02-06 14:04:48,414] multiqc                                            [DEBUG  ]  File ignored by vep/vep_txt because it exceeded search pattern filesize limit: LCM_32_S9_flexbar_2_fastqc.html
[2025-02-06 14:04:48,414] multiqc                                            [DEBUG  ]  File ignored by longranger/invocation because it exceeded search pattern filesize limit: LCM_32_S9_flexbar_2_fastqc.html
[2025-02-06 14:04:48,414] multiqc                                            [DEBUG  ]  File ignored by rockhopper because it exceeded search pattern filesize limit: LCM_32_S9_flexbar_2_fastqc.html
[2025-02-06 14:04:48,414] multiqc                                            [DEBUG  ]  File ignored by rseqc/bam_stat because it exceeded search pattern filesize limit: LCM_32_S9_flexbar_2_fastqc.html
[2025-02-06 14:04:48,414] multiqc                                            [DEBUG  ]  File ignored by rseqc/junction_annotation because it exceeded search pattern filesize limit: LCM_32_S9_flexbar_2_fastqc.html
[2025-02-06 14:04:48,414] multiqc                                            [DEBUG  ]  File ignored by rseqc/read_distribution because it exceeded search pattern filesize limit: LCM_32_S9_flexbar_2_fastqc.html
[2025-02-06 14:04:48,414] multiqc                                            [DEBUG  ]  File ignored by rseqc/infer_experiment because it exceeded search pattern filesize limit: LCM_32_S9_flexbar_2_fastqc.html
[2025-02-06 14:04:48,458] multiqc                                            [DEBUG  ]  File ignored by nanostat because it exceeded search pattern filesize limit: LCM_32_S9_flexbar_2_fastqc.html
[2025-02-06 14:04:48,464] multiqc                                            [DEBUG  ]  File ignored by ccs/v4 because it exceeded search pattern filesize limit: LCM_33_S10_flexbar.log
[2025-02-06 14:04:48,466] multiqc                                            [DEBUG  ]  File ignored by lima/summary because it exceeded search pattern filesize limit: LCM_33_S10_flexbar.log
[2025-02-06 14:04:48,468] multiqc                                            [DEBUG  ]  File ignored by longranger/invocation because it exceeded search pattern filesize limit: LCM_33_S10_flexbar.log
[2025-02-06 14:04:48,479] multiqc                                            [DEBUG  ]  File ignored by ccs/v4 because it exceeded search pattern filesize limit: LCM_33_S10_flexbar_1_fastqc.html
[2025-02-06 14:04:48,481] multiqc                                            [DEBUG  ]  File ignored by hicexplorer because it exceeded search pattern filesize limit: LCM_33_S10_flexbar_1_fastqc.html
[2025-02-06 14:04:48,481] multiqc                                            [DEBUG  ]  File ignored by lima/summary because it exceeded search pattern filesize limit: LCM_33_S10_flexbar_1_fastqc.html
[2025-02-06 14:04:48,484] multiqc                                            [DEBUG  ]  File ignored by vep/vep_txt because it exceeded search pattern filesize limit: LCM_33_S10_flexbar_1_fastqc.html
[2025-02-06 14:04:48,484] multiqc                                            [DEBUG  ]  File ignored by longranger/invocation because it exceeded search pattern filesize limit: LCM_33_S10_flexbar_1_fastqc.html
[2025-02-06 14:04:48,484] multiqc                                            [DEBUG  ]  File ignored by rockhopper because it exceeded search pattern filesize limit: LCM_33_S10_flexbar_1_fastqc.html
[2025-02-06 14:04:48,484] multiqc                                            [DEBUG  ]  File ignored by rseqc/bam_stat because it exceeded search pattern filesize limit: LCM_33_S10_flexbar_1_fastqc.html
[2025-02-06 14:04:48,484] multiqc                                            [DEBUG  ]  File ignored by rseqc/junction_annotation because it exceeded search pattern filesize limit: LCM_33_S10_flexbar_1_fastqc.html
[2025-02-06 14:04:48,484] multiqc                                            [DEBUG  ]  File ignored by rseqc/read_distribution because it exceeded search pattern filesize limit: LCM_33_S10_flexbar_1_fastqc.html
[2025-02-06 14:04:48,484] multiqc                                            [DEBUG  ]  File ignored by rseqc/infer_experiment because it exceeded search pattern filesize limit: LCM_33_S10_flexbar_1_fastqc.html
[2025-02-06 14:04:48,524] multiqc                                            [DEBUG  ]  File ignored by nanostat because it exceeded search pattern filesize limit: LCM_33_S10_flexbar_1_fastqc.html
[2025-02-06 14:04:48,531] multiqc                                            [DEBUG  ]  File ignored by ccs/v4 because it exceeded search pattern filesize limit: LCM_33_S10_flexbar_2_fastqc.html
[2025-02-06 14:04:48,533] multiqc                                            [DEBUG  ]  File ignored by hicexplorer because it exceeded search pattern filesize limit: LCM_33_S10_flexbar_2_fastqc.html
[2025-02-06 14:04:48,533] multiqc                                            [DEBUG  ]  File ignored by lima/summary because it exceeded search pattern filesize limit: LCM_33_S10_flexbar_2_fastqc.html
[2025-02-06 14:04:48,536] multiqc                                            [DEBUG  ]  File ignored by vep/vep_txt because it exceeded search pattern filesize limit: LCM_33_S10_flexbar_2_fastqc.html
[2025-02-06 14:04:48,536] multiqc                                            [DEBUG  ]  File ignored by longranger/invocation because it exceeded search pattern filesize limit: LCM_33_S10_flexbar_2_fastqc.html
[2025-02-06 14:04:48,536] multiqc                                            [DEBUG  ]  File ignored by rockhopper because it exceeded search pattern filesize limit: LCM_33_S10_flexbar_2_fastqc.html
[2025-02-06 14:04:48,536] multiqc                                            [DEBUG  ]  File ignored by rseqc/bam_stat because it exceeded search pattern filesize limit: LCM_33_S10_flexbar_2_fastqc.html
[2025-02-06 14:04:48,536] multiqc                                            [DEBUG  ]  File ignored by rseqc/junction_annotation because it exceeded search pattern filesize limit: LCM_33_S10_flexbar_2_fastqc.html
[2025-02-06 14:04:48,536] multiqc                                            [DEBUG  ]  File ignored by rseqc/read_distribution because it exceeded search pattern filesize limit: LCM_33_S10_flexbar_2_fastqc.html
[2025-02-06 14:04:48,536] multiqc                                            [DEBUG  ]  File ignored by rseqc/infer_experiment because it exceeded search pattern filesize limit: LCM_33_S10_flexbar_2_fastqc.html
[2025-02-06 14:04:48,579] multiqc                                            [DEBUG  ]  File ignored by nanostat because it exceeded search pattern filesize limit: LCM_33_S10_flexbar_2_fastqc.html
[2025-02-06 14:04:48,586] multiqc                                            [DEBUG  ]  File ignored by ccs/v4 because it exceeded search pattern filesize limit: LCM_3_S2_flexbar.log
[2025-02-06 14:04:48,588] multiqc                                            [DEBUG  ]  File ignored by lima/summary because it exceeded search pattern filesize limit: LCM_3_S2_flexbar.log
[2025-02-06 14:04:48,590] multiqc                                            [DEBUG  ]  File ignored by longranger/invocation because it exceeded search pattern filesize limit: LCM_3_S2_flexbar.log
[2025-02-06 14:04:48,601] multiqc                                            [DEBUG  ]  File ignored by ccs/v4 because it exceeded search pattern filesize limit: LCM_3_S2_flexbar_1_fastqc.html
[2025-02-06 14:04:48,603] multiqc                                            [DEBUG  ]  File ignored by hicexplorer because it exceeded search pattern filesize limit: LCM_3_S2_flexbar_1_fastqc.html
[2025-02-06 14:04:48,603] multiqc                                            [DEBUG  ]  File ignored by lima/summary because it exceeded search pattern filesize limit: LCM_3_S2_flexbar_1_fastqc.html
[2025-02-06 14:04:48,605] multiqc                                            [DEBUG  ]  File ignored by vep/vep_txt because it exceeded search pattern filesize limit: LCM_3_S2_flexbar_1_fastqc.html
[2025-02-06 14:04:48,606] multiqc                                            [DEBUG  ]  File ignored by longranger/invocation because it exceeded search pattern filesize limit: LCM_3_S2_flexbar_1_fastqc.html
[2025-02-06 14:04:48,606] multiqc                                            [DEBUG  ]  File ignored by rockhopper because it exceeded search pattern filesize limit: LCM_3_S2_flexbar_1_fastqc.html
[2025-02-06 14:04:48,606] multiqc                                            [DEBUG  ]  File ignored by rseqc/bam_stat because it exceeded search pattern filesize limit: LCM_3_S2_flexbar_1_fastqc.html
[2025-02-06 14:04:48,606] multiqc                                            [DEBUG  ]  File ignored by rseqc/junction_annotation because it exceeded search pattern filesize limit: LCM_3_S2_flexbar_1_fastqc.html
[2025-02-06 14:04:48,606] multiqc                                            [DEBUG  ]  File ignored by rseqc/read_distribution because it exceeded search pattern filesize limit: LCM_3_S2_flexbar_1_fastqc.html
[2025-02-06 14:04:48,606] multiqc                                            [DEBUG  ]  File ignored by rseqc/infer_experiment because it exceeded search pattern filesize limit: LCM_3_S2_flexbar_1_fastqc.html
[2025-02-06 14:04:48,646] multiqc                                            [DEBUG  ]  File ignored by nanostat because it exceeded search pattern filesize limit: LCM_3_S2_flexbar_1_fastqc.html
[2025-02-06 14:04:48,656] multiqc                                            [DEBUG  ]  File ignored by ccs/v4 because it exceeded search pattern filesize limit: LCM_3_S2_flexbar_2_fastqc.html
[2025-02-06 14:04:48,658] multiqc                                            [DEBUG  ]  File ignored by hicexplorer because it exceeded search pattern filesize limit: LCM_3_S2_flexbar_2_fastqc.html
[2025-02-06 14:04:48,658] multiqc                                            [DEBUG  ]  File ignored by lima/summary because it exceeded search pattern filesize limit: LCM_3_S2_flexbar_2_fastqc.html
[2025-02-06 14:04:48,661] multiqc                                            [DEBUG  ]  File ignored by vep/vep_txt because it exceeded search pattern filesize limit: LCM_3_S2_flexbar_2_fastqc.html
[2025-02-06 14:04:48,661] multiqc                                            [DEBUG  ]  File ignored by longranger/invocation because it exceeded search pattern filesize limit: LCM_3_S2_flexbar_2_fastqc.html
[2025-02-06 14:04:48,661] multiqc                                            [DEBUG  ]  File ignored by rockhopper because it exceeded search pattern filesize limit: LCM_3_S2_flexbar_2_fastqc.html
[2025-02-06 14:04:48,661] multiqc                                            [DEBUG  ]  File ignored by rseqc/bam_stat because it exceeded search pattern filesize limit: LCM_3_S2_flexbar_2_fastqc.html
[2025-02-06 14:04:48,661] multiqc                                            [DEBUG  ]  File ignored by rseqc/junction_annotation because it exceeded search pattern filesize limit: LCM_3_S2_flexbar_2_fastqc.html
[2025-02-06 14:04:48,661] multiqc                                            [DEBUG  ]  File ignored by rseqc/read_distribution because it exceeded search pattern filesize limit: LCM_3_S2_flexbar_2_fastqc.html
[2025-02-06 14:04:48,661] multiqc                                            [DEBUG  ]  File ignored by rseqc/infer_experiment because it exceeded search pattern filesize limit: LCM_3_S2_flexbar_2_fastqc.html
[2025-02-06 14:04:48,701] multiqc                                            [DEBUG  ]  File ignored by nanostat because it exceeded search pattern filesize limit: LCM_3_S2_flexbar_2_fastqc.html
[2025-02-06 14:04:50,815] multiqc.plots.bargraph                             [DEBUG  ]  Using matplotlib version 3.4.3
[2025-02-06 14:04:50,981] multiqc.modules.flexbar.flexbar                    [INFO   ]  Found 10 logs
[2025-02-06 14:04:51,028] multiqc.plots.linegraph                            [DEBUG  ]  Using matplotlib version 3.4.3
[2025-02-06 14:04:53,295] multiqc.modules.fastqc.fastqc                      [INFO   ]  Found 20 reports
[2025-02-06 14:04:53,536] multiqc                                            [INFO   ]  Compressing plot data
[2025-02-06 14:04:53,979] multiqc                                            [INFO   ]  Report      : multiqc_report.html
[2025-02-06 14:04:53,979] multiqc                                            [INFO   ]  Data        : multiqc_data
[2025-02-06 14:04:53,979] multiqc                                            [DEBUG  ]  Moving data file from '/tmp/tmpg72zajiz/multiqc_data' to '/project/pi_hputnam_uri_edu/zdellaert/LaserCoral/output_WGBS/trimmed_flexbar_qc/multiqc_data'
[2025-02-06 14:04:54,508] multiqc                                            [INFO   ]  MultiQC complete
