[2024-10-02 23:48:07,101] multiqc                                            [DEBUG  ]  No MultiQC config found: /opt/software/MultiQC/1.9-intel-2020a-Python-3.8.2/lib/python3.8/site-packages/multiqc_config.yaml
[2024-10-02 23:48:07,102] multiqc                                            [DEBUG  ]  No MultiQC config found: /home/zdellaert/.multiqc_config.yaml
[2024-10-02 23:48:07,103] multiqc                                            [DEBUG  ]  No MultiQC config found: multiqc_config.yaml
[2024-10-02 23:48:07,103] multiqc                                            [DEBUG  ]  Command used: /opt/software/MultiQC/1.9-intel-2020a-Python-3.8.2/bin/multiqc raw_qc/
[2024-10-02 23:48:07,740] multiqc                                            [WARNING]  MultiQC Version v1.25.1 now available!
[2024-10-02 23:48:07,740] multiqc                                            [INFO   ]  This is MultiQC v1.9
[2024-10-02 23:48:07,740] multiqc                                            [DEBUG  ]  Command     : /opt/software/MultiQC/1.9-intel-2020a-Python-3.8.2/bin/multiqc raw_qc/
[2024-10-02 23:48:07,740] multiqc                                            [DEBUG  ]  Working dir : /glfs/brick01/gv0/putnamlab/zdellaert/LaserCoral/data_RNA
[2024-10-02 23:48:07,740] multiqc                                            [INFO   ]  Template    : default
[2024-10-02 23:48:07,741] multiqc                                            [DEBUG  ]  Running Python 3.8.2 (default, May 13 2020, 12:13:08)  [GCC 9.3.0]
[2024-10-02 23:48:07,741] multiqc                                            [INFO   ]  Searching   : /glfs/brick01/gv0/putnamlab/zdellaert/LaserCoral/data_RNA/raw_qc
[2024-10-02 23:48:07,741] multiqc                                            [DEBUG  ]  Analysing modules: custom_content, conpair, peddy, somalier, methylQA, mosdepth, phantompeakqualtools, qualimap, preseq, quast, qorts, rna_seqc, rockhopper, rsem, rseqc, busco, goleft_indexcov, disambiguate, supernova, deeptools, sargasso, verifybamid, mirtrace, happy, mirtop, homer, macs2, theta2, snpeff, gatk, htseq, bcftools, featureCounts, fgbio, dragen, dedup, damageprofiler, biobambam2, mtnucratio, picard, prokka, samblaster, samtools, sexdeterrmine, bamtools, jellyfish, vcftools, longranger, stacks, varscan2, bbmap, bismark, biscuit, hicexplorer, hicup, hicpro, salmon, kallisto, slamdunk, star, hisat2, tophat, bowtie2, bowtie1, snpsplit, kat, leehom, adapterRemoval, clipandmerge, cutadapt, flexbar, kaiju, kraken, malt, trimmomatic, sickle, skewer, sortmerna, biobloomtools, fastq_screen, afterqc, fastp, fastqc, pycoqc, minionqc, multivcfanalyzer, clusterflow, bcl2fastq, interop, ivar, flash, seqyclean
[2024-10-02 23:48:07,741] multiqc                                            [DEBUG  ]  Using temporary directory for creating report: /tmp/tmplcc0x3ly
[2024-10-02 23:48:07,966] multiqc                                            [DEBUG  ]  File ignored by hicexplorer because it exceeded search pattern filesize limit: LCM_15_S40_R1_001_fastqc.html
[2024-10-02 23:48:07,983] multiqc                                            [DEBUG  ]  File ignored by longranger/invocation because it exceeded search pattern filesize limit: LCM_15_S40_R1_001_fastqc.html
[2024-10-02 23:48:07,983] multiqc                                            [DEBUG  ]  File ignored by rockhopper because it exceeded search pattern filesize limit: LCM_15_S40_R1_001_fastqc.html
[2024-10-02 23:48:07,983] multiqc                                            [DEBUG  ]  File ignored by rseqc/bam_stat because it exceeded search pattern filesize limit: LCM_15_S40_R1_001_fastqc.html
[2024-10-02 23:48:07,983] multiqc                                            [DEBUG  ]  File ignored by rseqc/junction_annotation because it exceeded search pattern filesize limit: LCM_15_S40_R1_001_fastqc.html
[2024-10-02 23:48:07,983] multiqc                                            [DEBUG  ]  File ignored by rseqc/read_distribution because it exceeded search pattern filesize limit: LCM_15_S40_R1_001_fastqc.html
[2024-10-02 23:48:07,984] multiqc                                            [DEBUG  ]  File ignored by rseqc/infer_experiment because it exceeded search pattern filesize limit: LCM_15_S40_R1_001_fastqc.html
[2024-10-02 23:48:08,143] multiqc                                            [DEBUG  ]  File ignored by hicexplorer because it exceeded search pattern filesize limit: LCM_26_S44_R1_001_fastqc.html
[2024-10-02 23:48:08,162] multiqc                                            [DEBUG  ]  File ignored by longranger/invocation because it exceeded search pattern filesize limit: LCM_26_S44_R1_001_fastqc.html
[2024-10-02 23:48:08,162] multiqc                                            [DEBUG  ]  File ignored by rockhopper because it exceeded search pattern filesize limit: LCM_26_S44_R1_001_fastqc.html
[2024-10-02 23:48:08,162] multiqc                                            [DEBUG  ]  File ignored by rseqc/bam_stat because it exceeded search pattern filesize limit: LCM_26_S44_R1_001_fastqc.html
[2024-10-02 23:48:08,162] multiqc                                            [DEBUG  ]  File ignored by rseqc/junction_annotation because it exceeded search pattern filesize limit: LCM_26_S44_R1_001_fastqc.html
[2024-10-02 23:48:08,162] multiqc                                            [DEBUG  ]  File ignored by rseqc/read_distribution because it exceeded search pattern filesize limit: LCM_26_S44_R1_001_fastqc.html
[2024-10-02 23:48:08,162] multiqc                                            [DEBUG  ]  File ignored by rseqc/infer_experiment because it exceeded search pattern filesize limit: LCM_26_S44_R1_001_fastqc.html
[2024-10-02 23:48:08,307] multiqc                                            [DEBUG  ]  File ignored by hicexplorer because it exceeded search pattern filesize limit: LCM_9_S39_R1_001_fastqc.html
[2024-10-02 23:48:08,326] multiqc                                            [DEBUG  ]  File ignored by longranger/invocation because it exceeded search pattern filesize limit: LCM_9_S39_R1_001_fastqc.html
[2024-10-02 23:48:08,326] multiqc                                            [DEBUG  ]  File ignored by rockhopper because it exceeded search pattern filesize limit: LCM_9_S39_R1_001_fastqc.html
[2024-10-02 23:48:08,326] multiqc                                            [DEBUG  ]  File ignored by rseqc/bam_stat because it exceeded search pattern filesize limit: LCM_9_S39_R1_001_fastqc.html
[2024-10-02 23:48:08,326] multiqc                                            [DEBUG  ]  File ignored by rseqc/junction_annotation because it exceeded search pattern filesize limit: LCM_9_S39_R1_001_fastqc.html
[2024-10-02 23:48:08,326] multiqc                                            [DEBUG  ]  File ignored by rseqc/read_distribution because it exceeded search pattern filesize limit: LCM_9_S39_R1_001_fastqc.html
[2024-10-02 23:48:08,327] multiqc                                            [DEBUG  ]  File ignored by rseqc/infer_experiment because it exceeded search pattern filesize limit: LCM_9_S39_R1_001_fastqc.html
[2024-10-02 23:48:08,472] multiqc                                            [DEBUG  ]  File ignored by hicexplorer because it exceeded search pattern filesize limit: LCM_15_S40_R2_001_fastqc.html
[2024-10-02 23:48:08,488] multiqc                                            [DEBUG  ]  File ignored by longranger/invocation because it exceeded search pattern filesize limit: LCM_15_S40_R2_001_fastqc.html
[2024-10-02 23:48:08,489] multiqc                                            [DEBUG  ]  File ignored by rockhopper because it exceeded search pattern filesize limit: LCM_15_S40_R2_001_fastqc.html
[2024-10-02 23:48:08,489] multiqc                                            [DEBUG  ]  File ignored by rseqc/bam_stat because it exceeded search pattern filesize limit: LCM_15_S40_R2_001_fastqc.html
[2024-10-02 23:48:08,489] multiqc                                            [DEBUG  ]  File ignored by rseqc/junction_annotation because it exceeded search pattern filesize limit: LCM_15_S40_R2_001_fastqc.html
[2024-10-02 23:48:08,489] multiqc                                            [DEBUG  ]  File ignored by rseqc/read_distribution because it exceeded search pattern filesize limit: LCM_15_S40_R2_001_fastqc.html
[2024-10-02 23:48:08,489] multiqc                                            [DEBUG  ]  File ignored by rseqc/infer_experiment because it exceeded search pattern filesize limit: LCM_15_S40_R2_001_fastqc.html
[2024-10-02 23:48:08,630] multiqc                                            [DEBUG  ]  File ignored by hicexplorer because it exceeded search pattern filesize limit: LCM_16_S41_R2_001_fastqc.html
[2024-10-02 23:48:08,648] multiqc                                            [DEBUG  ]  File ignored by longranger/invocation because it exceeded search pattern filesize limit: LCM_16_S41_R2_001_fastqc.html
[2024-10-02 23:48:08,648] multiqc                                            [DEBUG  ]  File ignored by rockhopper because it exceeded search pattern filesize limit: LCM_16_S41_R2_001_fastqc.html
[2024-10-02 23:48:08,648] multiqc                                            [DEBUG  ]  File ignored by rseqc/bam_stat because it exceeded search pattern filesize limit: LCM_16_S41_R2_001_fastqc.html
[2024-10-02 23:48:08,648] multiqc                                            [DEBUG  ]  File ignored by rseqc/junction_annotation because it exceeded search pattern filesize limit: LCM_16_S41_R2_001_fastqc.html
[2024-10-02 23:48:08,648] multiqc                                            [DEBUG  ]  File ignored by rseqc/read_distribution because it exceeded search pattern filesize limit: LCM_16_S41_R2_001_fastqc.html
[2024-10-02 23:48:08,648] multiqc                                            [DEBUG  ]  File ignored by rseqc/infer_experiment because it exceeded search pattern filesize limit: LCM_16_S41_R2_001_fastqc.html
[2024-10-02 23:48:08,790] multiqc                                            [DEBUG  ]  File ignored by hicexplorer because it exceeded search pattern filesize limit: LCM_20_S42_R2_001_fastqc.html
[2024-10-02 23:48:08,807] multiqc                                            [DEBUG  ]  File ignored by longranger/invocation because it exceeded search pattern filesize limit: LCM_20_S42_R2_001_fastqc.html
[2024-10-02 23:48:08,807] multiqc                                            [DEBUG  ]  File ignored by rockhopper because it exceeded search pattern filesize limit: LCM_20_S42_R2_001_fastqc.html
[2024-10-02 23:48:08,807] multiqc                                            [DEBUG  ]  File ignored by rseqc/bam_stat because it exceeded search pattern filesize limit: LCM_20_S42_R2_001_fastqc.html
[2024-10-02 23:48:08,807] multiqc                                            [DEBUG  ]  File ignored by rseqc/junction_annotation because it exceeded search pattern filesize limit: LCM_20_S42_R2_001_fastqc.html
[2024-10-02 23:48:08,807] multiqc                                            [DEBUG  ]  File ignored by rseqc/read_distribution because it exceeded search pattern filesize limit: LCM_20_S42_R2_001_fastqc.html
[2024-10-02 23:48:08,807] multiqc                                            [DEBUG  ]  File ignored by rseqc/infer_experiment because it exceeded search pattern filesize limit: LCM_20_S42_R2_001_fastqc.html
[2024-10-02 23:48:08,951] multiqc                                            [DEBUG  ]  File ignored by hicexplorer because it exceeded search pattern filesize limit: LCM_21_S43_R2_001_fastqc.html
[2024-10-02 23:48:08,967] multiqc                                            [DEBUG  ]  File ignored by longranger/invocation because it exceeded search pattern filesize limit: LCM_21_S43_R2_001_fastqc.html
[2024-10-02 23:48:08,968] multiqc                                            [DEBUG  ]  File ignored by rockhopper because it exceeded search pattern filesize limit: LCM_21_S43_R2_001_fastqc.html
[2024-10-02 23:48:08,968] multiqc                                            [DEBUG  ]  File ignored by rseqc/bam_stat because it exceeded search pattern filesize limit: LCM_21_S43_R2_001_fastqc.html
[2024-10-02 23:48:08,968] multiqc                                            [DEBUG  ]  File ignored by rseqc/junction_annotation because it exceeded search pattern filesize limit: LCM_21_S43_R2_001_fastqc.html
[2024-10-02 23:48:08,968] multiqc                                            [DEBUG  ]  File ignored by rseqc/read_distribution because it exceeded search pattern filesize limit: LCM_21_S43_R2_001_fastqc.html
[2024-10-02 23:48:08,968] multiqc                                            [DEBUG  ]  File ignored by rseqc/infer_experiment because it exceeded search pattern filesize limit: LCM_21_S43_R2_001_fastqc.html
[2024-10-02 23:48:09,111] multiqc                                            [DEBUG  ]  File ignored by hicexplorer because it exceeded search pattern filesize limit: LCM_26_S44_R2_001_fastqc.html
[2024-10-02 23:48:09,126] multiqc                                            [DEBUG  ]  File ignored by longranger/invocation because it exceeded search pattern filesize limit: LCM_26_S44_R2_001_fastqc.html
[2024-10-02 23:48:09,126] multiqc                                            [DEBUG  ]  File ignored by rockhopper because it exceeded search pattern filesize limit: LCM_26_S44_R2_001_fastqc.html
[2024-10-02 23:48:09,126] multiqc                                            [DEBUG  ]  File ignored by rseqc/bam_stat because it exceeded search pattern filesize limit: LCM_26_S44_R2_001_fastqc.html
[2024-10-02 23:48:09,126] multiqc                                            [DEBUG  ]  File ignored by rseqc/junction_annotation because it exceeded search pattern filesize limit: LCM_26_S44_R2_001_fastqc.html
[2024-10-02 23:48:09,126] multiqc                                            [DEBUG  ]  File ignored by rseqc/read_distribution because it exceeded search pattern filesize limit: LCM_26_S44_R2_001_fastqc.html
[2024-10-02 23:48:09,126] multiqc                                            [DEBUG  ]  File ignored by rseqc/infer_experiment because it exceeded search pattern filesize limit: LCM_26_S44_R2_001_fastqc.html
[2024-10-02 23:48:09,267] multiqc                                            [DEBUG  ]  File ignored by hicexplorer because it exceeded search pattern filesize limit: LCM_27_S45_R2_001_fastqc.html
[2024-10-02 23:48:09,284] multiqc                                            [DEBUG  ]  File ignored by longranger/invocation because it exceeded search pattern filesize limit: LCM_27_S45_R2_001_fastqc.html
[2024-10-02 23:48:09,284] multiqc                                            [DEBUG  ]  File ignored by rockhopper because it exceeded search pattern filesize limit: LCM_27_S45_R2_001_fastqc.html
[2024-10-02 23:48:09,284] multiqc                                            [DEBUG  ]  File ignored by rseqc/bam_stat because it exceeded search pattern filesize limit: LCM_27_S45_R2_001_fastqc.html
[2024-10-02 23:48:09,284] multiqc                                            [DEBUG  ]  File ignored by rseqc/junction_annotation because it exceeded search pattern filesize limit: LCM_27_S45_R2_001_fastqc.html
[2024-10-02 23:48:09,284] multiqc                                            [DEBUG  ]  File ignored by rseqc/read_distribution because it exceeded search pattern filesize limit: LCM_27_S45_R2_001_fastqc.html
[2024-10-02 23:48:09,284] multiqc                                            [DEBUG  ]  File ignored by rseqc/infer_experiment because it exceeded search pattern filesize limit: LCM_27_S45_R2_001_fastqc.html
[2024-10-02 23:48:09,423] multiqc                                            [DEBUG  ]  File ignored by hicexplorer because it exceeded search pattern filesize limit: LCM_4_S36_R1_001_fastqc.html
[2024-10-02 23:48:09,450] multiqc                                            [DEBUG  ]  File ignored by longranger/invocation because it exceeded search pattern filesize limit: LCM_4_S36_R1_001_fastqc.html
[2024-10-02 23:48:09,450] multiqc                                            [DEBUG  ]  File ignored by rockhopper because it exceeded search pattern filesize limit: LCM_4_S36_R1_001_fastqc.html
[2024-10-02 23:48:09,450] multiqc                                            [DEBUG  ]  File ignored by rseqc/bam_stat because it exceeded search pattern filesize limit: LCM_4_S36_R1_001_fastqc.html
[2024-10-02 23:48:09,450] multiqc                                            [DEBUG  ]  File ignored by rseqc/junction_annotation because it exceeded search pattern filesize limit: LCM_4_S36_R1_001_fastqc.html
[2024-10-02 23:48:09,450] multiqc                                            [DEBUG  ]  File ignored by rseqc/read_distribution because it exceeded search pattern filesize limit: LCM_4_S36_R1_001_fastqc.html
[2024-10-02 23:48:09,450] multiqc                                            [DEBUG  ]  File ignored by rseqc/infer_experiment because it exceeded search pattern filesize limit: LCM_4_S36_R1_001_fastqc.html
[2024-10-02 23:48:09,596] multiqc                                            [DEBUG  ]  File ignored by hicexplorer because it exceeded search pattern filesize limit: LCM_20_S42_R1_001_fastqc.html
[2024-10-02 23:48:09,615] multiqc                                            [DEBUG  ]  File ignored by longranger/invocation because it exceeded search pattern filesize limit: LCM_20_S42_R1_001_fastqc.html
[2024-10-02 23:48:09,615] multiqc                                            [DEBUG  ]  File ignored by rockhopper because it exceeded search pattern filesize limit: LCM_20_S42_R1_001_fastqc.html
[2024-10-02 23:48:09,615] multiqc                                            [DEBUG  ]  File ignored by rseqc/bam_stat because it exceeded search pattern filesize limit: LCM_20_S42_R1_001_fastqc.html
[2024-10-02 23:48:09,615] multiqc                                            [DEBUG  ]  File ignored by rseqc/junction_annotation because it exceeded search pattern filesize limit: LCM_20_S42_R1_001_fastqc.html
[2024-10-02 23:48:09,616] multiqc                                            [DEBUG  ]  File ignored by rseqc/read_distribution because it exceeded search pattern filesize limit: LCM_20_S42_R1_001_fastqc.html
[2024-10-02 23:48:09,616] multiqc                                            [DEBUG  ]  File ignored by rseqc/infer_experiment because it exceeded search pattern filesize limit: LCM_20_S42_R1_001_fastqc.html
[2024-10-02 23:48:09,752] multiqc                                            [DEBUG  ]  File ignored by hicexplorer because it exceeded search pattern filesize limit: LCM_27_S45_R1_001_fastqc.html
[2024-10-02 23:48:09,765] multiqc                                            [DEBUG  ]  File ignored by longranger/invocation because it exceeded search pattern filesize limit: LCM_27_S45_R1_001_fastqc.html
[2024-10-02 23:48:09,765] multiqc                                            [DEBUG  ]  File ignored by rockhopper because it exceeded search pattern filesize limit: LCM_27_S45_R1_001_fastqc.html
[2024-10-02 23:48:09,765] multiqc                                            [DEBUG  ]  File ignored by rseqc/bam_stat because it exceeded search pattern filesize limit: LCM_27_S45_R1_001_fastqc.html
[2024-10-02 23:48:09,765] multiqc                                            [DEBUG  ]  File ignored by rseqc/junction_annotation because it exceeded search pattern filesize limit: LCM_27_S45_R1_001_fastqc.html
[2024-10-02 23:48:09,765] multiqc                                            [DEBUG  ]  File ignored by rseqc/read_distribution because it exceeded search pattern filesize limit: LCM_27_S45_R1_001_fastqc.html
[2024-10-02 23:48:09,765] multiqc                                            [DEBUG  ]  File ignored by rseqc/infer_experiment because it exceeded search pattern filesize limit: LCM_27_S45_R1_001_fastqc.html
[2024-10-02 23:48:09,908] multiqc                                            [DEBUG  ]  File ignored by hicexplorer because it exceeded search pattern filesize limit: LCM_4_S36_R2_001_fastqc.html
[2024-10-02 23:48:09,923] multiqc                                            [DEBUG  ]  File ignored by longranger/invocation because it exceeded search pattern filesize limit: LCM_4_S36_R2_001_fastqc.html
[2024-10-02 23:48:09,923] multiqc                                            [DEBUG  ]  File ignored by rockhopper because it exceeded search pattern filesize limit: LCM_4_S36_R2_001_fastqc.html
[2024-10-02 23:48:09,923] multiqc                                            [DEBUG  ]  File ignored by rseqc/bam_stat because it exceeded search pattern filesize limit: LCM_4_S36_R2_001_fastqc.html
[2024-10-02 23:48:09,923] multiqc                                            [DEBUG  ]  File ignored by rseqc/junction_annotation because it exceeded search pattern filesize limit: LCM_4_S36_R2_001_fastqc.html
[2024-10-02 23:48:09,923] multiqc                                            [DEBUG  ]  File ignored by rseqc/read_distribution because it exceeded search pattern filesize limit: LCM_4_S36_R2_001_fastqc.html
[2024-10-02 23:48:09,923] multiqc                                            [DEBUG  ]  File ignored by rseqc/infer_experiment because it exceeded search pattern filesize limit: LCM_4_S36_R2_001_fastqc.html
[2024-10-02 23:48:10,058] multiqc                                            [DEBUG  ]  File ignored by hicexplorer because it exceeded search pattern filesize limit: LCM_5_S37_R2_001_fastqc.html
[2024-10-02 23:48:10,074] multiqc                                            [DEBUG  ]  File ignored by longranger/invocation because it exceeded search pattern filesize limit: LCM_5_S37_R2_001_fastqc.html
[2024-10-02 23:48:10,074] multiqc                                            [DEBUG  ]  File ignored by rockhopper because it exceeded search pattern filesize limit: LCM_5_S37_R2_001_fastqc.html
[2024-10-02 23:48:10,074] multiqc                                            [DEBUG  ]  File ignored by rseqc/bam_stat because it exceeded search pattern filesize limit: LCM_5_S37_R2_001_fastqc.html
[2024-10-02 23:48:10,074] multiqc                                            [DEBUG  ]  File ignored by rseqc/junction_annotation because it exceeded search pattern filesize limit: LCM_5_S37_R2_001_fastqc.html
[2024-10-02 23:48:10,074] multiqc                                            [DEBUG  ]  File ignored by rseqc/read_distribution because it exceeded search pattern filesize limit: LCM_5_S37_R2_001_fastqc.html
[2024-10-02 23:48:10,074] multiqc                                            [DEBUG  ]  File ignored by rseqc/infer_experiment because it exceeded search pattern filesize limit: LCM_5_S37_R2_001_fastqc.html
[2024-10-02 23:48:10,209] multiqc                                            [DEBUG  ]  File ignored by hicexplorer because it exceeded search pattern filesize limit: LCM_8_S38_R1_001_fastqc.html
[2024-10-02 23:48:10,227] multiqc                                            [DEBUG  ]  File ignored by longranger/invocation because it exceeded search pattern filesize limit: LCM_8_S38_R1_001_fastqc.html
[2024-10-02 23:48:10,227] multiqc                                            [DEBUG  ]  File ignored by rockhopper because it exceeded search pattern filesize limit: LCM_8_S38_R1_001_fastqc.html
[2024-10-02 23:48:10,227] multiqc                                            [DEBUG  ]  File ignored by rseqc/bam_stat because it exceeded search pattern filesize limit: LCM_8_S38_R1_001_fastqc.html
[2024-10-02 23:48:10,227] multiqc                                            [DEBUG  ]  File ignored by rseqc/junction_annotation because it exceeded search pattern filesize limit: LCM_8_S38_R1_001_fastqc.html
[2024-10-02 23:48:10,227] multiqc                                            [DEBUG  ]  File ignored by rseqc/read_distribution because it exceeded search pattern filesize limit: LCM_8_S38_R1_001_fastqc.html
[2024-10-02 23:48:10,227] multiqc                                            [DEBUG  ]  File ignored by rseqc/infer_experiment because it exceeded search pattern filesize limit: LCM_8_S38_R1_001_fastqc.html
[2024-10-02 23:48:10,365] multiqc                                            [DEBUG  ]  File ignored by hicexplorer because it exceeded search pattern filesize limit: LCM_8_S38_R2_001_fastqc.html
[2024-10-02 23:48:10,380] multiqc                                            [DEBUG  ]  File ignored by longranger/invocation because it exceeded search pattern filesize limit: LCM_8_S38_R2_001_fastqc.html
[2024-10-02 23:48:10,380] multiqc                                            [DEBUG  ]  File ignored by rockhopper because it exceeded search pattern filesize limit: LCM_8_S38_R2_001_fastqc.html
[2024-10-02 23:48:10,380] multiqc                                            [DEBUG  ]  File ignored by rseqc/bam_stat because it exceeded search pattern filesize limit: LCM_8_S38_R2_001_fastqc.html
[2024-10-02 23:48:10,380] multiqc                                            [DEBUG  ]  File ignored by rseqc/junction_annotation because it exceeded search pattern filesize limit: LCM_8_S38_R2_001_fastqc.html
[2024-10-02 23:48:10,380] multiqc                                            [DEBUG  ]  File ignored by rseqc/read_distribution because it exceeded search pattern filesize limit: LCM_8_S38_R2_001_fastqc.html
[2024-10-02 23:48:10,380] multiqc                                            [DEBUG  ]  File ignored by rseqc/infer_experiment because it exceeded search pattern filesize limit: LCM_8_S38_R2_001_fastqc.html
[2024-10-02 23:48:10,515] multiqc                                            [DEBUG  ]  File ignored by hicexplorer because it exceeded search pattern filesize limit: LCM_9_S39_R2_001_fastqc.html
[2024-10-02 23:48:10,527] multiqc                                            [DEBUG  ]  File ignored by longranger/invocation because it exceeded search pattern filesize limit: LCM_9_S39_R2_001_fastqc.html
[2024-10-02 23:48:10,527] multiqc                                            [DEBUG  ]  File ignored by rockhopper because it exceeded search pattern filesize limit: LCM_9_S39_R2_001_fastqc.html
[2024-10-02 23:48:10,527] multiqc                                            [DEBUG  ]  File ignored by rseqc/bam_stat because it exceeded search pattern filesize limit: LCM_9_S39_R2_001_fastqc.html
[2024-10-02 23:48:10,527] multiqc                                            [DEBUG  ]  File ignored by rseqc/junction_annotation because it exceeded search pattern filesize limit: LCM_9_S39_R2_001_fastqc.html
[2024-10-02 23:48:10,527] multiqc                                            [DEBUG  ]  File ignored by rseqc/read_distribution because it exceeded search pattern filesize limit: LCM_9_S39_R2_001_fastqc.html
[2024-10-02 23:48:10,527] multiqc                                            [DEBUG  ]  File ignored by rseqc/infer_experiment because it exceeded search pattern filesize limit: LCM_9_S39_R2_001_fastqc.html
[2024-10-02 23:48:10,653] multiqc                                            [DEBUG  ]  File ignored by hicexplorer because it exceeded search pattern filesize limit: LCM_16_S41_R1_001_fastqc.html
[2024-10-02 23:48:10,668] multiqc                                            [DEBUG  ]  File ignored by longranger/invocation because it exceeded search pattern filesize limit: LCM_16_S41_R1_001_fastqc.html
[2024-10-02 23:48:10,668] multiqc                                            [DEBUG  ]  File ignored by rockhopper because it exceeded search pattern filesize limit: LCM_16_S41_R1_001_fastqc.html
[2024-10-02 23:48:10,668] multiqc                                            [DEBUG  ]  File ignored by rseqc/bam_stat because it exceeded search pattern filesize limit: LCM_16_S41_R1_001_fastqc.html
[2024-10-02 23:48:10,668] multiqc                                            [DEBUG  ]  File ignored by rseqc/junction_annotation because it exceeded search pattern filesize limit: LCM_16_S41_R1_001_fastqc.html
[2024-10-02 23:48:10,668] multiqc                                            [DEBUG  ]  File ignored by rseqc/read_distribution because it exceeded search pattern filesize limit: LCM_16_S41_R1_001_fastqc.html
[2024-10-02 23:48:10,668] multiqc                                            [DEBUG  ]  File ignored by rseqc/infer_experiment because it exceeded search pattern filesize limit: LCM_16_S41_R1_001_fastqc.html
[2024-10-02 23:48:10,792] multiqc                                            [DEBUG  ]  File ignored by hicexplorer because it exceeded search pattern filesize limit: LCM_21_S43_R1_001_fastqc.html
[2024-10-02 23:48:10,803] multiqc                                            [DEBUG  ]  File ignored by longranger/invocation because it exceeded search pattern filesize limit: LCM_21_S43_R1_001_fastqc.html
[2024-10-02 23:48:10,803] multiqc                                            [DEBUG  ]  File ignored by rockhopper because it exceeded search pattern filesize limit: LCM_21_S43_R1_001_fastqc.html
[2024-10-02 23:48:10,803] multiqc                                            [DEBUG  ]  File ignored by rseqc/bam_stat because it exceeded search pattern filesize limit: LCM_21_S43_R1_001_fastqc.html
[2024-10-02 23:48:10,803] multiqc                                            [DEBUG  ]  File ignored by rseqc/junction_annotation because it exceeded search pattern filesize limit: LCM_21_S43_R1_001_fastqc.html
[2024-10-02 23:48:10,803] multiqc                                            [DEBUG  ]  File ignored by rseqc/read_distribution because it exceeded search pattern filesize limit: LCM_21_S43_R1_001_fastqc.html
[2024-10-02 23:48:10,803] multiqc                                            [DEBUG  ]  File ignored by rseqc/infer_experiment because it exceeded search pattern filesize limit: LCM_21_S43_R1_001_fastqc.html
[2024-10-02 23:48:10,929] multiqc                                            [DEBUG  ]  File ignored by hicexplorer because it exceeded search pattern filesize limit: LCM_5_S37_R1_001_fastqc.html
[2024-10-02 23:48:10,939] multiqc                                            [DEBUG  ]  File ignored by longranger/invocation because it exceeded search pattern filesize limit: LCM_5_S37_R1_001_fastqc.html
[2024-10-02 23:48:10,940] multiqc                                            [DEBUG  ]  File ignored by rockhopper because it exceeded search pattern filesize limit: LCM_5_S37_R1_001_fastqc.html
[2024-10-02 23:48:10,940] multiqc                                            [DEBUG  ]  File ignored by rseqc/bam_stat because it exceeded search pattern filesize limit: LCM_5_S37_R1_001_fastqc.html
[2024-10-02 23:48:10,940] multiqc                                            [DEBUG  ]  File ignored by rseqc/junction_annotation because it exceeded search pattern filesize limit: LCM_5_S37_R1_001_fastqc.html
[2024-10-02 23:48:10,940] multiqc                                            [DEBUG  ]  File ignored by rseqc/read_distribution because it exceeded search pattern filesize limit: LCM_5_S37_R1_001_fastqc.html
[2024-10-02 23:48:10,940] multiqc                                            [DEBUG  ]  File ignored by rseqc/infer_experiment because it exceeded search pattern filesize limit: LCM_5_S37_R1_001_fastqc.html
[2024-10-02 23:48:11,597] multiqc.plots.bargraph                             [DEBUG  ]  Using matplotlib version 3.2.1
[2024-10-02 23:48:11,600] multiqc.plots.linegraph                            [DEBUG  ]  Using matplotlib version 3.2.1
[2024-10-02 23:48:11,606] multiqc                                            [DEBUG  ]  No samples found: custom_content
[2024-10-02 23:48:11,615] multiqc                                            [DEBUG  ]  No samples found: conpair
[2024-10-02 23:48:11,624] multiqc                                            [DEBUG  ]  No samples found: peddy
[2024-10-02 23:48:11,632] multiqc                                            [DEBUG  ]  No samples found: somalier
[2024-10-02 23:48:11,639] multiqc                                            [DEBUG  ]  No samples found: methylQA
[2024-10-02 23:48:11,662] multiqc                                            [DEBUG  ]  No samples found: mosdepth
[2024-10-02 23:48:11,671] multiqc                                            [DEBUG  ]  No samples found: phantompeakqualtools
[2024-10-02 23:48:11,675] multiqc                                            [DEBUG  ]  No samples found: qualimap
[2024-10-02 23:48:11,683] multiqc                                            [DEBUG  ]  No samples found: preseq
[2024-10-02 23:48:11,691] multiqc                                            [DEBUG  ]  No samples found: quast
[2024-10-02 23:48:11,704] multiqc                                            [DEBUG  ]  No samples found: qorts
[2024-10-02 23:48:11,712] multiqc                                            [DEBUG  ]  No samples found: rna_seqc
[2024-10-02 23:48:11,720] multiqc                                            [DEBUG  ]  No samples found: rockhopper
[2024-10-02 23:48:11,728] multiqc                                            [DEBUG  ]  No samples found: rsem
[2024-10-02 23:48:11,761] multiqc                                            [DEBUG  ]  No samples found: rseqc
[2024-10-02 23:48:11,770] multiqc                                            [DEBUG  ]  No samples found: busco
[2024-10-02 23:48:11,778] multiqc                                            [DEBUG  ]  No samples found: goleft_indexcov
[2024-10-02 23:48:11,787] multiqc                                            [DEBUG  ]  No samples found: disambiguate
[2024-10-02 23:48:11,796] multiqc                                            [DEBUG  ]  No samples found: supernova
[2024-10-02 23:48:11,830] multiqc                                            [DEBUG  ]  No samples found: deeptools
[2024-10-02 23:48:11,838] multiqc                                            [DEBUG  ]  No samples found: sargasso
[2024-10-02 23:48:11,847] multiqc                                            [DEBUG  ]  No samples found: verifybamid
[2024-10-02 23:48:11,859] multiqc                                            [DEBUG  ]  No samples found: mirtrace
[2024-10-02 23:48:11,867] multiqc                                            [DEBUG  ]  No samples found: happy
[2024-10-02 23:48:11,876] multiqc                                            [DEBUG  ]  No samples found: mirtop
[2024-10-02 23:48:11,889] multiqc                                            [DEBUG  ]  No samples found: homer
[2024-10-02 23:48:11,898] multiqc                                            [DEBUG  ]  No samples found: macs2
[2024-10-02 23:48:11,910] multiqc                                            [DEBUG  ]  No samples found: theta2
[2024-10-02 23:48:11,917] multiqc                                            [DEBUG  ]  No samples found: snpeff
[2024-10-02 23:48:11,928] multiqc                                            [DEBUG  ]  No samples found: gatk
[2024-10-02 23:48:11,936] multiqc                                            [DEBUG  ]  No samples found: htseq
[2024-10-02 23:48:11,948] multiqc                                            [DEBUG  ]  No samples found: bcftools
[2024-10-02 23:48:11,960] multiqc                                            [DEBUG  ]  No samples found: featureCounts
[2024-10-02 23:48:11,973] multiqc                                            [DEBUG  ]  No samples found: fgbio
[2024-10-02 23:48:11,996] multiqc                                            [DEBUG  ]  No samples found: dragen
[2024-10-02 23:48:12,008] multiqc                                            [DEBUG  ]  No samples found: dedup
[2024-10-02 23:48:12,016] multiqc                                            [DEBUG  ]  No samples found: damageprofiler
[2024-10-02 23:48:12,069] multiqc                                            [DEBUG  ]  No samples found: biobambam2
[2024-10-02 23:48:12,077] multiqc                                            [DEBUG  ]  No samples found: mtnucratio
[2024-10-02 23:48:12,080] multiqc                                            [DEBUG  ]  No samples found: picard
[2024-10-02 23:48:12,087] multiqc                                            [DEBUG  ]  No samples found: prokka
[2024-10-02 23:48:12,096] multiqc                                            [DEBUG  ]  No samples found: samblaster
[2024-10-02 23:48:12,116] multiqc                                            [DEBUG  ]  No samples found: samtools
[2024-10-02 23:48:12,127] multiqc                                            [DEBUG  ]  No samples found: sexdeterrmine
[2024-10-02 23:48:12,138] multiqc                                            [DEBUG  ]  No samples found: bamtools
[2024-10-02 23:48:12,146] multiqc                                            [DEBUG  ]  No samples found: jellyfish
[2024-10-02 23:48:12,170] multiqc                                            [DEBUG  ]  No samples found: vcftools
[2024-10-02 23:48:12,178] multiqc                                            [DEBUG  ]  No samples found: longranger
[2024-10-02 23:48:12,186] multiqc                                            [DEBUG  ]  No samples found: stacks
[2024-10-02 23:48:12,195] multiqc                                            [DEBUG  ]  No samples found: varscan2
[2024-10-02 23:48:12,230] multiqc                                            [DEBUG  ]  No samples found: bbmap
[2024-10-02 23:48:12,239] multiqc                                            [DEBUG  ]  No samples found: bismark
[2024-10-02 23:48:12,248] multiqc                                            [DEBUG  ]  No samples found: biscuit
[2024-10-02 23:48:12,260] multiqc                                            [DEBUG  ]  No samples found: hicexplorer
[2024-10-02 23:48:12,268] multiqc                                            [DEBUG  ]  No samples found: hicup
[2024-10-02 23:48:12,277] multiqc                                            [DEBUG  ]  No samples found: hicpro
[2024-10-02 23:48:12,286] multiqc                                            [DEBUG  ]  No samples found: salmon
[2024-10-02 23:48:12,297] multiqc                                            [DEBUG  ]  No samples found: kallisto
[2024-10-02 23:48:12,309] multiqc                                            [DEBUG  ]  No samples found: slamdunk
[2024-10-02 23:48:12,317] multiqc                                            [DEBUG  ]  No samples found: star
[2024-10-02 23:48:12,326] multiqc                                            [DEBUG  ]  No samples found: hisat2
[2024-10-02 23:48:12,333] multiqc                                            [DEBUG  ]  No samples found: tophat
[2024-10-02 23:48:12,343] multiqc                                            [DEBUG  ]  No samples found: bowtie2
[2024-10-02 23:48:12,353] multiqc                                            [DEBUG  ]  No samples found: bowtie1
[2024-10-02 23:48:12,365] multiqc                                            [DEBUG  ]  No samples found: snpsplit
[2024-10-02 23:48:12,373] multiqc                                            [DEBUG  ]  No samples found: kat
[2024-10-02 23:48:12,381] multiqc                                            [DEBUG  ]  No samples found: leehom
[2024-10-02 23:48:12,388] multiqc                                            [DEBUG  ]  No samples found: adapterRemoval
[2024-10-02 23:48:12,396] multiqc                                            [DEBUG  ]  No samples found: clipandmerge
[2024-10-02 23:48:12,409] multiqc                                            [DEBUG  ]  No samples found: cutadapt
[2024-10-02 23:48:12,417] multiqc                                            [DEBUG  ]  No samples found: flexbar
[2024-10-02 23:48:12,425] multiqc                                            [DEBUG  ]  No samples found: kaiju
[2024-10-02 23:48:12,433] multiqc                                            [DEBUG  ]  No samples found: kraken
[2024-10-02 23:48:12,441] multiqc                                            [DEBUG  ]  No samples found: malt
[2024-10-02 23:48:12,449] multiqc                                            [DEBUG  ]  No samples found: trimmomatic
[2024-10-02 23:48:12,462] multiqc                                            [DEBUG  ]  No samples found: sickle
[2024-10-02 23:48:12,470] multiqc                                            [DEBUG  ]  No samples found: skewer
[2024-10-02 23:48:12,479] multiqc                                            [DEBUG  ]  No samples found: sortmerna
[2024-10-02 23:48:12,487] multiqc                                            [DEBUG  ]  No samples found: biobloomtools
[2024-10-02 23:48:12,495] multiqc                                            [DEBUG  ]  No samples found: fastq_screen
[2024-10-02 23:48:12,507] multiqc                                            [DEBUG  ]  No samples found: afterqc
[2024-10-02 23:48:12,515] multiqc                                            [DEBUG  ]  No samples found: fastp
[2024-10-02 23:48:14,779] multiqc.modules.fastqc.fastqc                      [INFO   ]  Found 20 reports
[2024-10-02 23:48:14,935] multiqc                                            [DEBUG  ]  No samples found: pycoqc
[2024-10-02 23:48:14,943] multiqc                                            [DEBUG  ]  No samples found: minionqc
[2024-10-02 23:48:14,950] multiqc                                            [DEBUG  ]  No samples found: multivcfanalyzer
[2024-10-02 23:48:14,958] multiqc                                            [DEBUG  ]  No samples found: clusterflow
[2024-10-02 23:48:14,969] multiqc                                            [DEBUG  ]  No samples found: bcl2fastq
[2024-10-02 23:48:14,977] multiqc                                            [DEBUG  ]  No samples found: interop
[2024-10-02 23:48:14,984] multiqc                                            [DEBUG  ]  No samples found: ivar
[2024-10-02 23:48:14,992] multiqc                                            [DEBUG  ]  No samples found: flash
[2024-10-02 23:48:14,999] multiqc                                            [DEBUG  ]  No samples found: seqyclean
[2024-10-02 23:48:15,024] multiqc                                            [INFO   ]  Compressing plot data
[2024-10-02 23:48:15,349] multiqc                                            [INFO   ]  Report      : multiqc_report.html
[2024-10-02 23:48:15,350] multiqc                                            [INFO   ]  Data        : multiqc_data
[2024-10-02 23:48:15,350] multiqc                                            [DEBUG  ]  Moving data file from '/tmp/tmplcc0x3ly/multiqc_data' to '/glfs/brick01/gv0/putnamlab/zdellaert/LaserCoral/data_RNA/multiqc_data'
[2024-10-02 23:48:15,693] multiqc                                            [INFO   ]  MultiQC complete
