[2024-10-04 11:54:56,614] multiqc                                            [DEBUG  ]  No MultiQC config found: /opt/software/MultiQC/1.9-intel-2020a-Python-3.8.2/lib/python3.8/site-packages/multiqc_config.yaml
[2024-10-04 11:54:56,614] multiqc                                            [DEBUG  ]  No MultiQC config found: /home/zdellaert/.multiqc_config.yaml
[2024-10-04 11:54:56,615] multiqc                                            [DEBUG  ]  No MultiQC config found: multiqc_config.yaml
[2024-10-04 11:54:56,615] multiqc                                            [DEBUG  ]  Command used: /opt/software/MultiQC/1.9-intel-2020a-Python-3.8.2/bin/multiqc trimmed_oligo_qc/
[2024-10-04 11:54:57,086] multiqc                                            [WARNING]  MultiQC Version v1.25.1 now available!
[2024-10-04 11:54:57,087] multiqc                                            [INFO   ]  This is MultiQC v1.9
[2024-10-04 11:54:57,087] multiqc                                            [DEBUG  ]  Command     : /opt/software/MultiQC/1.9-intel-2020a-Python-3.8.2/bin/multiqc trimmed_oligo_qc/
[2024-10-04 11:54:57,087] multiqc                                            [DEBUG  ]  Working dir : /glfs/brick01/gv0/putnamlab/zdellaert/LaserCoral/data_RNA
[2024-10-04 11:54:57,087] multiqc                                            [INFO   ]  Template    : default
[2024-10-04 11:54:57,087] multiqc                                            [DEBUG  ]  Running Python 3.8.2 (default, May 13 2020, 12:13:08)  [GCC 9.3.0]
[2024-10-04 11:54:57,088] multiqc                                            [INFO   ]  Searching   : /glfs/brick01/gv0/putnamlab/zdellaert/LaserCoral/data_RNA/trimmed_oligo_qc
[2024-10-04 11:54:57,088] multiqc                                            [DEBUG  ]  Analysing modules: custom_content, conpair, peddy, somalier, methylQA, mosdepth, phantompeakqualtools, qualimap, preseq, quast, qorts, rna_seqc, rockhopper, rsem, rseqc, busco, goleft_indexcov, disambiguate, supernova, deeptools, sargasso, verifybamid, mirtrace, happy, mirtop, homer, macs2, theta2, snpeff, gatk, htseq, bcftools, featureCounts, fgbio, dragen, dedup, damageprofiler, biobambam2, mtnucratio, picard, prokka, samblaster, samtools, sexdeterrmine, bamtools, jellyfish, vcftools, longranger, stacks, varscan2, bbmap, bismark, biscuit, hicexplorer, hicup, hicpro, salmon, kallisto, slamdunk, star, hisat2, tophat, bowtie2, bowtie1, snpsplit, kat, leehom, adapterRemoval, clipandmerge, cutadapt, flexbar, kaiju, kraken, malt, trimmomatic, sickle, skewer, sortmerna, biobloomtools, fastq_screen, afterqc, fastp, fastqc, pycoqc, minionqc, multivcfanalyzer, clusterflow, bcl2fastq, interop, ivar, flash, seqyclean
[2024-10-04 11:54:57,089] multiqc                                            [DEBUG  ]  Using temporary directory for creating report: /tmp/tmpspx6ssxr
[2024-10-04 11:54:57,246] multiqc                                            [DEBUG  ]  File ignored by hicexplorer because it exceeded search pattern filesize limit: trimmed_oligo_trimmed_LCM_20_S42_R1_001_fastqc.html
[2024-10-04 11:54:57,259] multiqc                                            [DEBUG  ]  File ignored by longranger/invocation because it exceeded search pattern filesize limit: trimmed_oligo_trimmed_LCM_20_S42_R1_001_fastqc.html
[2024-10-04 11:54:57,259] multiqc                                            [DEBUG  ]  File ignored by rockhopper because it exceeded search pattern filesize limit: trimmed_oligo_trimmed_LCM_20_S42_R1_001_fastqc.html
[2024-10-04 11:54:57,259] multiqc                                            [DEBUG  ]  File ignored by rseqc/bam_stat because it exceeded search pattern filesize limit: trimmed_oligo_trimmed_LCM_20_S42_R1_001_fastqc.html
[2024-10-04 11:54:57,260] multiqc                                            [DEBUG  ]  File ignored by rseqc/junction_annotation because it exceeded search pattern filesize limit: trimmed_oligo_trimmed_LCM_20_S42_R1_001_fastqc.html
[2024-10-04 11:54:57,260] multiqc                                            [DEBUG  ]  File ignored by rseqc/read_distribution because it exceeded search pattern filesize limit: trimmed_oligo_trimmed_LCM_20_S42_R1_001_fastqc.html
[2024-10-04 11:54:57,260] multiqc                                            [DEBUG  ]  File ignored by rseqc/infer_experiment because it exceeded search pattern filesize limit: trimmed_oligo_trimmed_LCM_20_S42_R1_001_fastqc.html
[2024-10-04 11:54:57,387] multiqc                                            [DEBUG  ]  File ignored by hicexplorer because it exceeded search pattern filesize limit: trimmed_oligo_trimmed_LCM_20_S42_R2_001_fastqc.html
[2024-10-04 11:54:57,411] multiqc                                            [DEBUG  ]  File ignored by longranger/invocation because it exceeded search pattern filesize limit: trimmed_oligo_trimmed_LCM_20_S42_R2_001_fastqc.html
[2024-10-04 11:54:57,411] multiqc                                            [DEBUG  ]  File ignored by rockhopper because it exceeded search pattern filesize limit: trimmed_oligo_trimmed_LCM_20_S42_R2_001_fastqc.html
[2024-10-04 11:54:57,411] multiqc                                            [DEBUG  ]  File ignored by rseqc/bam_stat because it exceeded search pattern filesize limit: trimmed_oligo_trimmed_LCM_20_S42_R2_001_fastqc.html
[2024-10-04 11:54:57,411] multiqc                                            [DEBUG  ]  File ignored by rseqc/junction_annotation because it exceeded search pattern filesize limit: trimmed_oligo_trimmed_LCM_20_S42_R2_001_fastqc.html
[2024-10-04 11:54:57,411] multiqc                                            [DEBUG  ]  File ignored by rseqc/read_distribution because it exceeded search pattern filesize limit: trimmed_oligo_trimmed_LCM_20_S42_R2_001_fastqc.html
[2024-10-04 11:54:57,411] multiqc                                            [DEBUG  ]  File ignored by rseqc/infer_experiment because it exceeded search pattern filesize limit: trimmed_oligo_trimmed_LCM_20_S42_R2_001_fastqc.html
[2024-10-04 11:54:57,541] multiqc                                            [DEBUG  ]  File ignored by hicexplorer because it exceeded search pattern filesize limit: trimmed_oligo_trimmed_LCM_27_S45_R1_001_fastqc.html
[2024-10-04 11:54:57,561] multiqc                                            [DEBUG  ]  File ignored by longranger/invocation because it exceeded search pattern filesize limit: trimmed_oligo_trimmed_LCM_27_S45_R1_001_fastqc.html
[2024-10-04 11:54:57,561] multiqc                                            [DEBUG  ]  File ignored by rockhopper because it exceeded search pattern filesize limit: trimmed_oligo_trimmed_LCM_27_S45_R1_001_fastqc.html
[2024-10-04 11:54:57,561] multiqc                                            [DEBUG  ]  File ignored by rseqc/bam_stat because it exceeded search pattern filesize limit: trimmed_oligo_trimmed_LCM_27_S45_R1_001_fastqc.html
[2024-10-04 11:54:57,562] multiqc                                            [DEBUG  ]  File ignored by rseqc/junction_annotation because it exceeded search pattern filesize limit: trimmed_oligo_trimmed_LCM_27_S45_R1_001_fastqc.html
[2024-10-04 11:54:57,562] multiqc                                            [DEBUG  ]  File ignored by rseqc/read_distribution because it exceeded search pattern filesize limit: trimmed_oligo_trimmed_LCM_27_S45_R1_001_fastqc.html
[2024-10-04 11:54:57,562] multiqc                                            [DEBUG  ]  File ignored by rseqc/infer_experiment because it exceeded search pattern filesize limit: trimmed_oligo_trimmed_LCM_27_S45_R1_001_fastqc.html
[2024-10-04 11:54:57,691] multiqc                                            [DEBUG  ]  File ignored by hicexplorer because it exceeded search pattern filesize limit: trimmed_oligo_trimmed_LCM_9_S39_R1_001_fastqc.html
[2024-10-04 11:54:57,711] multiqc                                            [DEBUG  ]  File ignored by longranger/invocation because it exceeded search pattern filesize limit: trimmed_oligo_trimmed_LCM_9_S39_R1_001_fastqc.html
[2024-10-04 11:54:57,711] multiqc                                            [DEBUG  ]  File ignored by rockhopper because it exceeded search pattern filesize limit: trimmed_oligo_trimmed_LCM_9_S39_R1_001_fastqc.html
[2024-10-04 11:54:57,711] multiqc                                            [DEBUG  ]  File ignored by rseqc/bam_stat because it exceeded search pattern filesize limit: trimmed_oligo_trimmed_LCM_9_S39_R1_001_fastqc.html
[2024-10-04 11:54:57,711] multiqc                                            [DEBUG  ]  File ignored by rseqc/junction_annotation because it exceeded search pattern filesize limit: trimmed_oligo_trimmed_LCM_9_S39_R1_001_fastqc.html
[2024-10-04 11:54:57,712] multiqc                                            [DEBUG  ]  File ignored by rseqc/read_distribution because it exceeded search pattern filesize limit: trimmed_oligo_trimmed_LCM_9_S39_R1_001_fastqc.html
[2024-10-04 11:54:57,712] multiqc                                            [DEBUG  ]  File ignored by rseqc/infer_experiment because it exceeded search pattern filesize limit: trimmed_oligo_trimmed_LCM_9_S39_R1_001_fastqc.html
[2024-10-04 11:54:57,835] multiqc                                            [DEBUG  ]  File ignored by hicexplorer because it exceeded search pattern filesize limit: trimmed_oligo_trimmed_LCM_15_S40_R2_001_fastqc.html
[2024-10-04 11:54:57,856] multiqc                                            [DEBUG  ]  File ignored by longranger/invocation because it exceeded search pattern filesize limit: trimmed_oligo_trimmed_LCM_15_S40_R2_001_fastqc.html
[2024-10-04 11:54:57,856] multiqc                                            [DEBUG  ]  File ignored by rockhopper because it exceeded search pattern filesize limit: trimmed_oligo_trimmed_LCM_15_S40_R2_001_fastqc.html
[2024-10-04 11:54:57,856] multiqc                                            [DEBUG  ]  File ignored by rseqc/bam_stat because it exceeded search pattern filesize limit: trimmed_oligo_trimmed_LCM_15_S40_R2_001_fastqc.html
[2024-10-04 11:54:57,856] multiqc                                            [DEBUG  ]  File ignored by rseqc/junction_annotation because it exceeded search pattern filesize limit: trimmed_oligo_trimmed_LCM_15_S40_R2_001_fastqc.html
[2024-10-04 11:54:57,856] multiqc                                            [DEBUG  ]  File ignored by rseqc/read_distribution because it exceeded search pattern filesize limit: trimmed_oligo_trimmed_LCM_15_S40_R2_001_fastqc.html
[2024-10-04 11:54:57,856] multiqc                                            [DEBUG  ]  File ignored by rseqc/infer_experiment because it exceeded search pattern filesize limit: trimmed_oligo_trimmed_LCM_15_S40_R2_001_fastqc.html
[2024-10-04 11:54:57,986] multiqc                                            [DEBUG  ]  File ignored by hicexplorer because it exceeded search pattern filesize limit: trimmed_oligo_trimmed_LCM_16_S41_R1_001_fastqc.html
[2024-10-04 11:54:58,004] multiqc                                            [DEBUG  ]  File ignored by longranger/invocation because it exceeded search pattern filesize limit: trimmed_oligo_trimmed_LCM_16_S41_R1_001_fastqc.html
[2024-10-04 11:54:58,004] multiqc                                            [DEBUG  ]  File ignored by rockhopper because it exceeded search pattern filesize limit: trimmed_oligo_trimmed_LCM_16_S41_R1_001_fastqc.html
[2024-10-04 11:54:58,004] multiqc                                            [DEBUG  ]  File ignored by rseqc/bam_stat because it exceeded search pattern filesize limit: trimmed_oligo_trimmed_LCM_16_S41_R1_001_fastqc.html
[2024-10-04 11:54:58,004] multiqc                                            [DEBUG  ]  File ignored by rseqc/junction_annotation because it exceeded search pattern filesize limit: trimmed_oligo_trimmed_LCM_16_S41_R1_001_fastqc.html
[2024-10-04 11:54:58,005] multiqc                                            [DEBUG  ]  File ignored by rseqc/read_distribution because it exceeded search pattern filesize limit: trimmed_oligo_trimmed_LCM_16_S41_R1_001_fastqc.html
[2024-10-04 11:54:58,005] multiqc                                            [DEBUG  ]  File ignored by rseqc/infer_experiment because it exceeded search pattern filesize limit: trimmed_oligo_trimmed_LCM_16_S41_R1_001_fastqc.html
[2024-10-04 11:54:58,138] multiqc                                            [DEBUG  ]  File ignored by hicexplorer because it exceeded search pattern filesize limit: trimmed_oligo_trimmed_LCM_16_S41_R2_001_fastqc.html
[2024-10-04 11:54:58,158] multiqc                                            [DEBUG  ]  File ignored by longranger/invocation because it exceeded search pattern filesize limit: trimmed_oligo_trimmed_LCM_16_S41_R2_001_fastqc.html
[2024-10-04 11:54:58,158] multiqc                                            [DEBUG  ]  File ignored by rockhopper because it exceeded search pattern filesize limit: trimmed_oligo_trimmed_LCM_16_S41_R2_001_fastqc.html
[2024-10-04 11:54:58,158] multiqc                                            [DEBUG  ]  File ignored by rseqc/bam_stat because it exceeded search pattern filesize limit: trimmed_oligo_trimmed_LCM_16_S41_R2_001_fastqc.html
[2024-10-04 11:54:58,158] multiqc                                            [DEBUG  ]  File ignored by rseqc/junction_annotation because it exceeded search pattern filesize limit: trimmed_oligo_trimmed_LCM_16_S41_R2_001_fastqc.html
[2024-10-04 11:54:58,158] multiqc                                            [DEBUG  ]  File ignored by rseqc/read_distribution because it exceeded search pattern filesize limit: trimmed_oligo_trimmed_LCM_16_S41_R2_001_fastqc.html
[2024-10-04 11:54:58,158] multiqc                                            [DEBUG  ]  File ignored by rseqc/infer_experiment because it exceeded search pattern filesize limit: trimmed_oligo_trimmed_LCM_16_S41_R2_001_fastqc.html
[2024-10-04 11:54:58,289] multiqc                                            [DEBUG  ]  File ignored by hicexplorer because it exceeded search pattern filesize limit: trimmed_oligo_trimmed_LCM_21_S43_R1_001_fastqc.html
[2024-10-04 11:54:58,309] multiqc                                            [DEBUG  ]  File ignored by longranger/invocation because it exceeded search pattern filesize limit: trimmed_oligo_trimmed_LCM_21_S43_R1_001_fastqc.html
[2024-10-04 11:54:58,309] multiqc                                            [DEBUG  ]  File ignored by rockhopper because it exceeded search pattern filesize limit: trimmed_oligo_trimmed_LCM_21_S43_R1_001_fastqc.html
[2024-10-04 11:54:58,309] multiqc                                            [DEBUG  ]  File ignored by rseqc/bam_stat because it exceeded search pattern filesize limit: trimmed_oligo_trimmed_LCM_21_S43_R1_001_fastqc.html
[2024-10-04 11:54:58,309] multiqc                                            [DEBUG  ]  File ignored by rseqc/junction_annotation because it exceeded search pattern filesize limit: trimmed_oligo_trimmed_LCM_21_S43_R1_001_fastqc.html
[2024-10-04 11:54:58,309] multiqc                                            [DEBUG  ]  File ignored by rseqc/read_distribution because it exceeded search pattern filesize limit: trimmed_oligo_trimmed_LCM_21_S43_R1_001_fastqc.html
[2024-10-04 11:54:58,309] multiqc                                            [DEBUG  ]  File ignored by rseqc/infer_experiment because it exceeded search pattern filesize limit: trimmed_oligo_trimmed_LCM_21_S43_R1_001_fastqc.html
[2024-10-04 11:54:58,430] multiqc                                            [DEBUG  ]  File ignored by hicexplorer because it exceeded search pattern filesize limit: trimmed_oligo_trimmed_LCM_21_S43_R2_001_fastqc.html
[2024-10-04 11:54:58,441] multiqc                                            [DEBUG  ]  File ignored by longranger/invocation because it exceeded search pattern filesize limit: trimmed_oligo_trimmed_LCM_21_S43_R2_001_fastqc.html
[2024-10-04 11:54:58,441] multiqc                                            [DEBUG  ]  File ignored by rockhopper because it exceeded search pattern filesize limit: trimmed_oligo_trimmed_LCM_21_S43_R2_001_fastqc.html
[2024-10-04 11:54:58,441] multiqc                                            [DEBUG  ]  File ignored by rseqc/bam_stat because it exceeded search pattern filesize limit: trimmed_oligo_trimmed_LCM_21_S43_R2_001_fastqc.html
[2024-10-04 11:54:58,441] multiqc                                            [DEBUG  ]  File ignored by rseqc/junction_annotation because it exceeded search pattern filesize limit: trimmed_oligo_trimmed_LCM_21_S43_R2_001_fastqc.html
[2024-10-04 11:54:58,441] multiqc                                            [DEBUG  ]  File ignored by rseqc/read_distribution because it exceeded search pattern filesize limit: trimmed_oligo_trimmed_LCM_21_S43_R2_001_fastqc.html
[2024-10-04 11:54:58,442] multiqc                                            [DEBUG  ]  File ignored by rseqc/infer_experiment because it exceeded search pattern filesize limit: trimmed_oligo_trimmed_LCM_21_S43_R2_001_fastqc.html
[2024-10-04 11:54:58,550] multiqc                                            [DEBUG  ]  File ignored by hicexplorer because it exceeded search pattern filesize limit: trimmed_oligo_trimmed_LCM_27_S45_R2_001_fastqc.html
[2024-10-04 11:54:58,562] multiqc                                            [DEBUG  ]  File ignored by longranger/invocation because it exceeded search pattern filesize limit: trimmed_oligo_trimmed_LCM_27_S45_R2_001_fastqc.html
[2024-10-04 11:54:58,562] multiqc                                            [DEBUG  ]  File ignored by rockhopper because it exceeded search pattern filesize limit: trimmed_oligo_trimmed_LCM_27_S45_R2_001_fastqc.html
[2024-10-04 11:54:58,562] multiqc                                            [DEBUG  ]  File ignored by rseqc/bam_stat because it exceeded search pattern filesize limit: trimmed_oligo_trimmed_LCM_27_S45_R2_001_fastqc.html
[2024-10-04 11:54:58,562] multiqc                                            [DEBUG  ]  File ignored by rseqc/junction_annotation because it exceeded search pattern filesize limit: trimmed_oligo_trimmed_LCM_27_S45_R2_001_fastqc.html
[2024-10-04 11:54:58,562] multiqc                                            [DEBUG  ]  File ignored by rseqc/read_distribution because it exceeded search pattern filesize limit: trimmed_oligo_trimmed_LCM_27_S45_R2_001_fastqc.html
[2024-10-04 11:54:58,562] multiqc                                            [DEBUG  ]  File ignored by rseqc/infer_experiment because it exceeded search pattern filesize limit: trimmed_oligo_trimmed_LCM_27_S45_R2_001_fastqc.html
[2024-10-04 11:54:58,680] multiqc                                            [DEBUG  ]  File ignored by hicexplorer because it exceeded search pattern filesize limit: trimmed_oligo_trimmed_LCM_8_S38_R2_001_fastqc.html
[2024-10-04 11:54:58,701] multiqc                                            [DEBUG  ]  File ignored by longranger/invocation because it exceeded search pattern filesize limit: trimmed_oligo_trimmed_LCM_8_S38_R2_001_fastqc.html
[2024-10-04 11:54:58,701] multiqc                                            [DEBUG  ]  File ignored by rockhopper because it exceeded search pattern filesize limit: trimmed_oligo_trimmed_LCM_8_S38_R2_001_fastqc.html
[2024-10-04 11:54:58,701] multiqc                                            [DEBUG  ]  File ignored by rseqc/bam_stat because it exceeded search pattern filesize limit: trimmed_oligo_trimmed_LCM_8_S38_R2_001_fastqc.html
[2024-10-04 11:54:58,701] multiqc                                            [DEBUG  ]  File ignored by rseqc/junction_annotation because it exceeded search pattern filesize limit: trimmed_oligo_trimmed_LCM_8_S38_R2_001_fastqc.html
[2024-10-04 11:54:58,701] multiqc                                            [DEBUG  ]  File ignored by rseqc/read_distribution because it exceeded search pattern filesize limit: trimmed_oligo_trimmed_LCM_8_S38_R2_001_fastqc.html
[2024-10-04 11:54:58,701] multiqc                                            [DEBUG  ]  File ignored by rseqc/infer_experiment because it exceeded search pattern filesize limit: trimmed_oligo_trimmed_LCM_8_S38_R2_001_fastqc.html
[2024-10-04 11:54:58,839] multiqc                                            [DEBUG  ]  File ignored by hicexplorer because it exceeded search pattern filesize limit: trimmed_oligo_trimmed_LCM_15_S40_R1_001_fastqc.html
[2024-10-04 11:54:58,860] multiqc                                            [DEBUG  ]  File ignored by longranger/invocation because it exceeded search pattern filesize limit: trimmed_oligo_trimmed_LCM_15_S40_R1_001_fastqc.html
[2024-10-04 11:54:58,860] multiqc                                            [DEBUG  ]  File ignored by rockhopper because it exceeded search pattern filesize limit: trimmed_oligo_trimmed_LCM_15_S40_R1_001_fastqc.html
[2024-10-04 11:54:58,860] multiqc                                            [DEBUG  ]  File ignored by rseqc/bam_stat because it exceeded search pattern filesize limit: trimmed_oligo_trimmed_LCM_15_S40_R1_001_fastqc.html
[2024-10-04 11:54:58,860] multiqc                                            [DEBUG  ]  File ignored by rseqc/junction_annotation because it exceeded search pattern filesize limit: trimmed_oligo_trimmed_LCM_15_S40_R1_001_fastqc.html
[2024-10-04 11:54:58,860] multiqc                                            [DEBUG  ]  File ignored by rseqc/read_distribution because it exceeded search pattern filesize limit: trimmed_oligo_trimmed_LCM_15_S40_R1_001_fastqc.html
[2024-10-04 11:54:58,860] multiqc                                            [DEBUG  ]  File ignored by rseqc/infer_experiment because it exceeded search pattern filesize limit: trimmed_oligo_trimmed_LCM_15_S40_R1_001_fastqc.html
[2024-10-04 11:54:58,995] multiqc                                            [DEBUG  ]  File ignored by hicexplorer because it exceeded search pattern filesize limit: trimmed_oligo_trimmed_LCM_26_S44_R1_001_fastqc.html
[2024-10-04 11:54:59,015] multiqc                                            [DEBUG  ]  File ignored by longranger/invocation because it exceeded search pattern filesize limit: trimmed_oligo_trimmed_LCM_26_S44_R1_001_fastqc.html
[2024-10-04 11:54:59,015] multiqc                                            [DEBUG  ]  File ignored by rockhopper because it exceeded search pattern filesize limit: trimmed_oligo_trimmed_LCM_26_S44_R1_001_fastqc.html
[2024-10-04 11:54:59,015] multiqc                                            [DEBUG  ]  File ignored by rseqc/bam_stat because it exceeded search pattern filesize limit: trimmed_oligo_trimmed_LCM_26_S44_R1_001_fastqc.html
[2024-10-04 11:54:59,015] multiqc                                            [DEBUG  ]  File ignored by rseqc/junction_annotation because it exceeded search pattern filesize limit: trimmed_oligo_trimmed_LCM_26_S44_R1_001_fastqc.html
[2024-10-04 11:54:59,015] multiqc                                            [DEBUG  ]  File ignored by rseqc/read_distribution because it exceeded search pattern filesize limit: trimmed_oligo_trimmed_LCM_26_S44_R1_001_fastqc.html
[2024-10-04 11:54:59,016] multiqc                                            [DEBUG  ]  File ignored by rseqc/infer_experiment because it exceeded search pattern filesize limit: trimmed_oligo_trimmed_LCM_26_S44_R1_001_fastqc.html
[2024-10-04 11:54:59,139] multiqc                                            [DEBUG  ]  File ignored by hicexplorer because it exceeded search pattern filesize limit: trimmed_oligo_trimmed_LCM_26_S44_R2_001_fastqc.html
[2024-10-04 11:54:59,154] multiqc                                            [DEBUG  ]  File ignored by longranger/invocation because it exceeded search pattern filesize limit: trimmed_oligo_trimmed_LCM_26_S44_R2_001_fastqc.html
[2024-10-04 11:54:59,154] multiqc                                            [DEBUG  ]  File ignored by rockhopper because it exceeded search pattern filesize limit: trimmed_oligo_trimmed_LCM_26_S44_R2_001_fastqc.html
[2024-10-04 11:54:59,154] multiqc                                            [DEBUG  ]  File ignored by rseqc/bam_stat because it exceeded search pattern filesize limit: trimmed_oligo_trimmed_LCM_26_S44_R2_001_fastqc.html
[2024-10-04 11:54:59,154] multiqc                                            [DEBUG  ]  File ignored by rseqc/junction_annotation because it exceeded search pattern filesize limit: trimmed_oligo_trimmed_LCM_26_S44_R2_001_fastqc.html
[2024-10-04 11:54:59,154] multiqc                                            [DEBUG  ]  File ignored by rseqc/read_distribution because it exceeded search pattern filesize limit: trimmed_oligo_trimmed_LCM_26_S44_R2_001_fastqc.html
[2024-10-04 11:54:59,154] multiqc                                            [DEBUG  ]  File ignored by rseqc/infer_experiment because it exceeded search pattern filesize limit: trimmed_oligo_trimmed_LCM_26_S44_R2_001_fastqc.html
[2024-10-04 11:54:59,266] multiqc                                            [DEBUG  ]  File ignored by hicexplorer because it exceeded search pattern filesize limit: trimmed_oligo_trimmed_LCM_4_S36_R1_001_fastqc.html
[2024-10-04 11:54:59,282] multiqc                                            [DEBUG  ]  File ignored by longranger/invocation because it exceeded search pattern filesize limit: trimmed_oligo_trimmed_LCM_4_S36_R1_001_fastqc.html
[2024-10-04 11:54:59,282] multiqc                                            [DEBUG  ]  File ignored by rockhopper because it exceeded search pattern filesize limit: trimmed_oligo_trimmed_LCM_4_S36_R1_001_fastqc.html
[2024-10-04 11:54:59,282] multiqc                                            [DEBUG  ]  File ignored by rseqc/bam_stat because it exceeded search pattern filesize limit: trimmed_oligo_trimmed_LCM_4_S36_R1_001_fastqc.html
[2024-10-04 11:54:59,282] multiqc                                            [DEBUG  ]  File ignored by rseqc/junction_annotation because it exceeded search pattern filesize limit: trimmed_oligo_trimmed_LCM_4_S36_R1_001_fastqc.html
[2024-10-04 11:54:59,282] multiqc                                            [DEBUG  ]  File ignored by rseqc/read_distribution because it exceeded search pattern filesize limit: trimmed_oligo_trimmed_LCM_4_S36_R1_001_fastqc.html
[2024-10-04 11:54:59,282] multiqc                                            [DEBUG  ]  File ignored by rseqc/infer_experiment because it exceeded search pattern filesize limit: trimmed_oligo_trimmed_LCM_4_S36_R1_001_fastqc.html
[2024-10-04 11:54:59,395] multiqc                                            [DEBUG  ]  File ignored by hicexplorer because it exceeded search pattern filesize limit: trimmed_oligo_trimmed_LCM_4_S36_R2_001_fastqc.html
[2024-10-04 11:54:59,410] multiqc                                            [DEBUG  ]  File ignored by longranger/invocation because it exceeded search pattern filesize limit: trimmed_oligo_trimmed_LCM_4_S36_R2_001_fastqc.html
[2024-10-04 11:54:59,410] multiqc                                            [DEBUG  ]  File ignored by rockhopper because it exceeded search pattern filesize limit: trimmed_oligo_trimmed_LCM_4_S36_R2_001_fastqc.html
[2024-10-04 11:54:59,410] multiqc                                            [DEBUG  ]  File ignored by rseqc/bam_stat because it exceeded search pattern filesize limit: trimmed_oligo_trimmed_LCM_4_S36_R2_001_fastqc.html
[2024-10-04 11:54:59,411] multiqc                                            [DEBUG  ]  File ignored by rseqc/junction_annotation because it exceeded search pattern filesize limit: trimmed_oligo_trimmed_LCM_4_S36_R2_001_fastqc.html
[2024-10-04 11:54:59,411] multiqc                                            [DEBUG  ]  File ignored by rseqc/read_distribution because it exceeded search pattern filesize limit: trimmed_oligo_trimmed_LCM_4_S36_R2_001_fastqc.html
[2024-10-04 11:54:59,411] multiqc                                            [DEBUG  ]  File ignored by rseqc/infer_experiment because it exceeded search pattern filesize limit: trimmed_oligo_trimmed_LCM_4_S36_R2_001_fastqc.html
[2024-10-04 11:54:59,525] multiqc                                            [DEBUG  ]  File ignored by hicexplorer because it exceeded search pattern filesize limit: trimmed_oligo_trimmed_LCM_5_S37_R1_001_fastqc.html
[2024-10-04 11:54:59,545] multiqc                                            [DEBUG  ]  File ignored by longranger/invocation because it exceeded search pattern filesize limit: trimmed_oligo_trimmed_LCM_5_S37_R1_001_fastqc.html
[2024-10-04 11:54:59,545] multiqc                                            [DEBUG  ]  File ignored by rockhopper because it exceeded search pattern filesize limit: trimmed_oligo_trimmed_LCM_5_S37_R1_001_fastqc.html
[2024-10-04 11:54:59,545] multiqc                                            [DEBUG  ]  File ignored by rseqc/bam_stat because it exceeded search pattern filesize limit: trimmed_oligo_trimmed_LCM_5_S37_R1_001_fastqc.html
[2024-10-04 11:54:59,545] multiqc                                            [DEBUG  ]  File ignored by rseqc/junction_annotation because it exceeded search pattern filesize limit: trimmed_oligo_trimmed_LCM_5_S37_R1_001_fastqc.html
[2024-10-04 11:54:59,545] multiqc                                            [DEBUG  ]  File ignored by rseqc/read_distribution because it exceeded search pattern filesize limit: trimmed_oligo_trimmed_LCM_5_S37_R1_001_fastqc.html
[2024-10-04 11:54:59,545] multiqc                                            [DEBUG  ]  File ignored by rseqc/infer_experiment because it exceeded search pattern filesize limit: trimmed_oligo_trimmed_LCM_5_S37_R1_001_fastqc.html
[2024-10-04 11:54:59,685] multiqc                                            [DEBUG  ]  File ignored by hicexplorer because it exceeded search pattern filesize limit: trimmed_oligo_trimmed_LCM_5_S37_R2_001_fastqc.html
[2024-10-04 11:54:59,705] multiqc                                            [DEBUG  ]  File ignored by longranger/invocation because it exceeded search pattern filesize limit: trimmed_oligo_trimmed_LCM_5_S37_R2_001_fastqc.html
[2024-10-04 11:54:59,705] multiqc                                            [DEBUG  ]  File ignored by rockhopper because it exceeded search pattern filesize limit: trimmed_oligo_trimmed_LCM_5_S37_R2_001_fastqc.html
[2024-10-04 11:54:59,705] multiqc                                            [DEBUG  ]  File ignored by rseqc/bam_stat because it exceeded search pattern filesize limit: trimmed_oligo_trimmed_LCM_5_S37_R2_001_fastqc.html
[2024-10-04 11:54:59,705] multiqc                                            [DEBUG  ]  File ignored by rseqc/junction_annotation because it exceeded search pattern filesize limit: trimmed_oligo_trimmed_LCM_5_S37_R2_001_fastqc.html
[2024-10-04 11:54:59,705] multiqc                                            [DEBUG  ]  File ignored by rseqc/read_distribution because it exceeded search pattern filesize limit: trimmed_oligo_trimmed_LCM_5_S37_R2_001_fastqc.html
[2024-10-04 11:54:59,705] multiqc                                            [DEBUG  ]  File ignored by rseqc/infer_experiment because it exceeded search pattern filesize limit: trimmed_oligo_trimmed_LCM_5_S37_R2_001_fastqc.html
[2024-10-04 11:54:59,837] multiqc                                            [DEBUG  ]  File ignored by hicexplorer because it exceeded search pattern filesize limit: trimmed_oligo_trimmed_LCM_8_S38_R1_001_fastqc.html
[2024-10-04 11:54:59,858] multiqc                                            [DEBUG  ]  File ignored by longranger/invocation because it exceeded search pattern filesize limit: trimmed_oligo_trimmed_LCM_8_S38_R1_001_fastqc.html
[2024-10-04 11:54:59,858] multiqc                                            [DEBUG  ]  File ignored by rockhopper because it exceeded search pattern filesize limit: trimmed_oligo_trimmed_LCM_8_S38_R1_001_fastqc.html
[2024-10-04 11:54:59,858] multiqc                                            [DEBUG  ]  File ignored by rseqc/bam_stat because it exceeded search pattern filesize limit: trimmed_oligo_trimmed_LCM_8_S38_R1_001_fastqc.html
[2024-10-04 11:54:59,858] multiqc                                            [DEBUG  ]  File ignored by rseqc/junction_annotation because it exceeded search pattern filesize limit: trimmed_oligo_trimmed_LCM_8_S38_R1_001_fastqc.html
[2024-10-04 11:54:59,858] multiqc                                            [DEBUG  ]  File ignored by rseqc/read_distribution because it exceeded search pattern filesize limit: trimmed_oligo_trimmed_LCM_8_S38_R1_001_fastqc.html
[2024-10-04 11:54:59,858] multiqc                                            [DEBUG  ]  File ignored by rseqc/infer_experiment because it exceeded search pattern filesize limit: trimmed_oligo_trimmed_LCM_8_S38_R1_001_fastqc.html
[2024-10-04 11:54:59,988] multiqc                                            [DEBUG  ]  File ignored by hicexplorer because it exceeded search pattern filesize limit: trimmed_oligo_trimmed_LCM_9_S39_R2_001_fastqc.html
[2024-10-04 11:55:00,010] multiqc                                            [DEBUG  ]  File ignored by longranger/invocation because it exceeded search pattern filesize limit: trimmed_oligo_trimmed_LCM_9_S39_R2_001_fastqc.html
[2024-10-04 11:55:00,010] multiqc                                            [DEBUG  ]  File ignored by rockhopper because it exceeded search pattern filesize limit: trimmed_oligo_trimmed_LCM_9_S39_R2_001_fastqc.html
[2024-10-04 11:55:00,010] multiqc                                            [DEBUG  ]  File ignored by rseqc/bam_stat because it exceeded search pattern filesize limit: trimmed_oligo_trimmed_LCM_9_S39_R2_001_fastqc.html
[2024-10-04 11:55:00,010] multiqc                                            [DEBUG  ]  File ignored by rseqc/junction_annotation because it exceeded search pattern filesize limit: trimmed_oligo_trimmed_LCM_9_S39_R2_001_fastqc.html
[2024-10-04 11:55:00,010] multiqc                                            [DEBUG  ]  File ignored by rseqc/read_distribution because it exceeded search pattern filesize limit: trimmed_oligo_trimmed_LCM_9_S39_R2_001_fastqc.html
[2024-10-04 11:55:00,010] multiqc                                            [DEBUG  ]  File ignored by rseqc/infer_experiment because it exceeded search pattern filesize limit: trimmed_oligo_trimmed_LCM_9_S39_R2_001_fastqc.html
[2024-10-04 11:55:00,530] multiqc.plots.bargraph                             [DEBUG  ]  Using matplotlib version 3.2.1
[2024-10-04 11:55:00,531] multiqc.plots.linegraph                            [DEBUG  ]  Using matplotlib version 3.2.1
[2024-10-04 11:55:00,533] multiqc                                            [DEBUG  ]  No samples found: custom_content
[2024-10-04 11:55:00,538] multiqc                                            [DEBUG  ]  No samples found: conpair
[2024-10-04 11:55:00,544] multiqc                                            [DEBUG  ]  No samples found: peddy
[2024-10-04 11:55:00,548] multiqc                                            [DEBUG  ]  No samples found: somalier
[2024-10-04 11:55:00,553] multiqc                                            [DEBUG  ]  No samples found: methylQA
[2024-10-04 11:55:00,562] multiqc                                            [DEBUG  ]  No samples found: mosdepth
[2024-10-04 11:55:00,567] multiqc                                            [DEBUG  ]  No samples found: phantompeakqualtools
[2024-10-04 11:55:00,571] multiqc                                            [DEBUG  ]  No samples found: qualimap
[2024-10-04 11:55:00,576] multiqc                                            [DEBUG  ]  No samples found: preseq
[2024-10-04 11:55:00,580] multiqc                                            [DEBUG  ]  No samples found: quast
[2024-10-04 11:55:00,585] multiqc                                            [DEBUG  ]  No samples found: qorts
[2024-10-04 11:55:00,590] multiqc                                            [DEBUG  ]  No samples found: rna_seqc
[2024-10-04 11:55:00,595] multiqc                                            [DEBUG  ]  No samples found: rockhopper
[2024-10-04 11:55:00,600] multiqc                                            [DEBUG  ]  No samples found: rsem
[2024-10-04 11:55:00,614] multiqc                                            [DEBUG  ]  No samples found: rseqc
[2024-10-04 11:55:00,619] multiqc                                            [DEBUG  ]  No samples found: busco
[2024-10-04 11:55:00,624] multiqc                                            [DEBUG  ]  No samples found: goleft_indexcov
[2024-10-04 11:55:00,628] multiqc                                            [DEBUG  ]  No samples found: disambiguate
[2024-10-04 11:55:00,633] multiqc                                            [DEBUG  ]  No samples found: supernova
[2024-10-04 11:55:00,647] multiqc                                            [DEBUG  ]  No samples found: deeptools
[2024-10-04 11:55:00,651] multiqc                                            [DEBUG  ]  No samples found: sargasso
[2024-10-04 11:55:00,656] multiqc                                            [DEBUG  ]  No samples found: verifybamid
[2024-10-04 11:55:00,661] multiqc                                            [DEBUG  ]  No samples found: mirtrace
[2024-10-04 11:55:00,665] multiqc                                            [DEBUG  ]  No samples found: happy
[2024-10-04 11:55:00,669] multiqc                                            [DEBUG  ]  No samples found: mirtop
[2024-10-04 11:55:00,675] multiqc                                            [DEBUG  ]  No samples found: homer
[2024-10-04 11:55:00,680] multiqc                                            [DEBUG  ]  No samples found: macs2
[2024-10-04 11:55:00,685] multiqc                                            [DEBUG  ]  No samples found: theta2
[2024-10-04 11:55:00,690] multiqc                                            [DEBUG  ]  No samples found: snpeff
[2024-10-04 11:55:00,697] multiqc                                            [DEBUG  ]  No samples found: gatk
[2024-10-04 11:55:00,701] multiqc                                            [DEBUG  ]  No samples found: htseq
[2024-10-04 11:55:00,707] multiqc                                            [DEBUG  ]  No samples found: bcftools
[2024-10-04 11:55:00,711] multiqc                                            [DEBUG  ]  No samples found: featureCounts
[2024-10-04 11:55:00,718] multiqc                                            [DEBUG  ]  No samples found: fgbio
[2024-10-04 11:55:00,730] multiqc                                            [DEBUG  ]  No samples found: dragen
[2024-10-04 11:55:00,735] multiqc                                            [DEBUG  ]  No samples found: dedup
[2024-10-04 11:55:00,739] multiqc                                            [DEBUG  ]  No samples found: damageprofiler
[2024-10-04 11:55:00,765] multiqc                                            [DEBUG  ]  No samples found: biobambam2
[2024-10-04 11:55:00,769] multiqc                                            [DEBUG  ]  No samples found: mtnucratio
[2024-10-04 11:55:00,771] multiqc                                            [DEBUG  ]  No samples found: picard
[2024-10-04 11:55:00,776] multiqc                                            [DEBUG  ]  No samples found: prokka
[2024-10-04 11:55:00,780] multiqc                                            [DEBUG  ]  No samples found: samblaster
[2024-10-04 11:55:00,789] multiqc                                            [DEBUG  ]  No samples found: samtools
[2024-10-04 11:55:00,794] multiqc                                            [DEBUG  ]  No samples found: sexdeterrmine
[2024-10-04 11:55:00,800] multiqc                                            [DEBUG  ]  No samples found: bamtools
[2024-10-04 11:55:00,805] multiqc                                            [DEBUG  ]  No samples found: jellyfish
[2024-10-04 11:55:00,813] multiqc                                            [DEBUG  ]  No samples found: vcftools
[2024-10-04 11:55:00,817] multiqc                                            [DEBUG  ]  No samples found: longranger
[2024-10-04 11:55:00,822] multiqc                                            [DEBUG  ]  No samples found: stacks
[2024-10-04 11:55:00,826] multiqc                                            [DEBUG  ]  No samples found: varscan2
[2024-10-04 11:55:00,842] multiqc                                            [DEBUG  ]  No samples found: bbmap
[2024-10-04 11:55:00,847] multiqc                                            [DEBUG  ]  No samples found: bismark
[2024-10-04 11:55:00,851] multiqc                                            [DEBUG  ]  No samples found: biscuit
[2024-10-04 11:55:00,855] multiqc                                            [DEBUG  ]  No samples found: hicexplorer
[2024-10-04 11:55:00,860] multiqc                                            [DEBUG  ]  No samples found: hicup
[2024-10-04 11:55:00,865] multiqc                                            [DEBUG  ]  No samples found: hicpro
[2024-10-04 11:55:00,870] multiqc                                            [DEBUG  ]  No samples found: salmon
[2024-10-04 11:55:00,875] multiqc                                            [DEBUG  ]  No samples found: kallisto
[2024-10-04 11:55:00,881] multiqc                                            [DEBUG  ]  No samples found: slamdunk
[2024-10-04 11:55:00,886] multiqc                                            [DEBUG  ]  No samples found: star
[2024-10-04 11:55:00,891] multiqc                                            [DEBUG  ]  No samples found: hisat2
[2024-10-04 11:55:00,896] multiqc                                            [DEBUG  ]  No samples found: tophat
[2024-10-04 11:55:00,901] multiqc                                            [DEBUG  ]  No samples found: bowtie2
[2024-10-04 11:55:00,906] multiqc                                            [DEBUG  ]  No samples found: bowtie1
[2024-10-04 11:55:00,910] multiqc                                            [DEBUG  ]  No samples found: snpsplit
[2024-10-04 11:55:00,915] multiqc                                            [DEBUG  ]  No samples found: kat
[2024-10-04 11:55:00,920] multiqc                                            [DEBUG  ]  No samples found: leehom
[2024-10-04 11:55:00,925] multiqc                                            [DEBUG  ]  No samples found: adapterRemoval
[2024-10-04 11:55:00,930] multiqc                                            [DEBUG  ]  No samples found: clipandmerge
[2024-10-04 11:55:00,935] multiqc                                            [DEBUG  ]  No samples found: cutadapt
[2024-10-04 11:55:00,940] multiqc                                            [DEBUG  ]  No samples found: flexbar
[2024-10-04 11:55:00,943] multiqc                                            [DEBUG  ]  No samples found: kaiju
[2024-10-04 11:55:00,947] multiqc                                            [DEBUG  ]  No samples found: kraken
[2024-10-04 11:55:00,951] multiqc                                            [DEBUG  ]  No samples found: malt
[2024-10-04 11:55:00,955] multiqc                                            [DEBUG  ]  No samples found: trimmomatic
[2024-10-04 11:55:00,958] multiqc                                            [DEBUG  ]  No samples found: sickle
[2024-10-04 11:55:00,962] multiqc                                            [DEBUG  ]  No samples found: skewer
[2024-10-04 11:55:00,966] multiqc                                            [DEBUG  ]  No samples found: sortmerna
[2024-10-04 11:55:00,969] multiqc                                            [DEBUG  ]  No samples found: biobloomtools
[2024-10-04 11:55:00,973] multiqc                                            [DEBUG  ]  No samples found: fastq_screen
[2024-10-04 11:55:00,977] multiqc                                            [DEBUG  ]  No samples found: afterqc
[2024-10-04 11:55:00,981] multiqc                                            [DEBUG  ]  No samples found: fastp
[2024-10-04 11:55:02,800] multiqc.modules.fastqc.fastqc                      [INFO   ]  Found 20 reports
[2024-10-04 11:55:02,924] multiqc                                            [DEBUG  ]  No samples found: pycoqc
[2024-10-04 11:55:02,929] multiqc                                            [DEBUG  ]  No samples found: minionqc
[2024-10-04 11:55:02,934] multiqc                                            [DEBUG  ]  No samples found: multivcfanalyzer
[2024-10-04 11:55:02,939] multiqc                                            [DEBUG  ]  No samples found: clusterflow
[2024-10-04 11:55:02,945] multiqc                                            [DEBUG  ]  No samples found: bcl2fastq
[2024-10-04 11:55:02,949] multiqc                                            [DEBUG  ]  No samples found: interop
[2024-10-04 11:55:02,954] multiqc                                            [DEBUG  ]  No samples found: ivar
[2024-10-04 11:55:02,959] multiqc                                            [DEBUG  ]  No samples found: flash
[2024-10-04 11:55:02,964] multiqc                                            [DEBUG  ]  No samples found: seqyclean
[2024-10-04 11:55:02,983] multiqc                                            [INFO   ]  Compressing plot data
[2024-10-04 11:55:03,251] multiqc                                            [INFO   ]  Report      : multiqc_report.html
[2024-10-04 11:55:03,251] multiqc                                            [INFO   ]  Data        : multiqc_data
[2024-10-04 11:55:03,251] multiqc                                            [DEBUG  ]  Moving data file from '/tmp/tmpspx6ssxr/multiqc_data' to '/glfs/brick01/gv0/putnamlab/zdellaert/LaserCoral/data_RNA/multiqc_data'
[2024-10-04 11:55:03,559] multiqc                                            [INFO   ]  MultiQC complete
