[2025-01-17 19:25:39,551] multiqc                                            [DEBUG  ]  This is MultiQC v1.12
[2025-01-17 19:25:39,554] multiqc                                            [DEBUG  ]  No MultiQC config found: /modules/uri_apps/software/MultiQC/1.12-foss-2021b/lib/python3.9/site-packages/multiqc_config.yaml
[2025-01-17 19:25:39,555] multiqc                                            [DEBUG  ]  No MultiQC config found: /home/zdellaert_uri_edu/.multiqc_config.yaml
[2025-01-17 19:25:39,555] multiqc                                            [DEBUG  ]  No MultiQC config found: multiqc_config.yaml
[2025-01-17 19:25:39,555] multiqc                                            [DEBUG  ]  Command used: /modules/uri_apps/software/MultiQC/1.12-foss-2021b/bin/multiqc trimmed_LCM_11_S3_R1_001_fastqc.html trimmed_LCM_11_S3_R1_001_fastqc.zip trimmed_LCM_11_S3_R2_001_fastqc.html trimmed_LCM_11_S3_R2_001_fastqc.zip trimmed_LCM_12_S4_R1_001_fastqc.html trimmed_LCM_12_S4_R1_001_fastqc.zip trimmed_LCM_12_S4_R2_001_fastqc.html trimmed_LCM_12_S4_R2_001_fastqc.zip trimmed_LCM_17_S7_R1_001_fastqc.html trimmed_LCM_17_S7_R1_001_fastqc.zip trimmed_LCM_17_S7_R2_001_fastqc.html trimmed_LCM_17_S7_R2_001_fastqc.zip trimmed_LCM_18_S8_R1_001_fastqc.html trimmed_LCM_18_S8_R1_001_fastqc.zip trimmed_LCM_18_S8_R2_001_fastqc.html trimmed_LCM_18_S8_R2_001_fastqc.zip trimmed_LCM_1_S1_R1_001_fastqc.html trimmed_LCM_1_S1_R1_001_fastqc.zip trimmed_LCM_1_S1_R2_001_fastqc.html trimmed_LCM_1_S1_R2_001_fastqc.zip trimmed_LCM_24_S5_R1_001_fastqc.html trimmed_LCM_24_S5_R1_001_fastqc.zip trimmed_LCM_24_S5_R2_001_fastqc.html trimmed_LCM_24_S5_R2_001_fastqc.zip trimmed_LCM_25_S6_R1_001_fastqc.html trimmed_LCM_25_S6_R1_001_fastqc.zip trimmed_LCM_25_S6_R2_001_fastqc.html trimmed_LCM_25_S6_R2_001_fastqc.zip trimmed_LCM_32_S9_R1_001_fastqc.html trimmed_LCM_32_S9_R1_001_fastqc.zip trimmed_LCM_32_S9_R2_001_fastqc.html trimmed_LCM_32_S9_R2_001_fastqc.zip trimmed_LCM_33_S10_R1_001_fastqc.html trimmed_LCM_33_S10_R1_001_fastqc.zip trimmed_LCM_33_S10_R2_001_fastqc.html trimmed_LCM_33_S10_R2_001_fastqc.zip trimmed_LCM_3_S2_R1_001_fastqc.html trimmed_LCM_3_S2_R1_001_fastqc.zip trimmed_LCM_3_S2_R2_001_fastqc.html trimmed_LCM_3_S2_R2_001_fastqc.zip trimmed_Undetermined_S0_R1_001_fastqc.html trimmed_Undetermined_S0_R1_001_fastqc.zip trimmed_Undetermined_S0_R2_001_fastqc.html trimmed_Undetermined_S0_R2_001_fastqc.zip
[2025-01-17 19:25:40,901] multiqc                                            [WARNING]  MultiQC Version v1.26 now available!
[2025-01-17 19:25:40,901] multiqc                                            [DEBUG  ]  Command     : /modules/uri_apps/software/MultiQC/1.12-foss-2021b/bin/multiqc trimmed_LCM_11_S3_R1_001_fastqc.html trimmed_LCM_11_S3_R1_001_fastqc.zip trimmed_LCM_11_S3_R2_001_fastqc.html trimmed_LCM_11_S3_R2_001_fastqc.zip trimmed_LCM_12_S4_R1_001_fastqc.html trimmed_LCM_12_S4_R1_001_fastqc.zip trimmed_LCM_12_S4_R2_001_fastqc.html trimmed_LCM_12_S4_R2_001_fastqc.zip trimmed_LCM_17_S7_R1_001_fastqc.html trimmed_LCM_17_S7_R1_001_fastqc.zip trimmed_LCM_17_S7_R2_001_fastqc.html trimmed_LCM_17_S7_R2_001_fastqc.zip trimmed_LCM_18_S8_R1_001_fastqc.html trimmed_LCM_18_S8_R1_001_fastqc.zip trimmed_LCM_18_S8_R2_001_fastqc.html trimmed_LCM_18_S8_R2_001_fastqc.zip trimmed_LCM_1_S1_R1_001_fastqc.html trimmed_LCM_1_S1_R1_001_fastqc.zip trimmed_LCM_1_S1_R2_001_fastqc.html trimmed_LCM_1_S1_R2_001_fastqc.zip trimmed_LCM_24_S5_R1_001_fastqc.html trimmed_LCM_24_S5_R1_001_fastqc.zip trimmed_LCM_24_S5_R2_001_fastqc.html trimmed_LCM_24_S5_R2_001_fastqc.zip trimmed_LCM_25_S6_R1_001_fastqc.html trimmed_LCM_25_S6_R1_001_fastqc.zip trimmed_LCM_25_S6_R2_001_fastqc.html trimmed_LCM_25_S6_R2_001_fastqc.zip trimmed_LCM_32_S9_R1_001_fastqc.html trimmed_LCM_32_S9_R1_001_fastqc.zip trimmed_LCM_32_S9_R2_001_fastqc.html trimmed_LCM_32_S9_R2_001_fastqc.zip trimmed_LCM_33_S10_R1_001_fastqc.html trimmed_LCM_33_S10_R1_001_fastqc.zip trimmed_LCM_33_S10_R2_001_fastqc.html trimmed_LCM_33_S10_R2_001_fastqc.zip trimmed_LCM_3_S2_R1_001_fastqc.html trimmed_LCM_3_S2_R1_001_fastqc.zip trimmed_LCM_3_S2_R2_001_fastqc.html trimmed_LCM_3_S2_R2_001_fastqc.zip trimmed_Undetermined_S0_R1_001_fastqc.html trimmed_Undetermined_S0_R1_001_fastqc.zip trimmed_Undetermined_S0_R2_001_fastqc.html trimmed_Undetermined_S0_R2_001_fastqc.zip
[2025-01-17 19:25:40,901] multiqc                                            [DEBUG  ]  Working dir : /project/pi_hputnam_uri_edu/zdellaert/LaserCoral/output_WGBS/trimmed_qc
[2025-01-17 19:25:40,901] multiqc                                            [DEBUG  ]  Template    : default
[2025-01-17 19:25:40,901] multiqc                                            [DEBUG  ]  Running Python 3.9.6 (default, Nov 15 2024, 16:57:16)  [GCC 11.2.0]
[2025-01-17 19:25:40,902] multiqc                                            [DEBUG  ]  Analysing modules: custom_content, ccs, ngsderive, purple, conpair, lima, peddy, somalier, methylQA, mosdepth, phantompeakqualtools, qualimap, preseq, quast, qorts, rna_seqc, rockhopper, rsem, rseqc, busco, bustools, goleft_indexcov, gffcompare, disambiguate, supernova, deeptools, sargasso, verifybamid, mirtrace, happy, mirtop, sambamba, homer, hops, macs2, theta2, snpeff, gatk, htseq, bcftools, featureCounts, fgbio, dragen, dedup, pbmarkdup, damageprofiler, biobambam2, jcvi, mtnucratio, picard, vep, sentieon, prokka, qc3C, nanostat, samblaster, samtools, sexdeterrmine, eigenstratdatabasetools, bamtools, jellyfish, vcftools, longranger, stacks, varscan2, snippy, bbmap, bismark, biscuit, hicexplorer, hicup, hicpro, salmon, kallisto, slamdunk, star, hisat2, tophat, bowtie2, bowtie1, snpsplit, odgi, pangolin, kat, leehom, adapterRemoval, clipandmerge, cutadapt, flexbar, kaiju, kraken, malt, trimmomatic, sickle, skewer, sortmerna, biobloomtools, fastq_screen, afterqc, fastp, fastqc, pychopper, pycoqc, minionqc, multivcfanalyzer, clusterflow, checkqc, bcl2fastq, bclconvert, interop, ivar, flash, seqyclean, optitype, whatshap
[2025-01-17 19:25:40,903] multiqc                                            [DEBUG  ]  Using temporary directory for creating report: /tmp/tmp51xjp8v0
[2025-01-17 19:25:41,379] multiqc                                            [INFO   ]  Search path : /project/pi_hputnam_uri_edu/zdellaert/LaserCoral/output_WGBS/trimmed_qc/trimmed_LCM_11_S3_R1_001_fastqc.html
[2025-01-17 19:25:41,380] multiqc                                            [INFO   ]  Search path : /project/pi_hputnam_uri_edu/zdellaert/LaserCoral/output_WGBS/trimmed_qc/trimmed_LCM_11_S3_R1_001_fastqc.zip
[2025-01-17 19:25:41,380] multiqc                                            [INFO   ]  Search path : /project/pi_hputnam_uri_edu/zdellaert/LaserCoral/output_WGBS/trimmed_qc/trimmed_LCM_11_S3_R2_001_fastqc.html
[2025-01-17 19:25:41,380] multiqc                                            [INFO   ]  Search path : /project/pi_hputnam_uri_edu/zdellaert/LaserCoral/output_WGBS/trimmed_qc/trimmed_LCM_11_S3_R2_001_fastqc.zip
[2025-01-17 19:25:41,380] multiqc                                            [INFO   ]  Search path : /project/pi_hputnam_uri_edu/zdellaert/LaserCoral/output_WGBS/trimmed_qc/trimmed_LCM_12_S4_R1_001_fastqc.html
[2025-01-17 19:25:41,380] multiqc                                            [INFO   ]  Search path : /project/pi_hputnam_uri_edu/zdellaert/LaserCoral/output_WGBS/trimmed_qc/trimmed_LCM_12_S4_R1_001_fastqc.zip
[2025-01-17 19:25:41,380] multiqc                                            [INFO   ]  Search path : /project/pi_hputnam_uri_edu/zdellaert/LaserCoral/output_WGBS/trimmed_qc/trimmed_LCM_12_S4_R2_001_fastqc.html
[2025-01-17 19:25:41,380] multiqc                                            [INFO   ]  Search path : /project/pi_hputnam_uri_edu/zdellaert/LaserCoral/output_WGBS/trimmed_qc/trimmed_LCM_12_S4_R2_001_fastqc.zip
[2025-01-17 19:25:41,381] multiqc                                            [INFO   ]  Search path : /project/pi_hputnam_uri_edu/zdellaert/LaserCoral/output_WGBS/trimmed_qc/trimmed_LCM_17_S7_R1_001_fastqc.html
[2025-01-17 19:25:41,381] multiqc                                            [INFO   ]  Search path : /project/pi_hputnam_uri_edu/zdellaert/LaserCoral/output_WGBS/trimmed_qc/trimmed_LCM_17_S7_R1_001_fastqc.zip
[2025-01-17 19:25:41,381] multiqc                                            [INFO   ]  Search path : /project/pi_hputnam_uri_edu/zdellaert/LaserCoral/output_WGBS/trimmed_qc/trimmed_LCM_17_S7_R2_001_fastqc.html
[2025-01-17 19:25:41,381] multiqc                                            [INFO   ]  Search path : /project/pi_hputnam_uri_edu/zdellaert/LaserCoral/output_WGBS/trimmed_qc/trimmed_LCM_17_S7_R2_001_fastqc.zip
[2025-01-17 19:25:41,381] multiqc                                            [INFO   ]  Search path : /project/pi_hputnam_uri_edu/zdellaert/LaserCoral/output_WGBS/trimmed_qc/trimmed_LCM_18_S8_R1_001_fastqc.html
[2025-01-17 19:25:41,381] multiqc                                            [INFO   ]  Search path : /project/pi_hputnam_uri_edu/zdellaert/LaserCoral/output_WGBS/trimmed_qc/trimmed_LCM_18_S8_R1_001_fastqc.zip
[2025-01-17 19:25:41,381] multiqc                                            [INFO   ]  Search path : /project/pi_hputnam_uri_edu/zdellaert/LaserCoral/output_WGBS/trimmed_qc/trimmed_LCM_18_S8_R2_001_fastqc.html
[2025-01-17 19:25:41,382] multiqc                                            [INFO   ]  Search path : /project/pi_hputnam_uri_edu/zdellaert/LaserCoral/output_WGBS/trimmed_qc/trimmed_LCM_18_S8_R2_001_fastqc.zip
[2025-01-17 19:25:41,382] multiqc                                            [INFO   ]  Search path : /project/pi_hputnam_uri_edu/zdellaert/LaserCoral/output_WGBS/trimmed_qc/trimmed_LCM_1_S1_R1_001_fastqc.html
[2025-01-17 19:25:41,382] multiqc                                            [INFO   ]  Search path : /project/pi_hputnam_uri_edu/zdellaert/LaserCoral/output_WGBS/trimmed_qc/trimmed_LCM_1_S1_R1_001_fastqc.zip
[2025-01-17 19:25:41,382] multiqc                                            [INFO   ]  Search path : /project/pi_hputnam_uri_edu/zdellaert/LaserCoral/output_WGBS/trimmed_qc/trimmed_LCM_1_S1_R2_001_fastqc.html
[2025-01-17 19:25:41,382] multiqc                                            [INFO   ]  Search path : /project/pi_hputnam_uri_edu/zdellaert/LaserCoral/output_WGBS/trimmed_qc/trimmed_LCM_1_S1_R2_001_fastqc.zip
[2025-01-17 19:25:41,382] multiqc                                            [INFO   ]  Search path : /project/pi_hputnam_uri_edu/zdellaert/LaserCoral/output_WGBS/trimmed_qc/trimmed_LCM_24_S5_R1_001_fastqc.html
[2025-01-17 19:25:41,382] multiqc                                            [INFO   ]  Search path : /project/pi_hputnam_uri_edu/zdellaert/LaserCoral/output_WGBS/trimmed_qc/trimmed_LCM_24_S5_R1_001_fastqc.zip
[2025-01-17 19:25:41,383] multiqc                                            [INFO   ]  Search path : /project/pi_hputnam_uri_edu/zdellaert/LaserCoral/output_WGBS/trimmed_qc/trimmed_LCM_24_S5_R2_001_fastqc.html
[2025-01-17 19:25:41,383] multiqc                                            [INFO   ]  Search path : /project/pi_hputnam_uri_edu/zdellaert/LaserCoral/output_WGBS/trimmed_qc/trimmed_LCM_24_S5_R2_001_fastqc.zip
[2025-01-17 19:25:41,383] multiqc                                            [INFO   ]  Search path : /project/pi_hputnam_uri_edu/zdellaert/LaserCoral/output_WGBS/trimmed_qc/trimmed_LCM_25_S6_R1_001_fastqc.html
[2025-01-17 19:25:41,384] multiqc                                            [INFO   ]  Search path : /project/pi_hputnam_uri_edu/zdellaert/LaserCoral/output_WGBS/trimmed_qc/trimmed_LCM_25_S6_R1_001_fastqc.zip
[2025-01-17 19:25:41,384] multiqc                                            [INFO   ]  Search path : /project/pi_hputnam_uri_edu/zdellaert/LaserCoral/output_WGBS/trimmed_qc/trimmed_LCM_25_S6_R2_001_fastqc.html
[2025-01-17 19:25:41,384] multiqc                                            [INFO   ]  Search path : /project/pi_hputnam_uri_edu/zdellaert/LaserCoral/output_WGBS/trimmed_qc/trimmed_LCM_25_S6_R2_001_fastqc.zip
[2025-01-17 19:25:41,384] multiqc                                            [INFO   ]  Search path : /project/pi_hputnam_uri_edu/zdellaert/LaserCoral/output_WGBS/trimmed_qc/trimmed_LCM_32_S9_R1_001_fastqc.html
[2025-01-17 19:25:41,385] multiqc                                            [INFO   ]  Search path : /project/pi_hputnam_uri_edu/zdellaert/LaserCoral/output_WGBS/trimmed_qc/trimmed_LCM_32_S9_R1_001_fastqc.zip
[2025-01-17 19:25:41,385] multiqc                                            [INFO   ]  Search path : /project/pi_hputnam_uri_edu/zdellaert/LaserCoral/output_WGBS/trimmed_qc/trimmed_LCM_32_S9_R2_001_fastqc.html
[2025-01-17 19:25:41,385] multiqc                                            [INFO   ]  Search path : /project/pi_hputnam_uri_edu/zdellaert/LaserCoral/output_WGBS/trimmed_qc/trimmed_LCM_32_S9_R2_001_fastqc.zip
[2025-01-17 19:25:41,385] multiqc                                            [INFO   ]  Search path : /project/pi_hputnam_uri_edu/zdellaert/LaserCoral/output_WGBS/trimmed_qc/trimmed_LCM_33_S10_R1_001_fastqc.html
[2025-01-17 19:25:41,385] multiqc                                            [INFO   ]  Search path : /project/pi_hputnam_uri_edu/zdellaert/LaserCoral/output_WGBS/trimmed_qc/trimmed_LCM_33_S10_R1_001_fastqc.zip
[2025-01-17 19:25:41,386] multiqc                                            [INFO   ]  Search path : /project/pi_hputnam_uri_edu/zdellaert/LaserCoral/output_WGBS/trimmed_qc/trimmed_LCM_33_S10_R2_001_fastqc.html
[2025-01-17 19:25:41,386] multiqc                                            [INFO   ]  Search path : /project/pi_hputnam_uri_edu/zdellaert/LaserCoral/output_WGBS/trimmed_qc/trimmed_LCM_33_S10_R2_001_fastqc.zip
[2025-01-17 19:25:41,386] multiqc                                            [INFO   ]  Search path : /project/pi_hputnam_uri_edu/zdellaert/LaserCoral/output_WGBS/trimmed_qc/trimmed_LCM_3_S2_R1_001_fastqc.html
[2025-01-17 19:25:41,386] multiqc                                            [INFO   ]  Search path : /project/pi_hputnam_uri_edu/zdellaert/LaserCoral/output_WGBS/trimmed_qc/trimmed_LCM_3_S2_R1_001_fastqc.zip
[2025-01-17 19:25:41,387] multiqc                                            [INFO   ]  Search path : /project/pi_hputnam_uri_edu/zdellaert/LaserCoral/output_WGBS/trimmed_qc/trimmed_LCM_3_S2_R2_001_fastqc.html
[2025-01-17 19:25:41,387] multiqc                                            [INFO   ]  Search path : /project/pi_hputnam_uri_edu/zdellaert/LaserCoral/output_WGBS/trimmed_qc/trimmed_LCM_3_S2_R2_001_fastqc.zip
[2025-01-17 19:25:41,387] multiqc                                            [INFO   ]  Search path : /project/pi_hputnam_uri_edu/zdellaert/LaserCoral/output_WGBS/trimmed_qc/trimmed_Undetermined_S0_R1_001_fastqc.html
[2025-01-17 19:25:41,387] multiqc                                            [INFO   ]  Search path : /project/pi_hputnam_uri_edu/zdellaert/LaserCoral/output_WGBS/trimmed_qc/trimmed_Undetermined_S0_R1_001_fastqc.zip
[2025-01-17 19:25:41,387] multiqc                                            [INFO   ]  Search path : /project/pi_hputnam_uri_edu/zdellaert/LaserCoral/output_WGBS/trimmed_qc/trimmed_Undetermined_S0_R2_001_fastqc.html
[2025-01-17 19:25:41,388] multiqc                                            [INFO   ]  Search path : /project/pi_hputnam_uri_edu/zdellaert/LaserCoral/output_WGBS/trimmed_qc/trimmed_Undetermined_S0_R2_001_fastqc.zip
[2025-01-17 19:25:41,489] multiqc                                            [DEBUG  ]  File ignored by ccs/v4 because it exceeded search pattern filesize limit: trimmed_LCM_11_S3_R1_001_fastqc.html
[2025-01-17 19:25:41,492] multiqc                                            [DEBUG  ]  File ignored by hicexplorer because it exceeded search pattern filesize limit: trimmed_LCM_11_S3_R1_001_fastqc.html
[2025-01-17 19:25:41,492] multiqc                                            [DEBUG  ]  File ignored by lima/summary because it exceeded search pattern filesize limit: trimmed_LCM_11_S3_R1_001_fastqc.html
[2025-01-17 19:25:41,502] multiqc                                            [DEBUG  ]  File ignored by vep/vep_txt because it exceeded search pattern filesize limit: trimmed_LCM_11_S3_R1_001_fastqc.html
[2025-01-17 19:25:41,502] multiqc                                            [DEBUG  ]  File ignored by longranger/invocation because it exceeded search pattern filesize limit: trimmed_LCM_11_S3_R1_001_fastqc.html
[2025-01-17 19:25:41,502] multiqc                                            [DEBUG  ]  File ignored by rockhopper because it exceeded search pattern filesize limit: trimmed_LCM_11_S3_R1_001_fastqc.html
[2025-01-17 19:25:41,502] multiqc                                            [DEBUG  ]  File ignored by rseqc/bam_stat because it exceeded search pattern filesize limit: trimmed_LCM_11_S3_R1_001_fastqc.html
[2025-01-17 19:25:41,502] multiqc                                            [DEBUG  ]  File ignored by rseqc/junction_annotation because it exceeded search pattern filesize limit: trimmed_LCM_11_S3_R1_001_fastqc.html
[2025-01-17 19:25:41,502] multiqc                                            [DEBUG  ]  File ignored by rseqc/read_distribution because it exceeded search pattern filesize limit: trimmed_LCM_11_S3_R1_001_fastqc.html
[2025-01-17 19:25:41,502] multiqc                                            [DEBUG  ]  File ignored by rseqc/infer_experiment because it exceeded search pattern filesize limit: trimmed_LCM_11_S3_R1_001_fastqc.html
[2025-01-17 19:25:41,539] multiqc                                            [DEBUG  ]  File ignored by nanostat because it exceeded search pattern filesize limit: trimmed_LCM_11_S3_R1_001_fastqc.html
[2025-01-17 19:25:41,623] multiqc                                            [DEBUG  ]  File ignored by ccs/v4 because it exceeded search pattern filesize limit: trimmed_LCM_11_S3_R2_001_fastqc.html
[2025-01-17 19:25:41,626] multiqc                                            [DEBUG  ]  File ignored by hicexplorer because it exceeded search pattern filesize limit: trimmed_LCM_11_S3_R2_001_fastqc.html
[2025-01-17 19:25:41,626] multiqc                                            [DEBUG  ]  File ignored by lima/summary because it exceeded search pattern filesize limit: trimmed_LCM_11_S3_R2_001_fastqc.html
[2025-01-17 19:25:41,631] multiqc                                            [DEBUG  ]  File ignored by vep/vep_txt because it exceeded search pattern filesize limit: trimmed_LCM_11_S3_R2_001_fastqc.html
[2025-01-17 19:25:41,631] multiqc                                            [DEBUG  ]  File ignored by longranger/invocation because it exceeded search pattern filesize limit: trimmed_LCM_11_S3_R2_001_fastqc.html
[2025-01-17 19:25:41,631] multiqc                                            [DEBUG  ]  File ignored by rockhopper because it exceeded search pattern filesize limit: trimmed_LCM_11_S3_R2_001_fastqc.html
[2025-01-17 19:25:41,631] multiqc                                            [DEBUG  ]  File ignored by rseqc/bam_stat because it exceeded search pattern filesize limit: trimmed_LCM_11_S3_R2_001_fastqc.html
[2025-01-17 19:25:41,631] multiqc                                            [DEBUG  ]  File ignored by rseqc/junction_annotation because it exceeded search pattern filesize limit: trimmed_LCM_11_S3_R2_001_fastqc.html
[2025-01-17 19:25:41,631] multiqc                                            [DEBUG  ]  File ignored by rseqc/read_distribution because it exceeded search pattern filesize limit: trimmed_LCM_11_S3_R2_001_fastqc.html
[2025-01-17 19:25:41,632] multiqc                                            [DEBUG  ]  File ignored by rseqc/infer_experiment because it exceeded search pattern filesize limit: trimmed_LCM_11_S3_R2_001_fastqc.html
[2025-01-17 19:25:41,668] multiqc                                            [DEBUG  ]  File ignored by nanostat because it exceeded search pattern filesize limit: trimmed_LCM_11_S3_R2_001_fastqc.html
[2025-01-17 19:25:41,719] multiqc                                            [DEBUG  ]  File ignored by ccs/v4 because it exceeded search pattern filesize limit: trimmed_LCM_12_S4_R1_001_fastqc.html
[2025-01-17 19:25:41,722] multiqc                                            [DEBUG  ]  File ignored by hicexplorer because it exceeded search pattern filesize limit: trimmed_LCM_12_S4_R1_001_fastqc.html
[2025-01-17 19:25:41,722] multiqc                                            [DEBUG  ]  File ignored by lima/summary because it exceeded search pattern filesize limit: trimmed_LCM_12_S4_R1_001_fastqc.html
[2025-01-17 19:25:41,726] multiqc                                            [DEBUG  ]  File ignored by vep/vep_txt because it exceeded search pattern filesize limit: trimmed_LCM_12_S4_R1_001_fastqc.html
[2025-01-17 19:25:41,726] multiqc                                            [DEBUG  ]  File ignored by longranger/invocation because it exceeded search pattern filesize limit: trimmed_LCM_12_S4_R1_001_fastqc.html
[2025-01-17 19:25:41,726] multiqc                                            [DEBUG  ]  File ignored by rockhopper because it exceeded search pattern filesize limit: trimmed_LCM_12_S4_R1_001_fastqc.html
[2025-01-17 19:25:41,726] multiqc                                            [DEBUG  ]  File ignored by rseqc/bam_stat because it exceeded search pattern filesize limit: trimmed_LCM_12_S4_R1_001_fastqc.html
[2025-01-17 19:25:41,726] multiqc                                            [DEBUG  ]  File ignored by rseqc/junction_annotation because it exceeded search pattern filesize limit: trimmed_LCM_12_S4_R1_001_fastqc.html
[2025-01-17 19:25:41,726] multiqc                                            [DEBUG  ]  File ignored by rseqc/read_distribution because it exceeded search pattern filesize limit: trimmed_LCM_12_S4_R1_001_fastqc.html
[2025-01-17 19:25:41,727] multiqc                                            [DEBUG  ]  File ignored by rseqc/infer_experiment because it exceeded search pattern filesize limit: trimmed_LCM_12_S4_R1_001_fastqc.html
[2025-01-17 19:25:41,763] multiqc                                            [DEBUG  ]  File ignored by nanostat because it exceeded search pattern filesize limit: trimmed_LCM_12_S4_R1_001_fastqc.html
[2025-01-17 19:25:41,844] multiqc                                            [DEBUG  ]  File ignored by ccs/v4 because it exceeded search pattern filesize limit: trimmed_LCM_12_S4_R2_001_fastqc.html
[2025-01-17 19:25:41,847] multiqc                                            [DEBUG  ]  File ignored by hicexplorer because it exceeded search pattern filesize limit: trimmed_LCM_12_S4_R2_001_fastqc.html
[2025-01-17 19:25:41,847] multiqc                                            [DEBUG  ]  File ignored by lima/summary because it exceeded search pattern filesize limit: trimmed_LCM_12_S4_R2_001_fastqc.html
[2025-01-17 19:25:41,852] multiqc                                            [DEBUG  ]  File ignored by vep/vep_txt because it exceeded search pattern filesize limit: trimmed_LCM_12_S4_R2_001_fastqc.html
[2025-01-17 19:25:41,852] multiqc                                            [DEBUG  ]  File ignored by longranger/invocation because it exceeded search pattern filesize limit: trimmed_LCM_12_S4_R2_001_fastqc.html
[2025-01-17 19:25:41,853] multiqc                                            [DEBUG  ]  File ignored by rockhopper because it exceeded search pattern filesize limit: trimmed_LCM_12_S4_R2_001_fastqc.html
[2025-01-17 19:25:41,853] multiqc                                            [DEBUG  ]  File ignored by rseqc/bam_stat because it exceeded search pattern filesize limit: trimmed_LCM_12_S4_R2_001_fastqc.html
[2025-01-17 19:25:41,853] multiqc                                            [DEBUG  ]  File ignored by rseqc/junction_annotation because it exceeded search pattern filesize limit: trimmed_LCM_12_S4_R2_001_fastqc.html
[2025-01-17 19:25:41,853] multiqc                                            [DEBUG  ]  File ignored by rseqc/read_distribution because it exceeded search pattern filesize limit: trimmed_LCM_12_S4_R2_001_fastqc.html
[2025-01-17 19:25:41,853] multiqc                                            [DEBUG  ]  File ignored by rseqc/infer_experiment because it exceeded search pattern filesize limit: trimmed_LCM_12_S4_R2_001_fastqc.html
[2025-01-17 19:25:41,888] multiqc                                            [DEBUG  ]  File ignored by nanostat because it exceeded search pattern filesize limit: trimmed_LCM_12_S4_R2_001_fastqc.html
[2025-01-17 19:25:41,957] multiqc                                            [DEBUG  ]  File ignored by ccs/v4 because it exceeded search pattern filesize limit: trimmed_LCM_17_S7_R1_001_fastqc.html
[2025-01-17 19:25:41,960] multiqc                                            [DEBUG  ]  File ignored by hicexplorer because it exceeded search pattern filesize limit: trimmed_LCM_17_S7_R1_001_fastqc.html
[2025-01-17 19:25:41,960] multiqc                                            [DEBUG  ]  File ignored by lima/summary because it exceeded search pattern filesize limit: trimmed_LCM_17_S7_R1_001_fastqc.html
[2025-01-17 19:25:41,964] multiqc                                            [DEBUG  ]  File ignored by vep/vep_txt because it exceeded search pattern filesize limit: trimmed_LCM_17_S7_R1_001_fastqc.html
[2025-01-17 19:25:41,964] multiqc                                            [DEBUG  ]  File ignored by longranger/invocation because it exceeded search pattern filesize limit: trimmed_LCM_17_S7_R1_001_fastqc.html
[2025-01-17 19:25:41,964] multiqc                                            [DEBUG  ]  File ignored by rockhopper because it exceeded search pattern filesize limit: trimmed_LCM_17_S7_R1_001_fastqc.html
[2025-01-17 19:25:41,965] multiqc                                            [DEBUG  ]  File ignored by rseqc/bam_stat because it exceeded search pattern filesize limit: trimmed_LCM_17_S7_R1_001_fastqc.html
[2025-01-17 19:25:41,965] multiqc                                            [DEBUG  ]  File ignored by rseqc/junction_annotation because it exceeded search pattern filesize limit: trimmed_LCM_17_S7_R1_001_fastqc.html
[2025-01-17 19:25:41,965] multiqc                                            [DEBUG  ]  File ignored by rseqc/read_distribution because it exceeded search pattern filesize limit: trimmed_LCM_17_S7_R1_001_fastqc.html
[2025-01-17 19:25:41,965] multiqc                                            [DEBUG  ]  File ignored by rseqc/infer_experiment because it exceeded search pattern filesize limit: trimmed_LCM_17_S7_R1_001_fastqc.html
[2025-01-17 19:25:42,002] multiqc                                            [DEBUG  ]  File ignored by nanostat because it exceeded search pattern filesize limit: trimmed_LCM_17_S7_R1_001_fastqc.html
[2025-01-17 19:25:42,303] multiqc                                            [DEBUG  ]  File ignored by ccs/v4 because it exceeded search pattern filesize limit: trimmed_LCM_17_S7_R2_001_fastqc.html
[2025-01-17 19:25:42,306] multiqc                                            [DEBUG  ]  File ignored by hicexplorer because it exceeded search pattern filesize limit: trimmed_LCM_17_S7_R2_001_fastqc.html
[2025-01-17 19:25:42,307] multiqc                                            [DEBUG  ]  File ignored by lima/summary because it exceeded search pattern filesize limit: trimmed_LCM_17_S7_R2_001_fastqc.html
[2025-01-17 19:25:42,313] multiqc                                            [DEBUG  ]  File ignored by vep/vep_txt because it exceeded search pattern filesize limit: trimmed_LCM_17_S7_R2_001_fastqc.html
[2025-01-17 19:25:42,313] multiqc                                            [DEBUG  ]  File ignored by longranger/invocation because it exceeded search pattern filesize limit: trimmed_LCM_17_S7_R2_001_fastqc.html
[2025-01-17 19:25:42,313] multiqc                                            [DEBUG  ]  File ignored by rockhopper because it exceeded search pattern filesize limit: trimmed_LCM_17_S7_R2_001_fastqc.html
[2025-01-17 19:25:42,313] multiqc                                            [DEBUG  ]  File ignored by rseqc/bam_stat because it exceeded search pattern filesize limit: trimmed_LCM_17_S7_R2_001_fastqc.html
[2025-01-17 19:25:42,313] multiqc                                            [DEBUG  ]  File ignored by rseqc/junction_annotation because it exceeded search pattern filesize limit: trimmed_LCM_17_S7_R2_001_fastqc.html
[2025-01-17 19:25:42,313] multiqc                                            [DEBUG  ]  File ignored by rseqc/read_distribution because it exceeded search pattern filesize limit: trimmed_LCM_17_S7_R2_001_fastqc.html
[2025-01-17 19:25:42,314] multiqc                                            [DEBUG  ]  File ignored by rseqc/infer_experiment because it exceeded search pattern filesize limit: trimmed_LCM_17_S7_R2_001_fastqc.html
[2025-01-17 19:25:42,353] multiqc                                            [DEBUG  ]  File ignored by nanostat because it exceeded search pattern filesize limit: trimmed_LCM_17_S7_R2_001_fastqc.html
[2025-01-17 19:25:42,568] multiqc                                            [DEBUG  ]  File ignored by ccs/v4 because it exceeded search pattern filesize limit: trimmed_LCM_18_S8_R1_001_fastqc.html
[2025-01-17 19:25:42,571] multiqc                                            [DEBUG  ]  File ignored by hicexplorer because it exceeded search pattern filesize limit: trimmed_LCM_18_S8_R1_001_fastqc.html
[2025-01-17 19:25:42,572] multiqc                                            [DEBUG  ]  File ignored by lima/summary because it exceeded search pattern filesize limit: trimmed_LCM_18_S8_R1_001_fastqc.html
[2025-01-17 19:25:42,577] multiqc                                            [DEBUG  ]  File ignored by vep/vep_txt because it exceeded search pattern filesize limit: trimmed_LCM_18_S8_R1_001_fastqc.html
[2025-01-17 19:25:42,578] multiqc                                            [DEBUG  ]  File ignored by longranger/invocation because it exceeded search pattern filesize limit: trimmed_LCM_18_S8_R1_001_fastqc.html
[2025-01-17 19:25:42,578] multiqc                                            [DEBUG  ]  File ignored by rockhopper because it exceeded search pattern filesize limit: trimmed_LCM_18_S8_R1_001_fastqc.html
[2025-01-17 19:25:42,578] multiqc                                            [DEBUG  ]  File ignored by rseqc/bam_stat because it exceeded search pattern filesize limit: trimmed_LCM_18_S8_R1_001_fastqc.html
[2025-01-17 19:25:42,578] multiqc                                            [DEBUG  ]  File ignored by rseqc/junction_annotation because it exceeded search pattern filesize limit: trimmed_LCM_18_S8_R1_001_fastqc.html
[2025-01-17 19:25:42,578] multiqc                                            [DEBUG  ]  File ignored by rseqc/read_distribution because it exceeded search pattern filesize limit: trimmed_LCM_18_S8_R1_001_fastqc.html
[2025-01-17 19:25:42,578] multiqc                                            [DEBUG  ]  File ignored by rseqc/infer_experiment because it exceeded search pattern filesize limit: trimmed_LCM_18_S8_R1_001_fastqc.html
[2025-01-17 19:25:42,613] multiqc                                            [DEBUG  ]  File ignored by nanostat because it exceeded search pattern filesize limit: trimmed_LCM_18_S8_R1_001_fastqc.html
[2025-01-17 19:25:42,939] multiqc                                            [DEBUG  ]  File ignored by ccs/v4 because it exceeded search pattern filesize limit: trimmed_LCM_18_S8_R2_001_fastqc.html
[2025-01-17 19:25:42,942] multiqc                                            [DEBUG  ]  File ignored by hicexplorer because it exceeded search pattern filesize limit: trimmed_LCM_18_S8_R2_001_fastqc.html
[2025-01-17 19:25:42,943] multiqc                                            [DEBUG  ]  File ignored by lima/summary because it exceeded search pattern filesize limit: trimmed_LCM_18_S8_R2_001_fastqc.html
[2025-01-17 19:25:42,948] multiqc                                            [DEBUG  ]  File ignored by vep/vep_txt because it exceeded search pattern filesize limit: trimmed_LCM_18_S8_R2_001_fastqc.html
[2025-01-17 19:25:42,949] multiqc                                            [DEBUG  ]  File ignored by longranger/invocation because it exceeded search pattern filesize limit: trimmed_LCM_18_S8_R2_001_fastqc.html
[2025-01-17 19:25:42,949] multiqc                                            [DEBUG  ]  File ignored by rockhopper because it exceeded search pattern filesize limit: trimmed_LCM_18_S8_R2_001_fastqc.html
[2025-01-17 19:25:42,949] multiqc                                            [DEBUG  ]  File ignored by rseqc/bam_stat because it exceeded search pattern filesize limit: trimmed_LCM_18_S8_R2_001_fastqc.html
[2025-01-17 19:25:42,949] multiqc                                            [DEBUG  ]  File ignored by rseqc/junction_annotation because it exceeded search pattern filesize limit: trimmed_LCM_18_S8_R2_001_fastqc.html
[2025-01-17 19:25:42,949] multiqc                                            [DEBUG  ]  File ignored by rseqc/read_distribution because it exceeded search pattern filesize limit: trimmed_LCM_18_S8_R2_001_fastqc.html
[2025-01-17 19:25:42,949] multiqc                                            [DEBUG  ]  File ignored by rseqc/infer_experiment because it exceeded search pattern filesize limit: trimmed_LCM_18_S8_R2_001_fastqc.html
[2025-01-17 19:25:42,988] multiqc                                            [DEBUG  ]  File ignored by nanostat because it exceeded search pattern filesize limit: trimmed_LCM_18_S8_R2_001_fastqc.html
[2025-01-17 19:25:43,037] multiqc                                            [DEBUG  ]  File ignored by ccs/v4 because it exceeded search pattern filesize limit: trimmed_LCM_1_S1_R1_001_fastqc.html
[2025-01-17 19:25:43,040] multiqc                                            [DEBUG  ]  File ignored by hicexplorer because it exceeded search pattern filesize limit: trimmed_LCM_1_S1_R1_001_fastqc.html
[2025-01-17 19:25:43,041] multiqc                                            [DEBUG  ]  File ignored by lima/summary because it exceeded search pattern filesize limit: trimmed_LCM_1_S1_R1_001_fastqc.html
[2025-01-17 19:25:43,045] multiqc                                            [DEBUG  ]  File ignored by vep/vep_txt because it exceeded search pattern filesize limit: trimmed_LCM_1_S1_R1_001_fastqc.html
[2025-01-17 19:25:43,045] multiqc                                            [DEBUG  ]  File ignored by longranger/invocation because it exceeded search pattern filesize limit: trimmed_LCM_1_S1_R1_001_fastqc.html
[2025-01-17 19:25:43,045] multiqc                                            [DEBUG  ]  File ignored by rockhopper because it exceeded search pattern filesize limit: trimmed_LCM_1_S1_R1_001_fastqc.html
[2025-01-17 19:25:43,046] multiqc                                            [DEBUG  ]  File ignored by rseqc/bam_stat because it exceeded search pattern filesize limit: trimmed_LCM_1_S1_R1_001_fastqc.html
[2025-01-17 19:25:43,046] multiqc                                            [DEBUG  ]  File ignored by rseqc/junction_annotation because it exceeded search pattern filesize limit: trimmed_LCM_1_S1_R1_001_fastqc.html
[2025-01-17 19:25:43,046] multiqc                                            [DEBUG  ]  File ignored by rseqc/read_distribution because it exceeded search pattern filesize limit: trimmed_LCM_1_S1_R1_001_fastqc.html
[2025-01-17 19:25:43,046] multiqc                                            [DEBUG  ]  File ignored by rseqc/infer_experiment because it exceeded search pattern filesize limit: trimmed_LCM_1_S1_R1_001_fastqc.html
[2025-01-17 19:25:43,086] multiqc                                            [DEBUG  ]  File ignored by nanostat because it exceeded search pattern filesize limit: trimmed_LCM_1_S1_R1_001_fastqc.html
[2025-01-17 19:25:43,145] multiqc                                            [DEBUG  ]  File ignored by ccs/v4 because it exceeded search pattern filesize limit: trimmed_LCM_1_S1_R2_001_fastqc.html
[2025-01-17 19:25:43,148] multiqc                                            [DEBUG  ]  File ignored by hicexplorer because it exceeded search pattern filesize limit: trimmed_LCM_1_S1_R2_001_fastqc.html
[2025-01-17 19:25:43,148] multiqc                                            [DEBUG  ]  File ignored by lima/summary because it exceeded search pattern filesize limit: trimmed_LCM_1_S1_R2_001_fastqc.html
[2025-01-17 19:25:43,153] multiqc                                            [DEBUG  ]  File ignored by vep/vep_txt because it exceeded search pattern filesize limit: trimmed_LCM_1_S1_R2_001_fastqc.html
[2025-01-17 19:25:43,153] multiqc                                            [DEBUG  ]  File ignored by longranger/invocation because it exceeded search pattern filesize limit: trimmed_LCM_1_S1_R2_001_fastqc.html
[2025-01-17 19:25:43,154] multiqc                                            [DEBUG  ]  File ignored by rockhopper because it exceeded search pattern filesize limit: trimmed_LCM_1_S1_R2_001_fastqc.html
[2025-01-17 19:25:43,154] multiqc                                            [DEBUG  ]  File ignored by rseqc/bam_stat because it exceeded search pattern filesize limit: trimmed_LCM_1_S1_R2_001_fastqc.html
[2025-01-17 19:25:43,154] multiqc                                            [DEBUG  ]  File ignored by rseqc/junction_annotation because it exceeded search pattern filesize limit: trimmed_LCM_1_S1_R2_001_fastqc.html
[2025-01-17 19:25:43,154] multiqc                                            [DEBUG  ]  File ignored by rseqc/read_distribution because it exceeded search pattern filesize limit: trimmed_LCM_1_S1_R2_001_fastqc.html
[2025-01-17 19:25:43,154] multiqc                                            [DEBUG  ]  File ignored by rseqc/infer_experiment because it exceeded search pattern filesize limit: trimmed_LCM_1_S1_R2_001_fastqc.html
[2025-01-17 19:25:43,197] multiqc                                            [DEBUG  ]  File ignored by nanostat because it exceeded search pattern filesize limit: trimmed_LCM_1_S1_R2_001_fastqc.html
[2025-01-17 19:25:43,319] multiqc                                            [DEBUG  ]  File ignored by ccs/v4 because it exceeded search pattern filesize limit: trimmed_LCM_24_S5_R1_001_fastqc.html
[2025-01-17 19:25:43,322] multiqc                                            [DEBUG  ]  File ignored by hicexplorer because it exceeded search pattern filesize limit: trimmed_LCM_24_S5_R1_001_fastqc.html
[2025-01-17 19:25:43,323] multiqc                                            [DEBUG  ]  File ignored by lima/summary because it exceeded search pattern filesize limit: trimmed_LCM_24_S5_R1_001_fastqc.html
[2025-01-17 19:25:43,326] multiqc                                            [DEBUG  ]  File ignored by vep/vep_txt because it exceeded search pattern filesize limit: trimmed_LCM_24_S5_R1_001_fastqc.html
[2025-01-17 19:25:43,327] multiqc                                            [DEBUG  ]  File ignored by longranger/invocation because it exceeded search pattern filesize limit: trimmed_LCM_24_S5_R1_001_fastqc.html
[2025-01-17 19:25:43,327] multiqc                                            [DEBUG  ]  File ignored by rockhopper because it exceeded search pattern filesize limit: trimmed_LCM_24_S5_R1_001_fastqc.html
[2025-01-17 19:25:43,327] multiqc                                            [DEBUG  ]  File ignored by rseqc/bam_stat because it exceeded search pattern filesize limit: trimmed_LCM_24_S5_R1_001_fastqc.html
[2025-01-17 19:25:43,327] multiqc                                            [DEBUG  ]  File ignored by rseqc/junction_annotation because it exceeded search pattern filesize limit: trimmed_LCM_24_S5_R1_001_fastqc.html
[2025-01-17 19:25:43,327] multiqc                                            [DEBUG  ]  File ignored by rseqc/read_distribution because it exceeded search pattern filesize limit: trimmed_LCM_24_S5_R1_001_fastqc.html
[2025-01-17 19:25:43,327] multiqc                                            [DEBUG  ]  File ignored by rseqc/infer_experiment because it exceeded search pattern filesize limit: trimmed_LCM_24_S5_R1_001_fastqc.html
[2025-01-17 19:25:43,364] multiqc                                            [DEBUG  ]  File ignored by nanostat because it exceeded search pattern filesize limit: trimmed_LCM_24_S5_R1_001_fastqc.html
[2025-01-17 19:25:43,420] multiqc                                            [DEBUG  ]  File ignored by ccs/v4 because it exceeded search pattern filesize limit: trimmed_LCM_24_S5_R2_001_fastqc.html
[2025-01-17 19:25:43,422] multiqc                                            [DEBUG  ]  File ignored by hicexplorer because it exceeded search pattern filesize limit: trimmed_LCM_24_S5_R2_001_fastqc.html
[2025-01-17 19:25:43,422] multiqc                                            [DEBUG  ]  File ignored by lima/summary because it exceeded search pattern filesize limit: trimmed_LCM_24_S5_R2_001_fastqc.html
[2025-01-17 19:25:43,426] multiqc                                            [DEBUG  ]  File ignored by vep/vep_txt because it exceeded search pattern filesize limit: trimmed_LCM_24_S5_R2_001_fastqc.html
[2025-01-17 19:25:43,426] multiqc                                            [DEBUG  ]  File ignored by longranger/invocation because it exceeded search pattern filesize limit: trimmed_LCM_24_S5_R2_001_fastqc.html
[2025-01-17 19:25:43,426] multiqc                                            [DEBUG  ]  File ignored by rockhopper because it exceeded search pattern filesize limit: trimmed_LCM_24_S5_R2_001_fastqc.html
[2025-01-17 19:25:43,426] multiqc                                            [DEBUG  ]  File ignored by rseqc/bam_stat because it exceeded search pattern filesize limit: trimmed_LCM_24_S5_R2_001_fastqc.html
[2025-01-17 19:25:43,426] multiqc                                            [DEBUG  ]  File ignored by rseqc/junction_annotation because it exceeded search pattern filesize limit: trimmed_LCM_24_S5_R2_001_fastqc.html
[2025-01-17 19:25:43,426] multiqc                                            [DEBUG  ]  File ignored by rseqc/read_distribution because it exceeded search pattern filesize limit: trimmed_LCM_24_S5_R2_001_fastqc.html
[2025-01-17 19:25:43,426] multiqc                                            [DEBUG  ]  File ignored by rseqc/infer_experiment because it exceeded search pattern filesize limit: trimmed_LCM_24_S5_R2_001_fastqc.html
[2025-01-17 19:25:43,463] multiqc                                            [DEBUG  ]  File ignored by nanostat because it exceeded search pattern filesize limit: trimmed_LCM_24_S5_R2_001_fastqc.html
[2025-01-17 19:25:43,588] multiqc                                            [DEBUG  ]  File ignored by ccs/v4 because it exceeded search pattern filesize limit: trimmed_LCM_25_S6_R1_001_fastqc.html
[2025-01-17 19:25:43,597] multiqc                                            [DEBUG  ]  File ignored by hicexplorer because it exceeded search pattern filesize limit: trimmed_LCM_25_S6_R1_001_fastqc.html
[2025-01-17 19:25:43,597] multiqc                                            [DEBUG  ]  File ignored by lima/summary because it exceeded search pattern filesize limit: trimmed_LCM_25_S6_R1_001_fastqc.html
[2025-01-17 19:25:43,600] multiqc                                            [DEBUG  ]  File ignored by vep/vep_txt because it exceeded search pattern filesize limit: trimmed_LCM_25_S6_R1_001_fastqc.html
[2025-01-17 19:25:43,600] multiqc                                            [DEBUG  ]  File ignored by longranger/invocation because it exceeded search pattern filesize limit: trimmed_LCM_25_S6_R1_001_fastqc.html
[2025-01-17 19:25:43,600] multiqc                                            [DEBUG  ]  File ignored by rockhopper because it exceeded search pattern filesize limit: trimmed_LCM_25_S6_R1_001_fastqc.html
[2025-01-17 19:25:43,600] multiqc                                            [DEBUG  ]  File ignored by rseqc/bam_stat because it exceeded search pattern filesize limit: trimmed_LCM_25_S6_R1_001_fastqc.html
[2025-01-17 19:25:43,600] multiqc                                            [DEBUG  ]  File ignored by rseqc/junction_annotation because it exceeded search pattern filesize limit: trimmed_LCM_25_S6_R1_001_fastqc.html
[2025-01-17 19:25:43,600] multiqc                                            [DEBUG  ]  File ignored by rseqc/read_distribution because it exceeded search pattern filesize limit: trimmed_LCM_25_S6_R1_001_fastqc.html
[2025-01-17 19:25:43,600] multiqc                                            [DEBUG  ]  File ignored by rseqc/infer_experiment because it exceeded search pattern filesize limit: trimmed_LCM_25_S6_R1_001_fastqc.html
[2025-01-17 19:25:43,636] multiqc                                            [DEBUG  ]  File ignored by nanostat because it exceeded search pattern filesize limit: trimmed_LCM_25_S6_R1_001_fastqc.html
[2025-01-17 19:25:43,708] multiqc                                            [DEBUG  ]  File ignored by ccs/v4 because it exceeded search pattern filesize limit: trimmed_LCM_25_S6_R2_001_fastqc.html
[2025-01-17 19:25:43,710] multiqc                                            [DEBUG  ]  File ignored by hicexplorer because it exceeded search pattern filesize limit: trimmed_LCM_25_S6_R2_001_fastqc.html
[2025-01-17 19:25:43,710] multiqc                                            [DEBUG  ]  File ignored by lima/summary because it exceeded search pattern filesize limit: trimmed_LCM_25_S6_R2_001_fastqc.html
[2025-01-17 19:25:43,714] multiqc                                            [DEBUG  ]  File ignored by vep/vep_txt because it exceeded search pattern filesize limit: trimmed_LCM_25_S6_R2_001_fastqc.html
[2025-01-17 19:25:43,714] multiqc                                            [DEBUG  ]  File ignored by longranger/invocation because it exceeded search pattern filesize limit: trimmed_LCM_25_S6_R2_001_fastqc.html
[2025-01-17 19:25:43,714] multiqc                                            [DEBUG  ]  File ignored by rockhopper because it exceeded search pattern filesize limit: trimmed_LCM_25_S6_R2_001_fastqc.html
[2025-01-17 19:25:43,714] multiqc                                            [DEBUG  ]  File ignored by rseqc/bam_stat because it exceeded search pattern filesize limit: trimmed_LCM_25_S6_R2_001_fastqc.html
[2025-01-17 19:25:43,715] multiqc                                            [DEBUG  ]  File ignored by rseqc/junction_annotation because it exceeded search pattern filesize limit: trimmed_LCM_25_S6_R2_001_fastqc.html
[2025-01-17 19:25:43,715] multiqc                                            [DEBUG  ]  File ignored by rseqc/read_distribution because it exceeded search pattern filesize limit: trimmed_LCM_25_S6_R2_001_fastqc.html
[2025-01-17 19:25:43,715] multiqc                                            [DEBUG  ]  File ignored by rseqc/infer_experiment because it exceeded search pattern filesize limit: trimmed_LCM_25_S6_R2_001_fastqc.html
[2025-01-17 19:25:43,750] multiqc                                            [DEBUG  ]  File ignored by nanostat because it exceeded search pattern filesize limit: trimmed_LCM_25_S6_R2_001_fastqc.html
[2025-01-17 19:25:43,965] multiqc                                            [DEBUG  ]  File ignored by ccs/v4 because it exceeded search pattern filesize limit: trimmed_LCM_32_S9_R1_001_fastqc.html
[2025-01-17 19:25:43,968] multiqc                                            [DEBUG  ]  File ignored by hicexplorer because it exceeded search pattern filesize limit: trimmed_LCM_32_S9_R1_001_fastqc.html
[2025-01-17 19:25:43,968] multiqc                                            [DEBUG  ]  File ignored by lima/summary because it exceeded search pattern filesize limit: trimmed_LCM_32_S9_R1_001_fastqc.html
[2025-01-17 19:25:43,972] multiqc                                            [DEBUG  ]  File ignored by vep/vep_txt because it exceeded search pattern filesize limit: trimmed_LCM_32_S9_R1_001_fastqc.html
[2025-01-17 19:25:43,973] multiqc                                            [DEBUG  ]  File ignored by longranger/invocation because it exceeded search pattern filesize limit: trimmed_LCM_32_S9_R1_001_fastqc.html
[2025-01-17 19:25:43,973] multiqc                                            [DEBUG  ]  File ignored by rockhopper because it exceeded search pattern filesize limit: trimmed_LCM_32_S9_R1_001_fastqc.html
[2025-01-17 19:25:43,973] multiqc                                            [DEBUG  ]  File ignored by rseqc/bam_stat because it exceeded search pattern filesize limit: trimmed_LCM_32_S9_R1_001_fastqc.html
[2025-01-17 19:25:43,973] multiqc                                            [DEBUG  ]  File ignored by rseqc/junction_annotation because it exceeded search pattern filesize limit: trimmed_LCM_32_S9_R1_001_fastqc.html
[2025-01-17 19:25:43,973] multiqc                                            [DEBUG  ]  File ignored by rseqc/read_distribution because it exceeded search pattern filesize limit: trimmed_LCM_32_S9_R1_001_fastqc.html
[2025-01-17 19:25:43,973] multiqc                                            [DEBUG  ]  File ignored by rseqc/infer_experiment because it exceeded search pattern filesize limit: trimmed_LCM_32_S9_R1_001_fastqc.html
[2025-01-17 19:25:44,010] multiqc                                            [DEBUG  ]  File ignored by nanostat because it exceeded search pattern filesize limit: trimmed_LCM_32_S9_R1_001_fastqc.html
[2025-01-17 19:25:44,048] multiqc                                            [DEBUG  ]  File ignored by ccs/v4 because it exceeded search pattern filesize limit: trimmed_LCM_32_S9_R2_001_fastqc.html
[2025-01-17 19:25:44,050] multiqc                                            [DEBUG  ]  File ignored by hicexplorer because it exceeded search pattern filesize limit: trimmed_LCM_32_S9_R2_001_fastqc.html
[2025-01-17 19:25:44,050] multiqc                                            [DEBUG  ]  File ignored by lima/summary because it exceeded search pattern filesize limit: trimmed_LCM_32_S9_R2_001_fastqc.html
[2025-01-17 19:25:44,055] multiqc                                            [DEBUG  ]  File ignored by vep/vep_txt because it exceeded search pattern filesize limit: trimmed_LCM_32_S9_R2_001_fastqc.html
[2025-01-17 19:25:44,055] multiqc                                            [DEBUG  ]  File ignored by longranger/invocation because it exceeded search pattern filesize limit: trimmed_LCM_32_S9_R2_001_fastqc.html
[2025-01-17 19:25:44,055] multiqc                                            [DEBUG  ]  File ignored by rockhopper because it exceeded search pattern filesize limit: trimmed_LCM_32_S9_R2_001_fastqc.html
[2025-01-17 19:25:44,055] multiqc                                            [DEBUG  ]  File ignored by rseqc/bam_stat because it exceeded search pattern filesize limit: trimmed_LCM_32_S9_R2_001_fastqc.html
[2025-01-17 19:25:44,055] multiqc                                            [DEBUG  ]  File ignored by rseqc/junction_annotation because it exceeded search pattern filesize limit: trimmed_LCM_32_S9_R2_001_fastqc.html
[2025-01-17 19:25:44,055] multiqc                                            [DEBUG  ]  File ignored by rseqc/read_distribution because it exceeded search pattern filesize limit: trimmed_LCM_32_S9_R2_001_fastqc.html
[2025-01-17 19:25:44,055] multiqc                                            [DEBUG  ]  File ignored by rseqc/infer_experiment because it exceeded search pattern filesize limit: trimmed_LCM_32_S9_R2_001_fastqc.html
[2025-01-17 19:25:44,092] multiqc                                            [DEBUG  ]  File ignored by nanostat because it exceeded search pattern filesize limit: trimmed_LCM_32_S9_R2_001_fastqc.html
[2025-01-17 19:25:44,232] multiqc                                            [DEBUG  ]  File ignored by ccs/v4 because it exceeded search pattern filesize limit: trimmed_LCM_33_S10_R1_001_fastqc.html
[2025-01-17 19:25:44,234] multiqc                                            [DEBUG  ]  File ignored by hicexplorer because it exceeded search pattern filesize limit: trimmed_LCM_33_S10_R1_001_fastqc.html
[2025-01-17 19:25:44,235] multiqc                                            [DEBUG  ]  File ignored by lima/summary because it exceeded search pattern filesize limit: trimmed_LCM_33_S10_R1_001_fastqc.html
[2025-01-17 19:25:44,238] multiqc                                            [DEBUG  ]  File ignored by vep/vep_txt because it exceeded search pattern filesize limit: trimmed_LCM_33_S10_R1_001_fastqc.html
[2025-01-17 19:25:44,239] multiqc                                            [DEBUG  ]  File ignored by longranger/invocation because it exceeded search pattern filesize limit: trimmed_LCM_33_S10_R1_001_fastqc.html
[2025-01-17 19:25:44,239] multiqc                                            [DEBUG  ]  File ignored by rockhopper because it exceeded search pattern filesize limit: trimmed_LCM_33_S10_R1_001_fastqc.html
[2025-01-17 19:25:44,239] multiqc                                            [DEBUG  ]  File ignored by rseqc/bam_stat because it exceeded search pattern filesize limit: trimmed_LCM_33_S10_R1_001_fastqc.html
[2025-01-17 19:25:44,239] multiqc                                            [DEBUG  ]  File ignored by rseqc/junction_annotation because it exceeded search pattern filesize limit: trimmed_LCM_33_S10_R1_001_fastqc.html
[2025-01-17 19:25:44,239] multiqc                                            [DEBUG  ]  File ignored by rseqc/read_distribution because it exceeded search pattern filesize limit: trimmed_LCM_33_S10_R1_001_fastqc.html
[2025-01-17 19:25:44,239] multiqc                                            [DEBUG  ]  File ignored by rseqc/infer_experiment because it exceeded search pattern filesize limit: trimmed_LCM_33_S10_R1_001_fastqc.html
[2025-01-17 19:25:44,274] multiqc                                            [DEBUG  ]  File ignored by nanostat because it exceeded search pattern filesize limit: trimmed_LCM_33_S10_R1_001_fastqc.html
[2025-01-17 19:25:44,324] multiqc                                            [DEBUG  ]  File ignored by ccs/v4 because it exceeded search pattern filesize limit: trimmed_LCM_33_S10_R2_001_fastqc.html
[2025-01-17 19:25:44,332] multiqc                                            [DEBUG  ]  File ignored by hicexplorer because it exceeded search pattern filesize limit: trimmed_LCM_33_S10_R2_001_fastqc.html
[2025-01-17 19:25:44,333] multiqc                                            [DEBUG  ]  File ignored by lima/summary because it exceeded search pattern filesize limit: trimmed_LCM_33_S10_R2_001_fastqc.html
[2025-01-17 19:25:44,335] multiqc                                            [DEBUG  ]  File ignored by vep/vep_txt because it exceeded search pattern filesize limit: trimmed_LCM_33_S10_R2_001_fastqc.html
[2025-01-17 19:25:44,336] multiqc                                            [DEBUG  ]  File ignored by longranger/invocation because it exceeded search pattern filesize limit: trimmed_LCM_33_S10_R2_001_fastqc.html
[2025-01-17 19:25:44,336] multiqc                                            [DEBUG  ]  File ignored by rockhopper because it exceeded search pattern filesize limit: trimmed_LCM_33_S10_R2_001_fastqc.html
[2025-01-17 19:25:44,336] multiqc                                            [DEBUG  ]  File ignored by rseqc/bam_stat because it exceeded search pattern filesize limit: trimmed_LCM_33_S10_R2_001_fastqc.html
[2025-01-17 19:25:44,336] multiqc                                            [DEBUG  ]  File ignored by rseqc/junction_annotation because it exceeded search pattern filesize limit: trimmed_LCM_33_S10_R2_001_fastqc.html
[2025-01-17 19:25:44,336] multiqc                                            [DEBUG  ]  File ignored by rseqc/read_distribution because it exceeded search pattern filesize limit: trimmed_LCM_33_S10_R2_001_fastqc.html
[2025-01-17 19:25:44,336] multiqc                                            [DEBUG  ]  File ignored by rseqc/infer_experiment because it exceeded search pattern filesize limit: trimmed_LCM_33_S10_R2_001_fastqc.html
[2025-01-17 19:25:44,371] multiqc                                            [DEBUG  ]  File ignored by nanostat because it exceeded search pattern filesize limit: trimmed_LCM_33_S10_R2_001_fastqc.html
[2025-01-17 19:25:44,473] multiqc                                            [DEBUG  ]  File ignored by ccs/v4 because it exceeded search pattern filesize limit: trimmed_LCM_3_S2_R1_001_fastqc.html
[2025-01-17 19:25:44,476] multiqc                                            [DEBUG  ]  File ignored by hicexplorer because it exceeded search pattern filesize limit: trimmed_LCM_3_S2_R1_001_fastqc.html
[2025-01-17 19:25:44,477] multiqc                                            [DEBUG  ]  File ignored by lima/summary because it exceeded search pattern filesize limit: trimmed_LCM_3_S2_R1_001_fastqc.html
[2025-01-17 19:25:44,482] multiqc                                            [DEBUG  ]  File ignored by vep/vep_txt because it exceeded search pattern filesize limit: trimmed_LCM_3_S2_R1_001_fastqc.html
[2025-01-17 19:25:44,483] multiqc                                            [DEBUG  ]  File ignored by longranger/invocation because it exceeded search pattern filesize limit: trimmed_LCM_3_S2_R1_001_fastqc.html
[2025-01-17 19:25:44,483] multiqc                                            [DEBUG  ]  File ignored by rockhopper because it exceeded search pattern filesize limit: trimmed_LCM_3_S2_R1_001_fastqc.html
[2025-01-17 19:25:44,483] multiqc                                            [DEBUG  ]  File ignored by rseqc/bam_stat because it exceeded search pattern filesize limit: trimmed_LCM_3_S2_R1_001_fastqc.html
[2025-01-17 19:25:44,483] multiqc                                            [DEBUG  ]  File ignored by rseqc/junction_annotation because it exceeded search pattern filesize limit: trimmed_LCM_3_S2_R1_001_fastqc.html
[2025-01-17 19:25:44,483] multiqc                                            [DEBUG  ]  File ignored by rseqc/read_distribution because it exceeded search pattern filesize limit: trimmed_LCM_3_S2_R1_001_fastqc.html
[2025-01-17 19:25:44,483] multiqc                                            [DEBUG  ]  File ignored by rseqc/infer_experiment because it exceeded search pattern filesize limit: trimmed_LCM_3_S2_R1_001_fastqc.html
[2025-01-17 19:25:44,519] multiqc                                            [DEBUG  ]  File ignored by nanostat because it exceeded search pattern filesize limit: trimmed_LCM_3_S2_R1_001_fastqc.html
[2025-01-17 19:25:44,723] multiqc                                            [DEBUG  ]  File ignored by ccs/v4 because it exceeded search pattern filesize limit: trimmed_LCM_3_S2_R2_001_fastqc.html
[2025-01-17 19:25:44,726] multiqc                                            [DEBUG  ]  File ignored by hicexplorer because it exceeded search pattern filesize limit: trimmed_LCM_3_S2_R2_001_fastqc.html
[2025-01-17 19:25:44,726] multiqc                                            [DEBUG  ]  File ignored by lima/summary because it exceeded search pattern filesize limit: trimmed_LCM_3_S2_R2_001_fastqc.html
[2025-01-17 19:25:44,732] multiqc                                            [DEBUG  ]  File ignored by vep/vep_txt because it exceeded search pattern filesize limit: trimmed_LCM_3_S2_R2_001_fastqc.html
[2025-01-17 19:25:44,733] multiqc                                            [DEBUG  ]  File ignored by longranger/invocation because it exceeded search pattern filesize limit: trimmed_LCM_3_S2_R2_001_fastqc.html
[2025-01-17 19:25:44,733] multiqc                                            [DEBUG  ]  File ignored by rockhopper because it exceeded search pattern filesize limit: trimmed_LCM_3_S2_R2_001_fastqc.html
[2025-01-17 19:25:44,733] multiqc                                            [DEBUG  ]  File ignored by rseqc/bam_stat because it exceeded search pattern filesize limit: trimmed_LCM_3_S2_R2_001_fastqc.html
[2025-01-17 19:25:44,733] multiqc                                            [DEBUG  ]  File ignored by rseqc/junction_annotation because it exceeded search pattern filesize limit: trimmed_LCM_3_S2_R2_001_fastqc.html
[2025-01-17 19:25:44,733] multiqc                                            [DEBUG  ]  File ignored by rseqc/read_distribution because it exceeded search pattern filesize limit: trimmed_LCM_3_S2_R2_001_fastqc.html
[2025-01-17 19:25:44,733] multiqc                                            [DEBUG  ]  File ignored by rseqc/infer_experiment because it exceeded search pattern filesize limit: trimmed_LCM_3_S2_R2_001_fastqc.html
[2025-01-17 19:25:44,772] multiqc                                            [DEBUG  ]  File ignored by nanostat because it exceeded search pattern filesize limit: trimmed_LCM_3_S2_R2_001_fastqc.html
[2025-01-17 19:25:44,862] multiqc                                            [DEBUG  ]  File ignored by ccs/v4 because it exceeded search pattern filesize limit: trimmed_Undetermined_S0_R1_001_fastqc.html
[2025-01-17 19:25:44,865] multiqc                                            [DEBUG  ]  File ignored by hicexplorer because it exceeded search pattern filesize limit: trimmed_Undetermined_S0_R1_001_fastqc.html
[2025-01-17 19:25:44,865] multiqc                                            [DEBUG  ]  File ignored by lima/summary because it exceeded search pattern filesize limit: trimmed_Undetermined_S0_R1_001_fastqc.html
[2025-01-17 19:25:44,868] multiqc                                            [DEBUG  ]  File ignored by vep/vep_txt because it exceeded search pattern filesize limit: trimmed_Undetermined_S0_R1_001_fastqc.html
[2025-01-17 19:25:44,868] multiqc                                            [DEBUG  ]  File ignored by longranger/invocation because it exceeded search pattern filesize limit: trimmed_Undetermined_S0_R1_001_fastqc.html
[2025-01-17 19:25:44,868] multiqc                                            [DEBUG  ]  File ignored by rockhopper because it exceeded search pattern filesize limit: trimmed_Undetermined_S0_R1_001_fastqc.html
[2025-01-17 19:25:44,868] multiqc                                            [DEBUG  ]  File ignored by rseqc/bam_stat because it exceeded search pattern filesize limit: trimmed_Undetermined_S0_R1_001_fastqc.html
[2025-01-17 19:25:44,869] multiqc                                            [DEBUG  ]  File ignored by rseqc/junction_annotation because it exceeded search pattern filesize limit: trimmed_Undetermined_S0_R1_001_fastqc.html
[2025-01-17 19:25:44,869] multiqc                                            [DEBUG  ]  File ignored by rseqc/read_distribution because it exceeded search pattern filesize limit: trimmed_Undetermined_S0_R1_001_fastqc.html
[2025-01-17 19:25:44,869] multiqc                                            [DEBUG  ]  File ignored by rseqc/infer_experiment because it exceeded search pattern filesize limit: trimmed_Undetermined_S0_R1_001_fastqc.html
[2025-01-17 19:25:44,904] multiqc                                            [DEBUG  ]  File ignored by nanostat because it exceeded search pattern filesize limit: trimmed_Undetermined_S0_R1_001_fastqc.html
[2025-01-17 19:25:44,991] multiqc                                            [DEBUG  ]  File ignored by ccs/v4 because it exceeded search pattern filesize limit: trimmed_Undetermined_S0_R2_001_fastqc.html
[2025-01-17 19:25:44,995] multiqc                                            [DEBUG  ]  File ignored by hicexplorer because it exceeded search pattern filesize limit: trimmed_Undetermined_S0_R2_001_fastqc.html
[2025-01-17 19:25:44,995] multiqc                                            [DEBUG  ]  File ignored by lima/summary because it exceeded search pattern filesize limit: trimmed_Undetermined_S0_R2_001_fastqc.html
[2025-01-17 19:25:44,999] multiqc                                            [DEBUG  ]  File ignored by vep/vep_txt because it exceeded search pattern filesize limit: trimmed_Undetermined_S0_R2_001_fastqc.html
[2025-01-17 19:25:44,999] multiqc                                            [DEBUG  ]  File ignored by longranger/invocation because it exceeded search pattern filesize limit: trimmed_Undetermined_S0_R2_001_fastqc.html
[2025-01-17 19:25:44,999] multiqc                                            [DEBUG  ]  File ignored by rockhopper because it exceeded search pattern filesize limit: trimmed_Undetermined_S0_R2_001_fastqc.html
[2025-01-17 19:25:44,999] multiqc                                            [DEBUG  ]  File ignored by rseqc/bam_stat because it exceeded search pattern filesize limit: trimmed_Undetermined_S0_R2_001_fastqc.html
[2025-01-17 19:25:44,999] multiqc                                            [DEBUG  ]  File ignored by rseqc/junction_annotation because it exceeded search pattern filesize limit: trimmed_Undetermined_S0_R2_001_fastqc.html
[2025-01-17 19:25:45,000] multiqc                                            [DEBUG  ]  File ignored by rseqc/read_distribution because it exceeded search pattern filesize limit: trimmed_Undetermined_S0_R2_001_fastqc.html
[2025-01-17 19:25:45,000] multiqc                                            [DEBUG  ]  File ignored by rseqc/infer_experiment because it exceeded search pattern filesize limit: trimmed_Undetermined_S0_R2_001_fastqc.html
[2025-01-17 19:25:45,037] multiqc                                            [DEBUG  ]  File ignored by nanostat because it exceeded search pattern filesize limit: trimmed_Undetermined_S0_R2_001_fastqc.html
[2025-01-17 19:25:48,545] multiqc.plots.linegraph                            [DEBUG  ]  Using matplotlib version 3.4.3
[2025-01-17 19:25:48,553] multiqc.plots.bargraph                             [DEBUG  ]  Using matplotlib version 3.4.3
[2025-01-17 19:25:54,268] multiqc.modules.fastqc.fastqc                      [INFO   ]  Found 22 reports
[2025-01-17 19:25:54,514] multiqc                                            [INFO   ]  Compressing plot data
[2025-01-17 19:25:55,008] multiqc                                            [INFO   ]  Report      : multiqc_report.html
[2025-01-17 19:25:55,008] multiqc                                            [INFO   ]  Data        : multiqc_data
[2025-01-17 19:25:55,008] multiqc                                            [DEBUG  ]  Moving data file from '/tmp/tmp51xjp8v0/multiqc_data' to '/project/pi_hputnam_uri_edu/zdellaert/LaserCoral/output_WGBS/trimmed_qc/multiqc_data'
[2025-01-17 19:25:55,501] multiqc                                            [INFO   ]  MultiQC complete
