[2025-02-01 15:30:51,350] multiqc                                            [DEBUG  ]  This is MultiQC v1.12
[2025-02-01 15:30:51,352] multiqc                                            [DEBUG  ]  No MultiQC config found: /modules/uri_apps/software/MultiQC/1.12-foss-2021b/lib/python3.9/site-packages/multiqc_config.yaml
[2025-02-01 15:30:51,353] multiqc                                            [DEBUG  ]  No MultiQC config found: /home/zdellaert_uri_edu/.multiqc_config.yaml
[2025-02-01 15:30:51,354] multiqc                                            [DEBUG  ]  No MultiQC config found: multiqc_config.yaml
[2025-02-01 15:30:51,354] multiqc                                            [DEBUG  ]  Command used: /modules/uri_apps/software/MultiQC/1.12-foss-2021b/bin/multiqc trimmed_V5_trimmed_V3_LCM_11_S3_R1_001_fastqc.html trimmed_V5_trimmed_V3_LCM_11_S3_R1_001_fastqc.zip trimmed_V5_trimmed_V3_LCM_11_S3_R2_001_fastqc.html trimmed_V5_trimmed_V3_LCM_11_S3_R2_001_fastqc.zip trimmed_V5_trimmed_V3_LCM_12_S4_R1_001_fastqc.html trimmed_V5_trimmed_V3_LCM_12_S4_R1_001_fastqc.zip trimmed_V5_trimmed_V3_LCM_12_S4_R2_001_fastqc.html trimmed_V5_trimmed_V3_LCM_12_S4_R2_001_fastqc.zip trimmed_V5_trimmed_V3_LCM_17_S7_R1_001_fastqc.html trimmed_V5_trimmed_V3_LCM_17_S7_R1_001_fastqc.zip trimmed_V5_trimmed_V3_LCM_17_S7_R2_001_fastqc.html trimmed_V5_trimmed_V3_LCM_17_S7_R2_001_fastqc.zip trimmed_V5_trimmed_V3_LCM_18_S8_R1_001_fastqc.html trimmed_V5_trimmed_V3_LCM_18_S8_R1_001_fastqc.zip trimmed_V5_trimmed_V3_LCM_18_S8_R2_001_fastqc.html trimmed_V5_trimmed_V3_LCM_18_S8_R2_001_fastqc.zip trimmed_V5_trimmed_V3_LCM_1_S1_R1_001_fastqc.html trimmed_V5_trimmed_V3_LCM_1_S1_R1_001_fastqc.zip trimmed_V5_trimmed_V3_LCM_1_S1_R2_001_fastqc.html trimmed_V5_trimmed_V3_LCM_1_S1_R2_001_fastqc.zip trimmed_V5_trimmed_V3_LCM_24_S5_R1_001_fastqc.html trimmed_V5_trimmed_V3_LCM_24_S5_R1_001_fastqc.zip trimmed_V5_trimmed_V3_LCM_24_S5_R2_001_fastqc.html trimmed_V5_trimmed_V3_LCM_24_S5_R2_001_fastqc.zip trimmed_V5_trimmed_V3_LCM_25_S6_R1_001_fastqc.html trimmed_V5_trimmed_V3_LCM_25_S6_R1_001_fastqc.zip trimmed_V5_trimmed_V3_LCM_25_S6_R2_001_fastqc.html trimmed_V5_trimmed_V3_LCM_25_S6_R2_001_fastqc.zip trimmed_V5_trimmed_V3_LCM_32_S9_R1_001_fastqc.html trimmed_V5_trimmed_V3_LCM_32_S9_R1_001_fastqc.zip trimmed_V5_trimmed_V3_LCM_32_S9_R2_001_fastqc.html trimmed_V5_trimmed_V3_LCM_32_S9_R2_001_fastqc.zip trimmed_V5_trimmed_V3_LCM_33_S10_R1_001_fastqc.html trimmed_V5_trimmed_V3_LCM_33_S10_R1_001_fastqc.zip trimmed_V5_trimmed_V3_LCM_33_S10_R2_001_fastqc.html trimmed_V5_trimmed_V3_LCM_33_S10_R2_001_fastqc.zip trimmed_V5_trimmed_V3_LCM_3_S2_R1_001_fastqc.html trimmed_V5_trimmed_V3_LCM_3_S2_R1_001_fastqc.zip trimmed_V5_trimmed_V3_LCM_3_S2_R2_001_fastqc.html trimmed_V5_trimmed_V3_LCM_3_S2_R2_001_fastqc.zip
[2025-02-01 15:30:52,064] multiqc                                            [WARNING]  MultiQC Version v1.27 now available!
[2025-02-01 15:30:52,064] multiqc                                            [DEBUG  ]  Command     : /modules/uri_apps/software/MultiQC/1.12-foss-2021b/bin/multiqc trimmed_V5_trimmed_V3_LCM_11_S3_R1_001_fastqc.html trimmed_V5_trimmed_V3_LCM_11_S3_R1_001_fastqc.zip trimmed_V5_trimmed_V3_LCM_11_S3_R2_001_fastqc.html trimmed_V5_trimmed_V3_LCM_11_S3_R2_001_fastqc.zip trimmed_V5_trimmed_V3_LCM_12_S4_R1_001_fastqc.html trimmed_V5_trimmed_V3_LCM_12_S4_R1_001_fastqc.zip trimmed_V5_trimmed_V3_LCM_12_S4_R2_001_fastqc.html trimmed_V5_trimmed_V3_LCM_12_S4_R2_001_fastqc.zip trimmed_V5_trimmed_V3_LCM_17_S7_R1_001_fastqc.html trimmed_V5_trimmed_V3_LCM_17_S7_R1_001_fastqc.zip trimmed_V5_trimmed_V3_LCM_17_S7_R2_001_fastqc.html trimmed_V5_trimmed_V3_LCM_17_S7_R2_001_fastqc.zip trimmed_V5_trimmed_V3_LCM_18_S8_R1_001_fastqc.html trimmed_V5_trimmed_V3_LCM_18_S8_R1_001_fastqc.zip trimmed_V5_trimmed_V3_LCM_18_S8_R2_001_fastqc.html trimmed_V5_trimmed_V3_LCM_18_S8_R2_001_fastqc.zip trimmed_V5_trimmed_V3_LCM_1_S1_R1_001_fastqc.html trimmed_V5_trimmed_V3_LCM_1_S1_R1_001_fastqc.zip trimmed_V5_trimmed_V3_LCM_1_S1_R2_001_fastqc.html trimmed_V5_trimmed_V3_LCM_1_S1_R2_001_fastqc.zip trimmed_V5_trimmed_V3_LCM_24_S5_R1_001_fastqc.html trimmed_V5_trimmed_V3_LCM_24_S5_R1_001_fastqc.zip trimmed_V5_trimmed_V3_LCM_24_S5_R2_001_fastqc.html trimmed_V5_trimmed_V3_LCM_24_S5_R2_001_fastqc.zip trimmed_V5_trimmed_V3_LCM_25_S6_R1_001_fastqc.html trimmed_V5_trimmed_V3_LCM_25_S6_R1_001_fastqc.zip trimmed_V5_trimmed_V3_LCM_25_S6_R2_001_fastqc.html trimmed_V5_trimmed_V3_LCM_25_S6_R2_001_fastqc.zip trimmed_V5_trimmed_V3_LCM_32_S9_R1_001_fastqc.html trimmed_V5_trimmed_V3_LCM_32_S9_R1_001_fastqc.zip trimmed_V5_trimmed_V3_LCM_32_S9_R2_001_fastqc.html trimmed_V5_trimmed_V3_LCM_32_S9_R2_001_fastqc.zip trimmed_V5_trimmed_V3_LCM_33_S10_R1_001_fastqc.html trimmed_V5_trimmed_V3_LCM_33_S10_R1_001_fastqc.zip trimmed_V5_trimmed_V3_LCM_33_S10_R2_001_fastqc.html trimmed_V5_trimmed_V3_LCM_33_S10_R2_001_fastqc.zip trimmed_V5_trimmed_V3_LCM_3_S2_R1_001_fastqc.html trimmed_V5_trimmed_V3_LCM_3_S2_R1_001_fastqc.zip trimmed_V5_trimmed_V3_LCM_3_S2_R2_001_fastqc.html trimmed_V5_trimmed_V3_LCM_3_S2_R2_001_fastqc.zip
[2025-02-01 15:30:52,064] multiqc                                            [DEBUG  ]  Working dir : /project/pi_hputnam_uri_edu/zdellaert/LaserCoral/output_WGBS/trimmed_V5_qc
[2025-02-01 15:30:52,064] multiqc                                            [DEBUG  ]  Template    : default
[2025-02-01 15:30:52,064] multiqc                                            [DEBUG  ]  Running Python 3.9.6 (default, Nov 15 2024, 16:57:16)  [GCC 11.2.0]
[2025-02-01 15:30:52,066] multiqc                                            [DEBUG  ]  Analysing modules: custom_content, ccs, ngsderive, purple, conpair, lima, peddy, somalier, methylQA, mosdepth, phantompeakqualtools, qualimap, preseq, quast, qorts, rna_seqc, rockhopper, rsem, rseqc, busco, bustools, goleft_indexcov, gffcompare, disambiguate, supernova, deeptools, sargasso, verifybamid, mirtrace, happy, mirtop, sambamba, homer, hops, macs2, theta2, snpeff, gatk, htseq, bcftools, featureCounts, fgbio, dragen, dedup, pbmarkdup, damageprofiler, biobambam2, jcvi, mtnucratio, picard, vep, sentieon, prokka, qc3C, nanostat, samblaster, samtools, sexdeterrmine, eigenstratdatabasetools, bamtools, jellyfish, vcftools, longranger, stacks, varscan2, snippy, bbmap, bismark, biscuit, hicexplorer, hicup, hicpro, salmon, kallisto, slamdunk, star, hisat2, tophat, bowtie2, bowtie1, snpsplit, odgi, pangolin, kat, leehom, adapterRemoval, clipandmerge, cutadapt, flexbar, kaiju, kraken, malt, trimmomatic, sickle, skewer, sortmerna, biobloomtools, fastq_screen, afterqc, fastp, fastqc, pychopper, pycoqc, minionqc, multivcfanalyzer, clusterflow, checkqc, bcl2fastq, bclconvert, interop, ivar, flash, seqyclean, optitype, whatshap
[2025-02-01 15:30:52,066] multiqc                                            [DEBUG  ]  Using temporary directory for creating report: /tmp/tmp_vxi6u49
[2025-02-01 15:30:52,477] multiqc                                            [INFO   ]  Search path : /project/pi_hputnam_uri_edu/zdellaert/LaserCoral/output_WGBS/trimmed_V5_qc/trimmed_V5_trimmed_V3_LCM_11_S3_R1_001_fastqc.html
[2025-02-01 15:30:52,477] multiqc                                            [INFO   ]  Search path : /project/pi_hputnam_uri_edu/zdellaert/LaserCoral/output_WGBS/trimmed_V5_qc/trimmed_V5_trimmed_V3_LCM_11_S3_R1_001_fastqc.zip
[2025-02-01 15:30:52,478] multiqc                                            [INFO   ]  Search path : /project/pi_hputnam_uri_edu/zdellaert/LaserCoral/output_WGBS/trimmed_V5_qc/trimmed_V5_trimmed_V3_LCM_11_S3_R2_001_fastqc.html
[2025-02-01 15:30:52,478] multiqc                                            [INFO   ]  Search path : /project/pi_hputnam_uri_edu/zdellaert/LaserCoral/output_WGBS/trimmed_V5_qc/trimmed_V5_trimmed_V3_LCM_11_S3_R2_001_fastqc.zip
[2025-02-01 15:30:52,478] multiqc                                            [INFO   ]  Search path : /project/pi_hputnam_uri_edu/zdellaert/LaserCoral/output_WGBS/trimmed_V5_qc/trimmed_V5_trimmed_V3_LCM_12_S4_R1_001_fastqc.html
[2025-02-01 15:30:52,478] multiqc                                            [INFO   ]  Search path : /project/pi_hputnam_uri_edu/zdellaert/LaserCoral/output_WGBS/trimmed_V5_qc/trimmed_V5_trimmed_V3_LCM_12_S4_R1_001_fastqc.zip
[2025-02-01 15:30:52,478] multiqc                                            [INFO   ]  Search path : /project/pi_hputnam_uri_edu/zdellaert/LaserCoral/output_WGBS/trimmed_V5_qc/trimmed_V5_trimmed_V3_LCM_12_S4_R2_001_fastqc.html
[2025-02-01 15:30:52,478] multiqc                                            [INFO   ]  Search path : /project/pi_hputnam_uri_edu/zdellaert/LaserCoral/output_WGBS/trimmed_V5_qc/trimmed_V5_trimmed_V3_LCM_12_S4_R2_001_fastqc.zip
[2025-02-01 15:30:52,478] multiqc                                            [INFO   ]  Search path : /project/pi_hputnam_uri_edu/zdellaert/LaserCoral/output_WGBS/trimmed_V5_qc/trimmed_V5_trimmed_V3_LCM_17_S7_R1_001_fastqc.html
[2025-02-01 15:30:52,479] multiqc                                            [INFO   ]  Search path : /project/pi_hputnam_uri_edu/zdellaert/LaserCoral/output_WGBS/trimmed_V5_qc/trimmed_V5_trimmed_V3_LCM_17_S7_R1_001_fastqc.zip
[2025-02-01 15:30:52,479] multiqc                                            [INFO   ]  Search path : /project/pi_hputnam_uri_edu/zdellaert/LaserCoral/output_WGBS/trimmed_V5_qc/trimmed_V5_trimmed_V3_LCM_17_S7_R2_001_fastqc.html
[2025-02-01 15:30:52,479] multiqc                                            [INFO   ]  Search path : /project/pi_hputnam_uri_edu/zdellaert/LaserCoral/output_WGBS/trimmed_V5_qc/trimmed_V5_trimmed_V3_LCM_17_S7_R2_001_fastqc.zip
[2025-02-01 15:30:52,479] multiqc                                            [INFO   ]  Search path : /project/pi_hputnam_uri_edu/zdellaert/LaserCoral/output_WGBS/trimmed_V5_qc/trimmed_V5_trimmed_V3_LCM_18_S8_R1_001_fastqc.html
[2025-02-01 15:30:52,479] multiqc                                            [INFO   ]  Search path : /project/pi_hputnam_uri_edu/zdellaert/LaserCoral/output_WGBS/trimmed_V5_qc/trimmed_V5_trimmed_V3_LCM_18_S8_R1_001_fastqc.zip
[2025-02-01 15:30:52,479] multiqc                                            [INFO   ]  Search path : /project/pi_hputnam_uri_edu/zdellaert/LaserCoral/output_WGBS/trimmed_V5_qc/trimmed_V5_trimmed_V3_LCM_18_S8_R2_001_fastqc.html
[2025-02-01 15:30:52,479] multiqc                                            [INFO   ]  Search path : /project/pi_hputnam_uri_edu/zdellaert/LaserCoral/output_WGBS/trimmed_V5_qc/trimmed_V5_trimmed_V3_LCM_18_S8_R2_001_fastqc.zip
[2025-02-01 15:30:52,479] multiqc                                            [INFO   ]  Search path : /project/pi_hputnam_uri_edu/zdellaert/LaserCoral/output_WGBS/trimmed_V5_qc/trimmed_V5_trimmed_V3_LCM_1_S1_R1_001_fastqc.html
[2025-02-01 15:30:52,480] multiqc                                            [INFO   ]  Search path : /project/pi_hputnam_uri_edu/zdellaert/LaserCoral/output_WGBS/trimmed_V5_qc/trimmed_V5_trimmed_V3_LCM_1_S1_R1_001_fastqc.zip
[2025-02-01 15:30:52,480] multiqc                                            [INFO   ]  Search path : /project/pi_hputnam_uri_edu/zdellaert/LaserCoral/output_WGBS/trimmed_V5_qc/trimmed_V5_trimmed_V3_LCM_1_S1_R2_001_fastqc.html
[2025-02-01 15:30:52,480] multiqc                                            [INFO   ]  Search path : /project/pi_hputnam_uri_edu/zdellaert/LaserCoral/output_WGBS/trimmed_V5_qc/trimmed_V5_trimmed_V3_LCM_1_S1_R2_001_fastqc.zip
[2025-02-01 15:30:52,480] multiqc                                            [INFO   ]  Search path : /project/pi_hputnam_uri_edu/zdellaert/LaserCoral/output_WGBS/trimmed_V5_qc/trimmed_V5_trimmed_V3_LCM_24_S5_R1_001_fastqc.html
[2025-02-01 15:30:52,480] multiqc                                            [INFO   ]  Search path : /project/pi_hputnam_uri_edu/zdellaert/LaserCoral/output_WGBS/trimmed_V5_qc/trimmed_V5_trimmed_V3_LCM_24_S5_R1_001_fastqc.zip
[2025-02-01 15:30:52,480] multiqc                                            [INFO   ]  Search path : /project/pi_hputnam_uri_edu/zdellaert/LaserCoral/output_WGBS/trimmed_V5_qc/trimmed_V5_trimmed_V3_LCM_24_S5_R2_001_fastqc.html
[2025-02-01 15:30:52,480] multiqc                                            [INFO   ]  Search path : /project/pi_hputnam_uri_edu/zdellaert/LaserCoral/output_WGBS/trimmed_V5_qc/trimmed_V5_trimmed_V3_LCM_24_S5_R2_001_fastqc.zip
[2025-02-01 15:30:52,480] multiqc                                            [INFO   ]  Search path : /project/pi_hputnam_uri_edu/zdellaert/LaserCoral/output_WGBS/trimmed_V5_qc/trimmed_V5_trimmed_V3_LCM_25_S6_R1_001_fastqc.html
[2025-02-01 15:30:52,481] multiqc                                            [INFO   ]  Search path : /project/pi_hputnam_uri_edu/zdellaert/LaserCoral/output_WGBS/trimmed_V5_qc/trimmed_V5_trimmed_V3_LCM_25_S6_R1_001_fastqc.zip
[2025-02-01 15:30:52,481] multiqc                                            [INFO   ]  Search path : /project/pi_hputnam_uri_edu/zdellaert/LaserCoral/output_WGBS/trimmed_V5_qc/trimmed_V5_trimmed_V3_LCM_25_S6_R2_001_fastqc.html
[2025-02-01 15:30:52,481] multiqc                                            [INFO   ]  Search path : /project/pi_hputnam_uri_edu/zdellaert/LaserCoral/output_WGBS/trimmed_V5_qc/trimmed_V5_trimmed_V3_LCM_25_S6_R2_001_fastqc.zip
[2025-02-01 15:30:52,481] multiqc                                            [INFO   ]  Search path : /project/pi_hputnam_uri_edu/zdellaert/LaserCoral/output_WGBS/trimmed_V5_qc/trimmed_V5_trimmed_V3_LCM_32_S9_R1_001_fastqc.html
[2025-02-01 15:30:52,481] multiqc                                            [INFO   ]  Search path : /project/pi_hputnam_uri_edu/zdellaert/LaserCoral/output_WGBS/trimmed_V5_qc/trimmed_V5_trimmed_V3_LCM_32_S9_R1_001_fastqc.zip
[2025-02-01 15:30:52,481] multiqc                                            [INFO   ]  Search path : /project/pi_hputnam_uri_edu/zdellaert/LaserCoral/output_WGBS/trimmed_V5_qc/trimmed_V5_trimmed_V3_LCM_32_S9_R2_001_fastqc.html
[2025-02-01 15:30:52,481] multiqc                                            [INFO   ]  Search path : /project/pi_hputnam_uri_edu/zdellaert/LaserCoral/output_WGBS/trimmed_V5_qc/trimmed_V5_trimmed_V3_LCM_32_S9_R2_001_fastqc.zip
[2025-02-01 15:30:52,482] multiqc                                            [INFO   ]  Search path : /project/pi_hputnam_uri_edu/zdellaert/LaserCoral/output_WGBS/trimmed_V5_qc/trimmed_V5_trimmed_V3_LCM_33_S10_R1_001_fastqc.html
[2025-02-01 15:30:52,482] multiqc                                            [INFO   ]  Search path : /project/pi_hputnam_uri_edu/zdellaert/LaserCoral/output_WGBS/trimmed_V5_qc/trimmed_V5_trimmed_V3_LCM_33_S10_R1_001_fastqc.zip
[2025-02-01 15:30:52,482] multiqc                                            [INFO   ]  Search path : /project/pi_hputnam_uri_edu/zdellaert/LaserCoral/output_WGBS/trimmed_V5_qc/trimmed_V5_trimmed_V3_LCM_33_S10_R2_001_fastqc.html
[2025-02-01 15:30:52,482] multiqc                                            [INFO   ]  Search path : /project/pi_hputnam_uri_edu/zdellaert/LaserCoral/output_WGBS/trimmed_V5_qc/trimmed_V5_trimmed_V3_LCM_33_S10_R2_001_fastqc.zip
[2025-02-01 15:30:52,482] multiqc                                            [INFO   ]  Search path : /project/pi_hputnam_uri_edu/zdellaert/LaserCoral/output_WGBS/trimmed_V5_qc/trimmed_V5_trimmed_V3_LCM_3_S2_R1_001_fastqc.html
[2025-02-01 15:30:52,482] multiqc                                            [INFO   ]  Search path : /project/pi_hputnam_uri_edu/zdellaert/LaserCoral/output_WGBS/trimmed_V5_qc/trimmed_V5_trimmed_V3_LCM_3_S2_R1_001_fastqc.zip
[2025-02-01 15:30:52,482] multiqc                                            [INFO   ]  Search path : /project/pi_hputnam_uri_edu/zdellaert/LaserCoral/output_WGBS/trimmed_V5_qc/trimmed_V5_trimmed_V3_LCM_3_S2_R2_001_fastqc.html
[2025-02-01 15:30:52,482] multiqc                                            [INFO   ]  Search path : /project/pi_hputnam_uri_edu/zdellaert/LaserCoral/output_WGBS/trimmed_V5_qc/trimmed_V5_trimmed_V3_LCM_3_S2_R2_001_fastqc.zip
[2025-02-01 15:30:52,526] multiqc                                            [DEBUG  ]  File ignored by ccs/v4 because it exceeded search pattern filesize limit: trimmed_V5_trimmed_V3_LCM_11_S3_R1_001_fastqc.html
[2025-02-01 15:30:52,528] multiqc                                            [DEBUG  ]  File ignored by hicexplorer because it exceeded search pattern filesize limit: trimmed_V5_trimmed_V3_LCM_11_S3_R1_001_fastqc.html
[2025-02-01 15:30:52,528] multiqc                                            [DEBUG  ]  File ignored by lima/summary because it exceeded search pattern filesize limit: trimmed_V5_trimmed_V3_LCM_11_S3_R1_001_fastqc.html
[2025-02-01 15:30:52,530] multiqc                                            [DEBUG  ]  File ignored by vep/vep_txt because it exceeded search pattern filesize limit: trimmed_V5_trimmed_V3_LCM_11_S3_R1_001_fastqc.html
[2025-02-01 15:30:52,530] multiqc                                            [DEBUG  ]  File ignored by longranger/invocation because it exceeded search pattern filesize limit: trimmed_V5_trimmed_V3_LCM_11_S3_R1_001_fastqc.html
[2025-02-01 15:30:52,530] multiqc                                            [DEBUG  ]  File ignored by rockhopper because it exceeded search pattern filesize limit: trimmed_V5_trimmed_V3_LCM_11_S3_R1_001_fastqc.html
[2025-02-01 15:30:52,530] multiqc                                            [DEBUG  ]  File ignored by rseqc/bam_stat because it exceeded search pattern filesize limit: trimmed_V5_trimmed_V3_LCM_11_S3_R1_001_fastqc.html
[2025-02-01 15:30:52,530] multiqc                                            [DEBUG  ]  File ignored by rseqc/junction_annotation because it exceeded search pattern filesize limit: trimmed_V5_trimmed_V3_LCM_11_S3_R1_001_fastqc.html
[2025-02-01 15:30:52,530] multiqc                                            [DEBUG  ]  File ignored by rseqc/read_distribution because it exceeded search pattern filesize limit: trimmed_V5_trimmed_V3_LCM_11_S3_R1_001_fastqc.html
[2025-02-01 15:30:52,531] multiqc                                            [DEBUG  ]  File ignored by rseqc/infer_experiment because it exceeded search pattern filesize limit: trimmed_V5_trimmed_V3_LCM_11_S3_R1_001_fastqc.html
[2025-02-01 15:30:52,556] multiqc                                            [DEBUG  ]  File ignored by nanostat because it exceeded search pattern filesize limit: trimmed_V5_trimmed_V3_LCM_11_S3_R1_001_fastqc.html
[2025-02-01 15:30:52,563] multiqc                                            [DEBUG  ]  File ignored by ccs/v4 because it exceeded search pattern filesize limit: trimmed_V5_trimmed_V3_LCM_11_S3_R2_001_fastqc.html
[2025-02-01 15:30:52,564] multiqc                                            [DEBUG  ]  File ignored by hicexplorer because it exceeded search pattern filesize limit: trimmed_V5_trimmed_V3_LCM_11_S3_R2_001_fastqc.html
[2025-02-01 15:30:52,564] multiqc                                            [DEBUG  ]  File ignored by lima/summary because it exceeded search pattern filesize limit: trimmed_V5_trimmed_V3_LCM_11_S3_R2_001_fastqc.html
[2025-02-01 15:30:52,566] multiqc                                            [DEBUG  ]  File ignored by vep/vep_txt because it exceeded search pattern filesize limit: trimmed_V5_trimmed_V3_LCM_11_S3_R2_001_fastqc.html
[2025-02-01 15:30:52,566] multiqc                                            [DEBUG  ]  File ignored by longranger/invocation because it exceeded search pattern filesize limit: trimmed_V5_trimmed_V3_LCM_11_S3_R2_001_fastqc.html
[2025-02-01 15:30:52,566] multiqc                                            [DEBUG  ]  File ignored by rockhopper because it exceeded search pattern filesize limit: trimmed_V5_trimmed_V3_LCM_11_S3_R2_001_fastqc.html
[2025-02-01 15:30:52,566] multiqc                                            [DEBUG  ]  File ignored by rseqc/bam_stat because it exceeded search pattern filesize limit: trimmed_V5_trimmed_V3_LCM_11_S3_R2_001_fastqc.html
[2025-02-01 15:30:52,566] multiqc                                            [DEBUG  ]  File ignored by rseqc/junction_annotation because it exceeded search pattern filesize limit: trimmed_V5_trimmed_V3_LCM_11_S3_R2_001_fastqc.html
[2025-02-01 15:30:52,566] multiqc                                            [DEBUG  ]  File ignored by rseqc/read_distribution because it exceeded search pattern filesize limit: trimmed_V5_trimmed_V3_LCM_11_S3_R2_001_fastqc.html
[2025-02-01 15:30:52,566] multiqc                                            [DEBUG  ]  File ignored by rseqc/infer_experiment because it exceeded search pattern filesize limit: trimmed_V5_trimmed_V3_LCM_11_S3_R2_001_fastqc.html
[2025-02-01 15:30:52,590] multiqc                                            [DEBUG  ]  File ignored by nanostat because it exceeded search pattern filesize limit: trimmed_V5_trimmed_V3_LCM_11_S3_R2_001_fastqc.html
[2025-02-01 15:30:52,596] multiqc                                            [DEBUG  ]  File ignored by ccs/v4 because it exceeded search pattern filesize limit: trimmed_V5_trimmed_V3_LCM_12_S4_R1_001_fastqc.html
[2025-02-01 15:30:52,597] multiqc                                            [DEBUG  ]  File ignored by hicexplorer because it exceeded search pattern filesize limit: trimmed_V5_trimmed_V3_LCM_12_S4_R1_001_fastqc.html
[2025-02-01 15:30:52,597] multiqc                                            [DEBUG  ]  File ignored by lima/summary because it exceeded search pattern filesize limit: trimmed_V5_trimmed_V3_LCM_12_S4_R1_001_fastqc.html
[2025-02-01 15:30:52,599] multiqc                                            [DEBUG  ]  File ignored by vep/vep_txt because it exceeded search pattern filesize limit: trimmed_V5_trimmed_V3_LCM_12_S4_R1_001_fastqc.html
[2025-02-01 15:30:52,599] multiqc                                            [DEBUG  ]  File ignored by longranger/invocation because it exceeded search pattern filesize limit: trimmed_V5_trimmed_V3_LCM_12_S4_R1_001_fastqc.html
[2025-02-01 15:30:52,599] multiqc                                            [DEBUG  ]  File ignored by rockhopper because it exceeded search pattern filesize limit: trimmed_V5_trimmed_V3_LCM_12_S4_R1_001_fastqc.html
[2025-02-01 15:30:52,599] multiqc                                            [DEBUG  ]  File ignored by rseqc/bam_stat because it exceeded search pattern filesize limit: trimmed_V5_trimmed_V3_LCM_12_S4_R1_001_fastqc.html
[2025-02-01 15:30:52,599] multiqc                                            [DEBUG  ]  File ignored by rseqc/junction_annotation because it exceeded search pattern filesize limit: trimmed_V5_trimmed_V3_LCM_12_S4_R1_001_fastqc.html
[2025-02-01 15:30:52,599] multiqc                                            [DEBUG  ]  File ignored by rseqc/read_distribution because it exceeded search pattern filesize limit: trimmed_V5_trimmed_V3_LCM_12_S4_R1_001_fastqc.html
[2025-02-01 15:30:52,599] multiqc                                            [DEBUG  ]  File ignored by rseqc/infer_experiment because it exceeded search pattern filesize limit: trimmed_V5_trimmed_V3_LCM_12_S4_R1_001_fastqc.html
[2025-02-01 15:30:52,623] multiqc                                            [DEBUG  ]  File ignored by nanostat because it exceeded search pattern filesize limit: trimmed_V5_trimmed_V3_LCM_12_S4_R1_001_fastqc.html
[2025-02-01 15:30:52,630] multiqc                                            [DEBUG  ]  File ignored by ccs/v4 because it exceeded search pattern filesize limit: trimmed_V5_trimmed_V3_LCM_12_S4_R2_001_fastqc.html
[2025-02-01 15:30:52,630] multiqc                                            [DEBUG  ]  File ignored by hicexplorer because it exceeded search pattern filesize limit: trimmed_V5_trimmed_V3_LCM_12_S4_R2_001_fastqc.html
[2025-02-01 15:30:52,631] multiqc                                            [DEBUG  ]  File ignored by lima/summary because it exceeded search pattern filesize limit: trimmed_V5_trimmed_V3_LCM_12_S4_R2_001_fastqc.html
[2025-02-01 15:30:52,632] multiqc                                            [DEBUG  ]  File ignored by vep/vep_txt because it exceeded search pattern filesize limit: trimmed_V5_trimmed_V3_LCM_12_S4_R2_001_fastqc.html
[2025-02-01 15:30:52,632] multiqc                                            [DEBUG  ]  File ignored by longranger/invocation because it exceeded search pattern filesize limit: trimmed_V5_trimmed_V3_LCM_12_S4_R2_001_fastqc.html
[2025-02-01 15:30:52,632] multiqc                                            [DEBUG  ]  File ignored by rockhopper because it exceeded search pattern filesize limit: trimmed_V5_trimmed_V3_LCM_12_S4_R2_001_fastqc.html
[2025-02-01 15:30:52,632] multiqc                                            [DEBUG  ]  File ignored by rseqc/bam_stat because it exceeded search pattern filesize limit: trimmed_V5_trimmed_V3_LCM_12_S4_R2_001_fastqc.html
[2025-02-01 15:30:52,632] multiqc                                            [DEBUG  ]  File ignored by rseqc/junction_annotation because it exceeded search pattern filesize limit: trimmed_V5_trimmed_V3_LCM_12_S4_R2_001_fastqc.html
[2025-02-01 15:30:52,632] multiqc                                            [DEBUG  ]  File ignored by rseqc/read_distribution because it exceeded search pattern filesize limit: trimmed_V5_trimmed_V3_LCM_12_S4_R2_001_fastqc.html
[2025-02-01 15:30:52,632] multiqc                                            [DEBUG  ]  File ignored by rseqc/infer_experiment because it exceeded search pattern filesize limit: trimmed_V5_trimmed_V3_LCM_12_S4_R2_001_fastqc.html
[2025-02-01 15:30:52,656] multiqc                                            [DEBUG  ]  File ignored by nanostat because it exceeded search pattern filesize limit: trimmed_V5_trimmed_V3_LCM_12_S4_R2_001_fastqc.html
[2025-02-01 15:30:52,666] multiqc                                            [DEBUG  ]  File ignored by ccs/v4 because it exceeded search pattern filesize limit: trimmed_V5_trimmed_V3_LCM_17_S7_R1_001_fastqc.html
[2025-02-01 15:30:52,667] multiqc                                            [DEBUG  ]  File ignored by hicexplorer because it exceeded search pattern filesize limit: trimmed_V5_trimmed_V3_LCM_17_S7_R1_001_fastqc.html
[2025-02-01 15:30:52,667] multiqc                                            [DEBUG  ]  File ignored by lima/summary because it exceeded search pattern filesize limit: trimmed_V5_trimmed_V3_LCM_17_S7_R1_001_fastqc.html
[2025-02-01 15:30:52,669] multiqc                                            [DEBUG  ]  File ignored by vep/vep_txt because it exceeded search pattern filesize limit: trimmed_V5_trimmed_V3_LCM_17_S7_R1_001_fastqc.html
[2025-02-01 15:30:52,669] multiqc                                            [DEBUG  ]  File ignored by longranger/invocation because it exceeded search pattern filesize limit: trimmed_V5_trimmed_V3_LCM_17_S7_R1_001_fastqc.html
[2025-02-01 15:30:52,669] multiqc                                            [DEBUG  ]  File ignored by rockhopper because it exceeded search pattern filesize limit: trimmed_V5_trimmed_V3_LCM_17_S7_R1_001_fastqc.html
[2025-02-01 15:30:52,669] multiqc                                            [DEBUG  ]  File ignored by rseqc/bam_stat because it exceeded search pattern filesize limit: trimmed_V5_trimmed_V3_LCM_17_S7_R1_001_fastqc.html
[2025-02-01 15:30:52,669] multiqc                                            [DEBUG  ]  File ignored by rseqc/junction_annotation because it exceeded search pattern filesize limit: trimmed_V5_trimmed_V3_LCM_17_S7_R1_001_fastqc.html
[2025-02-01 15:30:52,669] multiqc                                            [DEBUG  ]  File ignored by rseqc/read_distribution because it exceeded search pattern filesize limit: trimmed_V5_trimmed_V3_LCM_17_S7_R1_001_fastqc.html
[2025-02-01 15:30:52,669] multiqc                                            [DEBUG  ]  File ignored by rseqc/infer_experiment because it exceeded search pattern filesize limit: trimmed_V5_trimmed_V3_LCM_17_S7_R1_001_fastqc.html
[2025-02-01 15:30:52,693] multiqc                                            [DEBUG  ]  File ignored by nanostat because it exceeded search pattern filesize limit: trimmed_V5_trimmed_V3_LCM_17_S7_R1_001_fastqc.html
[2025-02-01 15:30:52,699] multiqc                                            [DEBUG  ]  File ignored by ccs/v4 because it exceeded search pattern filesize limit: trimmed_V5_trimmed_V3_LCM_17_S7_R2_001_fastqc.html
[2025-02-01 15:30:52,700] multiqc                                            [DEBUG  ]  File ignored by hicexplorer because it exceeded search pattern filesize limit: trimmed_V5_trimmed_V3_LCM_17_S7_R2_001_fastqc.html
[2025-02-01 15:30:52,700] multiqc                                            [DEBUG  ]  File ignored by lima/summary because it exceeded search pattern filesize limit: trimmed_V5_trimmed_V3_LCM_17_S7_R2_001_fastqc.html
[2025-02-01 15:30:52,702] multiqc                                            [DEBUG  ]  File ignored by vep/vep_txt because it exceeded search pattern filesize limit: trimmed_V5_trimmed_V3_LCM_17_S7_R2_001_fastqc.html
[2025-02-01 15:30:52,702] multiqc                                            [DEBUG  ]  File ignored by longranger/invocation because it exceeded search pattern filesize limit: trimmed_V5_trimmed_V3_LCM_17_S7_R2_001_fastqc.html
[2025-02-01 15:30:52,702] multiqc                                            [DEBUG  ]  File ignored by rockhopper because it exceeded search pattern filesize limit: trimmed_V5_trimmed_V3_LCM_17_S7_R2_001_fastqc.html
[2025-02-01 15:30:52,702] multiqc                                            [DEBUG  ]  File ignored by rseqc/bam_stat because it exceeded search pattern filesize limit: trimmed_V5_trimmed_V3_LCM_17_S7_R2_001_fastqc.html
[2025-02-01 15:30:52,702] multiqc                                            [DEBUG  ]  File ignored by rseqc/junction_annotation because it exceeded search pattern filesize limit: trimmed_V5_trimmed_V3_LCM_17_S7_R2_001_fastqc.html
[2025-02-01 15:30:52,702] multiqc                                            [DEBUG  ]  File ignored by rseqc/read_distribution because it exceeded search pattern filesize limit: trimmed_V5_trimmed_V3_LCM_17_S7_R2_001_fastqc.html
[2025-02-01 15:30:52,702] multiqc                                            [DEBUG  ]  File ignored by rseqc/infer_experiment because it exceeded search pattern filesize limit: trimmed_V5_trimmed_V3_LCM_17_S7_R2_001_fastqc.html
[2025-02-01 15:30:52,726] multiqc                                            [DEBUG  ]  File ignored by nanostat because it exceeded search pattern filesize limit: trimmed_V5_trimmed_V3_LCM_17_S7_R2_001_fastqc.html
[2025-02-01 15:30:52,732] multiqc                                            [DEBUG  ]  File ignored by ccs/v4 because it exceeded search pattern filesize limit: trimmed_V5_trimmed_V3_LCM_18_S8_R1_001_fastqc.html
[2025-02-01 15:30:52,733] multiqc                                            [DEBUG  ]  File ignored by hicexplorer because it exceeded search pattern filesize limit: trimmed_V5_trimmed_V3_LCM_18_S8_R1_001_fastqc.html
[2025-02-01 15:30:52,733] multiqc                                            [DEBUG  ]  File ignored by lima/summary because it exceeded search pattern filesize limit: trimmed_V5_trimmed_V3_LCM_18_S8_R1_001_fastqc.html
[2025-02-01 15:30:52,735] multiqc                                            [DEBUG  ]  File ignored by vep/vep_txt because it exceeded search pattern filesize limit: trimmed_V5_trimmed_V3_LCM_18_S8_R1_001_fastqc.html
[2025-02-01 15:30:52,735] multiqc                                            [DEBUG  ]  File ignored by longranger/invocation because it exceeded search pattern filesize limit: trimmed_V5_trimmed_V3_LCM_18_S8_R1_001_fastqc.html
[2025-02-01 15:30:52,735] multiqc                                            [DEBUG  ]  File ignored by rockhopper because it exceeded search pattern filesize limit: trimmed_V5_trimmed_V3_LCM_18_S8_R1_001_fastqc.html
[2025-02-01 15:30:52,735] multiqc                                            [DEBUG  ]  File ignored by rseqc/bam_stat because it exceeded search pattern filesize limit: trimmed_V5_trimmed_V3_LCM_18_S8_R1_001_fastqc.html
[2025-02-01 15:30:52,735] multiqc                                            [DEBUG  ]  File ignored by rseqc/junction_annotation because it exceeded search pattern filesize limit: trimmed_V5_trimmed_V3_LCM_18_S8_R1_001_fastqc.html
[2025-02-01 15:30:52,735] multiqc                                            [DEBUG  ]  File ignored by rseqc/read_distribution because it exceeded search pattern filesize limit: trimmed_V5_trimmed_V3_LCM_18_S8_R1_001_fastqc.html
[2025-02-01 15:30:52,735] multiqc                                            [DEBUG  ]  File ignored by rseqc/infer_experiment because it exceeded search pattern filesize limit: trimmed_V5_trimmed_V3_LCM_18_S8_R1_001_fastqc.html
[2025-02-01 15:30:52,758] multiqc                                            [DEBUG  ]  File ignored by nanostat because it exceeded search pattern filesize limit: trimmed_V5_trimmed_V3_LCM_18_S8_R1_001_fastqc.html
[2025-02-01 15:30:52,764] multiqc                                            [DEBUG  ]  File ignored by ccs/v4 because it exceeded search pattern filesize limit: trimmed_V5_trimmed_V3_LCM_18_S8_R2_001_fastqc.html
[2025-02-01 15:30:52,765] multiqc                                            [DEBUG  ]  File ignored by hicexplorer because it exceeded search pattern filesize limit: trimmed_V5_trimmed_V3_LCM_18_S8_R2_001_fastqc.html
[2025-02-01 15:30:52,765] multiqc                                            [DEBUG  ]  File ignored by lima/summary because it exceeded search pattern filesize limit: trimmed_V5_trimmed_V3_LCM_18_S8_R2_001_fastqc.html
[2025-02-01 15:30:52,767] multiqc                                            [DEBUG  ]  File ignored by vep/vep_txt because it exceeded search pattern filesize limit: trimmed_V5_trimmed_V3_LCM_18_S8_R2_001_fastqc.html
[2025-02-01 15:30:52,767] multiqc                                            [DEBUG  ]  File ignored by longranger/invocation because it exceeded search pattern filesize limit: trimmed_V5_trimmed_V3_LCM_18_S8_R2_001_fastqc.html
[2025-02-01 15:30:52,767] multiqc                                            [DEBUG  ]  File ignored by rockhopper because it exceeded search pattern filesize limit: trimmed_V5_trimmed_V3_LCM_18_S8_R2_001_fastqc.html
[2025-02-01 15:30:52,767] multiqc                                            [DEBUG  ]  File ignored by rseqc/bam_stat because it exceeded search pattern filesize limit: trimmed_V5_trimmed_V3_LCM_18_S8_R2_001_fastqc.html
[2025-02-01 15:30:52,767] multiqc                                            [DEBUG  ]  File ignored by rseqc/junction_annotation because it exceeded search pattern filesize limit: trimmed_V5_trimmed_V3_LCM_18_S8_R2_001_fastqc.html
[2025-02-01 15:30:52,767] multiqc                                            [DEBUG  ]  File ignored by rseqc/read_distribution because it exceeded search pattern filesize limit: trimmed_V5_trimmed_V3_LCM_18_S8_R2_001_fastqc.html
[2025-02-01 15:30:52,767] multiqc                                            [DEBUG  ]  File ignored by rseqc/infer_experiment because it exceeded search pattern filesize limit: trimmed_V5_trimmed_V3_LCM_18_S8_R2_001_fastqc.html
[2025-02-01 15:30:52,791] multiqc                                            [DEBUG  ]  File ignored by nanostat because it exceeded search pattern filesize limit: trimmed_V5_trimmed_V3_LCM_18_S8_R2_001_fastqc.html
[2025-02-01 15:30:52,797] multiqc                                            [DEBUG  ]  File ignored by ccs/v4 because it exceeded search pattern filesize limit: trimmed_V5_trimmed_V3_LCM_1_S1_R1_001_fastqc.html
[2025-02-01 15:30:52,798] multiqc                                            [DEBUG  ]  File ignored by hicexplorer because it exceeded search pattern filesize limit: trimmed_V5_trimmed_V3_LCM_1_S1_R1_001_fastqc.html
[2025-02-01 15:30:52,798] multiqc                                            [DEBUG  ]  File ignored by lima/summary because it exceeded search pattern filesize limit: trimmed_V5_trimmed_V3_LCM_1_S1_R1_001_fastqc.html
[2025-02-01 15:30:52,800] multiqc                                            [DEBUG  ]  File ignored by vep/vep_txt because it exceeded search pattern filesize limit: trimmed_V5_trimmed_V3_LCM_1_S1_R1_001_fastqc.html
[2025-02-01 15:30:52,800] multiqc                                            [DEBUG  ]  File ignored by longranger/invocation because it exceeded search pattern filesize limit: trimmed_V5_trimmed_V3_LCM_1_S1_R1_001_fastqc.html
[2025-02-01 15:30:52,800] multiqc                                            [DEBUG  ]  File ignored by rockhopper because it exceeded search pattern filesize limit: trimmed_V5_trimmed_V3_LCM_1_S1_R1_001_fastqc.html
[2025-02-01 15:30:52,800] multiqc                                            [DEBUG  ]  File ignored by rseqc/bam_stat because it exceeded search pattern filesize limit: trimmed_V5_trimmed_V3_LCM_1_S1_R1_001_fastqc.html
[2025-02-01 15:30:52,800] multiqc                                            [DEBUG  ]  File ignored by rseqc/junction_annotation because it exceeded search pattern filesize limit: trimmed_V5_trimmed_V3_LCM_1_S1_R1_001_fastqc.html
[2025-02-01 15:30:52,800] multiqc                                            [DEBUG  ]  File ignored by rseqc/read_distribution because it exceeded search pattern filesize limit: trimmed_V5_trimmed_V3_LCM_1_S1_R1_001_fastqc.html
[2025-02-01 15:30:52,800] multiqc                                            [DEBUG  ]  File ignored by rseqc/infer_experiment because it exceeded search pattern filesize limit: trimmed_V5_trimmed_V3_LCM_1_S1_R1_001_fastqc.html
[2025-02-01 15:30:52,824] multiqc                                            [DEBUG  ]  File ignored by nanostat because it exceeded search pattern filesize limit: trimmed_V5_trimmed_V3_LCM_1_S1_R1_001_fastqc.html
[2025-02-01 15:30:52,830] multiqc                                            [DEBUG  ]  File ignored by ccs/v4 because it exceeded search pattern filesize limit: trimmed_V5_trimmed_V3_LCM_1_S1_R2_001_fastqc.html
[2025-02-01 15:30:52,831] multiqc                                            [DEBUG  ]  File ignored by hicexplorer because it exceeded search pattern filesize limit: trimmed_V5_trimmed_V3_LCM_1_S1_R2_001_fastqc.html
[2025-02-01 15:30:52,831] multiqc                                            [DEBUG  ]  File ignored by lima/summary because it exceeded search pattern filesize limit: trimmed_V5_trimmed_V3_LCM_1_S1_R2_001_fastqc.html
[2025-02-01 15:30:52,833] multiqc                                            [DEBUG  ]  File ignored by vep/vep_txt because it exceeded search pattern filesize limit: trimmed_V5_trimmed_V3_LCM_1_S1_R2_001_fastqc.html
[2025-02-01 15:30:52,833] multiqc                                            [DEBUG  ]  File ignored by longranger/invocation because it exceeded search pattern filesize limit: trimmed_V5_trimmed_V3_LCM_1_S1_R2_001_fastqc.html
[2025-02-01 15:30:52,833] multiqc                                            [DEBUG  ]  File ignored by rockhopper because it exceeded search pattern filesize limit: trimmed_V5_trimmed_V3_LCM_1_S1_R2_001_fastqc.html
[2025-02-01 15:30:52,833] multiqc                                            [DEBUG  ]  File ignored by rseqc/bam_stat because it exceeded search pattern filesize limit: trimmed_V5_trimmed_V3_LCM_1_S1_R2_001_fastqc.html
[2025-02-01 15:30:52,833] multiqc                                            [DEBUG  ]  File ignored by rseqc/junction_annotation because it exceeded search pattern filesize limit: trimmed_V5_trimmed_V3_LCM_1_S1_R2_001_fastqc.html
[2025-02-01 15:30:52,833] multiqc                                            [DEBUG  ]  File ignored by rseqc/read_distribution because it exceeded search pattern filesize limit: trimmed_V5_trimmed_V3_LCM_1_S1_R2_001_fastqc.html
[2025-02-01 15:30:52,833] multiqc                                            [DEBUG  ]  File ignored by rseqc/infer_experiment because it exceeded search pattern filesize limit: trimmed_V5_trimmed_V3_LCM_1_S1_R2_001_fastqc.html
[2025-02-01 15:30:52,857] multiqc                                            [DEBUG  ]  File ignored by nanostat because it exceeded search pattern filesize limit: trimmed_V5_trimmed_V3_LCM_1_S1_R2_001_fastqc.html
[2025-02-01 15:30:52,863] multiqc                                            [DEBUG  ]  File ignored by ccs/v4 because it exceeded search pattern filesize limit: trimmed_V5_trimmed_V3_LCM_24_S5_R1_001_fastqc.html
[2025-02-01 15:30:52,864] multiqc                                            [DEBUG  ]  File ignored by hicexplorer because it exceeded search pattern filesize limit: trimmed_V5_trimmed_V3_LCM_24_S5_R1_001_fastqc.html
[2025-02-01 15:30:52,864] multiqc                                            [DEBUG  ]  File ignored by lima/summary because it exceeded search pattern filesize limit: trimmed_V5_trimmed_V3_LCM_24_S5_R1_001_fastqc.html
[2025-02-01 15:30:52,865] multiqc                                            [DEBUG  ]  File ignored by vep/vep_txt because it exceeded search pattern filesize limit: trimmed_V5_trimmed_V3_LCM_24_S5_R1_001_fastqc.html
[2025-02-01 15:30:52,866] multiqc                                            [DEBUG  ]  File ignored by longranger/invocation because it exceeded search pattern filesize limit: trimmed_V5_trimmed_V3_LCM_24_S5_R1_001_fastqc.html
[2025-02-01 15:30:52,866] multiqc                                            [DEBUG  ]  File ignored by rockhopper because it exceeded search pattern filesize limit: trimmed_V5_trimmed_V3_LCM_24_S5_R1_001_fastqc.html
[2025-02-01 15:30:52,866] multiqc                                            [DEBUG  ]  File ignored by rseqc/bam_stat because it exceeded search pattern filesize limit: trimmed_V5_trimmed_V3_LCM_24_S5_R1_001_fastqc.html
[2025-02-01 15:30:52,866] multiqc                                            [DEBUG  ]  File ignored by rseqc/junction_annotation because it exceeded search pattern filesize limit: trimmed_V5_trimmed_V3_LCM_24_S5_R1_001_fastqc.html
[2025-02-01 15:30:52,866] multiqc                                            [DEBUG  ]  File ignored by rseqc/read_distribution because it exceeded search pattern filesize limit: trimmed_V5_trimmed_V3_LCM_24_S5_R1_001_fastqc.html
[2025-02-01 15:30:52,866] multiqc                                            [DEBUG  ]  File ignored by rseqc/infer_experiment because it exceeded search pattern filesize limit: trimmed_V5_trimmed_V3_LCM_24_S5_R1_001_fastqc.html
[2025-02-01 15:30:52,889] multiqc                                            [DEBUG  ]  File ignored by nanostat because it exceeded search pattern filesize limit: trimmed_V5_trimmed_V3_LCM_24_S5_R1_001_fastqc.html
[2025-02-01 15:30:52,896] multiqc                                            [DEBUG  ]  File ignored by ccs/v4 because it exceeded search pattern filesize limit: trimmed_V5_trimmed_V3_LCM_24_S5_R2_001_fastqc.html
[2025-02-01 15:30:52,897] multiqc                                            [DEBUG  ]  File ignored by hicexplorer because it exceeded search pattern filesize limit: trimmed_V5_trimmed_V3_LCM_24_S5_R2_001_fastqc.html
[2025-02-01 15:30:52,897] multiqc                                            [DEBUG  ]  File ignored by lima/summary because it exceeded search pattern filesize limit: trimmed_V5_trimmed_V3_LCM_24_S5_R2_001_fastqc.html
[2025-02-01 15:30:52,899] multiqc                                            [DEBUG  ]  File ignored by vep/vep_txt because it exceeded search pattern filesize limit: trimmed_V5_trimmed_V3_LCM_24_S5_R2_001_fastqc.html
[2025-02-01 15:30:52,899] multiqc                                            [DEBUG  ]  File ignored by longranger/invocation because it exceeded search pattern filesize limit: trimmed_V5_trimmed_V3_LCM_24_S5_R2_001_fastqc.html
[2025-02-01 15:30:52,899] multiqc                                            [DEBUG  ]  File ignored by rockhopper because it exceeded search pattern filesize limit: trimmed_V5_trimmed_V3_LCM_24_S5_R2_001_fastqc.html
[2025-02-01 15:30:52,899] multiqc                                            [DEBUG  ]  File ignored by rseqc/bam_stat because it exceeded search pattern filesize limit: trimmed_V5_trimmed_V3_LCM_24_S5_R2_001_fastqc.html
[2025-02-01 15:30:52,899] multiqc                                            [DEBUG  ]  File ignored by rseqc/junction_annotation because it exceeded search pattern filesize limit: trimmed_V5_trimmed_V3_LCM_24_S5_R2_001_fastqc.html
[2025-02-01 15:30:52,899] multiqc                                            [DEBUG  ]  File ignored by rseqc/read_distribution because it exceeded search pattern filesize limit: trimmed_V5_trimmed_V3_LCM_24_S5_R2_001_fastqc.html
[2025-02-01 15:30:52,899] multiqc                                            [DEBUG  ]  File ignored by rseqc/infer_experiment because it exceeded search pattern filesize limit: trimmed_V5_trimmed_V3_LCM_24_S5_R2_001_fastqc.html
[2025-02-01 15:30:52,922] multiqc                                            [DEBUG  ]  File ignored by nanostat because it exceeded search pattern filesize limit: trimmed_V5_trimmed_V3_LCM_24_S5_R2_001_fastqc.html
[2025-02-01 15:30:52,928] multiqc                                            [DEBUG  ]  File ignored by ccs/v4 because it exceeded search pattern filesize limit: trimmed_V5_trimmed_V3_LCM_25_S6_R1_001_fastqc.html
[2025-02-01 15:30:52,929] multiqc                                            [DEBUG  ]  File ignored by hicexplorer because it exceeded search pattern filesize limit: trimmed_V5_trimmed_V3_LCM_25_S6_R1_001_fastqc.html
[2025-02-01 15:30:52,929] multiqc                                            [DEBUG  ]  File ignored by lima/summary because it exceeded search pattern filesize limit: trimmed_V5_trimmed_V3_LCM_25_S6_R1_001_fastqc.html
[2025-02-01 15:30:52,931] multiqc                                            [DEBUG  ]  File ignored by vep/vep_txt because it exceeded search pattern filesize limit: trimmed_V5_trimmed_V3_LCM_25_S6_R1_001_fastqc.html
[2025-02-01 15:30:52,931] multiqc                                            [DEBUG  ]  File ignored by longranger/invocation because it exceeded search pattern filesize limit: trimmed_V5_trimmed_V3_LCM_25_S6_R1_001_fastqc.html
[2025-02-01 15:30:52,931] multiqc                                            [DEBUG  ]  File ignored by rockhopper because it exceeded search pattern filesize limit: trimmed_V5_trimmed_V3_LCM_25_S6_R1_001_fastqc.html
[2025-02-01 15:30:52,931] multiqc                                            [DEBUG  ]  File ignored by rseqc/bam_stat because it exceeded search pattern filesize limit: trimmed_V5_trimmed_V3_LCM_25_S6_R1_001_fastqc.html
[2025-02-01 15:30:52,931] multiqc                                            [DEBUG  ]  File ignored by rseqc/junction_annotation because it exceeded search pattern filesize limit: trimmed_V5_trimmed_V3_LCM_25_S6_R1_001_fastqc.html
[2025-02-01 15:30:52,931] multiqc                                            [DEBUG  ]  File ignored by rseqc/read_distribution because it exceeded search pattern filesize limit: trimmed_V5_trimmed_V3_LCM_25_S6_R1_001_fastqc.html
[2025-02-01 15:30:52,931] multiqc                                            [DEBUG  ]  File ignored by rseqc/infer_experiment because it exceeded search pattern filesize limit: trimmed_V5_trimmed_V3_LCM_25_S6_R1_001_fastqc.html
[2025-02-01 15:30:52,955] multiqc                                            [DEBUG  ]  File ignored by nanostat because it exceeded search pattern filesize limit: trimmed_V5_trimmed_V3_LCM_25_S6_R1_001_fastqc.html
[2025-02-01 15:30:52,961] multiqc                                            [DEBUG  ]  File ignored by ccs/v4 because it exceeded search pattern filesize limit: trimmed_V5_trimmed_V3_LCM_25_S6_R2_001_fastqc.html
[2025-02-01 15:30:52,962] multiqc                                            [DEBUG  ]  File ignored by hicexplorer because it exceeded search pattern filesize limit: trimmed_V5_trimmed_V3_LCM_25_S6_R2_001_fastqc.html
[2025-02-01 15:30:52,962] multiqc                                            [DEBUG  ]  File ignored by lima/summary because it exceeded search pattern filesize limit: trimmed_V5_trimmed_V3_LCM_25_S6_R2_001_fastqc.html
[2025-02-01 15:30:52,963] multiqc                                            [DEBUG  ]  File ignored by vep/vep_txt because it exceeded search pattern filesize limit: trimmed_V5_trimmed_V3_LCM_25_S6_R2_001_fastqc.html
[2025-02-01 15:30:52,964] multiqc                                            [DEBUG  ]  File ignored by longranger/invocation because it exceeded search pattern filesize limit: trimmed_V5_trimmed_V3_LCM_25_S6_R2_001_fastqc.html
[2025-02-01 15:30:52,964] multiqc                                            [DEBUG  ]  File ignored by rockhopper because it exceeded search pattern filesize limit: trimmed_V5_trimmed_V3_LCM_25_S6_R2_001_fastqc.html
[2025-02-01 15:30:52,964] multiqc                                            [DEBUG  ]  File ignored by rseqc/bam_stat because it exceeded search pattern filesize limit: trimmed_V5_trimmed_V3_LCM_25_S6_R2_001_fastqc.html
[2025-02-01 15:30:52,964] multiqc                                            [DEBUG  ]  File ignored by rseqc/junction_annotation because it exceeded search pattern filesize limit: trimmed_V5_trimmed_V3_LCM_25_S6_R2_001_fastqc.html
[2025-02-01 15:30:52,964] multiqc                                            [DEBUG  ]  File ignored by rseqc/read_distribution because it exceeded search pattern filesize limit: trimmed_V5_trimmed_V3_LCM_25_S6_R2_001_fastqc.html
[2025-02-01 15:30:52,964] multiqc                                            [DEBUG  ]  File ignored by rseqc/infer_experiment because it exceeded search pattern filesize limit: trimmed_V5_trimmed_V3_LCM_25_S6_R2_001_fastqc.html
[2025-02-01 15:30:52,987] multiqc                                            [DEBUG  ]  File ignored by nanostat because it exceeded search pattern filesize limit: trimmed_V5_trimmed_V3_LCM_25_S6_R2_001_fastqc.html
[2025-02-01 15:30:52,993] multiqc                                            [DEBUG  ]  File ignored by ccs/v4 because it exceeded search pattern filesize limit: trimmed_V5_trimmed_V3_LCM_32_S9_R1_001_fastqc.html
[2025-02-01 15:30:52,994] multiqc                                            [DEBUG  ]  File ignored by hicexplorer because it exceeded search pattern filesize limit: trimmed_V5_trimmed_V3_LCM_32_S9_R1_001_fastqc.html
[2025-02-01 15:30:52,994] multiqc                                            [DEBUG  ]  File ignored by lima/summary because it exceeded search pattern filesize limit: trimmed_V5_trimmed_V3_LCM_32_S9_R1_001_fastqc.html
[2025-02-01 15:30:52,996] multiqc                                            [DEBUG  ]  File ignored by vep/vep_txt because it exceeded search pattern filesize limit: trimmed_V5_trimmed_V3_LCM_32_S9_R1_001_fastqc.html
[2025-02-01 15:30:52,996] multiqc                                            [DEBUG  ]  File ignored by longranger/invocation because it exceeded search pattern filesize limit: trimmed_V5_trimmed_V3_LCM_32_S9_R1_001_fastqc.html
[2025-02-01 15:30:52,996] multiqc                                            [DEBUG  ]  File ignored by rockhopper because it exceeded search pattern filesize limit: trimmed_V5_trimmed_V3_LCM_32_S9_R1_001_fastqc.html
[2025-02-01 15:30:52,996] multiqc                                            [DEBUG  ]  File ignored by rseqc/bam_stat because it exceeded search pattern filesize limit: trimmed_V5_trimmed_V3_LCM_32_S9_R1_001_fastqc.html
[2025-02-01 15:30:52,996] multiqc                                            [DEBUG  ]  File ignored by rseqc/junction_annotation because it exceeded search pattern filesize limit: trimmed_V5_trimmed_V3_LCM_32_S9_R1_001_fastqc.html
[2025-02-01 15:30:52,996] multiqc                                            [DEBUG  ]  File ignored by rseqc/read_distribution because it exceeded search pattern filesize limit: trimmed_V5_trimmed_V3_LCM_32_S9_R1_001_fastqc.html
[2025-02-01 15:30:52,996] multiqc                                            [DEBUG  ]  File ignored by rseqc/infer_experiment because it exceeded search pattern filesize limit: trimmed_V5_trimmed_V3_LCM_32_S9_R1_001_fastqc.html
[2025-02-01 15:30:53,020] multiqc                                            [DEBUG  ]  File ignored by nanostat because it exceeded search pattern filesize limit: trimmed_V5_trimmed_V3_LCM_32_S9_R1_001_fastqc.html
[2025-02-01 15:30:53,026] multiqc                                            [DEBUG  ]  File ignored by ccs/v4 because it exceeded search pattern filesize limit: trimmed_V5_trimmed_V3_LCM_32_S9_R2_001_fastqc.html
[2025-02-01 15:30:53,027] multiqc                                            [DEBUG  ]  File ignored by hicexplorer because it exceeded search pattern filesize limit: trimmed_V5_trimmed_V3_LCM_32_S9_R2_001_fastqc.html
[2025-02-01 15:30:53,027] multiqc                                            [DEBUG  ]  File ignored by lima/summary because it exceeded search pattern filesize limit: trimmed_V5_trimmed_V3_LCM_32_S9_R2_001_fastqc.html
[2025-02-01 15:30:53,029] multiqc                                            [DEBUG  ]  File ignored by vep/vep_txt because it exceeded search pattern filesize limit: trimmed_V5_trimmed_V3_LCM_32_S9_R2_001_fastqc.html
[2025-02-01 15:30:53,029] multiqc                                            [DEBUG  ]  File ignored by longranger/invocation because it exceeded search pattern filesize limit: trimmed_V5_trimmed_V3_LCM_32_S9_R2_001_fastqc.html
[2025-02-01 15:30:53,029] multiqc                                            [DEBUG  ]  File ignored by rockhopper because it exceeded search pattern filesize limit: trimmed_V5_trimmed_V3_LCM_32_S9_R2_001_fastqc.html
[2025-02-01 15:30:53,029] multiqc                                            [DEBUG  ]  File ignored by rseqc/bam_stat because it exceeded search pattern filesize limit: trimmed_V5_trimmed_V3_LCM_32_S9_R2_001_fastqc.html
[2025-02-01 15:30:53,029] multiqc                                            [DEBUG  ]  File ignored by rseqc/junction_annotation because it exceeded search pattern filesize limit: trimmed_V5_trimmed_V3_LCM_32_S9_R2_001_fastqc.html
[2025-02-01 15:30:53,029] multiqc                                            [DEBUG  ]  File ignored by rseqc/read_distribution because it exceeded search pattern filesize limit: trimmed_V5_trimmed_V3_LCM_32_S9_R2_001_fastqc.html
[2025-02-01 15:30:53,029] multiqc                                            [DEBUG  ]  File ignored by rseqc/infer_experiment because it exceeded search pattern filesize limit: trimmed_V5_trimmed_V3_LCM_32_S9_R2_001_fastqc.html
[2025-02-01 15:30:53,053] multiqc                                            [DEBUG  ]  File ignored by nanostat because it exceeded search pattern filesize limit: trimmed_V5_trimmed_V3_LCM_32_S9_R2_001_fastqc.html
[2025-02-01 15:30:53,059] multiqc                                            [DEBUG  ]  File ignored by ccs/v4 because it exceeded search pattern filesize limit: trimmed_V5_trimmed_V3_LCM_33_S10_R1_001_fastqc.html
[2025-02-01 15:30:53,060] multiqc                                            [DEBUG  ]  File ignored by hicexplorer because it exceeded search pattern filesize limit: trimmed_V5_trimmed_V3_LCM_33_S10_R1_001_fastqc.html
[2025-02-01 15:30:53,060] multiqc                                            [DEBUG  ]  File ignored by lima/summary because it exceeded search pattern filesize limit: trimmed_V5_trimmed_V3_LCM_33_S10_R1_001_fastqc.html
[2025-02-01 15:30:53,062] multiqc                                            [DEBUG  ]  File ignored by vep/vep_txt because it exceeded search pattern filesize limit: trimmed_V5_trimmed_V3_LCM_33_S10_R1_001_fastqc.html
[2025-02-01 15:30:53,062] multiqc                                            [DEBUG  ]  File ignored by longranger/invocation because it exceeded search pattern filesize limit: trimmed_V5_trimmed_V3_LCM_33_S10_R1_001_fastqc.html
[2025-02-01 15:30:53,062] multiqc                                            [DEBUG  ]  File ignored by rockhopper because it exceeded search pattern filesize limit: trimmed_V5_trimmed_V3_LCM_33_S10_R1_001_fastqc.html
[2025-02-01 15:30:53,062] multiqc                                            [DEBUG  ]  File ignored by rseqc/bam_stat because it exceeded search pattern filesize limit: trimmed_V5_trimmed_V3_LCM_33_S10_R1_001_fastqc.html
[2025-02-01 15:30:53,062] multiqc                                            [DEBUG  ]  File ignored by rseqc/junction_annotation because it exceeded search pattern filesize limit: trimmed_V5_trimmed_V3_LCM_33_S10_R1_001_fastqc.html
[2025-02-01 15:30:53,062] multiqc                                            [DEBUG  ]  File ignored by rseqc/read_distribution because it exceeded search pattern filesize limit: trimmed_V5_trimmed_V3_LCM_33_S10_R1_001_fastqc.html
[2025-02-01 15:30:53,062] multiqc                                            [DEBUG  ]  File ignored by rseqc/infer_experiment because it exceeded search pattern filesize limit: trimmed_V5_trimmed_V3_LCM_33_S10_R1_001_fastqc.html
[2025-02-01 15:30:53,086] multiqc                                            [DEBUG  ]  File ignored by nanostat because it exceeded search pattern filesize limit: trimmed_V5_trimmed_V3_LCM_33_S10_R1_001_fastqc.html
[2025-02-01 15:30:53,092] multiqc                                            [DEBUG  ]  File ignored by ccs/v4 because it exceeded search pattern filesize limit: trimmed_V5_trimmed_V3_LCM_33_S10_R2_001_fastqc.html
[2025-02-01 15:30:53,093] multiqc                                            [DEBUG  ]  File ignored by hicexplorer because it exceeded search pattern filesize limit: trimmed_V5_trimmed_V3_LCM_33_S10_R2_001_fastqc.html
[2025-02-01 15:30:53,093] multiqc                                            [DEBUG  ]  File ignored by lima/summary because it exceeded search pattern filesize limit: trimmed_V5_trimmed_V3_LCM_33_S10_R2_001_fastqc.html
[2025-02-01 15:30:53,095] multiqc                                            [DEBUG  ]  File ignored by vep/vep_txt because it exceeded search pattern filesize limit: trimmed_V5_trimmed_V3_LCM_33_S10_R2_001_fastqc.html
[2025-02-01 15:30:53,095] multiqc                                            [DEBUG  ]  File ignored by longranger/invocation because it exceeded search pattern filesize limit: trimmed_V5_trimmed_V3_LCM_33_S10_R2_001_fastqc.html
[2025-02-01 15:30:53,095] multiqc                                            [DEBUG  ]  File ignored by rockhopper because it exceeded search pattern filesize limit: trimmed_V5_trimmed_V3_LCM_33_S10_R2_001_fastqc.html
[2025-02-01 15:30:53,095] multiqc                                            [DEBUG  ]  File ignored by rseqc/bam_stat because it exceeded search pattern filesize limit: trimmed_V5_trimmed_V3_LCM_33_S10_R2_001_fastqc.html
[2025-02-01 15:30:53,095] multiqc                                            [DEBUG  ]  File ignored by rseqc/junction_annotation because it exceeded search pattern filesize limit: trimmed_V5_trimmed_V3_LCM_33_S10_R2_001_fastqc.html
[2025-02-01 15:30:53,095] multiqc                                            [DEBUG  ]  File ignored by rseqc/read_distribution because it exceeded search pattern filesize limit: trimmed_V5_trimmed_V3_LCM_33_S10_R2_001_fastqc.html
[2025-02-01 15:30:53,095] multiqc                                            [DEBUG  ]  File ignored by rseqc/infer_experiment because it exceeded search pattern filesize limit: trimmed_V5_trimmed_V3_LCM_33_S10_R2_001_fastqc.html
[2025-02-01 15:30:53,119] multiqc                                            [DEBUG  ]  File ignored by nanostat because it exceeded search pattern filesize limit: trimmed_V5_trimmed_V3_LCM_33_S10_R2_001_fastqc.html
[2025-02-01 15:30:53,125] multiqc                                            [DEBUG  ]  File ignored by ccs/v4 because it exceeded search pattern filesize limit: trimmed_V5_trimmed_V3_LCM_3_S2_R1_001_fastqc.html
[2025-02-01 15:30:53,126] multiqc                                            [DEBUG  ]  File ignored by hicexplorer because it exceeded search pattern filesize limit: trimmed_V5_trimmed_V3_LCM_3_S2_R1_001_fastqc.html
[2025-02-01 15:30:53,126] multiqc                                            [DEBUG  ]  File ignored by lima/summary because it exceeded search pattern filesize limit: trimmed_V5_trimmed_V3_LCM_3_S2_R1_001_fastqc.html
[2025-02-01 15:30:53,128] multiqc                                            [DEBUG  ]  File ignored by vep/vep_txt because it exceeded search pattern filesize limit: trimmed_V5_trimmed_V3_LCM_3_S2_R1_001_fastqc.html
[2025-02-01 15:30:53,128] multiqc                                            [DEBUG  ]  File ignored by longranger/invocation because it exceeded search pattern filesize limit: trimmed_V5_trimmed_V3_LCM_3_S2_R1_001_fastqc.html
[2025-02-01 15:30:53,128] multiqc                                            [DEBUG  ]  File ignored by rockhopper because it exceeded search pattern filesize limit: trimmed_V5_trimmed_V3_LCM_3_S2_R1_001_fastqc.html
[2025-02-01 15:30:53,128] multiqc                                            [DEBUG  ]  File ignored by rseqc/bam_stat because it exceeded search pattern filesize limit: trimmed_V5_trimmed_V3_LCM_3_S2_R1_001_fastqc.html
[2025-02-01 15:30:53,128] multiqc                                            [DEBUG  ]  File ignored by rseqc/junction_annotation because it exceeded search pattern filesize limit: trimmed_V5_trimmed_V3_LCM_3_S2_R1_001_fastqc.html
[2025-02-01 15:30:53,128] multiqc                                            [DEBUG  ]  File ignored by rseqc/read_distribution because it exceeded search pattern filesize limit: trimmed_V5_trimmed_V3_LCM_3_S2_R1_001_fastqc.html
[2025-02-01 15:30:53,128] multiqc                                            [DEBUG  ]  File ignored by rseqc/infer_experiment because it exceeded search pattern filesize limit: trimmed_V5_trimmed_V3_LCM_3_S2_R1_001_fastqc.html
[2025-02-01 15:30:53,152] multiqc                                            [DEBUG  ]  File ignored by nanostat because it exceeded search pattern filesize limit: trimmed_V5_trimmed_V3_LCM_3_S2_R1_001_fastqc.html
[2025-02-01 15:30:53,158] multiqc                                            [DEBUG  ]  File ignored by ccs/v4 because it exceeded search pattern filesize limit: trimmed_V5_trimmed_V3_LCM_3_S2_R2_001_fastqc.html
[2025-02-01 15:30:53,159] multiqc                                            [DEBUG  ]  File ignored by hicexplorer because it exceeded search pattern filesize limit: trimmed_V5_trimmed_V3_LCM_3_S2_R2_001_fastqc.html
[2025-02-01 15:30:53,159] multiqc                                            [DEBUG  ]  File ignored by lima/summary because it exceeded search pattern filesize limit: trimmed_V5_trimmed_V3_LCM_3_S2_R2_001_fastqc.html
[2025-02-01 15:30:53,161] multiqc                                            [DEBUG  ]  File ignored by vep/vep_txt because it exceeded search pattern filesize limit: trimmed_V5_trimmed_V3_LCM_3_S2_R2_001_fastqc.html
[2025-02-01 15:30:53,161] multiqc                                            [DEBUG  ]  File ignored by longranger/invocation because it exceeded search pattern filesize limit: trimmed_V5_trimmed_V3_LCM_3_S2_R2_001_fastqc.html
[2025-02-01 15:30:53,161] multiqc                                            [DEBUG  ]  File ignored by rockhopper because it exceeded search pattern filesize limit: trimmed_V5_trimmed_V3_LCM_3_S2_R2_001_fastqc.html
[2025-02-01 15:30:53,161] multiqc                                            [DEBUG  ]  File ignored by rseqc/bam_stat because it exceeded search pattern filesize limit: trimmed_V5_trimmed_V3_LCM_3_S2_R2_001_fastqc.html
[2025-02-01 15:30:53,161] multiqc                                            [DEBUG  ]  File ignored by rseqc/junction_annotation because it exceeded search pattern filesize limit: trimmed_V5_trimmed_V3_LCM_3_S2_R2_001_fastqc.html
[2025-02-01 15:30:53,161] multiqc                                            [DEBUG  ]  File ignored by rseqc/read_distribution because it exceeded search pattern filesize limit: trimmed_V5_trimmed_V3_LCM_3_S2_R2_001_fastqc.html
[2025-02-01 15:30:53,161] multiqc                                            [DEBUG  ]  File ignored by rseqc/infer_experiment because it exceeded search pattern filesize limit: trimmed_V5_trimmed_V3_LCM_3_S2_R2_001_fastqc.html
[2025-02-01 15:30:53,185] multiqc                                            [DEBUG  ]  File ignored by nanostat because it exceeded search pattern filesize limit: trimmed_V5_trimmed_V3_LCM_3_S2_R2_001_fastqc.html
[2025-02-01 15:30:55,457] multiqc.plots.linegraph                            [DEBUG  ]  Using matplotlib version 3.4.3
[2025-02-01 15:30:55,464] multiqc.plots.bargraph                             [DEBUG  ]  Using matplotlib version 3.4.3
[2025-02-01 15:30:57,314] multiqc.modules.fastqc.fastqc                      [INFO   ]  Found 20 reports
[2025-02-01 15:30:57,509] multiqc                                            [INFO   ]  Compressing plot data
[2025-02-01 15:30:57,809] multiqc                                            [INFO   ]  Report      : multiqc_report.html
[2025-02-01 15:30:57,810] multiqc                                            [INFO   ]  Data        : multiqc_data
[2025-02-01 15:30:57,810] multiqc                                            [DEBUG  ]  Moving data file from '/tmp/tmp_vxi6u49/multiqc_data' to '/project/pi_hputnam_uri_edu/zdellaert/LaserCoral/output_WGBS/trimmed_V5_qc/multiqc_data'
[2025-02-01 15:30:58,181] multiqc                                            [INFO   ]  MultiQC complete
