[2025-01-16 23:56:33,846] multiqc                                            [DEBUG  ]  This is MultiQC v1.12
[2025-01-16 23:56:33,847] multiqc                                            [DEBUG  ]  No MultiQC config found: /modules/uri_apps/software/MultiQC/1.12-foss-2021b/lib/python3.9/site-packages/multiqc_config.yaml
[2025-01-16 23:56:33,848] multiqc                                            [DEBUG  ]  No MultiQC config found: /home/zdellaert_uri_edu/.multiqc_config.yaml
[2025-01-16 23:56:33,848] multiqc                                            [DEBUG  ]  No MultiQC config found: multiqc_config.yaml
[2025-01-16 23:56:33,848] multiqc                                            [DEBUG  ]  Command used: /modules/uri_apps/software/MultiQC/1.12-foss-2021b/bin/multiqc raw_qc_WGBS/
[2025-01-16 23:56:34,332] multiqc                                            [WARNING]  MultiQC Version v1.26 now available!
[2025-01-16 23:56:34,332] multiqc                                            [DEBUG  ]  Command     : /modules/uri_apps/software/MultiQC/1.12-foss-2021b/bin/multiqc raw_qc_WGBS/
[2025-01-16 23:56:34,332] multiqc                                            [DEBUG  ]  Working dir : /project/pi_hputnam_uri_edu/zdellaert/LaserCoral/data_WGBS
[2025-01-16 23:56:34,332] multiqc                                            [DEBUG  ]  Template    : default
[2025-01-16 23:56:34,332] multiqc                                            [DEBUG  ]  Running Python 3.9.6 (default, Nov 15 2024, 16:57:16)  [GCC 11.2.0]
[2025-01-16 23:56:34,332] multiqc                                            [DEBUG  ]  Analysing modules: custom_content, ccs, ngsderive, purple, conpair, lima, peddy, somalier, methylQA, mosdepth, phantompeakqualtools, qualimap, preseq, quast, qorts, rna_seqc, rockhopper, rsem, rseqc, busco, bustools, goleft_indexcov, gffcompare, disambiguate, supernova, deeptools, sargasso, verifybamid, mirtrace, happy, mirtop, sambamba, homer, hops, macs2, theta2, snpeff, gatk, htseq, bcftools, featureCounts, fgbio, dragen, dedup, pbmarkdup, damageprofiler, biobambam2, jcvi, mtnucratio, picard, vep, sentieon, prokka, qc3C, nanostat, samblaster, samtools, sexdeterrmine, eigenstratdatabasetools, bamtools, jellyfish, vcftools, longranger, stacks, varscan2, snippy, bbmap, bismark, biscuit, hicexplorer, hicup, hicpro, salmon, kallisto, slamdunk, star, hisat2, tophat, bowtie2, bowtie1, snpsplit, odgi, pangolin, kat, leehom, adapterRemoval, clipandmerge, cutadapt, flexbar, kaiju, kraken, malt, trimmomatic, sickle, skewer, sortmerna, biobloomtools, fastq_screen, afterqc, fastp, fastqc, pychopper, pycoqc, minionqc, multivcfanalyzer, clusterflow, checkqc, bcl2fastq, bclconvert, interop, ivar, flash, seqyclean, optitype, whatshap
[2025-01-16 23:56:34,333] multiqc                                            [DEBUG  ]  Using temporary directory for creating report: /tmp/tmp1ct6tuv5
[2025-01-16 23:56:34,792] multiqc                                            [INFO   ]  Search path : /project/pi_hputnam_uri_edu/zdellaert/LaserCoral/data_WGBS/raw_qc_WGBS
[2025-01-16 23:56:34,817] multiqc                                            [DEBUG  ]  File ignored by ccs/v4 because it exceeded search pattern filesize limit: LCM_33_S10_R1_001_fastqc.html
[2025-01-16 23:56:34,819] multiqc                                            [DEBUG  ]  File ignored by hicexplorer because it exceeded search pattern filesize limit: LCM_33_S10_R1_001_fastqc.html
[2025-01-16 23:56:34,819] multiqc                                            [DEBUG  ]  File ignored by lima/summary because it exceeded search pattern filesize limit: LCM_33_S10_R1_001_fastqc.html
[2025-01-16 23:56:34,822] multiqc                                            [DEBUG  ]  File ignored by vep/vep_txt because it exceeded search pattern filesize limit: LCM_33_S10_R1_001_fastqc.html
[2025-01-16 23:56:34,822] multiqc                                            [DEBUG  ]  File ignored by longranger/invocation because it exceeded search pattern filesize limit: LCM_33_S10_R1_001_fastqc.html
[2025-01-16 23:56:34,822] multiqc                                            [DEBUG  ]  File ignored by rockhopper because it exceeded search pattern filesize limit: LCM_33_S10_R1_001_fastqc.html
[2025-01-16 23:56:34,822] multiqc                                            [DEBUG  ]  File ignored by rseqc/bam_stat because it exceeded search pattern filesize limit: LCM_33_S10_R1_001_fastqc.html
[2025-01-16 23:56:34,822] multiqc                                            [DEBUG  ]  File ignored by rseqc/junction_annotation because it exceeded search pattern filesize limit: LCM_33_S10_R1_001_fastqc.html
[2025-01-16 23:56:34,822] multiqc                                            [DEBUG  ]  File ignored by rseqc/read_distribution because it exceeded search pattern filesize limit: LCM_33_S10_R1_001_fastqc.html
[2025-01-16 23:56:34,822] multiqc                                            [DEBUG  ]  File ignored by rseqc/infer_experiment because it exceeded search pattern filesize limit: LCM_33_S10_R1_001_fastqc.html
[2025-01-16 23:56:34,845] multiqc                                            [DEBUG  ]  File ignored by nanostat because it exceeded search pattern filesize limit: LCM_33_S10_R1_001_fastqc.html
[2025-01-16 23:56:34,852] multiqc                                            [DEBUG  ]  File ignored by ccs/v4 because it exceeded search pattern filesize limit: LCM_33_S10_R2_001_fastqc.html
[2025-01-16 23:56:34,853] multiqc                                            [DEBUG  ]  File ignored by hicexplorer because it exceeded search pattern filesize limit: LCM_33_S10_R2_001_fastqc.html
[2025-01-16 23:56:34,853] multiqc                                            [DEBUG  ]  File ignored by lima/summary because it exceeded search pattern filesize limit: LCM_33_S10_R2_001_fastqc.html
[2025-01-16 23:56:34,855] multiqc                                            [DEBUG  ]  File ignored by vep/vep_txt because it exceeded search pattern filesize limit: LCM_33_S10_R2_001_fastqc.html
[2025-01-16 23:56:34,855] multiqc                                            [DEBUG  ]  File ignored by longranger/invocation because it exceeded search pattern filesize limit: LCM_33_S10_R2_001_fastqc.html
[2025-01-16 23:56:34,855] multiqc                                            [DEBUG  ]  File ignored by rockhopper because it exceeded search pattern filesize limit: LCM_33_S10_R2_001_fastqc.html
[2025-01-16 23:56:34,855] multiqc                                            [DEBUG  ]  File ignored by rseqc/bam_stat because it exceeded search pattern filesize limit: LCM_33_S10_R2_001_fastqc.html
[2025-01-16 23:56:34,855] multiqc                                            [DEBUG  ]  File ignored by rseqc/junction_annotation because it exceeded search pattern filesize limit: LCM_33_S10_R2_001_fastqc.html
[2025-01-16 23:56:34,855] multiqc                                            [DEBUG  ]  File ignored by rseqc/read_distribution because it exceeded search pattern filesize limit: LCM_33_S10_R2_001_fastqc.html
[2025-01-16 23:56:34,855] multiqc                                            [DEBUG  ]  File ignored by rseqc/infer_experiment because it exceeded search pattern filesize limit: LCM_33_S10_R2_001_fastqc.html
[2025-01-16 23:56:34,877] multiqc                                            [DEBUG  ]  File ignored by nanostat because it exceeded search pattern filesize limit: LCM_33_S10_R2_001_fastqc.html
[2025-01-16 23:56:34,883] multiqc                                            [DEBUG  ]  File ignored by ccs/v4 because it exceeded search pattern filesize limit: LCM_18_S8_R1_001_fastqc.html
[2025-01-16 23:56:34,884] multiqc                                            [DEBUG  ]  File ignored by hicexplorer because it exceeded search pattern filesize limit: LCM_18_S8_R1_001_fastqc.html
[2025-01-16 23:56:34,884] multiqc                                            [DEBUG  ]  File ignored by lima/summary because it exceeded search pattern filesize limit: LCM_18_S8_R1_001_fastqc.html
[2025-01-16 23:56:34,886] multiqc                                            [DEBUG  ]  File ignored by vep/vep_txt because it exceeded search pattern filesize limit: LCM_18_S8_R1_001_fastqc.html
[2025-01-16 23:56:34,886] multiqc                                            [DEBUG  ]  File ignored by longranger/invocation because it exceeded search pattern filesize limit: LCM_18_S8_R1_001_fastqc.html
[2025-01-16 23:56:34,886] multiqc                                            [DEBUG  ]  File ignored by rockhopper because it exceeded search pattern filesize limit: LCM_18_S8_R1_001_fastqc.html
[2025-01-16 23:56:34,886] multiqc                                            [DEBUG  ]  File ignored by rseqc/bam_stat because it exceeded search pattern filesize limit: LCM_18_S8_R1_001_fastqc.html
[2025-01-16 23:56:34,886] multiqc                                            [DEBUG  ]  File ignored by rseqc/junction_annotation because it exceeded search pattern filesize limit: LCM_18_S8_R1_001_fastqc.html
[2025-01-16 23:56:34,886] multiqc                                            [DEBUG  ]  File ignored by rseqc/read_distribution because it exceeded search pattern filesize limit: LCM_18_S8_R1_001_fastqc.html
[2025-01-16 23:56:34,886] multiqc                                            [DEBUG  ]  File ignored by rseqc/infer_experiment because it exceeded search pattern filesize limit: LCM_18_S8_R1_001_fastqc.html
[2025-01-16 23:56:34,908] multiqc                                            [DEBUG  ]  File ignored by nanostat because it exceeded search pattern filesize limit: LCM_18_S8_R1_001_fastqc.html
[2025-01-16 23:56:34,914] multiqc                                            [DEBUG  ]  File ignored by ccs/v4 because it exceeded search pattern filesize limit: LCM_32_S9_R2_001_fastqc.html
[2025-01-16 23:56:34,915] multiqc                                            [DEBUG  ]  File ignored by hicexplorer because it exceeded search pattern filesize limit: LCM_32_S9_R2_001_fastqc.html
[2025-01-16 23:56:34,915] multiqc                                            [DEBUG  ]  File ignored by lima/summary because it exceeded search pattern filesize limit: LCM_32_S9_R2_001_fastqc.html
[2025-01-16 23:56:34,917] multiqc                                            [DEBUG  ]  File ignored by vep/vep_txt because it exceeded search pattern filesize limit: LCM_32_S9_R2_001_fastqc.html
[2025-01-16 23:56:34,917] multiqc                                            [DEBUG  ]  File ignored by longranger/invocation because it exceeded search pattern filesize limit: LCM_32_S9_R2_001_fastqc.html
[2025-01-16 23:56:34,917] multiqc                                            [DEBUG  ]  File ignored by rockhopper because it exceeded search pattern filesize limit: LCM_32_S9_R2_001_fastqc.html
[2025-01-16 23:56:34,917] multiqc                                            [DEBUG  ]  File ignored by rseqc/bam_stat because it exceeded search pattern filesize limit: LCM_32_S9_R2_001_fastqc.html
[2025-01-16 23:56:34,917] multiqc                                            [DEBUG  ]  File ignored by rseqc/junction_annotation because it exceeded search pattern filesize limit: LCM_32_S9_R2_001_fastqc.html
[2025-01-16 23:56:34,917] multiqc                                            [DEBUG  ]  File ignored by rseqc/read_distribution because it exceeded search pattern filesize limit: LCM_32_S9_R2_001_fastqc.html
[2025-01-16 23:56:34,917] multiqc                                            [DEBUG  ]  File ignored by rseqc/infer_experiment because it exceeded search pattern filesize limit: LCM_32_S9_R2_001_fastqc.html
[2025-01-16 23:56:34,939] multiqc                                            [DEBUG  ]  File ignored by nanostat because it exceeded search pattern filesize limit: LCM_32_S9_R2_001_fastqc.html
[2025-01-16 23:56:34,945] multiqc                                            [DEBUG  ]  File ignored by ccs/v4 because it exceeded search pattern filesize limit: LCM_11_S3_R1_001_fastqc.html
[2025-01-16 23:56:34,946] multiqc                                            [DEBUG  ]  File ignored by hicexplorer because it exceeded search pattern filesize limit: LCM_11_S3_R1_001_fastqc.html
[2025-01-16 23:56:34,946] multiqc                                            [DEBUG  ]  File ignored by lima/summary because it exceeded search pattern filesize limit: LCM_11_S3_R1_001_fastqc.html
[2025-01-16 23:56:34,948] multiqc                                            [DEBUG  ]  File ignored by vep/vep_txt because it exceeded search pattern filesize limit: LCM_11_S3_R1_001_fastqc.html
[2025-01-16 23:56:34,948] multiqc                                            [DEBUG  ]  File ignored by longranger/invocation because it exceeded search pattern filesize limit: LCM_11_S3_R1_001_fastqc.html
[2025-01-16 23:56:34,948] multiqc                                            [DEBUG  ]  File ignored by rockhopper because it exceeded search pattern filesize limit: LCM_11_S3_R1_001_fastqc.html
[2025-01-16 23:56:34,948] multiqc                                            [DEBUG  ]  File ignored by rseqc/bam_stat because it exceeded search pattern filesize limit: LCM_11_S3_R1_001_fastqc.html
[2025-01-16 23:56:34,948] multiqc                                            [DEBUG  ]  File ignored by rseqc/junction_annotation because it exceeded search pattern filesize limit: LCM_11_S3_R1_001_fastqc.html
[2025-01-16 23:56:34,948] multiqc                                            [DEBUG  ]  File ignored by rseqc/read_distribution because it exceeded search pattern filesize limit: LCM_11_S3_R1_001_fastqc.html
[2025-01-16 23:56:34,948] multiqc                                            [DEBUG  ]  File ignored by rseqc/infer_experiment because it exceeded search pattern filesize limit: LCM_11_S3_R1_001_fastqc.html
[2025-01-16 23:56:34,970] multiqc                                            [DEBUG  ]  File ignored by nanostat because it exceeded search pattern filesize limit: LCM_11_S3_R1_001_fastqc.html
[2025-01-16 23:56:34,976] multiqc                                            [DEBUG  ]  File ignored by ccs/v4 because it exceeded search pattern filesize limit: LCM_3_S2_R1_001_fastqc.html
[2025-01-16 23:56:34,977] multiqc                                            [DEBUG  ]  File ignored by hicexplorer because it exceeded search pattern filesize limit: LCM_3_S2_R1_001_fastqc.html
[2025-01-16 23:56:34,977] multiqc                                            [DEBUG  ]  File ignored by lima/summary because it exceeded search pattern filesize limit: LCM_3_S2_R1_001_fastqc.html
[2025-01-16 23:56:34,979] multiqc                                            [DEBUG  ]  File ignored by vep/vep_txt because it exceeded search pattern filesize limit: LCM_3_S2_R1_001_fastqc.html
[2025-01-16 23:56:34,979] multiqc                                            [DEBUG  ]  File ignored by longranger/invocation because it exceeded search pattern filesize limit: LCM_3_S2_R1_001_fastqc.html
[2025-01-16 23:56:34,979] multiqc                                            [DEBUG  ]  File ignored by rockhopper because it exceeded search pattern filesize limit: LCM_3_S2_R1_001_fastqc.html
[2025-01-16 23:56:34,979] multiqc                                            [DEBUG  ]  File ignored by rseqc/bam_stat because it exceeded search pattern filesize limit: LCM_3_S2_R1_001_fastqc.html
[2025-01-16 23:56:34,979] multiqc                                            [DEBUG  ]  File ignored by rseqc/junction_annotation because it exceeded search pattern filesize limit: LCM_3_S2_R1_001_fastqc.html
[2025-01-16 23:56:34,979] multiqc                                            [DEBUG  ]  File ignored by rseqc/read_distribution because it exceeded search pattern filesize limit: LCM_3_S2_R1_001_fastqc.html
[2025-01-16 23:56:34,979] multiqc                                            [DEBUG  ]  File ignored by rseqc/infer_experiment because it exceeded search pattern filesize limit: LCM_3_S2_R1_001_fastqc.html
[2025-01-16 23:56:35,003] multiqc                                            [DEBUG  ]  File ignored by nanostat because it exceeded search pattern filesize limit: LCM_3_S2_R1_001_fastqc.html
[2025-01-16 23:56:35,009] multiqc                                            [DEBUG  ]  File ignored by ccs/v4 because it exceeded search pattern filesize limit: LCM_3_S2_R2_001_fastqc.html
[2025-01-16 23:56:35,010] multiqc                                            [DEBUG  ]  File ignored by hicexplorer because it exceeded search pattern filesize limit: LCM_3_S2_R2_001_fastqc.html
[2025-01-16 23:56:35,010] multiqc                                            [DEBUG  ]  File ignored by lima/summary because it exceeded search pattern filesize limit: LCM_3_S2_R2_001_fastqc.html
[2025-01-16 23:56:35,012] multiqc                                            [DEBUG  ]  File ignored by vep/vep_txt because it exceeded search pattern filesize limit: LCM_3_S2_R2_001_fastqc.html
[2025-01-16 23:56:35,012] multiqc                                            [DEBUG  ]  File ignored by longranger/invocation because it exceeded search pattern filesize limit: LCM_3_S2_R2_001_fastqc.html
[2025-01-16 23:56:35,012] multiqc                                            [DEBUG  ]  File ignored by rockhopper because it exceeded search pattern filesize limit: LCM_3_S2_R2_001_fastqc.html
[2025-01-16 23:56:35,012] multiqc                                            [DEBUG  ]  File ignored by rseqc/bam_stat because it exceeded search pattern filesize limit: LCM_3_S2_R2_001_fastqc.html
[2025-01-16 23:56:35,012] multiqc                                            [DEBUG  ]  File ignored by rseqc/junction_annotation because it exceeded search pattern filesize limit: LCM_3_S2_R2_001_fastqc.html
[2025-01-16 23:56:35,012] multiqc                                            [DEBUG  ]  File ignored by rseqc/read_distribution because it exceeded search pattern filesize limit: LCM_3_S2_R2_001_fastqc.html
[2025-01-16 23:56:35,012] multiqc                                            [DEBUG  ]  File ignored by rseqc/infer_experiment because it exceeded search pattern filesize limit: LCM_3_S2_R2_001_fastqc.html
[2025-01-16 23:56:35,035] multiqc                                            [DEBUG  ]  File ignored by nanostat because it exceeded search pattern filesize limit: LCM_3_S2_R2_001_fastqc.html
[2025-01-16 23:56:35,041] multiqc                                            [DEBUG  ]  File ignored by ccs/v4 because it exceeded search pattern filesize limit: LCM_32_S9_R1_001_fastqc.html
[2025-01-16 23:56:35,042] multiqc                                            [DEBUG  ]  File ignored by hicexplorer because it exceeded search pattern filesize limit: LCM_32_S9_R1_001_fastqc.html
[2025-01-16 23:56:35,042] multiqc                                            [DEBUG  ]  File ignored by lima/summary because it exceeded search pattern filesize limit: LCM_32_S9_R1_001_fastqc.html
[2025-01-16 23:56:35,044] multiqc                                            [DEBUG  ]  File ignored by vep/vep_txt because it exceeded search pattern filesize limit: LCM_32_S9_R1_001_fastqc.html
[2025-01-16 23:56:35,044] multiqc                                            [DEBUG  ]  File ignored by longranger/invocation because it exceeded search pattern filesize limit: LCM_32_S9_R1_001_fastqc.html
[2025-01-16 23:56:35,044] multiqc                                            [DEBUG  ]  File ignored by rockhopper because it exceeded search pattern filesize limit: LCM_32_S9_R1_001_fastqc.html
[2025-01-16 23:56:35,044] multiqc                                            [DEBUG  ]  File ignored by rseqc/bam_stat because it exceeded search pattern filesize limit: LCM_32_S9_R1_001_fastqc.html
[2025-01-16 23:56:35,044] multiqc                                            [DEBUG  ]  File ignored by rseqc/junction_annotation because it exceeded search pattern filesize limit: LCM_32_S9_R1_001_fastqc.html
[2025-01-16 23:56:35,044] multiqc                                            [DEBUG  ]  File ignored by rseqc/read_distribution because it exceeded search pattern filesize limit: LCM_32_S9_R1_001_fastqc.html
[2025-01-16 23:56:35,044] multiqc                                            [DEBUG  ]  File ignored by rseqc/infer_experiment because it exceeded search pattern filesize limit: LCM_32_S9_R1_001_fastqc.html
[2025-01-16 23:56:35,066] multiqc                                            [DEBUG  ]  File ignored by nanostat because it exceeded search pattern filesize limit: LCM_32_S9_R1_001_fastqc.html
[2025-01-16 23:56:35,072] multiqc                                            [DEBUG  ]  File ignored by ccs/v4 because it exceeded search pattern filesize limit: LCM_17_S7_R1_001_fastqc.html
[2025-01-16 23:56:35,073] multiqc                                            [DEBUG  ]  File ignored by hicexplorer because it exceeded search pattern filesize limit: LCM_17_S7_R1_001_fastqc.html
[2025-01-16 23:56:35,073] multiqc                                            [DEBUG  ]  File ignored by lima/summary because it exceeded search pattern filesize limit: LCM_17_S7_R1_001_fastqc.html
[2025-01-16 23:56:35,075] multiqc                                            [DEBUG  ]  File ignored by vep/vep_txt because it exceeded search pattern filesize limit: LCM_17_S7_R1_001_fastqc.html
[2025-01-16 23:56:35,075] multiqc                                            [DEBUG  ]  File ignored by longranger/invocation because it exceeded search pattern filesize limit: LCM_17_S7_R1_001_fastqc.html
[2025-01-16 23:56:35,075] multiqc                                            [DEBUG  ]  File ignored by rockhopper because it exceeded search pattern filesize limit: LCM_17_S7_R1_001_fastqc.html
[2025-01-16 23:56:35,075] multiqc                                            [DEBUG  ]  File ignored by rseqc/bam_stat because it exceeded search pattern filesize limit: LCM_17_S7_R1_001_fastqc.html
[2025-01-16 23:56:35,075] multiqc                                            [DEBUG  ]  File ignored by rseqc/junction_annotation because it exceeded search pattern filesize limit: LCM_17_S7_R1_001_fastqc.html
[2025-01-16 23:56:35,075] multiqc                                            [DEBUG  ]  File ignored by rseqc/read_distribution because it exceeded search pattern filesize limit: LCM_17_S7_R1_001_fastqc.html
[2025-01-16 23:56:35,075] multiqc                                            [DEBUG  ]  File ignored by rseqc/infer_experiment because it exceeded search pattern filesize limit: LCM_17_S7_R1_001_fastqc.html
[2025-01-16 23:56:35,097] multiqc                                            [DEBUG  ]  File ignored by nanostat because it exceeded search pattern filesize limit: LCM_17_S7_R1_001_fastqc.html
[2025-01-16 23:56:35,102] multiqc                                            [DEBUG  ]  File ignored by ccs/v4 because it exceeded search pattern filesize limit: LCM_17_S7_R2_001_fastqc.html
[2025-01-16 23:56:35,103] multiqc                                            [DEBUG  ]  File ignored by hicexplorer because it exceeded search pattern filesize limit: LCM_17_S7_R2_001_fastqc.html
[2025-01-16 23:56:35,104] multiqc                                            [DEBUG  ]  File ignored by lima/summary because it exceeded search pattern filesize limit: LCM_17_S7_R2_001_fastqc.html
[2025-01-16 23:56:35,105] multiqc                                            [DEBUG  ]  File ignored by vep/vep_txt because it exceeded search pattern filesize limit: LCM_17_S7_R2_001_fastqc.html
[2025-01-16 23:56:35,106] multiqc                                            [DEBUG  ]  File ignored by longranger/invocation because it exceeded search pattern filesize limit: LCM_17_S7_R2_001_fastqc.html
[2025-01-16 23:56:35,106] multiqc                                            [DEBUG  ]  File ignored by rockhopper because it exceeded search pattern filesize limit: LCM_17_S7_R2_001_fastqc.html
[2025-01-16 23:56:35,106] multiqc                                            [DEBUG  ]  File ignored by rseqc/bam_stat because it exceeded search pattern filesize limit: LCM_17_S7_R2_001_fastqc.html
[2025-01-16 23:56:35,106] multiqc                                            [DEBUG  ]  File ignored by rseqc/junction_annotation because it exceeded search pattern filesize limit: LCM_17_S7_R2_001_fastqc.html
[2025-01-16 23:56:35,106] multiqc                                            [DEBUG  ]  File ignored by rseqc/read_distribution because it exceeded search pattern filesize limit: LCM_17_S7_R2_001_fastqc.html
[2025-01-16 23:56:35,106] multiqc                                            [DEBUG  ]  File ignored by rseqc/infer_experiment because it exceeded search pattern filesize limit: LCM_17_S7_R2_001_fastqc.html
[2025-01-16 23:56:35,128] multiqc                                            [DEBUG  ]  File ignored by nanostat because it exceeded search pattern filesize limit: LCM_17_S7_R2_001_fastqc.html
[2025-01-16 23:56:35,134] multiqc                                            [DEBUG  ]  File ignored by ccs/v4 because it exceeded search pattern filesize limit: LCM_1_S1_R1_001_fastqc.html
[2025-01-16 23:56:35,135] multiqc                                            [DEBUG  ]  File ignored by hicexplorer because it exceeded search pattern filesize limit: LCM_1_S1_R1_001_fastqc.html
[2025-01-16 23:56:35,135] multiqc                                            [DEBUG  ]  File ignored by lima/summary because it exceeded search pattern filesize limit: LCM_1_S1_R1_001_fastqc.html
[2025-01-16 23:56:35,137] multiqc                                            [DEBUG  ]  File ignored by vep/vep_txt because it exceeded search pattern filesize limit: LCM_1_S1_R1_001_fastqc.html
[2025-01-16 23:56:35,137] multiqc                                            [DEBUG  ]  File ignored by longranger/invocation because it exceeded search pattern filesize limit: LCM_1_S1_R1_001_fastqc.html
[2025-01-16 23:56:35,137] multiqc                                            [DEBUG  ]  File ignored by rockhopper because it exceeded search pattern filesize limit: LCM_1_S1_R1_001_fastqc.html
[2025-01-16 23:56:35,137] multiqc                                            [DEBUG  ]  File ignored by rseqc/bam_stat because it exceeded search pattern filesize limit: LCM_1_S1_R1_001_fastqc.html
[2025-01-16 23:56:35,137] multiqc                                            [DEBUG  ]  File ignored by rseqc/junction_annotation because it exceeded search pattern filesize limit: LCM_1_S1_R1_001_fastqc.html
[2025-01-16 23:56:35,137] multiqc                                            [DEBUG  ]  File ignored by rseqc/read_distribution because it exceeded search pattern filesize limit: LCM_1_S1_R1_001_fastqc.html
[2025-01-16 23:56:35,137] multiqc                                            [DEBUG  ]  File ignored by rseqc/infer_experiment because it exceeded search pattern filesize limit: LCM_1_S1_R1_001_fastqc.html
[2025-01-16 23:56:35,159] multiqc                                            [DEBUG  ]  File ignored by nanostat because it exceeded search pattern filesize limit: LCM_1_S1_R1_001_fastqc.html
[2025-01-16 23:56:35,165] multiqc                                            [DEBUG  ]  File ignored by ccs/v4 because it exceeded search pattern filesize limit: LCM_18_S8_R2_001_fastqc.html
[2025-01-16 23:56:35,166] multiqc                                            [DEBUG  ]  File ignored by hicexplorer because it exceeded search pattern filesize limit: LCM_18_S8_R2_001_fastqc.html
[2025-01-16 23:56:35,167] multiqc                                            [DEBUG  ]  File ignored by lima/summary because it exceeded search pattern filesize limit: LCM_18_S8_R2_001_fastqc.html
[2025-01-16 23:56:35,168] multiqc                                            [DEBUG  ]  File ignored by vep/vep_txt because it exceeded search pattern filesize limit: LCM_18_S8_R2_001_fastqc.html
[2025-01-16 23:56:35,168] multiqc                                            [DEBUG  ]  File ignored by longranger/invocation because it exceeded search pattern filesize limit: LCM_18_S8_R2_001_fastqc.html
[2025-01-16 23:56:35,168] multiqc                                            [DEBUG  ]  File ignored by rockhopper because it exceeded search pattern filesize limit: LCM_18_S8_R2_001_fastqc.html
[2025-01-16 23:56:35,169] multiqc                                            [DEBUG  ]  File ignored by rseqc/bam_stat because it exceeded search pattern filesize limit: LCM_18_S8_R2_001_fastqc.html
[2025-01-16 23:56:35,169] multiqc                                            [DEBUG  ]  File ignored by rseqc/junction_annotation because it exceeded search pattern filesize limit: LCM_18_S8_R2_001_fastqc.html
[2025-01-16 23:56:35,169] multiqc                                            [DEBUG  ]  File ignored by rseqc/read_distribution because it exceeded search pattern filesize limit: LCM_18_S8_R2_001_fastqc.html
[2025-01-16 23:56:35,169] multiqc                                            [DEBUG  ]  File ignored by rseqc/infer_experiment because it exceeded search pattern filesize limit: LCM_18_S8_R2_001_fastqc.html
[2025-01-16 23:56:35,190] multiqc                                            [DEBUG  ]  File ignored by nanostat because it exceeded search pattern filesize limit: LCM_18_S8_R2_001_fastqc.html
[2025-01-16 23:56:35,196] multiqc                                            [DEBUG  ]  File ignored by ccs/v4 because it exceeded search pattern filesize limit: LCM_11_S3_R2_001_fastqc.html
[2025-01-16 23:56:35,197] multiqc                                            [DEBUG  ]  File ignored by hicexplorer because it exceeded search pattern filesize limit: LCM_11_S3_R2_001_fastqc.html
[2025-01-16 23:56:35,197] multiqc                                            [DEBUG  ]  File ignored by lima/summary because it exceeded search pattern filesize limit: LCM_11_S3_R2_001_fastqc.html
[2025-01-16 23:56:35,199] multiqc                                            [DEBUG  ]  File ignored by vep/vep_txt because it exceeded search pattern filesize limit: LCM_11_S3_R2_001_fastqc.html
[2025-01-16 23:56:35,199] multiqc                                            [DEBUG  ]  File ignored by longranger/invocation because it exceeded search pattern filesize limit: LCM_11_S3_R2_001_fastqc.html
[2025-01-16 23:56:35,199] multiqc                                            [DEBUG  ]  File ignored by rockhopper because it exceeded search pattern filesize limit: LCM_11_S3_R2_001_fastqc.html
[2025-01-16 23:56:35,199] multiqc                                            [DEBUG  ]  File ignored by rseqc/bam_stat because it exceeded search pattern filesize limit: LCM_11_S3_R2_001_fastqc.html
[2025-01-16 23:56:35,199] multiqc                                            [DEBUG  ]  File ignored by rseqc/junction_annotation because it exceeded search pattern filesize limit: LCM_11_S3_R2_001_fastqc.html
[2025-01-16 23:56:35,199] multiqc                                            [DEBUG  ]  File ignored by rseqc/read_distribution because it exceeded search pattern filesize limit: LCM_11_S3_R2_001_fastqc.html
[2025-01-16 23:56:35,199] multiqc                                            [DEBUG  ]  File ignored by rseqc/infer_experiment because it exceeded search pattern filesize limit: LCM_11_S3_R2_001_fastqc.html
[2025-01-16 23:56:35,222] multiqc                                            [DEBUG  ]  File ignored by nanostat because it exceeded search pattern filesize limit: LCM_11_S3_R2_001_fastqc.html
[2025-01-16 23:56:35,228] multiqc                                            [DEBUG  ]  File ignored by ccs/v4 because it exceeded search pattern filesize limit: LCM_1_S1_R2_001_fastqc.html
[2025-01-16 23:56:35,229] multiqc                                            [DEBUG  ]  File ignored by hicexplorer because it exceeded search pattern filesize limit: LCM_1_S1_R2_001_fastqc.html
[2025-01-16 23:56:35,229] multiqc                                            [DEBUG  ]  File ignored by lima/summary because it exceeded search pattern filesize limit: LCM_1_S1_R2_001_fastqc.html
[2025-01-16 23:56:35,231] multiqc                                            [DEBUG  ]  File ignored by vep/vep_txt because it exceeded search pattern filesize limit: LCM_1_S1_R2_001_fastqc.html
[2025-01-16 23:56:35,231] multiqc                                            [DEBUG  ]  File ignored by longranger/invocation because it exceeded search pattern filesize limit: LCM_1_S1_R2_001_fastqc.html
[2025-01-16 23:56:35,231] multiqc                                            [DEBUG  ]  File ignored by rockhopper because it exceeded search pattern filesize limit: LCM_1_S1_R2_001_fastqc.html
[2025-01-16 23:56:35,231] multiqc                                            [DEBUG  ]  File ignored by rseqc/bam_stat because it exceeded search pattern filesize limit: LCM_1_S1_R2_001_fastqc.html
[2025-01-16 23:56:35,231] multiqc                                            [DEBUG  ]  File ignored by rseqc/junction_annotation because it exceeded search pattern filesize limit: LCM_1_S1_R2_001_fastqc.html
[2025-01-16 23:56:35,231] multiqc                                            [DEBUG  ]  File ignored by rseqc/read_distribution because it exceeded search pattern filesize limit: LCM_1_S1_R2_001_fastqc.html
[2025-01-16 23:56:35,231] multiqc                                            [DEBUG  ]  File ignored by rseqc/infer_experiment because it exceeded search pattern filesize limit: LCM_1_S1_R2_001_fastqc.html
[2025-01-16 23:56:35,255] multiqc                                            [DEBUG  ]  File ignored by nanostat because it exceeded search pattern filesize limit: LCM_1_S1_R2_001_fastqc.html
[2025-01-16 23:56:35,261] multiqc                                            [DEBUG  ]  File ignored by ccs/v4 because it exceeded search pattern filesize limit: LCM_12_S4_R1_001_fastqc.html
[2025-01-16 23:56:35,261] multiqc                                            [DEBUG  ]  File ignored by hicexplorer because it exceeded search pattern filesize limit: LCM_12_S4_R1_001_fastqc.html
[2025-01-16 23:56:35,262] multiqc                                            [DEBUG  ]  File ignored by lima/summary because it exceeded search pattern filesize limit: LCM_12_S4_R1_001_fastqc.html
[2025-01-16 23:56:35,263] multiqc                                            [DEBUG  ]  File ignored by vep/vep_txt because it exceeded search pattern filesize limit: LCM_12_S4_R1_001_fastqc.html
[2025-01-16 23:56:35,264] multiqc                                            [DEBUG  ]  File ignored by longranger/invocation because it exceeded search pattern filesize limit: LCM_12_S4_R1_001_fastqc.html
[2025-01-16 23:56:35,264] multiqc                                            [DEBUG  ]  File ignored by rockhopper because it exceeded search pattern filesize limit: LCM_12_S4_R1_001_fastqc.html
[2025-01-16 23:56:35,264] multiqc                                            [DEBUG  ]  File ignored by rseqc/bam_stat because it exceeded search pattern filesize limit: LCM_12_S4_R1_001_fastqc.html
[2025-01-16 23:56:35,264] multiqc                                            [DEBUG  ]  File ignored by rseqc/junction_annotation because it exceeded search pattern filesize limit: LCM_12_S4_R1_001_fastqc.html
[2025-01-16 23:56:35,264] multiqc                                            [DEBUG  ]  File ignored by rseqc/read_distribution because it exceeded search pattern filesize limit: LCM_12_S4_R1_001_fastqc.html
[2025-01-16 23:56:35,264] multiqc                                            [DEBUG  ]  File ignored by rseqc/infer_experiment because it exceeded search pattern filesize limit: LCM_12_S4_R1_001_fastqc.html
[2025-01-16 23:56:35,287] multiqc                                            [DEBUG  ]  File ignored by nanostat because it exceeded search pattern filesize limit: LCM_12_S4_R1_001_fastqc.html
[2025-01-16 23:56:35,293] multiqc                                            [DEBUG  ]  File ignored by ccs/v4 because it exceeded search pattern filesize limit: LCM_24_S5_R2_001_fastqc.html
[2025-01-16 23:56:35,294] multiqc                                            [DEBUG  ]  File ignored by hicexplorer because it exceeded search pattern filesize limit: LCM_24_S5_R2_001_fastqc.html
[2025-01-16 23:56:35,294] multiqc                                            [DEBUG  ]  File ignored by lima/summary because it exceeded search pattern filesize limit: LCM_24_S5_R2_001_fastqc.html
[2025-01-16 23:56:35,296] multiqc                                            [DEBUG  ]  File ignored by vep/vep_txt because it exceeded search pattern filesize limit: LCM_24_S5_R2_001_fastqc.html
[2025-01-16 23:56:35,296] multiqc                                            [DEBUG  ]  File ignored by longranger/invocation because it exceeded search pattern filesize limit: LCM_24_S5_R2_001_fastqc.html
[2025-01-16 23:56:35,296] multiqc                                            [DEBUG  ]  File ignored by rockhopper because it exceeded search pattern filesize limit: LCM_24_S5_R2_001_fastqc.html
[2025-01-16 23:56:35,296] multiqc                                            [DEBUG  ]  File ignored by rseqc/bam_stat because it exceeded search pattern filesize limit: LCM_24_S5_R2_001_fastqc.html
[2025-01-16 23:56:35,296] multiqc                                            [DEBUG  ]  File ignored by rseqc/junction_annotation because it exceeded search pattern filesize limit: LCM_24_S5_R2_001_fastqc.html
[2025-01-16 23:56:35,296] multiqc                                            [DEBUG  ]  File ignored by rseqc/read_distribution because it exceeded search pattern filesize limit: LCM_24_S5_R2_001_fastqc.html
[2025-01-16 23:56:35,296] multiqc                                            [DEBUG  ]  File ignored by rseqc/infer_experiment because it exceeded search pattern filesize limit: LCM_24_S5_R2_001_fastqc.html
[2025-01-16 23:56:35,319] multiqc                                            [DEBUG  ]  File ignored by nanostat because it exceeded search pattern filesize limit: LCM_24_S5_R2_001_fastqc.html
[2025-01-16 23:56:35,325] multiqc                                            [DEBUG  ]  File ignored by ccs/v4 because it exceeded search pattern filesize limit: LCM_12_S4_R2_001_fastqc.html
[2025-01-16 23:56:35,326] multiqc                                            [DEBUG  ]  File ignored by hicexplorer because it exceeded search pattern filesize limit: LCM_12_S4_R2_001_fastqc.html
[2025-01-16 23:56:35,327] multiqc                                            [DEBUG  ]  File ignored by lima/summary because it exceeded search pattern filesize limit: LCM_12_S4_R2_001_fastqc.html
[2025-01-16 23:56:35,328] multiqc                                            [DEBUG  ]  File ignored by vep/vep_txt because it exceeded search pattern filesize limit: LCM_12_S4_R2_001_fastqc.html
[2025-01-16 23:56:35,329] multiqc                                            [DEBUG  ]  File ignored by longranger/invocation because it exceeded search pattern filesize limit: LCM_12_S4_R2_001_fastqc.html
[2025-01-16 23:56:35,329] multiqc                                            [DEBUG  ]  File ignored by rockhopper because it exceeded search pattern filesize limit: LCM_12_S4_R2_001_fastqc.html
[2025-01-16 23:56:35,329] multiqc                                            [DEBUG  ]  File ignored by rseqc/bam_stat because it exceeded search pattern filesize limit: LCM_12_S4_R2_001_fastqc.html
[2025-01-16 23:56:35,329] multiqc                                            [DEBUG  ]  File ignored by rseqc/junction_annotation because it exceeded search pattern filesize limit: LCM_12_S4_R2_001_fastqc.html
[2025-01-16 23:56:35,329] multiqc                                            [DEBUG  ]  File ignored by rseqc/read_distribution because it exceeded search pattern filesize limit: LCM_12_S4_R2_001_fastqc.html
[2025-01-16 23:56:35,329] multiqc                                            [DEBUG  ]  File ignored by rseqc/infer_experiment because it exceeded search pattern filesize limit: LCM_12_S4_R2_001_fastqc.html
[2025-01-16 23:56:35,352] multiqc                                            [DEBUG  ]  File ignored by nanostat because it exceeded search pattern filesize limit: LCM_12_S4_R2_001_fastqc.html
[2025-01-16 23:56:35,358] multiqc                                            [DEBUG  ]  File ignored by ccs/v4 because it exceeded search pattern filesize limit: LCM_25_S6_R1_001_fastqc.html
[2025-01-16 23:56:35,359] multiqc                                            [DEBUG  ]  File ignored by hicexplorer because it exceeded search pattern filesize limit: LCM_25_S6_R1_001_fastqc.html
[2025-01-16 23:56:35,359] multiqc                                            [DEBUG  ]  File ignored by lima/summary because it exceeded search pattern filesize limit: LCM_25_S6_R1_001_fastqc.html
[2025-01-16 23:56:35,361] multiqc                                            [DEBUG  ]  File ignored by vep/vep_txt because it exceeded search pattern filesize limit: LCM_25_S6_R1_001_fastqc.html
[2025-01-16 23:56:35,361] multiqc                                            [DEBUG  ]  File ignored by longranger/invocation because it exceeded search pattern filesize limit: LCM_25_S6_R1_001_fastqc.html
[2025-01-16 23:56:35,361] multiqc                                            [DEBUG  ]  File ignored by rockhopper because it exceeded search pattern filesize limit: LCM_25_S6_R1_001_fastqc.html
[2025-01-16 23:56:35,361] multiqc                                            [DEBUG  ]  File ignored by rseqc/bam_stat because it exceeded search pattern filesize limit: LCM_25_S6_R1_001_fastqc.html
[2025-01-16 23:56:35,361] multiqc                                            [DEBUG  ]  File ignored by rseqc/junction_annotation because it exceeded search pattern filesize limit: LCM_25_S6_R1_001_fastqc.html
[2025-01-16 23:56:35,362] multiqc                                            [DEBUG  ]  File ignored by rseqc/read_distribution because it exceeded search pattern filesize limit: LCM_25_S6_R1_001_fastqc.html
[2025-01-16 23:56:35,362] multiqc                                            [DEBUG  ]  File ignored by rseqc/infer_experiment because it exceeded search pattern filesize limit: LCM_25_S6_R1_001_fastqc.html
[2025-01-16 23:56:35,384] multiqc                                            [DEBUG  ]  File ignored by nanostat because it exceeded search pattern filesize limit: LCM_25_S6_R1_001_fastqc.html
[2025-01-16 23:56:35,390] multiqc                                            [DEBUG  ]  File ignored by ccs/v4 because it exceeded search pattern filesize limit: LCM_25_S6_R2_001_fastqc.html
[2025-01-16 23:56:35,391] multiqc                                            [DEBUG  ]  File ignored by hicexplorer because it exceeded search pattern filesize limit: LCM_25_S6_R2_001_fastqc.html
[2025-01-16 23:56:35,391] multiqc                                            [DEBUG  ]  File ignored by lima/summary because it exceeded search pattern filesize limit: LCM_25_S6_R2_001_fastqc.html
[2025-01-16 23:56:35,393] multiqc                                            [DEBUG  ]  File ignored by vep/vep_txt because it exceeded search pattern filesize limit: LCM_25_S6_R2_001_fastqc.html
[2025-01-16 23:56:35,393] multiqc                                            [DEBUG  ]  File ignored by longranger/invocation because it exceeded search pattern filesize limit: LCM_25_S6_R2_001_fastqc.html
[2025-01-16 23:56:35,393] multiqc                                            [DEBUG  ]  File ignored by rockhopper because it exceeded search pattern filesize limit: LCM_25_S6_R2_001_fastqc.html
[2025-01-16 23:56:35,393] multiqc                                            [DEBUG  ]  File ignored by rseqc/bam_stat because it exceeded search pattern filesize limit: LCM_25_S6_R2_001_fastqc.html
[2025-01-16 23:56:35,393] multiqc                                            [DEBUG  ]  File ignored by rseqc/junction_annotation because it exceeded search pattern filesize limit: LCM_25_S6_R2_001_fastqc.html
[2025-01-16 23:56:35,393] multiqc                                            [DEBUG  ]  File ignored by rseqc/read_distribution because it exceeded search pattern filesize limit: LCM_25_S6_R2_001_fastqc.html
[2025-01-16 23:56:35,393] multiqc                                            [DEBUG  ]  File ignored by rseqc/infer_experiment because it exceeded search pattern filesize limit: LCM_25_S6_R2_001_fastqc.html
[2025-01-16 23:56:35,417] multiqc                                            [DEBUG  ]  File ignored by nanostat because it exceeded search pattern filesize limit: LCM_25_S6_R2_001_fastqc.html
[2025-01-16 23:56:35,423] multiqc                                            [DEBUG  ]  File ignored by ccs/v4 because it exceeded search pattern filesize limit: LCM_24_S5_R1_001_fastqc.html
[2025-01-16 23:56:35,424] multiqc                                            [DEBUG  ]  File ignored by hicexplorer because it exceeded search pattern filesize limit: LCM_24_S5_R1_001_fastqc.html
[2025-01-16 23:56:35,424] multiqc                                            [DEBUG  ]  File ignored by lima/summary because it exceeded search pattern filesize limit: LCM_24_S5_R1_001_fastqc.html
[2025-01-16 23:56:35,426] multiqc                                            [DEBUG  ]  File ignored by vep/vep_txt because it exceeded search pattern filesize limit: LCM_24_S5_R1_001_fastqc.html
[2025-01-16 23:56:35,426] multiqc                                            [DEBUG  ]  File ignored by longranger/invocation because it exceeded search pattern filesize limit: LCM_24_S5_R1_001_fastqc.html
[2025-01-16 23:56:35,426] multiqc                                            [DEBUG  ]  File ignored by rockhopper because it exceeded search pattern filesize limit: LCM_24_S5_R1_001_fastqc.html
[2025-01-16 23:56:35,426] multiqc                                            [DEBUG  ]  File ignored by rseqc/bam_stat because it exceeded search pattern filesize limit: LCM_24_S5_R1_001_fastqc.html
[2025-01-16 23:56:35,426] multiqc                                            [DEBUG  ]  File ignored by rseqc/junction_annotation because it exceeded search pattern filesize limit: LCM_24_S5_R1_001_fastqc.html
[2025-01-16 23:56:35,426] multiqc                                            [DEBUG  ]  File ignored by rseqc/read_distribution because it exceeded search pattern filesize limit: LCM_24_S5_R1_001_fastqc.html
[2025-01-16 23:56:35,426] multiqc                                            [DEBUG  ]  File ignored by rseqc/infer_experiment because it exceeded search pattern filesize limit: LCM_24_S5_R1_001_fastqc.html
[2025-01-16 23:56:35,449] multiqc                                            [DEBUG  ]  File ignored by nanostat because it exceeded search pattern filesize limit: LCM_24_S5_R1_001_fastqc.html
[2025-01-16 23:56:35,455] multiqc                                            [DEBUG  ]  File ignored by ccs/v4 because it exceeded search pattern filesize limit: Undetermined_S0_R1_001_fastqc.html
[2025-01-16 23:56:35,455] multiqc                                            [DEBUG  ]  File ignored by hicexplorer because it exceeded search pattern filesize limit: Undetermined_S0_R1_001_fastqc.html
[2025-01-16 23:56:35,456] multiqc                                            [DEBUG  ]  File ignored by lima/summary because it exceeded search pattern filesize limit: Undetermined_S0_R1_001_fastqc.html
[2025-01-16 23:56:35,457] multiqc                                            [DEBUG  ]  File ignored by vep/vep_txt because it exceeded search pattern filesize limit: Undetermined_S0_R1_001_fastqc.html
[2025-01-16 23:56:35,458] multiqc                                            [DEBUG  ]  File ignored by longranger/invocation because it exceeded search pattern filesize limit: Undetermined_S0_R1_001_fastqc.html
[2025-01-16 23:56:35,458] multiqc                                            [DEBUG  ]  File ignored by rockhopper because it exceeded search pattern filesize limit: Undetermined_S0_R1_001_fastqc.html
[2025-01-16 23:56:35,458] multiqc                                            [DEBUG  ]  File ignored by rseqc/bam_stat because it exceeded search pattern filesize limit: Undetermined_S0_R1_001_fastqc.html
[2025-01-16 23:56:35,458] multiqc                                            [DEBUG  ]  File ignored by rseqc/junction_annotation because it exceeded search pattern filesize limit: Undetermined_S0_R1_001_fastqc.html
[2025-01-16 23:56:35,458] multiqc                                            [DEBUG  ]  File ignored by rseqc/read_distribution because it exceeded search pattern filesize limit: Undetermined_S0_R1_001_fastqc.html
[2025-01-16 23:56:35,458] multiqc                                            [DEBUG  ]  File ignored by rseqc/infer_experiment because it exceeded search pattern filesize limit: Undetermined_S0_R1_001_fastqc.html
[2025-01-16 23:56:35,480] multiqc                                            [DEBUG  ]  File ignored by nanostat because it exceeded search pattern filesize limit: Undetermined_S0_R1_001_fastqc.html
[2025-01-16 23:56:35,486] multiqc                                            [DEBUG  ]  File ignored by ccs/v4 because it exceeded search pattern filesize limit: Undetermined_S0_R2_001_fastqc.html
[2025-01-16 23:56:35,487] multiqc                                            [DEBUG  ]  File ignored by hicexplorer because it exceeded search pattern filesize limit: Undetermined_S0_R2_001_fastqc.html
[2025-01-16 23:56:35,487] multiqc                                            [DEBUG  ]  File ignored by lima/summary because it exceeded search pattern filesize limit: Undetermined_S0_R2_001_fastqc.html
[2025-01-16 23:56:35,489] multiqc                                            [DEBUG  ]  File ignored by vep/vep_txt because it exceeded search pattern filesize limit: Undetermined_S0_R2_001_fastqc.html
[2025-01-16 23:56:35,489] multiqc                                            [DEBUG  ]  File ignored by longranger/invocation because it exceeded search pattern filesize limit: Undetermined_S0_R2_001_fastqc.html
[2025-01-16 23:56:35,489] multiqc                                            [DEBUG  ]  File ignored by rockhopper because it exceeded search pattern filesize limit: Undetermined_S0_R2_001_fastqc.html
[2025-01-16 23:56:35,489] multiqc                                            [DEBUG  ]  File ignored by rseqc/bam_stat because it exceeded search pattern filesize limit: Undetermined_S0_R2_001_fastqc.html
[2025-01-16 23:56:35,489] multiqc                                            [DEBUG  ]  File ignored by rseqc/junction_annotation because it exceeded search pattern filesize limit: Undetermined_S0_R2_001_fastqc.html
[2025-01-16 23:56:35,489] multiqc                                            [DEBUG  ]  File ignored by rseqc/read_distribution because it exceeded search pattern filesize limit: Undetermined_S0_R2_001_fastqc.html
[2025-01-16 23:56:35,489] multiqc                                            [DEBUG  ]  File ignored by rseqc/infer_experiment because it exceeded search pattern filesize limit: Undetermined_S0_R2_001_fastqc.html
[2025-01-16 23:56:35,513] multiqc                                            [DEBUG  ]  File ignored by nanostat because it exceeded search pattern filesize limit: Undetermined_S0_R2_001_fastqc.html
[2025-01-16 23:56:37,184] multiqc.plots.linegraph                            [DEBUG  ]  Using matplotlib version 3.4.3
[2025-01-16 23:56:37,189] multiqc.plots.bargraph                             [DEBUG  ]  Using matplotlib version 3.4.3
[2025-01-16 23:56:38,914] multiqc.modules.fastqc.fastqc                      [INFO   ]  Found 22 reports
[2025-01-16 23:56:39,071] multiqc                                            [INFO   ]  Compressing plot data
[2025-01-16 23:56:39,349] multiqc                                            [INFO   ]  Report      : multiqc_report.html
[2025-01-16 23:56:39,349] multiqc                                            [INFO   ]  Data        : multiqc_data
[2025-01-16 23:56:39,349] multiqc                                            [DEBUG  ]  Moving data file from '/tmp/tmp1ct6tuv5/multiqc_data' to '/project/pi_hputnam_uri_edu/zdellaert/LaserCoral/data_WGBS/multiqc_data'
[2025-01-16 23:56:39,687] multiqc                                            [INFO   ]  MultiQC complete
