[2025-02-03 00:36:52,580] multiqc                                            [DEBUG  ]  This is MultiQC v1.12
[2025-02-03 00:36:52,580] multiqc                                            [DEBUG  ]  No MultiQC config found: /modules/uri_apps/software/MultiQC/1.12-foss-2021b/lib/python3.9/site-packages/multiqc_config.yaml
[2025-02-03 00:36:52,582] multiqc                                            [DEBUG  ]  No MultiQC config found: /home/zdellaert_uri_edu/.multiqc_config.yaml
[2025-02-03 00:36:52,583] multiqc                                            [DEBUG  ]  No MultiQC config found: multiqc_config.yaml
[2025-02-03 00:36:52,583] multiqc                                            [DEBUG  ]  Command used: /modules/uri_apps/software/MultiQC/1.12-foss-2021b/bin/multiqc LCM_11_fbtrim_1_fastqc.html LCM_11_fbtrim_1_fastqc.zip LCM_11_fbtrim_2_fastqc.html LCM_11_fbtrim_2_fastqc.zip LCM_12_fbtrim_1_fastqc.html LCM_12_fbtrim_1_fastqc.zip LCM_12_fbtrim_2_fastqc.html LCM_12_fbtrim_2_fastqc.zip LCM_17_fbtrim_1_fastqc.html LCM_17_fbtrim_1_fastqc.zip LCM_17_fbtrim_2_fastqc.html LCM_17_fbtrim_2_fastqc.zip LCM_18_fbtrim_1_fastqc.html LCM_18_fbtrim_1_fastqc.zip LCM_18_fbtrim_2_fastqc.html LCM_18_fbtrim_2_fastqc.zip LCM_1_fbtrim_1_fastqc.html LCM_1_fbtrim_1_fastqc.zip LCM_1_fbtrim_2_fastqc.html LCM_1_fbtrim_2_fastqc.zip LCM_24_fbtrim_1_fastqc.html LCM_24_fbtrim_1_fastqc.zip LCM_24_fbtrim_2_fastqc.html LCM_24_fbtrim_2_fastqc.zip LCM_25_fbtrim_1_fastqc.html LCM_25_fbtrim_1_fastqc.zip LCM_25_fbtrim_2_fastqc.html LCM_25_fbtrim_2_fastqc.zip LCM_32_fbtrim_1_fastqc.html LCM_32_fbtrim_1_fastqc.zip LCM_32_fbtrim_2_fastqc.html LCM_32_fbtrim_2_fastqc.zip LCM_33_fbtrim_1_fastqc.html LCM_33_fbtrim_1_fastqc.zip LCM_33_fbtrim_2_fastqc.html LCM_33_fbtrim_2_fastqc.zip LCM_3_fbtrim_1_fastqc.html LCM_3_fbtrim_1_fastqc.zip LCM_3_fbtrim_2_fastqc.html LCM_3_fbtrim_2_fastqc.zip
[2025-02-03 00:36:53,165] multiqc                                            [WARNING]  MultiQC Version v1.27 now available!
[2025-02-03 00:36:53,165] multiqc                                            [DEBUG  ]  Command     : /modules/uri_apps/software/MultiQC/1.12-foss-2021b/bin/multiqc LCM_11_fbtrim_1_fastqc.html LCM_11_fbtrim_1_fastqc.zip LCM_11_fbtrim_2_fastqc.html LCM_11_fbtrim_2_fastqc.zip LCM_12_fbtrim_1_fastqc.html LCM_12_fbtrim_1_fastqc.zip LCM_12_fbtrim_2_fastqc.html LCM_12_fbtrim_2_fastqc.zip LCM_17_fbtrim_1_fastqc.html LCM_17_fbtrim_1_fastqc.zip LCM_17_fbtrim_2_fastqc.html LCM_17_fbtrim_2_fastqc.zip LCM_18_fbtrim_1_fastqc.html LCM_18_fbtrim_1_fastqc.zip LCM_18_fbtrim_2_fastqc.html LCM_18_fbtrim_2_fastqc.zip LCM_1_fbtrim_1_fastqc.html LCM_1_fbtrim_1_fastqc.zip LCM_1_fbtrim_2_fastqc.html LCM_1_fbtrim_2_fastqc.zip LCM_24_fbtrim_1_fastqc.html LCM_24_fbtrim_1_fastqc.zip LCM_24_fbtrim_2_fastqc.html LCM_24_fbtrim_2_fastqc.zip LCM_25_fbtrim_1_fastqc.html LCM_25_fbtrim_1_fastqc.zip LCM_25_fbtrim_2_fastqc.html LCM_25_fbtrim_2_fastqc.zip LCM_32_fbtrim_1_fastqc.html LCM_32_fbtrim_1_fastqc.zip LCM_32_fbtrim_2_fastqc.html LCM_32_fbtrim_2_fastqc.zip LCM_33_fbtrim_1_fastqc.html LCM_33_fbtrim_1_fastqc.zip LCM_33_fbtrim_2_fastqc.html LCM_33_fbtrim_2_fastqc.zip LCM_3_fbtrim_1_fastqc.html LCM_3_fbtrim_1_fastqc.zip LCM_3_fbtrim_2_fastqc.html LCM_3_fbtrim_2_fastqc.zip
[2025-02-03 00:36:53,165] multiqc                                            [DEBUG  ]  Working dir : /project/pi_hputnam_uri_edu/zdellaert/LaserCoral/output_WGBS/trimmed_V7_qc
[2025-02-03 00:36:53,165] multiqc                                            [DEBUG  ]  Template    : default
[2025-02-03 00:36:53,165] multiqc                                            [DEBUG  ]  Running Python 3.9.6 (default, Nov 15 2024, 16:57:16)  [GCC 11.2.0]
[2025-02-03 00:36:53,167] multiqc                                            [DEBUG  ]  Analysing modules: custom_content, ccs, ngsderive, purple, conpair, lima, peddy, somalier, methylQA, mosdepth, phantompeakqualtools, qualimap, preseq, quast, qorts, rna_seqc, rockhopper, rsem, rseqc, busco, bustools, goleft_indexcov, gffcompare, disambiguate, supernova, deeptools, sargasso, verifybamid, mirtrace, happy, mirtop, sambamba, homer, hops, macs2, theta2, snpeff, gatk, htseq, bcftools, featureCounts, fgbio, dragen, dedup, pbmarkdup, damageprofiler, biobambam2, jcvi, mtnucratio, picard, vep, sentieon, prokka, qc3C, nanostat, samblaster, samtools, sexdeterrmine, eigenstratdatabasetools, bamtools, jellyfish, vcftools, longranger, stacks, varscan2, snippy, bbmap, bismark, biscuit, hicexplorer, hicup, hicpro, salmon, kallisto, slamdunk, star, hisat2, tophat, bowtie2, bowtie1, snpsplit, odgi, pangolin, kat, leehom, adapterRemoval, clipandmerge, cutadapt, flexbar, kaiju, kraken, malt, trimmomatic, sickle, skewer, sortmerna, biobloomtools, fastq_screen, afterqc, fastp, fastqc, pychopper, pycoqc, minionqc, multivcfanalyzer, clusterflow, checkqc, bcl2fastq, bclconvert, interop, ivar, flash, seqyclean, optitype, whatshap
[2025-02-03 00:36:53,167] multiqc                                            [DEBUG  ]  Using temporary directory for creating report: /tmp/tmp93tl12s9
[2025-02-03 00:36:53,608] multiqc                                            [INFO   ]  Search path : /project/pi_hputnam_uri_edu/zdellaert/LaserCoral/output_WGBS/trimmed_V7_qc/LCM_11_fbtrim_1_fastqc.html
[2025-02-03 00:36:53,609] multiqc                                            [INFO   ]  Search path : /project/pi_hputnam_uri_edu/zdellaert/LaserCoral/output_WGBS/trimmed_V7_qc/LCM_11_fbtrim_1_fastqc.zip
[2025-02-03 00:36:53,609] multiqc                                            [INFO   ]  Search path : /project/pi_hputnam_uri_edu/zdellaert/LaserCoral/output_WGBS/trimmed_V7_qc/LCM_11_fbtrim_2_fastqc.html
[2025-02-03 00:36:53,609] multiqc                                            [INFO   ]  Search path : /project/pi_hputnam_uri_edu/zdellaert/LaserCoral/output_WGBS/trimmed_V7_qc/LCM_11_fbtrim_2_fastqc.zip
[2025-02-03 00:36:53,609] multiqc                                            [INFO   ]  Search path : /project/pi_hputnam_uri_edu/zdellaert/LaserCoral/output_WGBS/trimmed_V7_qc/LCM_12_fbtrim_1_fastqc.html
[2025-02-03 00:36:53,609] multiqc                                            [INFO   ]  Search path : /project/pi_hputnam_uri_edu/zdellaert/LaserCoral/output_WGBS/trimmed_V7_qc/LCM_12_fbtrim_1_fastqc.zip
[2025-02-03 00:36:53,609] multiqc                                            [INFO   ]  Search path : /project/pi_hputnam_uri_edu/zdellaert/LaserCoral/output_WGBS/trimmed_V7_qc/LCM_12_fbtrim_2_fastqc.html
[2025-02-03 00:36:53,609] multiqc                                            [INFO   ]  Search path : /project/pi_hputnam_uri_edu/zdellaert/LaserCoral/output_WGBS/trimmed_V7_qc/LCM_12_fbtrim_2_fastqc.zip
[2025-02-03 00:36:53,609] multiqc                                            [INFO   ]  Search path : /project/pi_hputnam_uri_edu/zdellaert/LaserCoral/output_WGBS/trimmed_V7_qc/LCM_17_fbtrim_1_fastqc.html
[2025-02-03 00:36:53,610] multiqc                                            [INFO   ]  Search path : /project/pi_hputnam_uri_edu/zdellaert/LaserCoral/output_WGBS/trimmed_V7_qc/LCM_17_fbtrim_1_fastqc.zip
[2025-02-03 00:36:53,610] multiqc                                            [INFO   ]  Search path : /project/pi_hputnam_uri_edu/zdellaert/LaserCoral/output_WGBS/trimmed_V7_qc/LCM_17_fbtrim_2_fastqc.html
[2025-02-03 00:36:53,610] multiqc                                            [INFO   ]  Search path : /project/pi_hputnam_uri_edu/zdellaert/LaserCoral/output_WGBS/trimmed_V7_qc/LCM_17_fbtrim_2_fastqc.zip
[2025-02-03 00:36:53,610] multiqc                                            [INFO   ]  Search path : /project/pi_hputnam_uri_edu/zdellaert/LaserCoral/output_WGBS/trimmed_V7_qc/LCM_18_fbtrim_1_fastqc.html
[2025-02-03 00:36:53,610] multiqc                                            [INFO   ]  Search path : /project/pi_hputnam_uri_edu/zdellaert/LaserCoral/output_WGBS/trimmed_V7_qc/LCM_18_fbtrim_1_fastqc.zip
[2025-02-03 00:36:53,610] multiqc                                            [INFO   ]  Search path : /project/pi_hputnam_uri_edu/zdellaert/LaserCoral/output_WGBS/trimmed_V7_qc/LCM_18_fbtrim_2_fastqc.html
[2025-02-03 00:36:53,610] multiqc                                            [INFO   ]  Search path : /project/pi_hputnam_uri_edu/zdellaert/LaserCoral/output_WGBS/trimmed_V7_qc/LCM_18_fbtrim_2_fastqc.zip
[2025-02-03 00:36:53,610] multiqc                                            [INFO   ]  Search path : /project/pi_hputnam_uri_edu/zdellaert/LaserCoral/output_WGBS/trimmed_V7_qc/LCM_1_fbtrim_1_fastqc.html
[2025-02-03 00:36:53,611] multiqc                                            [INFO   ]  Search path : /project/pi_hputnam_uri_edu/zdellaert/LaserCoral/output_WGBS/trimmed_V7_qc/LCM_1_fbtrim_1_fastqc.zip
[2025-02-03 00:36:53,611] multiqc                                            [INFO   ]  Search path : /project/pi_hputnam_uri_edu/zdellaert/LaserCoral/output_WGBS/trimmed_V7_qc/LCM_1_fbtrim_2_fastqc.html
[2025-02-03 00:36:53,611] multiqc                                            [INFO   ]  Search path : /project/pi_hputnam_uri_edu/zdellaert/LaserCoral/output_WGBS/trimmed_V7_qc/LCM_1_fbtrim_2_fastqc.zip
[2025-02-03 00:36:53,611] multiqc                                            [INFO   ]  Search path : /project/pi_hputnam_uri_edu/zdellaert/LaserCoral/output_WGBS/trimmed_V7_qc/LCM_24_fbtrim_1_fastqc.html
[2025-02-03 00:36:53,611] multiqc                                            [INFO   ]  Search path : /project/pi_hputnam_uri_edu/zdellaert/LaserCoral/output_WGBS/trimmed_V7_qc/LCM_24_fbtrim_1_fastqc.zip
[2025-02-03 00:36:53,611] multiqc                                            [INFO   ]  Search path : /project/pi_hputnam_uri_edu/zdellaert/LaserCoral/output_WGBS/trimmed_V7_qc/LCM_24_fbtrim_2_fastqc.html
[2025-02-03 00:36:53,611] multiqc                                            [INFO   ]  Search path : /project/pi_hputnam_uri_edu/zdellaert/LaserCoral/output_WGBS/trimmed_V7_qc/LCM_24_fbtrim_2_fastqc.zip
[2025-02-03 00:36:53,611] multiqc                                            [INFO   ]  Search path : /project/pi_hputnam_uri_edu/zdellaert/LaserCoral/output_WGBS/trimmed_V7_qc/LCM_25_fbtrim_1_fastqc.html
[2025-02-03 00:36:53,612] multiqc                                            [INFO   ]  Search path : /project/pi_hputnam_uri_edu/zdellaert/LaserCoral/output_WGBS/trimmed_V7_qc/LCM_25_fbtrim_1_fastqc.zip
[2025-02-03 00:36:53,612] multiqc                                            [INFO   ]  Search path : /project/pi_hputnam_uri_edu/zdellaert/LaserCoral/output_WGBS/trimmed_V7_qc/LCM_25_fbtrim_2_fastqc.html
[2025-02-03 00:36:53,612] multiqc                                            [INFO   ]  Search path : /project/pi_hputnam_uri_edu/zdellaert/LaserCoral/output_WGBS/trimmed_V7_qc/LCM_25_fbtrim_2_fastqc.zip
[2025-02-03 00:36:53,612] multiqc                                            [INFO   ]  Search path : /project/pi_hputnam_uri_edu/zdellaert/LaserCoral/output_WGBS/trimmed_V7_qc/LCM_32_fbtrim_1_fastqc.html
[2025-02-03 00:36:53,612] multiqc                                            [INFO   ]  Search path : /project/pi_hputnam_uri_edu/zdellaert/LaserCoral/output_WGBS/trimmed_V7_qc/LCM_32_fbtrim_1_fastqc.zip
[2025-02-03 00:36:53,612] multiqc                                            [INFO   ]  Search path : /project/pi_hputnam_uri_edu/zdellaert/LaserCoral/output_WGBS/trimmed_V7_qc/LCM_32_fbtrim_2_fastqc.html
[2025-02-03 00:36:53,612] multiqc                                            [INFO   ]  Search path : /project/pi_hputnam_uri_edu/zdellaert/LaserCoral/output_WGBS/trimmed_V7_qc/LCM_32_fbtrim_2_fastqc.zip
[2025-02-03 00:36:53,612] multiqc                                            [INFO   ]  Search path : /project/pi_hputnam_uri_edu/zdellaert/LaserCoral/output_WGBS/trimmed_V7_qc/LCM_33_fbtrim_1_fastqc.html
[2025-02-03 00:36:53,613] multiqc                                            [INFO   ]  Search path : /project/pi_hputnam_uri_edu/zdellaert/LaserCoral/output_WGBS/trimmed_V7_qc/LCM_33_fbtrim_1_fastqc.zip
[2025-02-03 00:36:53,613] multiqc                                            [INFO   ]  Search path : /project/pi_hputnam_uri_edu/zdellaert/LaserCoral/output_WGBS/trimmed_V7_qc/LCM_33_fbtrim_2_fastqc.html
[2025-02-03 00:36:53,613] multiqc                                            [INFO   ]  Search path : /project/pi_hputnam_uri_edu/zdellaert/LaserCoral/output_WGBS/trimmed_V7_qc/LCM_33_fbtrim_2_fastqc.zip
[2025-02-03 00:36:53,613] multiqc                                            [INFO   ]  Search path : /project/pi_hputnam_uri_edu/zdellaert/LaserCoral/output_WGBS/trimmed_V7_qc/LCM_3_fbtrim_1_fastqc.html
[2025-02-03 00:36:53,613] multiqc                                            [INFO   ]  Search path : /project/pi_hputnam_uri_edu/zdellaert/LaserCoral/output_WGBS/trimmed_V7_qc/LCM_3_fbtrim_1_fastqc.zip
[2025-02-03 00:36:53,613] multiqc                                            [INFO   ]  Search path : /project/pi_hputnam_uri_edu/zdellaert/LaserCoral/output_WGBS/trimmed_V7_qc/LCM_3_fbtrim_2_fastqc.html
[2025-02-03 00:36:53,613] multiqc                                            [INFO   ]  Search path : /project/pi_hputnam_uri_edu/zdellaert/LaserCoral/output_WGBS/trimmed_V7_qc/LCM_3_fbtrim_2_fastqc.zip
[2025-02-03 00:36:53,656] multiqc                                            [DEBUG  ]  File ignored by ccs/v4 because it exceeded search pattern filesize limit: LCM_11_fbtrim_1_fastqc.html
[2025-02-03 00:36:53,657] multiqc                                            [DEBUG  ]  File ignored by hicexplorer because it exceeded search pattern filesize limit: LCM_11_fbtrim_1_fastqc.html
[2025-02-03 00:36:53,657] multiqc                                            [DEBUG  ]  File ignored by lima/summary because it exceeded search pattern filesize limit: LCM_11_fbtrim_1_fastqc.html
[2025-02-03 00:36:53,660] multiqc                                            [DEBUG  ]  File ignored by vep/vep_txt because it exceeded search pattern filesize limit: LCM_11_fbtrim_1_fastqc.html
[2025-02-03 00:36:53,660] multiqc                                            [DEBUG  ]  File ignored by longranger/invocation because it exceeded search pattern filesize limit: LCM_11_fbtrim_1_fastqc.html
[2025-02-03 00:36:53,660] multiqc                                            [DEBUG  ]  File ignored by rockhopper because it exceeded search pattern filesize limit: LCM_11_fbtrim_1_fastqc.html
[2025-02-03 00:36:53,660] multiqc                                            [DEBUG  ]  File ignored by rseqc/bam_stat because it exceeded search pattern filesize limit: LCM_11_fbtrim_1_fastqc.html
[2025-02-03 00:36:53,660] multiqc                                            [DEBUG  ]  File ignored by rseqc/junction_annotation because it exceeded search pattern filesize limit: LCM_11_fbtrim_1_fastqc.html
[2025-02-03 00:36:53,660] multiqc                                            [DEBUG  ]  File ignored by rseqc/read_distribution because it exceeded search pattern filesize limit: LCM_11_fbtrim_1_fastqc.html
[2025-02-03 00:36:53,661] multiqc                                            [DEBUG  ]  File ignored by rseqc/infer_experiment because it exceeded search pattern filesize limit: LCM_11_fbtrim_1_fastqc.html
[2025-02-03 00:36:53,687] multiqc                                            [DEBUG  ]  File ignored by nanostat because it exceeded search pattern filesize limit: LCM_11_fbtrim_1_fastqc.html
[2025-02-03 00:36:53,694] multiqc                                            [DEBUG  ]  File ignored by ccs/v4 because it exceeded search pattern filesize limit: LCM_11_fbtrim_2_fastqc.html
[2025-02-03 00:36:53,695] multiqc                                            [DEBUG  ]  File ignored by hicexplorer because it exceeded search pattern filesize limit: LCM_11_fbtrim_2_fastqc.html
[2025-02-03 00:36:53,695] multiqc                                            [DEBUG  ]  File ignored by lima/summary because it exceeded search pattern filesize limit: LCM_11_fbtrim_2_fastqc.html
[2025-02-03 00:36:53,697] multiqc                                            [DEBUG  ]  File ignored by vep/vep_txt because it exceeded search pattern filesize limit: LCM_11_fbtrim_2_fastqc.html
[2025-02-03 00:36:53,697] multiqc                                            [DEBUG  ]  File ignored by longranger/invocation because it exceeded search pattern filesize limit: LCM_11_fbtrim_2_fastqc.html
[2025-02-03 00:36:53,697] multiqc                                            [DEBUG  ]  File ignored by rockhopper because it exceeded search pattern filesize limit: LCM_11_fbtrim_2_fastqc.html
[2025-02-03 00:36:53,697] multiqc                                            [DEBUG  ]  File ignored by rseqc/bam_stat because it exceeded search pattern filesize limit: LCM_11_fbtrim_2_fastqc.html
[2025-02-03 00:36:53,697] multiqc                                            [DEBUG  ]  File ignored by rseqc/junction_annotation because it exceeded search pattern filesize limit: LCM_11_fbtrim_2_fastqc.html
[2025-02-03 00:36:53,697] multiqc                                            [DEBUG  ]  File ignored by rseqc/read_distribution because it exceeded search pattern filesize limit: LCM_11_fbtrim_2_fastqc.html
[2025-02-03 00:36:53,697] multiqc                                            [DEBUG  ]  File ignored by rseqc/infer_experiment because it exceeded search pattern filesize limit: LCM_11_fbtrim_2_fastqc.html
[2025-02-03 00:36:53,720] multiqc                                            [DEBUG  ]  File ignored by nanostat because it exceeded search pattern filesize limit: LCM_11_fbtrim_2_fastqc.html
[2025-02-03 00:36:53,729] multiqc                                            [DEBUG  ]  File ignored by ccs/v4 because it exceeded search pattern filesize limit: LCM_12_fbtrim_1_fastqc.html
[2025-02-03 00:36:53,731] multiqc                                            [DEBUG  ]  File ignored by hicexplorer because it exceeded search pattern filesize limit: LCM_12_fbtrim_1_fastqc.html
[2025-02-03 00:36:53,732] multiqc                                            [DEBUG  ]  File ignored by lima/summary because it exceeded search pattern filesize limit: LCM_12_fbtrim_1_fastqc.html
[2025-02-03 00:36:53,736] multiqc                                            [DEBUG  ]  File ignored by vep/vep_txt because it exceeded search pattern filesize limit: LCM_12_fbtrim_1_fastqc.html
[2025-02-03 00:36:53,737] multiqc                                            [DEBUG  ]  File ignored by longranger/invocation because it exceeded search pattern filesize limit: LCM_12_fbtrim_1_fastqc.html
[2025-02-03 00:36:53,737] multiqc                                            [DEBUG  ]  File ignored by rockhopper because it exceeded search pattern filesize limit: LCM_12_fbtrim_1_fastqc.html
[2025-02-03 00:36:53,737] multiqc                                            [DEBUG  ]  File ignored by rseqc/bam_stat because it exceeded search pattern filesize limit: LCM_12_fbtrim_1_fastqc.html
[2025-02-03 00:36:53,737] multiqc                                            [DEBUG  ]  File ignored by rseqc/junction_annotation because it exceeded search pattern filesize limit: LCM_12_fbtrim_1_fastqc.html
[2025-02-03 00:36:53,737] multiqc                                            [DEBUG  ]  File ignored by rseqc/read_distribution because it exceeded search pattern filesize limit: LCM_12_fbtrim_1_fastqc.html
[2025-02-03 00:36:53,737] multiqc                                            [DEBUG  ]  File ignored by rseqc/infer_experiment because it exceeded search pattern filesize limit: LCM_12_fbtrim_1_fastqc.html
[2025-02-03 00:36:53,774] multiqc                                            [DEBUG  ]  File ignored by nanostat because it exceeded search pattern filesize limit: LCM_12_fbtrim_1_fastqc.html
[2025-02-03 00:36:53,780] multiqc                                            [DEBUG  ]  File ignored by ccs/v4 because it exceeded search pattern filesize limit: LCM_12_fbtrim_2_fastqc.html
[2025-02-03 00:36:53,781] multiqc                                            [DEBUG  ]  File ignored by hicexplorer because it exceeded search pattern filesize limit: LCM_12_fbtrim_2_fastqc.html
[2025-02-03 00:36:53,781] multiqc                                            [DEBUG  ]  File ignored by lima/summary because it exceeded search pattern filesize limit: LCM_12_fbtrim_2_fastqc.html
[2025-02-03 00:36:53,783] multiqc                                            [DEBUG  ]  File ignored by vep/vep_txt because it exceeded search pattern filesize limit: LCM_12_fbtrim_2_fastqc.html
[2025-02-03 00:36:53,783] multiqc                                            [DEBUG  ]  File ignored by longranger/invocation because it exceeded search pattern filesize limit: LCM_12_fbtrim_2_fastqc.html
[2025-02-03 00:36:53,783] multiqc                                            [DEBUG  ]  File ignored by rockhopper because it exceeded search pattern filesize limit: LCM_12_fbtrim_2_fastqc.html
[2025-02-03 00:36:53,783] multiqc                                            [DEBUG  ]  File ignored by rseqc/bam_stat because it exceeded search pattern filesize limit: LCM_12_fbtrim_2_fastqc.html
[2025-02-03 00:36:53,783] multiqc                                            [DEBUG  ]  File ignored by rseqc/junction_annotation because it exceeded search pattern filesize limit: LCM_12_fbtrim_2_fastqc.html
[2025-02-03 00:36:53,783] multiqc                                            [DEBUG  ]  File ignored by rseqc/read_distribution because it exceeded search pattern filesize limit: LCM_12_fbtrim_2_fastqc.html
[2025-02-03 00:36:53,783] multiqc                                            [DEBUG  ]  File ignored by rseqc/infer_experiment because it exceeded search pattern filesize limit: LCM_12_fbtrim_2_fastqc.html
[2025-02-03 00:36:53,814] multiqc                                            [DEBUG  ]  File ignored by nanostat because it exceeded search pattern filesize limit: LCM_12_fbtrim_2_fastqc.html
[2025-02-03 00:36:53,823] multiqc                                            [DEBUG  ]  File ignored by ccs/v4 because it exceeded search pattern filesize limit: LCM_17_fbtrim_1_fastqc.html
[2025-02-03 00:36:53,824] multiqc                                            [DEBUG  ]  File ignored by hicexplorer because it exceeded search pattern filesize limit: LCM_17_fbtrim_1_fastqc.html
[2025-02-03 00:36:53,824] multiqc                                            [DEBUG  ]  File ignored by lima/summary because it exceeded search pattern filesize limit: LCM_17_fbtrim_1_fastqc.html
[2025-02-03 00:36:53,825] multiqc                                            [DEBUG  ]  File ignored by vep/vep_txt because it exceeded search pattern filesize limit: LCM_17_fbtrim_1_fastqc.html
[2025-02-03 00:36:53,825] multiqc                                            [DEBUG  ]  File ignored by longranger/invocation because it exceeded search pattern filesize limit: LCM_17_fbtrim_1_fastqc.html
[2025-02-03 00:36:53,826] multiqc                                            [DEBUG  ]  File ignored by rockhopper because it exceeded search pattern filesize limit: LCM_17_fbtrim_1_fastqc.html
[2025-02-03 00:36:53,826] multiqc                                            [DEBUG  ]  File ignored by rseqc/bam_stat because it exceeded search pattern filesize limit: LCM_17_fbtrim_1_fastqc.html
[2025-02-03 00:36:53,826] multiqc                                            [DEBUG  ]  File ignored by rseqc/junction_annotation because it exceeded search pattern filesize limit: LCM_17_fbtrim_1_fastqc.html
[2025-02-03 00:36:53,826] multiqc                                            [DEBUG  ]  File ignored by rseqc/read_distribution because it exceeded search pattern filesize limit: LCM_17_fbtrim_1_fastqc.html
[2025-02-03 00:36:53,826] multiqc                                            [DEBUG  ]  File ignored by rseqc/infer_experiment because it exceeded search pattern filesize limit: LCM_17_fbtrim_1_fastqc.html
[2025-02-03 00:36:53,848] multiqc                                            [DEBUG  ]  File ignored by nanostat because it exceeded search pattern filesize limit: LCM_17_fbtrim_1_fastqc.html
[2025-02-03 00:36:53,854] multiqc                                            [DEBUG  ]  File ignored by ccs/v4 because it exceeded search pattern filesize limit: LCM_17_fbtrim_2_fastqc.html
[2025-02-03 00:36:53,855] multiqc                                            [DEBUG  ]  File ignored by hicexplorer because it exceeded search pattern filesize limit: LCM_17_fbtrim_2_fastqc.html
[2025-02-03 00:36:53,855] multiqc                                            [DEBUG  ]  File ignored by lima/summary because it exceeded search pattern filesize limit: LCM_17_fbtrim_2_fastqc.html
[2025-02-03 00:36:53,857] multiqc                                            [DEBUG  ]  File ignored by vep/vep_txt because it exceeded search pattern filesize limit: LCM_17_fbtrim_2_fastqc.html
[2025-02-03 00:36:53,857] multiqc                                            [DEBUG  ]  File ignored by longranger/invocation because it exceeded search pattern filesize limit: LCM_17_fbtrim_2_fastqc.html
[2025-02-03 00:36:53,857] multiqc                                            [DEBUG  ]  File ignored by rockhopper because it exceeded search pattern filesize limit: LCM_17_fbtrim_2_fastqc.html
[2025-02-03 00:36:53,857] multiqc                                            [DEBUG  ]  File ignored by rseqc/bam_stat because it exceeded search pattern filesize limit: LCM_17_fbtrim_2_fastqc.html
[2025-02-03 00:36:53,857] multiqc                                            [DEBUG  ]  File ignored by rseqc/junction_annotation because it exceeded search pattern filesize limit: LCM_17_fbtrim_2_fastqc.html
[2025-02-03 00:36:53,857] multiqc                                            [DEBUG  ]  File ignored by rseqc/read_distribution because it exceeded search pattern filesize limit: LCM_17_fbtrim_2_fastqc.html
[2025-02-03 00:36:53,857] multiqc                                            [DEBUG  ]  File ignored by rseqc/infer_experiment because it exceeded search pattern filesize limit: LCM_17_fbtrim_2_fastqc.html
[2025-02-03 00:36:53,880] multiqc                                            [DEBUG  ]  File ignored by nanostat because it exceeded search pattern filesize limit: LCM_17_fbtrim_2_fastqc.html
[2025-02-03 00:36:53,886] multiqc                                            [DEBUG  ]  File ignored by ccs/v4 because it exceeded search pattern filesize limit: LCM_18_fbtrim_1_fastqc.html
[2025-02-03 00:36:53,886] multiqc                                            [DEBUG  ]  File ignored by hicexplorer because it exceeded search pattern filesize limit: LCM_18_fbtrim_1_fastqc.html
[2025-02-03 00:36:53,886] multiqc                                            [DEBUG  ]  File ignored by lima/summary because it exceeded search pattern filesize limit: LCM_18_fbtrim_1_fastqc.html
[2025-02-03 00:36:53,888] multiqc                                            [DEBUG  ]  File ignored by vep/vep_txt because it exceeded search pattern filesize limit: LCM_18_fbtrim_1_fastqc.html
[2025-02-03 00:36:53,888] multiqc                                            [DEBUG  ]  File ignored by longranger/invocation because it exceeded search pattern filesize limit: LCM_18_fbtrim_1_fastqc.html
[2025-02-03 00:36:53,888] multiqc                                            [DEBUG  ]  File ignored by rockhopper because it exceeded search pattern filesize limit: LCM_18_fbtrim_1_fastqc.html
[2025-02-03 00:36:53,888] multiqc                                            [DEBUG  ]  File ignored by rseqc/bam_stat because it exceeded search pattern filesize limit: LCM_18_fbtrim_1_fastqc.html
[2025-02-03 00:36:53,888] multiqc                                            [DEBUG  ]  File ignored by rseqc/junction_annotation because it exceeded search pattern filesize limit: LCM_18_fbtrim_1_fastqc.html
[2025-02-03 00:36:53,888] multiqc                                            [DEBUG  ]  File ignored by rseqc/read_distribution because it exceeded search pattern filesize limit: LCM_18_fbtrim_1_fastqc.html
[2025-02-03 00:36:53,888] multiqc                                            [DEBUG  ]  File ignored by rseqc/infer_experiment because it exceeded search pattern filesize limit: LCM_18_fbtrim_1_fastqc.html
[2025-02-03 00:36:53,911] multiqc                                            [DEBUG  ]  File ignored by nanostat because it exceeded search pattern filesize limit: LCM_18_fbtrim_1_fastqc.html
[2025-02-03 00:36:53,916] multiqc                                            [DEBUG  ]  File ignored by ccs/v4 because it exceeded search pattern filesize limit: LCM_18_fbtrim_2_fastqc.html
[2025-02-03 00:36:53,917] multiqc                                            [DEBUG  ]  File ignored by hicexplorer because it exceeded search pattern filesize limit: LCM_18_fbtrim_2_fastqc.html
[2025-02-03 00:36:53,917] multiqc                                            [DEBUG  ]  File ignored by lima/summary because it exceeded search pattern filesize limit: LCM_18_fbtrim_2_fastqc.html
[2025-02-03 00:36:53,919] multiqc                                            [DEBUG  ]  File ignored by vep/vep_txt because it exceeded search pattern filesize limit: LCM_18_fbtrim_2_fastqc.html
[2025-02-03 00:36:53,919] multiqc                                            [DEBUG  ]  File ignored by longranger/invocation because it exceeded search pattern filesize limit: LCM_18_fbtrim_2_fastqc.html
[2025-02-03 00:36:53,919] multiqc                                            [DEBUG  ]  File ignored by rockhopper because it exceeded search pattern filesize limit: LCM_18_fbtrim_2_fastqc.html
[2025-02-03 00:36:53,919] multiqc                                            [DEBUG  ]  File ignored by rseqc/bam_stat because it exceeded search pattern filesize limit: LCM_18_fbtrim_2_fastqc.html
[2025-02-03 00:36:53,919] multiqc                                            [DEBUG  ]  File ignored by rseqc/junction_annotation because it exceeded search pattern filesize limit: LCM_18_fbtrim_2_fastqc.html
[2025-02-03 00:36:53,919] multiqc                                            [DEBUG  ]  File ignored by rseqc/read_distribution because it exceeded search pattern filesize limit: LCM_18_fbtrim_2_fastqc.html
[2025-02-03 00:36:53,919] multiqc                                            [DEBUG  ]  File ignored by rseqc/infer_experiment because it exceeded search pattern filesize limit: LCM_18_fbtrim_2_fastqc.html
[2025-02-03 00:36:53,942] multiqc                                            [DEBUG  ]  File ignored by nanostat because it exceeded search pattern filesize limit: LCM_18_fbtrim_2_fastqc.html
[2025-02-03 00:36:53,948] multiqc                                            [DEBUG  ]  File ignored by ccs/v4 because it exceeded search pattern filesize limit: LCM_1_fbtrim_1_fastqc.html
[2025-02-03 00:36:53,949] multiqc                                            [DEBUG  ]  File ignored by hicexplorer because it exceeded search pattern filesize limit: LCM_1_fbtrim_1_fastqc.html
[2025-02-03 00:36:53,949] multiqc                                            [DEBUG  ]  File ignored by lima/summary because it exceeded search pattern filesize limit: LCM_1_fbtrim_1_fastqc.html
[2025-02-03 00:36:53,951] multiqc                                            [DEBUG  ]  File ignored by vep/vep_txt because it exceeded search pattern filesize limit: LCM_1_fbtrim_1_fastqc.html
[2025-02-03 00:36:53,951] multiqc                                            [DEBUG  ]  File ignored by longranger/invocation because it exceeded search pattern filesize limit: LCM_1_fbtrim_1_fastqc.html
[2025-02-03 00:36:53,951] multiqc                                            [DEBUG  ]  File ignored by rockhopper because it exceeded search pattern filesize limit: LCM_1_fbtrim_1_fastqc.html
[2025-02-03 00:36:53,951] multiqc                                            [DEBUG  ]  File ignored by rseqc/bam_stat because it exceeded search pattern filesize limit: LCM_1_fbtrim_1_fastqc.html
[2025-02-03 00:36:53,951] multiqc                                            [DEBUG  ]  File ignored by rseqc/junction_annotation because it exceeded search pattern filesize limit: LCM_1_fbtrim_1_fastqc.html
[2025-02-03 00:36:53,951] multiqc                                            [DEBUG  ]  File ignored by rseqc/read_distribution because it exceeded search pattern filesize limit: LCM_1_fbtrim_1_fastqc.html
[2025-02-03 00:36:53,951] multiqc                                            [DEBUG  ]  File ignored by rseqc/infer_experiment because it exceeded search pattern filesize limit: LCM_1_fbtrim_1_fastqc.html
[2025-02-03 00:36:53,973] multiqc                                            [DEBUG  ]  File ignored by nanostat because it exceeded search pattern filesize limit: LCM_1_fbtrim_1_fastqc.html
[2025-02-03 00:36:53,980] multiqc                                            [DEBUG  ]  File ignored by ccs/v4 because it exceeded search pattern filesize limit: LCM_1_fbtrim_2_fastqc.html
[2025-02-03 00:36:53,983] multiqc                                            [DEBUG  ]  File ignored by hicexplorer because it exceeded search pattern filesize limit: LCM_1_fbtrim_2_fastqc.html
[2025-02-03 00:36:53,983] multiqc                                            [DEBUG  ]  File ignored by lima/summary because it exceeded search pattern filesize limit: LCM_1_fbtrim_2_fastqc.html
[2025-02-03 00:36:53,988] multiqc                                            [DEBUG  ]  File ignored by vep/vep_txt because it exceeded search pattern filesize limit: LCM_1_fbtrim_2_fastqc.html
[2025-02-03 00:36:53,988] multiqc                                            [DEBUG  ]  File ignored by longranger/invocation because it exceeded search pattern filesize limit: LCM_1_fbtrim_2_fastqc.html
[2025-02-03 00:36:53,989] multiqc                                            [DEBUG  ]  File ignored by rockhopper because it exceeded search pattern filesize limit: LCM_1_fbtrim_2_fastqc.html
[2025-02-03 00:36:53,989] multiqc                                            [DEBUG  ]  File ignored by rseqc/bam_stat because it exceeded search pattern filesize limit: LCM_1_fbtrim_2_fastqc.html
[2025-02-03 00:36:53,989] multiqc                                            [DEBUG  ]  File ignored by rseqc/junction_annotation because it exceeded search pattern filesize limit: LCM_1_fbtrim_2_fastqc.html
[2025-02-03 00:36:53,989] multiqc                                            [DEBUG  ]  File ignored by rseqc/read_distribution because it exceeded search pattern filesize limit: LCM_1_fbtrim_2_fastqc.html
[2025-02-03 00:36:53,989] multiqc                                            [DEBUG  ]  File ignored by rseqc/infer_experiment because it exceeded search pattern filesize limit: LCM_1_fbtrim_2_fastqc.html
[2025-02-03 00:36:54,027] multiqc                                            [DEBUG  ]  File ignored by nanostat because it exceeded search pattern filesize limit: LCM_1_fbtrim_2_fastqc.html
[2025-02-03 00:36:54,033] multiqc                                            [DEBUG  ]  File ignored by ccs/v4 because it exceeded search pattern filesize limit: LCM_24_fbtrim_1_fastqc.html
[2025-02-03 00:36:54,034] multiqc                                            [DEBUG  ]  File ignored by hicexplorer because it exceeded search pattern filesize limit: LCM_24_fbtrim_1_fastqc.html
[2025-02-03 00:36:54,034] multiqc                                            [DEBUG  ]  File ignored by lima/summary because it exceeded search pattern filesize limit: LCM_24_fbtrim_1_fastqc.html
[2025-02-03 00:36:54,036] multiqc                                            [DEBUG  ]  File ignored by vep/vep_txt because it exceeded search pattern filesize limit: LCM_24_fbtrim_1_fastqc.html
[2025-02-03 00:36:54,036] multiqc                                            [DEBUG  ]  File ignored by longranger/invocation because it exceeded search pattern filesize limit: LCM_24_fbtrim_1_fastqc.html
[2025-02-03 00:36:54,036] multiqc                                            [DEBUG  ]  File ignored by rockhopper because it exceeded search pattern filesize limit: LCM_24_fbtrim_1_fastqc.html
[2025-02-03 00:36:54,036] multiqc                                            [DEBUG  ]  File ignored by rseqc/bam_stat because it exceeded search pattern filesize limit: LCM_24_fbtrim_1_fastqc.html
[2025-02-03 00:36:54,036] multiqc                                            [DEBUG  ]  File ignored by rseqc/junction_annotation because it exceeded search pattern filesize limit: LCM_24_fbtrim_1_fastqc.html
[2025-02-03 00:36:54,036] multiqc                                            [DEBUG  ]  File ignored by rseqc/read_distribution because it exceeded search pattern filesize limit: LCM_24_fbtrim_1_fastqc.html
[2025-02-03 00:36:54,036] multiqc                                            [DEBUG  ]  File ignored by rseqc/infer_experiment because it exceeded search pattern filesize limit: LCM_24_fbtrim_1_fastqc.html
[2025-02-03 00:36:54,070] multiqc                                            [DEBUG  ]  File ignored by nanostat because it exceeded search pattern filesize limit: LCM_24_fbtrim_1_fastqc.html
[2025-02-03 00:36:54,080] multiqc                                            [DEBUG  ]  File ignored by ccs/v4 because it exceeded search pattern filesize limit: LCM_24_fbtrim_2_fastqc.html
[2025-02-03 00:36:54,080] multiqc                                            [DEBUG  ]  File ignored by hicexplorer because it exceeded search pattern filesize limit: LCM_24_fbtrim_2_fastqc.html
[2025-02-03 00:36:54,080] multiqc                                            [DEBUG  ]  File ignored by lima/summary because it exceeded search pattern filesize limit: LCM_24_fbtrim_2_fastqc.html
[2025-02-03 00:36:54,082] multiqc                                            [DEBUG  ]  File ignored by vep/vep_txt because it exceeded search pattern filesize limit: LCM_24_fbtrim_2_fastqc.html
[2025-02-03 00:36:54,082] multiqc                                            [DEBUG  ]  File ignored by longranger/invocation because it exceeded search pattern filesize limit: LCM_24_fbtrim_2_fastqc.html
[2025-02-03 00:36:54,082] multiqc                                            [DEBUG  ]  File ignored by rockhopper because it exceeded search pattern filesize limit: LCM_24_fbtrim_2_fastqc.html
[2025-02-03 00:36:54,082] multiqc                                            [DEBUG  ]  File ignored by rseqc/bam_stat because it exceeded search pattern filesize limit: LCM_24_fbtrim_2_fastqc.html
[2025-02-03 00:36:54,082] multiqc                                            [DEBUG  ]  File ignored by rseqc/junction_annotation because it exceeded search pattern filesize limit: LCM_24_fbtrim_2_fastqc.html
[2025-02-03 00:36:54,082] multiqc                                            [DEBUG  ]  File ignored by rseqc/read_distribution because it exceeded search pattern filesize limit: LCM_24_fbtrim_2_fastqc.html
[2025-02-03 00:36:54,082] multiqc                                            [DEBUG  ]  File ignored by rseqc/infer_experiment because it exceeded search pattern filesize limit: LCM_24_fbtrim_2_fastqc.html
[2025-02-03 00:36:54,104] multiqc                                            [DEBUG  ]  File ignored by nanostat because it exceeded search pattern filesize limit: LCM_24_fbtrim_2_fastqc.html
[2025-02-03 00:36:54,110] multiqc                                            [DEBUG  ]  File ignored by ccs/v4 because it exceeded search pattern filesize limit: LCM_25_fbtrim_1_fastqc.html
[2025-02-03 00:36:54,111] multiqc                                            [DEBUG  ]  File ignored by hicexplorer because it exceeded search pattern filesize limit: LCM_25_fbtrim_1_fastqc.html
[2025-02-03 00:36:54,111] multiqc                                            [DEBUG  ]  File ignored by lima/summary because it exceeded search pattern filesize limit: LCM_25_fbtrim_1_fastqc.html
[2025-02-03 00:36:54,113] multiqc                                            [DEBUG  ]  File ignored by vep/vep_txt because it exceeded search pattern filesize limit: LCM_25_fbtrim_1_fastqc.html
[2025-02-03 00:36:54,113] multiqc                                            [DEBUG  ]  File ignored by longranger/invocation because it exceeded search pattern filesize limit: LCM_25_fbtrim_1_fastqc.html
[2025-02-03 00:36:54,113] multiqc                                            [DEBUG  ]  File ignored by rockhopper because it exceeded search pattern filesize limit: LCM_25_fbtrim_1_fastqc.html
[2025-02-03 00:36:54,113] multiqc                                            [DEBUG  ]  File ignored by rseqc/bam_stat because it exceeded search pattern filesize limit: LCM_25_fbtrim_1_fastqc.html
[2025-02-03 00:36:54,113] multiqc                                            [DEBUG  ]  File ignored by rseqc/junction_annotation because it exceeded search pattern filesize limit: LCM_25_fbtrim_1_fastqc.html
[2025-02-03 00:36:54,113] multiqc                                            [DEBUG  ]  File ignored by rseqc/read_distribution because it exceeded search pattern filesize limit: LCM_25_fbtrim_1_fastqc.html
[2025-02-03 00:36:54,113] multiqc                                            [DEBUG  ]  File ignored by rseqc/infer_experiment because it exceeded search pattern filesize limit: LCM_25_fbtrim_1_fastqc.html
[2025-02-03 00:36:54,155] multiqc                                            [DEBUG  ]  File ignored by nanostat because it exceeded search pattern filesize limit: LCM_25_fbtrim_1_fastqc.html
[2025-02-03 00:36:54,162] multiqc                                            [DEBUG  ]  File ignored by ccs/v4 because it exceeded search pattern filesize limit: LCM_25_fbtrim_2_fastqc.html
[2025-02-03 00:36:54,163] multiqc                                            [DEBUG  ]  File ignored by hicexplorer because it exceeded search pattern filesize limit: LCM_25_fbtrim_2_fastqc.html
[2025-02-03 00:36:54,163] multiqc                                            [DEBUG  ]  File ignored by lima/summary because it exceeded search pattern filesize limit: LCM_25_fbtrim_2_fastqc.html
[2025-02-03 00:36:54,164] multiqc                                            [DEBUG  ]  File ignored by vep/vep_txt because it exceeded search pattern filesize limit: LCM_25_fbtrim_2_fastqc.html
[2025-02-03 00:36:54,164] multiqc                                            [DEBUG  ]  File ignored by longranger/invocation because it exceeded search pattern filesize limit: LCM_25_fbtrim_2_fastqc.html
[2025-02-03 00:36:54,164] multiqc                                            [DEBUG  ]  File ignored by rockhopper because it exceeded search pattern filesize limit: LCM_25_fbtrim_2_fastqc.html
[2025-02-03 00:36:54,164] multiqc                                            [DEBUG  ]  File ignored by rseqc/bam_stat because it exceeded search pattern filesize limit: LCM_25_fbtrim_2_fastqc.html
[2025-02-03 00:36:54,164] multiqc                                            [DEBUG  ]  File ignored by rseqc/junction_annotation because it exceeded search pattern filesize limit: LCM_25_fbtrim_2_fastqc.html
[2025-02-03 00:36:54,164] multiqc                                            [DEBUG  ]  File ignored by rseqc/read_distribution because it exceeded search pattern filesize limit: LCM_25_fbtrim_2_fastqc.html
[2025-02-03 00:36:54,164] multiqc                                            [DEBUG  ]  File ignored by rseqc/infer_experiment because it exceeded search pattern filesize limit: LCM_25_fbtrim_2_fastqc.html
[2025-02-03 00:36:54,186] multiqc                                            [DEBUG  ]  File ignored by nanostat because it exceeded search pattern filesize limit: LCM_25_fbtrim_2_fastqc.html
[2025-02-03 00:36:54,192] multiqc                                            [DEBUG  ]  File ignored by ccs/v4 because it exceeded search pattern filesize limit: LCM_32_fbtrim_1_fastqc.html
[2025-02-03 00:36:54,193] multiqc                                            [DEBUG  ]  File ignored by hicexplorer because it exceeded search pattern filesize limit: LCM_32_fbtrim_1_fastqc.html
[2025-02-03 00:36:54,193] multiqc                                            [DEBUG  ]  File ignored by lima/summary because it exceeded search pattern filesize limit: LCM_32_fbtrim_1_fastqc.html
[2025-02-03 00:36:54,195] multiqc                                            [DEBUG  ]  File ignored by vep/vep_txt because it exceeded search pattern filesize limit: LCM_32_fbtrim_1_fastqc.html
[2025-02-03 00:36:54,195] multiqc                                            [DEBUG  ]  File ignored by longranger/invocation because it exceeded search pattern filesize limit: LCM_32_fbtrim_1_fastqc.html
[2025-02-03 00:36:54,195] multiqc                                            [DEBUG  ]  File ignored by rockhopper because it exceeded search pattern filesize limit: LCM_32_fbtrim_1_fastqc.html
[2025-02-03 00:36:54,195] multiqc                                            [DEBUG  ]  File ignored by rseqc/bam_stat because it exceeded search pattern filesize limit: LCM_32_fbtrim_1_fastqc.html
[2025-02-03 00:36:54,195] multiqc                                            [DEBUG  ]  File ignored by rseqc/junction_annotation because it exceeded search pattern filesize limit: LCM_32_fbtrim_1_fastqc.html
[2025-02-03 00:36:54,195] multiqc                                            [DEBUG  ]  File ignored by rseqc/read_distribution because it exceeded search pattern filesize limit: LCM_32_fbtrim_1_fastqc.html
[2025-02-03 00:36:54,195] multiqc                                            [DEBUG  ]  File ignored by rseqc/infer_experiment because it exceeded search pattern filesize limit: LCM_32_fbtrim_1_fastqc.html
[2025-02-03 00:36:54,225] multiqc                                            [DEBUG  ]  File ignored by nanostat because it exceeded search pattern filesize limit: LCM_32_fbtrim_1_fastqc.html
[2025-02-03 00:36:54,232] multiqc                                            [DEBUG  ]  File ignored by ccs/v4 because it exceeded search pattern filesize limit: LCM_32_fbtrim_2_fastqc.html
[2025-02-03 00:36:54,232] multiqc                                            [DEBUG  ]  File ignored by hicexplorer because it exceeded search pattern filesize limit: LCM_32_fbtrim_2_fastqc.html
[2025-02-03 00:36:54,233] multiqc                                            [DEBUG  ]  File ignored by lima/summary because it exceeded search pattern filesize limit: LCM_32_fbtrim_2_fastqc.html
[2025-02-03 00:36:54,234] multiqc                                            [DEBUG  ]  File ignored by vep/vep_txt because it exceeded search pattern filesize limit: LCM_32_fbtrim_2_fastqc.html
[2025-02-03 00:36:54,234] multiqc                                            [DEBUG  ]  File ignored by longranger/invocation because it exceeded search pattern filesize limit: LCM_32_fbtrim_2_fastqc.html
[2025-02-03 00:36:54,234] multiqc                                            [DEBUG  ]  File ignored by rockhopper because it exceeded search pattern filesize limit: LCM_32_fbtrim_2_fastqc.html
[2025-02-03 00:36:54,234] multiqc                                            [DEBUG  ]  File ignored by rseqc/bam_stat because it exceeded search pattern filesize limit: LCM_32_fbtrim_2_fastqc.html
[2025-02-03 00:36:54,234] multiqc                                            [DEBUG  ]  File ignored by rseqc/junction_annotation because it exceeded search pattern filesize limit: LCM_32_fbtrim_2_fastqc.html
[2025-02-03 00:36:54,234] multiqc                                            [DEBUG  ]  File ignored by rseqc/read_distribution because it exceeded search pattern filesize limit: LCM_32_fbtrim_2_fastqc.html
[2025-02-03 00:36:54,234] multiqc                                            [DEBUG  ]  File ignored by rseqc/infer_experiment because it exceeded search pattern filesize limit: LCM_32_fbtrim_2_fastqc.html
[2025-02-03 00:36:54,257] multiqc                                            [DEBUG  ]  File ignored by nanostat because it exceeded search pattern filesize limit: LCM_32_fbtrim_2_fastqc.html
[2025-02-03 00:36:54,264] multiqc                                            [DEBUG  ]  File ignored by ccs/v4 because it exceeded search pattern filesize limit: LCM_33_fbtrim_1_fastqc.html
[2025-02-03 00:36:54,266] multiqc                                            [DEBUG  ]  File ignored by hicexplorer because it exceeded search pattern filesize limit: LCM_33_fbtrim_1_fastqc.html
[2025-02-03 00:36:54,266] multiqc                                            [DEBUG  ]  File ignored by lima/summary because it exceeded search pattern filesize limit: LCM_33_fbtrim_1_fastqc.html
[2025-02-03 00:36:54,269] multiqc                                            [DEBUG  ]  File ignored by vep/vep_txt because it exceeded search pattern filesize limit: LCM_33_fbtrim_1_fastqc.html
[2025-02-03 00:36:54,269] multiqc                                            [DEBUG  ]  File ignored by longranger/invocation because it exceeded search pattern filesize limit: LCM_33_fbtrim_1_fastqc.html
[2025-02-03 00:36:54,270] multiqc                                            [DEBUG  ]  File ignored by rockhopper because it exceeded search pattern filesize limit: LCM_33_fbtrim_1_fastqc.html
[2025-02-03 00:36:54,270] multiqc                                            [DEBUG  ]  File ignored by rseqc/bam_stat because it exceeded search pattern filesize limit: LCM_33_fbtrim_1_fastqc.html
[2025-02-03 00:36:54,270] multiqc                                            [DEBUG  ]  File ignored by rseqc/junction_annotation because it exceeded search pattern filesize limit: LCM_33_fbtrim_1_fastqc.html
[2025-02-03 00:36:54,270] multiqc                                            [DEBUG  ]  File ignored by rseqc/read_distribution because it exceeded search pattern filesize limit: LCM_33_fbtrim_1_fastqc.html
[2025-02-03 00:36:54,270] multiqc                                            [DEBUG  ]  File ignored by rseqc/infer_experiment because it exceeded search pattern filesize limit: LCM_33_fbtrim_1_fastqc.html
[2025-02-03 00:36:54,307] multiqc                                            [DEBUG  ]  File ignored by nanostat because it exceeded search pattern filesize limit: LCM_33_fbtrim_1_fastqc.html
[2025-02-03 00:36:54,312] multiqc                                            [DEBUG  ]  File ignored by ccs/v4 because it exceeded search pattern filesize limit: LCM_33_fbtrim_2_fastqc.html
[2025-02-03 00:36:54,313] multiqc                                            [DEBUG  ]  File ignored by hicexplorer because it exceeded search pattern filesize limit: LCM_33_fbtrim_2_fastqc.html
[2025-02-03 00:36:54,313] multiqc                                            [DEBUG  ]  File ignored by lima/summary because it exceeded search pattern filesize limit: LCM_33_fbtrim_2_fastqc.html
[2025-02-03 00:36:54,315] multiqc                                            [DEBUG  ]  File ignored by vep/vep_txt because it exceeded search pattern filesize limit: LCM_33_fbtrim_2_fastqc.html
[2025-02-03 00:36:54,315] multiqc                                            [DEBUG  ]  File ignored by longranger/invocation because it exceeded search pattern filesize limit: LCM_33_fbtrim_2_fastqc.html
[2025-02-03 00:36:54,315] multiqc                                            [DEBUG  ]  File ignored by rockhopper because it exceeded search pattern filesize limit: LCM_33_fbtrim_2_fastqc.html
[2025-02-03 00:36:54,315] multiqc                                            [DEBUG  ]  File ignored by rseqc/bam_stat because it exceeded search pattern filesize limit: LCM_33_fbtrim_2_fastqc.html
[2025-02-03 00:36:54,315] multiqc                                            [DEBUG  ]  File ignored by rseqc/junction_annotation because it exceeded search pattern filesize limit: LCM_33_fbtrim_2_fastqc.html
[2025-02-03 00:36:54,315] multiqc                                            [DEBUG  ]  File ignored by rseqc/read_distribution because it exceeded search pattern filesize limit: LCM_33_fbtrim_2_fastqc.html
[2025-02-03 00:36:54,315] multiqc                                            [DEBUG  ]  File ignored by rseqc/infer_experiment because it exceeded search pattern filesize limit: LCM_33_fbtrim_2_fastqc.html
[2025-02-03 00:36:54,344] multiqc                                            [DEBUG  ]  File ignored by nanostat because it exceeded search pattern filesize limit: LCM_33_fbtrim_2_fastqc.html
[2025-02-03 00:36:54,352] multiqc                                            [DEBUG  ]  File ignored by ccs/v4 because it exceeded search pattern filesize limit: LCM_3_fbtrim_1_fastqc.html
[2025-02-03 00:36:54,353] multiqc                                            [DEBUG  ]  File ignored by hicexplorer because it exceeded search pattern filesize limit: LCM_3_fbtrim_1_fastqc.html
[2025-02-03 00:36:54,353] multiqc                                            [DEBUG  ]  File ignored by lima/summary because it exceeded search pattern filesize limit: LCM_3_fbtrim_1_fastqc.html
[2025-02-03 00:36:54,355] multiqc                                            [DEBUG  ]  File ignored by vep/vep_txt because it exceeded search pattern filesize limit: LCM_3_fbtrim_1_fastqc.html
[2025-02-03 00:36:54,355] multiqc                                            [DEBUG  ]  File ignored by longranger/invocation because it exceeded search pattern filesize limit: LCM_3_fbtrim_1_fastqc.html
[2025-02-03 00:36:54,355] multiqc                                            [DEBUG  ]  File ignored by rockhopper because it exceeded search pattern filesize limit: LCM_3_fbtrim_1_fastqc.html
[2025-02-03 00:36:54,355] multiqc                                            [DEBUG  ]  File ignored by rseqc/bam_stat because it exceeded search pattern filesize limit: LCM_3_fbtrim_1_fastqc.html
[2025-02-03 00:36:54,355] multiqc                                            [DEBUG  ]  File ignored by rseqc/junction_annotation because it exceeded search pattern filesize limit: LCM_3_fbtrim_1_fastqc.html
[2025-02-03 00:36:54,355] multiqc                                            [DEBUG  ]  File ignored by rseqc/read_distribution because it exceeded search pattern filesize limit: LCM_3_fbtrim_1_fastqc.html
[2025-02-03 00:36:54,355] multiqc                                            [DEBUG  ]  File ignored by rseqc/infer_experiment because it exceeded search pattern filesize limit: LCM_3_fbtrim_1_fastqc.html
[2025-02-03 00:36:54,377] multiqc                                            [DEBUG  ]  File ignored by nanostat because it exceeded search pattern filesize limit: LCM_3_fbtrim_1_fastqc.html
[2025-02-03 00:36:54,383] multiqc                                            [DEBUG  ]  File ignored by ccs/v4 because it exceeded search pattern filesize limit: LCM_3_fbtrim_2_fastqc.html
[2025-02-03 00:36:54,384] multiqc                                            [DEBUG  ]  File ignored by hicexplorer because it exceeded search pattern filesize limit: LCM_3_fbtrim_2_fastqc.html
[2025-02-03 00:36:54,384] multiqc                                            [DEBUG  ]  File ignored by lima/summary because it exceeded search pattern filesize limit: LCM_3_fbtrim_2_fastqc.html
[2025-02-03 00:36:54,386] multiqc                                            [DEBUG  ]  File ignored by vep/vep_txt because it exceeded search pattern filesize limit: LCM_3_fbtrim_2_fastqc.html
[2025-02-03 00:36:54,386] multiqc                                            [DEBUG  ]  File ignored by longranger/invocation because it exceeded search pattern filesize limit: LCM_3_fbtrim_2_fastqc.html
[2025-02-03 00:36:54,386] multiqc                                            [DEBUG  ]  File ignored by rockhopper because it exceeded search pattern filesize limit: LCM_3_fbtrim_2_fastqc.html
[2025-02-03 00:36:54,386] multiqc                                            [DEBUG  ]  File ignored by rseqc/bam_stat because it exceeded search pattern filesize limit: LCM_3_fbtrim_2_fastqc.html
[2025-02-03 00:36:54,386] multiqc                                            [DEBUG  ]  File ignored by rseqc/junction_annotation because it exceeded search pattern filesize limit: LCM_3_fbtrim_2_fastqc.html
[2025-02-03 00:36:54,386] multiqc                                            [DEBUG  ]  File ignored by rseqc/read_distribution because it exceeded search pattern filesize limit: LCM_3_fbtrim_2_fastqc.html
[2025-02-03 00:36:54,386] multiqc                                            [DEBUG  ]  File ignored by rseqc/infer_experiment because it exceeded search pattern filesize limit: LCM_3_fbtrim_2_fastqc.html
[2025-02-03 00:36:54,424] multiqc                                            [DEBUG  ]  File ignored by nanostat because it exceeded search pattern filesize limit: LCM_3_fbtrim_2_fastqc.html
[2025-02-03 00:36:56,752] multiqc.plots.linegraph                            [DEBUG  ]  Using matplotlib version 3.4.3
[2025-02-03 00:36:56,758] multiqc.plots.bargraph                             [DEBUG  ]  Using matplotlib version 3.4.3
[2025-02-03 00:36:58,475] multiqc.modules.fastqc.fastqc                      [INFO   ]  Found 20 reports
[2025-02-03 00:36:58,671] multiqc                                            [INFO   ]  Compressing plot data
[2025-02-03 00:36:58,967] multiqc                                            [INFO   ]  Report      : multiqc_report.html
[2025-02-03 00:36:58,967] multiqc                                            [INFO   ]  Data        : multiqc_data
[2025-02-03 00:36:58,967] multiqc                                            [DEBUG  ]  Moving data file from '/tmp/tmp93tl12s9/multiqc_data' to '/project/pi_hputnam_uri_edu/zdellaert/LaserCoral/output_WGBS/trimmed_V7_qc/multiqc_data'
[2025-02-03 00:36:59,665] multiqc                                            [INFO   ]  MultiQC complete
