[2024-10-04 10:05:04,458] multiqc                                            [DEBUG  ]  No MultiQC config found: /opt/software/MultiQC/1.9-intel-2020a-Python-3.8.2/lib/python3.8/site-packages/multiqc_config.yaml
[2024-10-04 10:05:04,460] multiqc                                            [DEBUG  ]  No MultiQC config found: /home/zdellaert/.multiqc_config.yaml
[2024-10-04 10:05:04,461] multiqc                                            [DEBUG  ]  No MultiQC config found: multiqc_config.yaml
[2024-10-04 10:05:04,461] multiqc                                            [DEBUG  ]  Command used: /opt/software/MultiQC/1.9-intel-2020a-Python-3.8.2/bin/multiqc trimmed_qc/
[2024-10-04 10:05:04,977] multiqc                                            [WARNING]  MultiQC Version v1.25.1 now available!
[2024-10-04 10:05:04,977] multiqc                                            [INFO   ]  This is MultiQC v1.9
[2024-10-04 10:05:04,978] multiqc                                            [DEBUG  ]  Command     : /opt/software/MultiQC/1.9-intel-2020a-Python-3.8.2/bin/multiqc trimmed_qc/
[2024-10-04 10:05:04,978] multiqc                                            [DEBUG  ]  Working dir : /glfs/brick01/gv0/putnamlab/zdellaert/LaserCoral/data_RNA
[2024-10-04 10:05:04,978] multiqc                                            [INFO   ]  Template    : default
[2024-10-04 10:05:04,978] multiqc                                            [DEBUG  ]  Running Python 3.8.2 (default, May 13 2020, 12:13:08)  [GCC 9.3.0]
[2024-10-04 10:05:04,978] multiqc                                            [INFO   ]  Searching   : /glfs/brick01/gv0/putnamlab/zdellaert/LaserCoral/data_RNA/trimmed_qc
[2024-10-04 10:05:04,979] multiqc                                            [DEBUG  ]  Analysing modules: custom_content, conpair, peddy, somalier, methylQA, mosdepth, phantompeakqualtools, qualimap, preseq, quast, qorts, rna_seqc, rockhopper, rsem, rseqc, busco, goleft_indexcov, disambiguate, supernova, deeptools, sargasso, verifybamid, mirtrace, happy, mirtop, homer, macs2, theta2, snpeff, gatk, htseq, bcftools, featureCounts, fgbio, dragen, dedup, damageprofiler, biobambam2, mtnucratio, picard, prokka, samblaster, samtools, sexdeterrmine, bamtools, jellyfish, vcftools, longranger, stacks, varscan2, bbmap, bismark, biscuit, hicexplorer, hicup, hicpro, salmon, kallisto, slamdunk, star, hisat2, tophat, bowtie2, bowtie1, snpsplit, kat, leehom, adapterRemoval, clipandmerge, cutadapt, flexbar, kaiju, kraken, malt, trimmomatic, sickle, skewer, sortmerna, biobloomtools, fastq_screen, afterqc, fastp, fastqc, pycoqc, minionqc, multivcfanalyzer, clusterflow, bcl2fastq, interop, ivar, flash, seqyclean
[2024-10-04 10:05:04,979] multiqc                                            [DEBUG  ]  Using temporary directory for creating report: /tmp/tmp63e8hgsl
[2024-10-04 10:05:05,150] multiqc                                            [DEBUG  ]  File ignored by hicexplorer because it exceeded search pattern filesize limit: trimmed_LCM_15_S40_R1_001_fastqc.html
[2024-10-04 10:05:05,173] multiqc                                            [DEBUG  ]  File ignored by longranger/invocation because it exceeded search pattern filesize limit: trimmed_LCM_15_S40_R1_001_fastqc.html
[2024-10-04 10:05:05,173] multiqc                                            [DEBUG  ]  File ignored by rockhopper because it exceeded search pattern filesize limit: trimmed_LCM_15_S40_R1_001_fastqc.html
[2024-10-04 10:05:05,173] multiqc                                            [DEBUG  ]  File ignored by rseqc/bam_stat because it exceeded search pattern filesize limit: trimmed_LCM_15_S40_R1_001_fastqc.html
[2024-10-04 10:05:05,173] multiqc                                            [DEBUG  ]  File ignored by rseqc/junction_annotation because it exceeded search pattern filesize limit: trimmed_LCM_15_S40_R1_001_fastqc.html
[2024-10-04 10:05:05,173] multiqc                                            [DEBUG  ]  File ignored by rseqc/read_distribution because it exceeded search pattern filesize limit: trimmed_LCM_15_S40_R1_001_fastqc.html
[2024-10-04 10:05:05,174] multiqc                                            [DEBUG  ]  File ignored by rseqc/infer_experiment because it exceeded search pattern filesize limit: trimmed_LCM_15_S40_R1_001_fastqc.html
[2024-10-04 10:05:05,322] multiqc                                            [DEBUG  ]  File ignored by hicexplorer because it exceeded search pattern filesize limit: trimmed_LCM_16_S41_R1_001_fastqc.html
[2024-10-04 10:05:05,342] multiqc                                            [DEBUG  ]  File ignored by longranger/invocation because it exceeded search pattern filesize limit: trimmed_LCM_16_S41_R1_001_fastqc.html
[2024-10-04 10:05:05,342] multiqc                                            [DEBUG  ]  File ignored by rockhopper because it exceeded search pattern filesize limit: trimmed_LCM_16_S41_R1_001_fastqc.html
[2024-10-04 10:05:05,342] multiqc                                            [DEBUG  ]  File ignored by rseqc/bam_stat because it exceeded search pattern filesize limit: trimmed_LCM_16_S41_R1_001_fastqc.html
[2024-10-04 10:05:05,342] multiqc                                            [DEBUG  ]  File ignored by rseqc/junction_annotation because it exceeded search pattern filesize limit: trimmed_LCM_16_S41_R1_001_fastqc.html
[2024-10-04 10:05:05,342] multiqc                                            [DEBUG  ]  File ignored by rseqc/read_distribution because it exceeded search pattern filesize limit: trimmed_LCM_16_S41_R1_001_fastqc.html
[2024-10-04 10:05:05,342] multiqc                                            [DEBUG  ]  File ignored by rseqc/infer_experiment because it exceeded search pattern filesize limit: trimmed_LCM_16_S41_R1_001_fastqc.html
[2024-10-04 10:05:05,476] multiqc                                            [DEBUG  ]  File ignored by hicexplorer because it exceeded search pattern filesize limit: trimmed_LCM_20_S42_R1_001_fastqc.html
[2024-10-04 10:05:05,494] multiqc                                            [DEBUG  ]  File ignored by longranger/invocation because it exceeded search pattern filesize limit: trimmed_LCM_20_S42_R1_001_fastqc.html
[2024-10-04 10:05:05,494] multiqc                                            [DEBUG  ]  File ignored by rockhopper because it exceeded search pattern filesize limit: trimmed_LCM_20_S42_R1_001_fastqc.html
[2024-10-04 10:05:05,494] multiqc                                            [DEBUG  ]  File ignored by rseqc/bam_stat because it exceeded search pattern filesize limit: trimmed_LCM_20_S42_R1_001_fastqc.html
[2024-10-04 10:05:05,494] multiqc                                            [DEBUG  ]  File ignored by rseqc/junction_annotation because it exceeded search pattern filesize limit: trimmed_LCM_20_S42_R1_001_fastqc.html
[2024-10-04 10:05:05,495] multiqc                                            [DEBUG  ]  File ignored by rseqc/read_distribution because it exceeded search pattern filesize limit: trimmed_LCM_20_S42_R1_001_fastqc.html
[2024-10-04 10:05:05,495] multiqc                                            [DEBUG  ]  File ignored by rseqc/infer_experiment because it exceeded search pattern filesize limit: trimmed_LCM_20_S42_R1_001_fastqc.html
[2024-10-04 10:05:05,626] multiqc                                            [DEBUG  ]  File ignored by hicexplorer because it exceeded search pattern filesize limit: trimmed_LCM_21_S43_R2_001_fastqc.html
[2024-10-04 10:05:05,645] multiqc                                            [DEBUG  ]  File ignored by longranger/invocation because it exceeded search pattern filesize limit: trimmed_LCM_21_S43_R2_001_fastqc.html
[2024-10-04 10:05:05,645] multiqc                                            [DEBUG  ]  File ignored by rockhopper because it exceeded search pattern filesize limit: trimmed_LCM_21_S43_R2_001_fastqc.html
[2024-10-04 10:05:05,645] multiqc                                            [DEBUG  ]  File ignored by rseqc/bam_stat because it exceeded search pattern filesize limit: trimmed_LCM_21_S43_R2_001_fastqc.html
[2024-10-04 10:05:05,645] multiqc                                            [DEBUG  ]  File ignored by rseqc/junction_annotation because it exceeded search pattern filesize limit: trimmed_LCM_21_S43_R2_001_fastqc.html
[2024-10-04 10:05:05,645] multiqc                                            [DEBUG  ]  File ignored by rseqc/read_distribution because it exceeded search pattern filesize limit: trimmed_LCM_21_S43_R2_001_fastqc.html
[2024-10-04 10:05:05,645] multiqc                                            [DEBUG  ]  File ignored by rseqc/infer_experiment because it exceeded search pattern filesize limit: trimmed_LCM_21_S43_R2_001_fastqc.html
[2024-10-04 10:05:05,780] multiqc                                            [DEBUG  ]  File ignored by hicexplorer because it exceeded search pattern filesize limit: trimmed_LCM_27_S45_R1_001_fastqc.html
[2024-10-04 10:05:05,801] multiqc                                            [DEBUG  ]  File ignored by longranger/invocation because it exceeded search pattern filesize limit: trimmed_LCM_27_S45_R1_001_fastqc.html
[2024-10-04 10:05:05,801] multiqc                                            [DEBUG  ]  File ignored by rockhopper because it exceeded search pattern filesize limit: trimmed_LCM_27_S45_R1_001_fastqc.html
[2024-10-04 10:05:05,801] multiqc                                            [DEBUG  ]  File ignored by rseqc/bam_stat because it exceeded search pattern filesize limit: trimmed_LCM_27_S45_R1_001_fastqc.html
[2024-10-04 10:05:05,801] multiqc                                            [DEBUG  ]  File ignored by rseqc/junction_annotation because it exceeded search pattern filesize limit: trimmed_LCM_27_S45_R1_001_fastqc.html
[2024-10-04 10:05:05,801] multiqc                                            [DEBUG  ]  File ignored by rseqc/read_distribution because it exceeded search pattern filesize limit: trimmed_LCM_27_S45_R1_001_fastqc.html
[2024-10-04 10:05:05,801] multiqc                                            [DEBUG  ]  File ignored by rseqc/infer_experiment because it exceeded search pattern filesize limit: trimmed_LCM_27_S45_R1_001_fastqc.html
[2024-10-04 10:05:05,940] multiqc                                            [DEBUG  ]  File ignored by hicexplorer because it exceeded search pattern filesize limit: trimmed_LCM_5_S37_R1_001_fastqc.html
[2024-10-04 10:05:05,960] multiqc                                            [DEBUG  ]  File ignored by longranger/invocation because it exceeded search pattern filesize limit: trimmed_LCM_5_S37_R1_001_fastqc.html
[2024-10-04 10:05:05,960] multiqc                                            [DEBUG  ]  File ignored by rockhopper because it exceeded search pattern filesize limit: trimmed_LCM_5_S37_R1_001_fastqc.html
[2024-10-04 10:05:05,960] multiqc                                            [DEBUG  ]  File ignored by rseqc/bam_stat because it exceeded search pattern filesize limit: trimmed_LCM_5_S37_R1_001_fastqc.html
[2024-10-04 10:05:05,960] multiqc                                            [DEBUG  ]  File ignored by rseqc/junction_annotation because it exceeded search pattern filesize limit: trimmed_LCM_5_S37_R1_001_fastqc.html
[2024-10-04 10:05:05,960] multiqc                                            [DEBUG  ]  File ignored by rseqc/read_distribution because it exceeded search pattern filesize limit: trimmed_LCM_5_S37_R1_001_fastqc.html
[2024-10-04 10:05:05,960] multiqc                                            [DEBUG  ]  File ignored by rseqc/infer_experiment because it exceeded search pattern filesize limit: trimmed_LCM_5_S37_R1_001_fastqc.html
[2024-10-04 10:05:06,091] multiqc                                            [DEBUG  ]  File ignored by hicexplorer because it exceeded search pattern filesize limit: trimmed_LCM_8_S38_R1_001_fastqc.html
[2024-10-04 10:05:06,114] multiqc                                            [DEBUG  ]  File ignored by longranger/invocation because it exceeded search pattern filesize limit: trimmed_LCM_8_S38_R1_001_fastqc.html
[2024-10-04 10:05:06,114] multiqc                                            [DEBUG  ]  File ignored by rockhopper because it exceeded search pattern filesize limit: trimmed_LCM_8_S38_R1_001_fastqc.html
[2024-10-04 10:05:06,114] multiqc                                            [DEBUG  ]  File ignored by rseqc/bam_stat because it exceeded search pattern filesize limit: trimmed_LCM_8_S38_R1_001_fastqc.html
[2024-10-04 10:05:06,114] multiqc                                            [DEBUG  ]  File ignored by rseqc/junction_annotation because it exceeded search pattern filesize limit: trimmed_LCM_8_S38_R1_001_fastqc.html
[2024-10-04 10:05:06,114] multiqc                                            [DEBUG  ]  File ignored by rseqc/read_distribution because it exceeded search pattern filesize limit: trimmed_LCM_8_S38_R1_001_fastqc.html
[2024-10-04 10:05:06,114] multiqc                                            [DEBUG  ]  File ignored by rseqc/infer_experiment because it exceeded search pattern filesize limit: trimmed_LCM_8_S38_R1_001_fastqc.html
[2024-10-04 10:05:06,256] multiqc                                            [DEBUG  ]  File ignored by hicexplorer because it exceeded search pattern filesize limit: trimmed_LCM_15_S40_R2_001_fastqc.html
[2024-10-04 10:05:06,273] multiqc                                            [DEBUG  ]  File ignored by longranger/invocation because it exceeded search pattern filesize limit: trimmed_LCM_15_S40_R2_001_fastqc.html
[2024-10-04 10:05:06,274] multiqc                                            [DEBUG  ]  File ignored by rockhopper because it exceeded search pattern filesize limit: trimmed_LCM_15_S40_R2_001_fastqc.html
[2024-10-04 10:05:06,274] multiqc                                            [DEBUG  ]  File ignored by rseqc/bam_stat because it exceeded search pattern filesize limit: trimmed_LCM_15_S40_R2_001_fastqc.html
[2024-10-04 10:05:06,274] multiqc                                            [DEBUG  ]  File ignored by rseqc/junction_annotation because it exceeded search pattern filesize limit: trimmed_LCM_15_S40_R2_001_fastqc.html
[2024-10-04 10:05:06,274] multiqc                                            [DEBUG  ]  File ignored by rseqc/read_distribution because it exceeded search pattern filesize limit: trimmed_LCM_15_S40_R2_001_fastqc.html
[2024-10-04 10:05:06,274] multiqc                                            [DEBUG  ]  File ignored by rseqc/infer_experiment because it exceeded search pattern filesize limit: trimmed_LCM_15_S40_R2_001_fastqc.html
[2024-10-04 10:05:06,408] multiqc                                            [DEBUG  ]  File ignored by hicexplorer because it exceeded search pattern filesize limit: trimmed_LCM_16_S41_R2_001_fastqc.html
[2024-10-04 10:05:06,422] multiqc                                            [DEBUG  ]  File ignored by longranger/invocation because it exceeded search pattern filesize limit: trimmed_LCM_16_S41_R2_001_fastqc.html
[2024-10-04 10:05:06,422] multiqc                                            [DEBUG  ]  File ignored by rockhopper because it exceeded search pattern filesize limit: trimmed_LCM_16_S41_R2_001_fastqc.html
[2024-10-04 10:05:06,422] multiqc                                            [DEBUG  ]  File ignored by rseqc/bam_stat because it exceeded search pattern filesize limit: trimmed_LCM_16_S41_R2_001_fastqc.html
[2024-10-04 10:05:06,422] multiqc                                            [DEBUG  ]  File ignored by rseqc/junction_annotation because it exceeded search pattern filesize limit: trimmed_LCM_16_S41_R2_001_fastqc.html
[2024-10-04 10:05:06,422] multiqc                                            [DEBUG  ]  File ignored by rseqc/read_distribution because it exceeded search pattern filesize limit: trimmed_LCM_16_S41_R2_001_fastqc.html
[2024-10-04 10:05:06,422] multiqc                                            [DEBUG  ]  File ignored by rseqc/infer_experiment because it exceeded search pattern filesize limit: trimmed_LCM_16_S41_R2_001_fastqc.html
[2024-10-04 10:05:06,560] multiqc                                            [DEBUG  ]  File ignored by hicexplorer because it exceeded search pattern filesize limit: trimmed_LCM_4_S36_R1_001_fastqc.html
[2024-10-04 10:05:06,581] multiqc                                            [DEBUG  ]  File ignored by longranger/invocation because it exceeded search pattern filesize limit: trimmed_LCM_4_S36_R1_001_fastqc.html
[2024-10-04 10:05:06,581] multiqc                                            [DEBUG  ]  File ignored by rockhopper because it exceeded search pattern filesize limit: trimmed_LCM_4_S36_R1_001_fastqc.html
[2024-10-04 10:05:06,581] multiqc                                            [DEBUG  ]  File ignored by rseqc/bam_stat because it exceeded search pattern filesize limit: trimmed_LCM_4_S36_R1_001_fastqc.html
[2024-10-04 10:05:06,581] multiqc                                            [DEBUG  ]  File ignored by rseqc/junction_annotation because it exceeded search pattern filesize limit: trimmed_LCM_4_S36_R1_001_fastqc.html
[2024-10-04 10:05:06,581] multiqc                                            [DEBUG  ]  File ignored by rseqc/read_distribution because it exceeded search pattern filesize limit: trimmed_LCM_4_S36_R1_001_fastqc.html
[2024-10-04 10:05:06,581] multiqc                                            [DEBUG  ]  File ignored by rseqc/infer_experiment because it exceeded search pattern filesize limit: trimmed_LCM_4_S36_R1_001_fastqc.html
[2024-10-04 10:05:06,714] multiqc                                            [DEBUG  ]  File ignored by hicexplorer because it exceeded search pattern filesize limit: trimmed_LCM_4_S36_R2_001_fastqc.html
[2024-10-04 10:05:06,729] multiqc                                            [DEBUG  ]  File ignored by longranger/invocation because it exceeded search pattern filesize limit: trimmed_LCM_4_S36_R2_001_fastqc.html
[2024-10-04 10:05:06,729] multiqc                                            [DEBUG  ]  File ignored by rockhopper because it exceeded search pattern filesize limit: trimmed_LCM_4_S36_R2_001_fastqc.html
[2024-10-04 10:05:06,729] multiqc                                            [DEBUG  ]  File ignored by rseqc/bam_stat because it exceeded search pattern filesize limit: trimmed_LCM_4_S36_R2_001_fastqc.html
[2024-10-04 10:05:06,729] multiqc                                            [DEBUG  ]  File ignored by rseqc/junction_annotation because it exceeded search pattern filesize limit: trimmed_LCM_4_S36_R2_001_fastqc.html
[2024-10-04 10:05:06,729] multiqc                                            [DEBUG  ]  File ignored by rseqc/read_distribution because it exceeded search pattern filesize limit: trimmed_LCM_4_S36_R2_001_fastqc.html
[2024-10-04 10:05:06,729] multiqc                                            [DEBUG  ]  File ignored by rseqc/infer_experiment because it exceeded search pattern filesize limit: trimmed_LCM_4_S36_R2_001_fastqc.html
[2024-10-04 10:05:06,861] multiqc                                            [DEBUG  ]  File ignored by hicexplorer because it exceeded search pattern filesize limit: trimmed_LCM_5_S37_R2_001_fastqc.html
[2024-10-04 10:05:06,881] multiqc                                            [DEBUG  ]  File ignored by longranger/invocation because it exceeded search pattern filesize limit: trimmed_LCM_5_S37_R2_001_fastqc.html
[2024-10-04 10:05:06,881] multiqc                                            [DEBUG  ]  File ignored by rockhopper because it exceeded search pattern filesize limit: trimmed_LCM_5_S37_R2_001_fastqc.html
[2024-10-04 10:05:06,881] multiqc                                            [DEBUG  ]  File ignored by rseqc/bam_stat because it exceeded search pattern filesize limit: trimmed_LCM_5_S37_R2_001_fastqc.html
[2024-10-04 10:05:06,881] multiqc                                            [DEBUG  ]  File ignored by rseqc/junction_annotation because it exceeded search pattern filesize limit: trimmed_LCM_5_S37_R2_001_fastqc.html
[2024-10-04 10:05:06,881] multiqc                                            [DEBUG  ]  File ignored by rseqc/read_distribution because it exceeded search pattern filesize limit: trimmed_LCM_5_S37_R2_001_fastqc.html
[2024-10-04 10:05:06,881] multiqc                                            [DEBUG  ]  File ignored by rseqc/infer_experiment because it exceeded search pattern filesize limit: trimmed_LCM_5_S37_R2_001_fastqc.html
[2024-10-04 10:05:07,023] multiqc                                            [DEBUG  ]  File ignored by hicexplorer because it exceeded search pattern filesize limit: trimmed_LCM_20_S42_R2_001_fastqc.html
[2024-10-04 10:05:07,043] multiqc                                            [DEBUG  ]  File ignored by longranger/invocation because it exceeded search pattern filesize limit: trimmed_LCM_20_S42_R2_001_fastqc.html
[2024-10-04 10:05:07,044] multiqc                                            [DEBUG  ]  File ignored by rockhopper because it exceeded search pattern filesize limit: trimmed_LCM_20_S42_R2_001_fastqc.html
[2024-10-04 10:05:07,044] multiqc                                            [DEBUG  ]  File ignored by rseqc/bam_stat because it exceeded search pattern filesize limit: trimmed_LCM_20_S42_R2_001_fastqc.html
[2024-10-04 10:05:07,044] multiqc                                            [DEBUG  ]  File ignored by rseqc/junction_annotation because it exceeded search pattern filesize limit: trimmed_LCM_20_S42_R2_001_fastqc.html
[2024-10-04 10:05:07,044] multiqc                                            [DEBUG  ]  File ignored by rseqc/read_distribution because it exceeded search pattern filesize limit: trimmed_LCM_20_S42_R2_001_fastqc.html
[2024-10-04 10:05:07,044] multiqc                                            [DEBUG  ]  File ignored by rseqc/infer_experiment because it exceeded search pattern filesize limit: trimmed_LCM_20_S42_R2_001_fastqc.html
[2024-10-04 10:05:07,178] multiqc                                            [DEBUG  ]  File ignored by hicexplorer because it exceeded search pattern filesize limit: trimmed_LCM_21_S43_R1_001_fastqc.html
[2024-10-04 10:05:07,196] multiqc                                            [DEBUG  ]  File ignored by longranger/invocation because it exceeded search pattern filesize limit: trimmed_LCM_21_S43_R1_001_fastqc.html
[2024-10-04 10:05:07,196] multiqc                                            [DEBUG  ]  File ignored by rockhopper because it exceeded search pattern filesize limit: trimmed_LCM_21_S43_R1_001_fastqc.html
[2024-10-04 10:05:07,196] multiqc                                            [DEBUG  ]  File ignored by rseqc/bam_stat because it exceeded search pattern filesize limit: trimmed_LCM_21_S43_R1_001_fastqc.html
[2024-10-04 10:05:07,196] multiqc                                            [DEBUG  ]  File ignored by rseqc/junction_annotation because it exceeded search pattern filesize limit: trimmed_LCM_21_S43_R1_001_fastqc.html
[2024-10-04 10:05:07,196] multiqc                                            [DEBUG  ]  File ignored by rseqc/read_distribution because it exceeded search pattern filesize limit: trimmed_LCM_21_S43_R1_001_fastqc.html
[2024-10-04 10:05:07,196] multiqc                                            [DEBUG  ]  File ignored by rseqc/infer_experiment because it exceeded search pattern filesize limit: trimmed_LCM_21_S43_R1_001_fastqc.html
[2024-10-04 10:05:07,328] multiqc                                            [DEBUG  ]  File ignored by hicexplorer because it exceeded search pattern filesize limit: trimmed_LCM_26_S44_R1_001_fastqc.html
[2024-10-04 10:05:07,348] multiqc                                            [DEBUG  ]  File ignored by longranger/invocation because it exceeded search pattern filesize limit: trimmed_LCM_26_S44_R1_001_fastqc.html
[2024-10-04 10:05:07,348] multiqc                                            [DEBUG  ]  File ignored by rockhopper because it exceeded search pattern filesize limit: trimmed_LCM_26_S44_R1_001_fastqc.html
[2024-10-04 10:05:07,348] multiqc                                            [DEBUG  ]  File ignored by rseqc/bam_stat because it exceeded search pattern filesize limit: trimmed_LCM_26_S44_R1_001_fastqc.html
[2024-10-04 10:05:07,348] multiqc                                            [DEBUG  ]  File ignored by rseqc/junction_annotation because it exceeded search pattern filesize limit: trimmed_LCM_26_S44_R1_001_fastqc.html
[2024-10-04 10:05:07,348] multiqc                                            [DEBUG  ]  File ignored by rseqc/read_distribution because it exceeded search pattern filesize limit: trimmed_LCM_26_S44_R1_001_fastqc.html
[2024-10-04 10:05:07,349] multiqc                                            [DEBUG  ]  File ignored by rseqc/infer_experiment because it exceeded search pattern filesize limit: trimmed_LCM_26_S44_R1_001_fastqc.html
[2024-10-04 10:05:07,484] multiqc                                            [DEBUG  ]  File ignored by hicexplorer because it exceeded search pattern filesize limit: trimmed_LCM_26_S44_R2_001_fastqc.html
[2024-10-04 10:05:07,503] multiqc                                            [DEBUG  ]  File ignored by longranger/invocation because it exceeded search pattern filesize limit: trimmed_LCM_26_S44_R2_001_fastqc.html
[2024-10-04 10:05:07,503] multiqc                                            [DEBUG  ]  File ignored by rockhopper because it exceeded search pattern filesize limit: trimmed_LCM_26_S44_R2_001_fastqc.html
[2024-10-04 10:05:07,503] multiqc                                            [DEBUG  ]  File ignored by rseqc/bam_stat because it exceeded search pattern filesize limit: trimmed_LCM_26_S44_R2_001_fastqc.html
[2024-10-04 10:05:07,503] multiqc                                            [DEBUG  ]  File ignored by rseqc/junction_annotation because it exceeded search pattern filesize limit: trimmed_LCM_26_S44_R2_001_fastqc.html
[2024-10-04 10:05:07,503] multiqc                                            [DEBUG  ]  File ignored by rseqc/read_distribution because it exceeded search pattern filesize limit: trimmed_LCM_26_S44_R2_001_fastqc.html
[2024-10-04 10:05:07,503] multiqc                                            [DEBUG  ]  File ignored by rseqc/infer_experiment because it exceeded search pattern filesize limit: trimmed_LCM_26_S44_R2_001_fastqc.html
[2024-10-04 10:05:07,632] multiqc                                            [DEBUG  ]  File ignored by hicexplorer because it exceeded search pattern filesize limit: trimmed_LCM_27_S45_R2_001_fastqc.html
[2024-10-04 10:05:07,649] multiqc                                            [DEBUG  ]  File ignored by longranger/invocation because it exceeded search pattern filesize limit: trimmed_LCM_27_S45_R2_001_fastqc.html
[2024-10-04 10:05:07,649] multiqc                                            [DEBUG  ]  File ignored by rockhopper because it exceeded search pattern filesize limit: trimmed_LCM_27_S45_R2_001_fastqc.html
[2024-10-04 10:05:07,649] multiqc                                            [DEBUG  ]  File ignored by rseqc/bam_stat because it exceeded search pattern filesize limit: trimmed_LCM_27_S45_R2_001_fastqc.html
[2024-10-04 10:05:07,649] multiqc                                            [DEBUG  ]  File ignored by rseqc/junction_annotation because it exceeded search pattern filesize limit: trimmed_LCM_27_S45_R2_001_fastqc.html
[2024-10-04 10:05:07,649] multiqc                                            [DEBUG  ]  File ignored by rseqc/read_distribution because it exceeded search pattern filesize limit: trimmed_LCM_27_S45_R2_001_fastqc.html
[2024-10-04 10:05:07,649] multiqc                                            [DEBUG  ]  File ignored by rseqc/infer_experiment because it exceeded search pattern filesize limit: trimmed_LCM_27_S45_R2_001_fastqc.html
[2024-10-04 10:05:07,787] multiqc                                            [DEBUG  ]  File ignored by hicexplorer because it exceeded search pattern filesize limit: trimmed_LCM_8_S38_R2_001_fastqc.html
[2024-10-04 10:05:07,808] multiqc                                            [DEBUG  ]  File ignored by longranger/invocation because it exceeded search pattern filesize limit: trimmed_LCM_8_S38_R2_001_fastqc.html
[2024-10-04 10:05:07,808] multiqc                                            [DEBUG  ]  File ignored by rockhopper because it exceeded search pattern filesize limit: trimmed_LCM_8_S38_R2_001_fastqc.html
[2024-10-04 10:05:07,808] multiqc                                            [DEBUG  ]  File ignored by rseqc/bam_stat because it exceeded search pattern filesize limit: trimmed_LCM_8_S38_R2_001_fastqc.html
[2024-10-04 10:05:07,808] multiqc                                            [DEBUG  ]  File ignored by rseqc/junction_annotation because it exceeded search pattern filesize limit: trimmed_LCM_8_S38_R2_001_fastqc.html
[2024-10-04 10:05:07,808] multiqc                                            [DEBUG  ]  File ignored by rseqc/read_distribution because it exceeded search pattern filesize limit: trimmed_LCM_8_S38_R2_001_fastqc.html
[2024-10-04 10:05:07,808] multiqc                                            [DEBUG  ]  File ignored by rseqc/infer_experiment because it exceeded search pattern filesize limit: trimmed_LCM_8_S38_R2_001_fastqc.html
[2024-10-04 10:05:07,945] multiqc                                            [DEBUG  ]  File ignored by hicexplorer because it exceeded search pattern filesize limit: trimmed_LCM_9_S39_R1_001_fastqc.html
[2024-10-04 10:05:07,961] multiqc                                            [DEBUG  ]  File ignored by longranger/invocation because it exceeded search pattern filesize limit: trimmed_LCM_9_S39_R1_001_fastqc.html
[2024-10-04 10:05:07,961] multiqc                                            [DEBUG  ]  File ignored by rockhopper because it exceeded search pattern filesize limit: trimmed_LCM_9_S39_R1_001_fastqc.html
[2024-10-04 10:05:07,961] multiqc                                            [DEBUG  ]  File ignored by rseqc/bam_stat because it exceeded search pattern filesize limit: trimmed_LCM_9_S39_R1_001_fastqc.html
[2024-10-04 10:05:07,961] multiqc                                            [DEBUG  ]  File ignored by rseqc/junction_annotation because it exceeded search pattern filesize limit: trimmed_LCM_9_S39_R1_001_fastqc.html
[2024-10-04 10:05:07,961] multiqc                                            [DEBUG  ]  File ignored by rseqc/read_distribution because it exceeded search pattern filesize limit: trimmed_LCM_9_S39_R1_001_fastqc.html
[2024-10-04 10:05:07,961] multiqc                                            [DEBUG  ]  File ignored by rseqc/infer_experiment because it exceeded search pattern filesize limit: trimmed_LCM_9_S39_R1_001_fastqc.html
[2024-10-04 10:05:08,096] multiqc                                            [DEBUG  ]  File ignored by hicexplorer because it exceeded search pattern filesize limit: trimmed_LCM_9_S39_R2_001_fastqc.html
[2024-10-04 10:05:08,114] multiqc                                            [DEBUG  ]  File ignored by longranger/invocation because it exceeded search pattern filesize limit: trimmed_LCM_9_S39_R2_001_fastqc.html
[2024-10-04 10:05:08,114] multiqc                                            [DEBUG  ]  File ignored by rockhopper because it exceeded search pattern filesize limit: trimmed_LCM_9_S39_R2_001_fastqc.html
[2024-10-04 10:05:08,114] multiqc                                            [DEBUG  ]  File ignored by rseqc/bam_stat because it exceeded search pattern filesize limit: trimmed_LCM_9_S39_R2_001_fastqc.html
[2024-10-04 10:05:08,114] multiqc                                            [DEBUG  ]  File ignored by rseqc/junction_annotation because it exceeded search pattern filesize limit: trimmed_LCM_9_S39_R2_001_fastqc.html
[2024-10-04 10:05:08,114] multiqc                                            [DEBUG  ]  File ignored by rseqc/read_distribution because it exceeded search pattern filesize limit: trimmed_LCM_9_S39_R2_001_fastqc.html
[2024-10-04 10:05:08,114] multiqc                                            [DEBUG  ]  File ignored by rseqc/infer_experiment because it exceeded search pattern filesize limit: trimmed_LCM_9_S39_R2_001_fastqc.html
[2024-10-04 10:05:08,740] multiqc.plots.bargraph                             [DEBUG  ]  Using matplotlib version 3.2.1
[2024-10-04 10:05:08,758] multiqc.plots.linegraph                            [DEBUG  ]  Using matplotlib version 3.2.1
[2024-10-04 10:05:08,760] multiqc                                            [DEBUG  ]  No samples found: custom_content
[2024-10-04 10:05:08,766] multiqc                                            [DEBUG  ]  No samples found: conpair
[2024-10-04 10:05:08,771] multiqc                                            [DEBUG  ]  No samples found: peddy
[2024-10-04 10:05:08,776] multiqc                                            [DEBUG  ]  No samples found: somalier
[2024-10-04 10:05:08,781] multiqc                                            [DEBUG  ]  No samples found: methylQA
[2024-10-04 10:05:08,794] multiqc                                            [DEBUG  ]  No samples found: mosdepth
[2024-10-04 10:05:08,799] multiqc                                            [DEBUG  ]  No samples found: phantompeakqualtools
[2024-10-04 10:05:08,802] multiqc                                            [DEBUG  ]  No samples found: qualimap
[2024-10-04 10:05:08,807] multiqc                                            [DEBUG  ]  No samples found: preseq
[2024-10-04 10:05:08,813] multiqc                                            [DEBUG  ]  No samples found: quast
[2024-10-04 10:05:08,819] multiqc                                            [DEBUG  ]  No samples found: qorts
[2024-10-04 10:05:08,824] multiqc                                            [DEBUG  ]  No samples found: rna_seqc
[2024-10-04 10:05:08,829] multiqc                                            [DEBUG  ]  No samples found: rockhopper
[2024-10-04 10:05:08,834] multiqc                                            [DEBUG  ]  No samples found: rsem
[2024-10-04 10:05:08,847] multiqc                                            [DEBUG  ]  No samples found: rseqc
[2024-10-04 10:05:08,853] multiqc                                            [DEBUG  ]  No samples found: busco
[2024-10-04 10:05:08,859] multiqc                                            [DEBUG  ]  No samples found: goleft_indexcov
[2024-10-04 10:05:08,865] multiqc                                            [DEBUG  ]  No samples found: disambiguate
[2024-10-04 10:05:08,870] multiqc                                            [DEBUG  ]  No samples found: supernova
[2024-10-04 10:05:08,884] multiqc                                            [DEBUG  ]  No samples found: deeptools
[2024-10-04 10:05:08,889] multiqc                                            [DEBUG  ]  No samples found: sargasso
[2024-10-04 10:05:08,896] multiqc                                            [DEBUG  ]  No samples found: verifybamid
[2024-10-04 10:05:08,901] multiqc                                            [DEBUG  ]  No samples found: mirtrace
[2024-10-04 10:05:08,907] multiqc                                            [DEBUG  ]  No samples found: happy
[2024-10-04 10:05:08,912] multiqc                                            [DEBUG  ]  No samples found: mirtop
[2024-10-04 10:05:08,919] multiqc                                            [DEBUG  ]  No samples found: homer
[2024-10-04 10:05:08,924] multiqc                                            [DEBUG  ]  No samples found: macs2
[2024-10-04 10:05:08,929] multiqc                                            [DEBUG  ]  No samples found: theta2
[2024-10-04 10:05:08,934] multiqc                                            [DEBUG  ]  No samples found: snpeff
[2024-10-04 10:05:08,941] multiqc                                            [DEBUG  ]  No samples found: gatk
[2024-10-04 10:05:08,946] multiqc                                            [DEBUG  ]  No samples found: htseq
[2024-10-04 10:05:08,952] multiqc                                            [DEBUG  ]  No samples found: bcftools
[2024-10-04 10:05:08,957] multiqc                                            [DEBUG  ]  No samples found: featureCounts
[2024-10-04 10:05:08,965] multiqc                                            [DEBUG  ]  No samples found: fgbio
[2024-10-04 10:05:08,979] multiqc                                            [DEBUG  ]  No samples found: dragen
[2024-10-04 10:05:08,984] multiqc                                            [DEBUG  ]  No samples found: dedup
[2024-10-04 10:05:08,990] multiqc                                            [DEBUG  ]  No samples found: damageprofiler
[2024-10-04 10:05:09,015] multiqc                                            [DEBUG  ]  No samples found: biobambam2
[2024-10-04 10:05:09,021] multiqc                                            [DEBUG  ]  No samples found: mtnucratio
[2024-10-04 10:05:09,023] multiqc                                            [DEBUG  ]  No samples found: picard
[2024-10-04 10:05:09,028] multiqc                                            [DEBUG  ]  No samples found: prokka
[2024-10-04 10:05:09,034] multiqc                                            [DEBUG  ]  No samples found: samblaster
[2024-10-04 10:05:09,044] multiqc                                            [DEBUG  ]  No samples found: samtools
[2024-10-04 10:05:09,049] multiqc                                            [DEBUG  ]  No samples found: sexdeterrmine
[2024-10-04 10:05:09,055] multiqc                                            [DEBUG  ]  No samples found: bamtools
[2024-10-04 10:05:09,060] multiqc                                            [DEBUG  ]  No samples found: jellyfish
[2024-10-04 10:05:09,070] multiqc                                            [DEBUG  ]  No samples found: vcftools
[2024-10-04 10:05:09,075] multiqc                                            [DEBUG  ]  No samples found: longranger
[2024-10-04 10:05:09,081] multiqc                                            [DEBUG  ]  No samples found: stacks
[2024-10-04 10:05:09,086] multiqc                                            [DEBUG  ]  No samples found: varscan2
[2024-10-04 10:05:09,102] multiqc                                            [DEBUG  ]  No samples found: bbmap
[2024-10-04 10:05:09,109] multiqc                                            [DEBUG  ]  No samples found: bismark
[2024-10-04 10:05:09,115] multiqc                                            [DEBUG  ]  No samples found: biscuit
[2024-10-04 10:05:09,120] multiqc                                            [DEBUG  ]  No samples found: hicexplorer
[2024-10-04 10:05:09,126] multiqc                                            [DEBUG  ]  No samples found: hicup
[2024-10-04 10:05:09,132] multiqc                                            [DEBUG  ]  No samples found: hicpro
[2024-10-04 10:05:09,137] multiqc                                            [DEBUG  ]  No samples found: salmon
[2024-10-04 10:05:09,143] multiqc                                            [DEBUG  ]  No samples found: kallisto
[2024-10-04 10:05:09,149] multiqc                                            [DEBUG  ]  No samples found: slamdunk
[2024-10-04 10:05:09,154] multiqc                                            [DEBUG  ]  No samples found: star
[2024-10-04 10:05:09,160] multiqc                                            [DEBUG  ]  No samples found: hisat2
[2024-10-04 10:05:09,165] multiqc                                            [DEBUG  ]  No samples found: tophat
[2024-10-04 10:05:09,170] multiqc                                            [DEBUG  ]  No samples found: bowtie2
[2024-10-04 10:05:09,176] multiqc                                            [DEBUG  ]  No samples found: bowtie1
[2024-10-04 10:05:09,181] multiqc                                            [DEBUG  ]  No samples found: snpsplit
[2024-10-04 10:05:09,186] multiqc                                            [DEBUG  ]  No samples found: kat
[2024-10-04 10:05:09,191] multiqc                                            [DEBUG  ]  No samples found: leehom
[2024-10-04 10:05:09,197] multiqc                                            [DEBUG  ]  No samples found: adapterRemoval
[2024-10-04 10:05:09,202] multiqc                                            [DEBUG  ]  No samples found: clipandmerge
[2024-10-04 10:05:09,208] multiqc                                            [DEBUG  ]  No samples found: cutadapt
[2024-10-04 10:05:09,213] multiqc                                            [DEBUG  ]  No samples found: flexbar
[2024-10-04 10:05:09,218] multiqc                                            [DEBUG  ]  No samples found: kaiju
[2024-10-04 10:05:09,224] multiqc                                            [DEBUG  ]  No samples found: kraken
[2024-10-04 10:05:09,229] multiqc                                            [DEBUG  ]  No samples found: malt
[2024-10-04 10:05:09,234] multiqc                                            [DEBUG  ]  No samples found: trimmomatic
[2024-10-04 10:05:09,239] multiqc                                            [DEBUG  ]  No samples found: sickle
[2024-10-04 10:05:09,244] multiqc                                            [DEBUG  ]  No samples found: skewer
[2024-10-04 10:05:09,250] multiqc                                            [DEBUG  ]  No samples found: sortmerna
[2024-10-04 10:05:09,255] multiqc                                            [DEBUG  ]  No samples found: biobloomtools
[2024-10-04 10:05:09,261] multiqc                                            [DEBUG  ]  No samples found: fastq_screen
[2024-10-04 10:05:09,266] multiqc                                            [DEBUG  ]  No samples found: afterqc
[2024-10-04 10:05:09,272] multiqc                                            [DEBUG  ]  No samples found: fastp
[2024-10-04 10:05:11,039] multiqc.modules.fastqc.fastqc                      [INFO   ]  Found 20 reports
[2024-10-04 10:05:11,158] multiqc                                            [DEBUG  ]  No samples found: pycoqc
[2024-10-04 10:05:11,163] multiqc                                            [DEBUG  ]  No samples found: minionqc
[2024-10-04 10:05:11,168] multiqc                                            [DEBUG  ]  No samples found: multivcfanalyzer
[2024-10-04 10:05:11,173] multiqc                                            [DEBUG  ]  No samples found: clusterflow
[2024-10-04 10:05:11,179] multiqc                                            [DEBUG  ]  No samples found: bcl2fastq
[2024-10-04 10:05:11,184] multiqc                                            [DEBUG  ]  No samples found: interop
[2024-10-04 10:05:11,190] multiqc                                            [DEBUG  ]  No samples found: ivar
[2024-10-04 10:05:11,196] multiqc                                            [DEBUG  ]  No samples found: flash
[2024-10-04 10:05:11,202] multiqc                                            [DEBUG  ]  No samples found: seqyclean
[2024-10-04 10:05:11,221] multiqc                                            [INFO   ]  Compressing plot data
[2024-10-04 10:05:11,484] multiqc                                            [INFO   ]  Report      : multiqc_report.html
[2024-10-04 10:05:11,485] multiqc                                            [INFO   ]  Data        : multiqc_data
[2024-10-04 10:05:11,485] multiqc                                            [DEBUG  ]  Moving data file from '/tmp/tmp63e8hgsl/multiqc_data' to '/glfs/brick01/gv0/putnamlab/zdellaert/LaserCoral/data_RNA/multiqc_data'
[2024-10-04 10:05:11,905] multiqc                                            [INFO   ]  MultiQC complete
