
               ________          __              
              / ____/ /__  _  __/ /_  ____ ______
             / /_  / / _ \| |/ / __ \/ __ `/ ___/
            / __/ / /  __/>  </ /_/ / /_/ / /    
           /_/   /_/\___/_/|_/_.___/\__._/_/     

Flexbar - flexible barcode and adapter removal, version 3.5.0
Developed with SeqAn, the library for sequence analysis

Available on github.com/seqan/flexbar


Local time:            Thu Feb  6 02:34:12 2025

Number of threads:     20
Bundled fragments:     256

Target name:           LCM_25_S6_flexbar
File type:             fastq
Reads file:            LCM_25_S6_R1_001.fastq.gz
Reads file 2:          LCM_25_S6_R2_001.fastq.gz   (paired run)
Adapter preset:        TruSeq

max-uncalled:          2
min-read-length:       40
qtrim:                 TAIL
qtrim-format:          sanger
qtrim-threshold:       20  (53)
htrim-left:            GCTA
htrim-right:           GCTA
htrim-min-length:      5
htrim-min-length2:     10
htrim-error-rate:      0.2

adapter-pair-overlap:  ON
adapter-trim-end:      RIGHT
adapter-min-overlap:   3
adapter-min-poverlap:  40
adapter-error-rate:    0.1
adapter-match:         1
adapter-mismatch:     -1
adapter-gap:          -6

Adapter:               Sequence:
TruSeq                 AGATCGGAAGAGCACACGTCTGAACTCCAGTCA

Adapter2:              Sequence:
TruSeq                 AGATCGGAAGAGCGTCGTGTAGGGAAAGAGTGT


Processing reads ...done.

Elapsed time:       2 h 4 min 7 sec
Processing speed:   101258 reads/s


Min, max, mean and median overlap of paired reads: 40 / 155 / 101 / 106

Adapter removal statistics
==========================
Adapter:            Overlap removal:    Full length:
TruSeq              237037513           223578771

Min, max, mean and median overlap: 1 / 36 / 31 / 33

Adapter2:           Overlap removal:    Full length:
TruSeq              229220880           218100328

Min, max, mean and median overlap: 1 / 36 / 32 / 33


Output file statistics
======================
Read file:               LCM_25_S6_flexbar_1.fastq.gz
  written reads          161703740
  short reads            213146393
Read file 2:             LCM_25_S6_flexbar_2.fastq.gz
  written reads          161703740
  short reads            210713012


Filtering statistics
====================
Processed reads                   754069838
  skipped due to uncalled bases      227638   (173378 uncalled in 113819 pairs)
  trimmed due to low quality       43387853
  short prior to adapter removal          0
  finally skipped short reads     423859405
  skipped paired single reads       6575315
Discarded reads overall           430662358
Remaining reads                   323407480   (42%)

Processed bases   113864545538
Remaining bases    45932244083   (40% of input)


Flexbar completed adapter removal.

