
               ________          __              
              / ____/ /__  _  __/ /_  ____ ______
             / /_  / / _ \| |/ / __ \/ __ `/ ___/
            / __/ / /  __/>  </ /_/ / /_/ / /    
           /_/   /_/\___/_/|_/_.___/\__._/_/     

Flexbar - flexible barcode and adapter removal, version 3.5.0
Developed with SeqAn, the library for sequence analysis

Available on github.com/seqan/flexbar


Local time:            Thu Feb  6 02:34:12 2025

Number of threads:     20
Bundled fragments:     256

Target name:           LCM_1_S1_flexbar
File type:             fastq
Reads file:            LCM_1_S1_R1_001.fastq.gz
Reads file 2:          LCM_1_S1_R2_001.fastq.gz   (paired run)
Adapter preset:        TruSeq

max-uncalled:          2
min-read-length:       40
qtrim:                 TAIL
qtrim-format:          sanger
qtrim-threshold:       20  (53)
htrim-left:            GCTA
htrim-right:           GCTA
htrim-min-length:      5
htrim-min-length2:     10
htrim-error-rate:      0.2

adapter-pair-overlap:  ON
adapter-trim-end:      RIGHT
adapter-min-overlap:   3
adapter-min-poverlap:  40
adapter-error-rate:    0.1
adapter-match:         1
adapter-mismatch:     -1
adapter-gap:          -6

Adapter:               Sequence:
TruSeq                 AGATCGGAAGAGCACACGTCTGAACTCCAGTCA

Adapter2:              Sequence:
TruSeq                 AGATCGGAAGAGCGTCGTGTAGGGAAAGAGTGT


Processing reads ...done.

Elapsed time:       1 h 57 min 19 sec
Processing speed:   79037 reads/s


Min, max, mean and median overlap of paired reads: 40 / 154 / 105 / 112

Adapter removal statistics
==========================
Adapter:            Overlap removal:    Full length:
TruSeq              148211146           137225441

Min, max, mean and median overlap: 1 / 36 / 31 / 33

Adapter2:           Overlap removal:    Full length:
TruSeq              143423908           134199365

Min, max, mean and median overlap: 1 / 36 / 31 / 33


Output file statistics
======================
Read file:               LCM_1_S1_flexbar_1.fastq.gz
  written reads          146123691
  short reads            130484296
Read file 2:             LCM_1_S1_flexbar_2.fastq.gz
  written reads          146123691
  short reads            129538913


Filtering statistics
====================
Processed reads                   556345966
  skipped due to uncalled bases      159748   (121517 uncalled in 79874 pairs)
  trimmed due to low quality       40072516
  short prior to adapter removal          0
  finally skipped short reads     260023209
  skipped paired single reads       3915627
Discarded reads overall           264098584
Remaining reads                   292247382   (52%)

Processed bases   84008240866
Remaining bases   42197157678   (50% of input)


Flexbar completed adapter removal.

