[2025-01-23 02:22:56,213] multiqc                                            [DEBUG  ]  This is MultiQC v1.12
[2025-01-23 02:22:56,216] multiqc                                            [DEBUG  ]  No MultiQC config found: /modules/uri_apps/software/MultiQC/1.12-foss-2021b/lib/python3.9/site-packages/multiqc_config.yaml
[2025-01-23 02:22:56,217] multiqc                                            [DEBUG  ]  No MultiQC config found: /home/zdellaert_uri_edu/.multiqc_config.yaml
[2025-01-23 02:22:56,217] multiqc                                            [DEBUG  ]  No MultiQC config found: multiqc_config.yaml
[2025-01-23 02:22:56,218] multiqc                                            [DEBUG  ]  Command used: /modules/uri_apps/software/MultiQC/1.12-foss-2021b/bin/multiqc trimmed_V3_LCM_11_S3_R1_001_fastqc.html trimmed_V3_LCM_11_S3_R1_001_fastqc.zip trimmed_V3_LCM_11_S3_R2_001_fastqc.html trimmed_V3_LCM_11_S3_R2_001_fastqc.zip trimmed_V3_LCM_12_S4_R1_001_fastqc.html trimmed_V3_LCM_12_S4_R1_001_fastqc.zip trimmed_V3_LCM_12_S4_R2_001_fastqc.html trimmed_V3_LCM_12_S4_R2_001_fastqc.zip trimmed_V3_LCM_17_S7_R1_001_fastqc.html trimmed_V3_LCM_17_S7_R1_001_fastqc.zip trimmed_V3_LCM_17_S7_R2_001_fastqc.html trimmed_V3_LCM_17_S7_R2_001_fastqc.zip trimmed_V3_LCM_18_S8_R1_001_fastqc.html trimmed_V3_LCM_18_S8_R1_001_fastqc.zip trimmed_V3_LCM_18_S8_R2_001_fastqc.html trimmed_V3_LCM_18_S8_R2_001_fastqc.zip trimmed_V3_LCM_1_S1_R1_001_fastqc.html trimmed_V3_LCM_1_S1_R1_001_fastqc.zip trimmed_V3_LCM_1_S1_R2_001_fastqc.html trimmed_V3_LCM_1_S1_R2_001_fastqc.zip trimmed_V3_LCM_24_S5_R1_001_fastqc.html trimmed_V3_LCM_24_S5_R1_001_fastqc.zip trimmed_V3_LCM_24_S5_R2_001_fastqc.html trimmed_V3_LCM_24_S5_R2_001_fastqc.zip trimmed_V3_LCM_25_S6_R1_001_fastqc.html trimmed_V3_LCM_25_S6_R1_001_fastqc.zip trimmed_V3_LCM_25_S6_R2_001_fastqc.html trimmed_V3_LCM_25_S6_R2_001_fastqc.zip trimmed_V3_LCM_32_S9_R1_001_fastqc.html trimmed_V3_LCM_32_S9_R1_001_fastqc.zip trimmed_V3_LCM_32_S9_R2_001_fastqc.html trimmed_V3_LCM_32_S9_R2_001_fastqc.zip trimmed_V3_LCM_33_S10_R1_001_fastqc.html trimmed_V3_LCM_33_S10_R1_001_fastqc.zip trimmed_V3_LCM_33_S10_R2_001_fastqc.html trimmed_V3_LCM_33_S10_R2_001_fastqc.zip trimmed_V3_LCM_3_S2_R1_001_fastqc.html trimmed_V3_LCM_3_S2_R1_001_fastqc.zip trimmed_V3_LCM_3_S2_R2_001_fastqc.html trimmed_V3_LCM_3_S2_R2_001_fastqc.zip
[2025-01-23 02:22:56,794] multiqc                                            [WARNING]  MultiQC Version v1.27 now available!
[2025-01-23 02:22:56,794] multiqc                                            [DEBUG  ]  Command     : /modules/uri_apps/software/MultiQC/1.12-foss-2021b/bin/multiqc trimmed_V3_LCM_11_S3_R1_001_fastqc.html trimmed_V3_LCM_11_S3_R1_001_fastqc.zip trimmed_V3_LCM_11_S3_R2_001_fastqc.html trimmed_V3_LCM_11_S3_R2_001_fastqc.zip trimmed_V3_LCM_12_S4_R1_001_fastqc.html trimmed_V3_LCM_12_S4_R1_001_fastqc.zip trimmed_V3_LCM_12_S4_R2_001_fastqc.html trimmed_V3_LCM_12_S4_R2_001_fastqc.zip trimmed_V3_LCM_17_S7_R1_001_fastqc.html trimmed_V3_LCM_17_S7_R1_001_fastqc.zip trimmed_V3_LCM_17_S7_R2_001_fastqc.html trimmed_V3_LCM_17_S7_R2_001_fastqc.zip trimmed_V3_LCM_18_S8_R1_001_fastqc.html trimmed_V3_LCM_18_S8_R1_001_fastqc.zip trimmed_V3_LCM_18_S8_R2_001_fastqc.html trimmed_V3_LCM_18_S8_R2_001_fastqc.zip trimmed_V3_LCM_1_S1_R1_001_fastqc.html trimmed_V3_LCM_1_S1_R1_001_fastqc.zip trimmed_V3_LCM_1_S1_R2_001_fastqc.html trimmed_V3_LCM_1_S1_R2_001_fastqc.zip trimmed_V3_LCM_24_S5_R1_001_fastqc.html trimmed_V3_LCM_24_S5_R1_001_fastqc.zip trimmed_V3_LCM_24_S5_R2_001_fastqc.html trimmed_V3_LCM_24_S5_R2_001_fastqc.zip trimmed_V3_LCM_25_S6_R1_001_fastqc.html trimmed_V3_LCM_25_S6_R1_001_fastqc.zip trimmed_V3_LCM_25_S6_R2_001_fastqc.html trimmed_V3_LCM_25_S6_R2_001_fastqc.zip trimmed_V3_LCM_32_S9_R1_001_fastqc.html trimmed_V3_LCM_32_S9_R1_001_fastqc.zip trimmed_V3_LCM_32_S9_R2_001_fastqc.html trimmed_V3_LCM_32_S9_R2_001_fastqc.zip trimmed_V3_LCM_33_S10_R1_001_fastqc.html trimmed_V3_LCM_33_S10_R1_001_fastqc.zip trimmed_V3_LCM_33_S10_R2_001_fastqc.html trimmed_V3_LCM_33_S10_R2_001_fastqc.zip trimmed_V3_LCM_3_S2_R1_001_fastqc.html trimmed_V3_LCM_3_S2_R1_001_fastqc.zip trimmed_V3_LCM_3_S2_R2_001_fastqc.html trimmed_V3_LCM_3_S2_R2_001_fastqc.zip
[2025-01-23 02:22:56,794] multiqc                                            [DEBUG  ]  Working dir : /project/pi_hputnam_uri_edu/zdellaert/LaserCoral/output_WGBS/trimmed_V3_qc
[2025-01-23 02:22:56,794] multiqc                                            [DEBUG  ]  Template    : default
[2025-01-23 02:22:56,794] multiqc                                            [DEBUG  ]  Running Python 3.9.6 (default, Nov 15 2024, 16:57:16)  [GCC 11.2.0]
[2025-01-23 02:22:56,795] multiqc                                            [DEBUG  ]  Analysing modules: custom_content, ccs, ngsderive, purple, conpair, lima, peddy, somalier, methylQA, mosdepth, phantompeakqualtools, qualimap, preseq, quast, qorts, rna_seqc, rockhopper, rsem, rseqc, busco, bustools, goleft_indexcov, gffcompare, disambiguate, supernova, deeptools, sargasso, verifybamid, mirtrace, happy, mirtop, sambamba, homer, hops, macs2, theta2, snpeff, gatk, htseq, bcftools, featureCounts, fgbio, dragen, dedup, pbmarkdup, damageprofiler, biobambam2, jcvi, mtnucratio, picard, vep, sentieon, prokka, qc3C, nanostat, samblaster, samtools, sexdeterrmine, eigenstratdatabasetools, bamtools, jellyfish, vcftools, longranger, stacks, varscan2, snippy, bbmap, bismark, biscuit, hicexplorer, hicup, hicpro, salmon, kallisto, slamdunk, star, hisat2, tophat, bowtie2, bowtie1, snpsplit, odgi, pangolin, kat, leehom, adapterRemoval, clipandmerge, cutadapt, flexbar, kaiju, kraken, malt, trimmomatic, sickle, skewer, sortmerna, biobloomtools, fastq_screen, afterqc, fastp, fastqc, pychopper, pycoqc, minionqc, multivcfanalyzer, clusterflow, checkqc, bcl2fastq, bclconvert, interop, ivar, flash, seqyclean, optitype, whatshap
[2025-01-23 02:22:56,796] multiqc                                            [DEBUG  ]  Using temporary directory for creating report: /tmp/tmp60gfjxgu
[2025-01-23 02:22:57,217] multiqc                                            [INFO   ]  Search path : /project/pi_hputnam_uri_edu/zdellaert/LaserCoral/output_WGBS/trimmed_V3_qc/trimmed_V3_LCM_11_S3_R1_001_fastqc.html
[2025-01-23 02:22:57,217] multiqc                                            [INFO   ]  Search path : /project/pi_hputnam_uri_edu/zdellaert/LaserCoral/output_WGBS/trimmed_V3_qc/trimmed_V3_LCM_11_S3_R1_001_fastqc.zip
[2025-01-23 02:22:57,217] multiqc                                            [INFO   ]  Search path : /project/pi_hputnam_uri_edu/zdellaert/LaserCoral/output_WGBS/trimmed_V3_qc/trimmed_V3_LCM_11_S3_R2_001_fastqc.html
[2025-01-23 02:22:57,218] multiqc                                            [INFO   ]  Search path : /project/pi_hputnam_uri_edu/zdellaert/LaserCoral/output_WGBS/trimmed_V3_qc/trimmed_V3_LCM_11_S3_R2_001_fastqc.zip
[2025-01-23 02:22:57,218] multiqc                                            [INFO   ]  Search path : /project/pi_hputnam_uri_edu/zdellaert/LaserCoral/output_WGBS/trimmed_V3_qc/trimmed_V3_LCM_12_S4_R1_001_fastqc.html
[2025-01-23 02:22:57,218] multiqc                                            [INFO   ]  Search path : /project/pi_hputnam_uri_edu/zdellaert/LaserCoral/output_WGBS/trimmed_V3_qc/trimmed_V3_LCM_12_S4_R1_001_fastqc.zip
[2025-01-23 02:22:57,218] multiqc                                            [INFO   ]  Search path : /project/pi_hputnam_uri_edu/zdellaert/LaserCoral/output_WGBS/trimmed_V3_qc/trimmed_V3_LCM_12_S4_R2_001_fastqc.html
[2025-01-23 02:22:57,218] multiqc                                            [INFO   ]  Search path : /project/pi_hputnam_uri_edu/zdellaert/LaserCoral/output_WGBS/trimmed_V3_qc/trimmed_V3_LCM_12_S4_R2_001_fastqc.zip
[2025-01-23 02:22:57,218] multiqc                                            [INFO   ]  Search path : /project/pi_hputnam_uri_edu/zdellaert/LaserCoral/output_WGBS/trimmed_V3_qc/trimmed_V3_LCM_17_S7_R1_001_fastqc.html
[2025-01-23 02:22:57,218] multiqc                                            [INFO   ]  Search path : /project/pi_hputnam_uri_edu/zdellaert/LaserCoral/output_WGBS/trimmed_V3_qc/trimmed_V3_LCM_17_S7_R1_001_fastqc.zip
[2025-01-23 02:22:57,219] multiqc                                            [INFO   ]  Search path : /project/pi_hputnam_uri_edu/zdellaert/LaserCoral/output_WGBS/trimmed_V3_qc/trimmed_V3_LCM_17_S7_R2_001_fastqc.html
[2025-01-23 02:22:57,219] multiqc                                            [INFO   ]  Search path : /project/pi_hputnam_uri_edu/zdellaert/LaserCoral/output_WGBS/trimmed_V3_qc/trimmed_V3_LCM_17_S7_R2_001_fastqc.zip
[2025-01-23 02:22:57,219] multiqc                                            [INFO   ]  Search path : /project/pi_hputnam_uri_edu/zdellaert/LaserCoral/output_WGBS/trimmed_V3_qc/trimmed_V3_LCM_18_S8_R1_001_fastqc.html
[2025-01-23 02:22:57,219] multiqc                                            [INFO   ]  Search path : /project/pi_hputnam_uri_edu/zdellaert/LaserCoral/output_WGBS/trimmed_V3_qc/trimmed_V3_LCM_18_S8_R1_001_fastqc.zip
[2025-01-23 02:22:57,219] multiqc                                            [INFO   ]  Search path : /project/pi_hputnam_uri_edu/zdellaert/LaserCoral/output_WGBS/trimmed_V3_qc/trimmed_V3_LCM_18_S8_R2_001_fastqc.html
[2025-01-23 02:22:57,219] multiqc                                            [INFO   ]  Search path : /project/pi_hputnam_uri_edu/zdellaert/LaserCoral/output_WGBS/trimmed_V3_qc/trimmed_V3_LCM_18_S8_R2_001_fastqc.zip
[2025-01-23 02:22:57,219] multiqc                                            [INFO   ]  Search path : /project/pi_hputnam_uri_edu/zdellaert/LaserCoral/output_WGBS/trimmed_V3_qc/trimmed_V3_LCM_1_S1_R1_001_fastqc.html
[2025-01-23 02:22:57,219] multiqc                                            [INFO   ]  Search path : /project/pi_hputnam_uri_edu/zdellaert/LaserCoral/output_WGBS/trimmed_V3_qc/trimmed_V3_LCM_1_S1_R1_001_fastqc.zip
[2025-01-23 02:22:57,220] multiqc                                            [INFO   ]  Search path : /project/pi_hputnam_uri_edu/zdellaert/LaserCoral/output_WGBS/trimmed_V3_qc/trimmed_V3_LCM_1_S1_R2_001_fastqc.html
[2025-01-23 02:22:57,220] multiqc                                            [INFO   ]  Search path : /project/pi_hputnam_uri_edu/zdellaert/LaserCoral/output_WGBS/trimmed_V3_qc/trimmed_V3_LCM_1_S1_R2_001_fastqc.zip
[2025-01-23 02:22:57,220] multiqc                                            [INFO   ]  Search path : /project/pi_hputnam_uri_edu/zdellaert/LaserCoral/output_WGBS/trimmed_V3_qc/trimmed_V3_LCM_24_S5_R1_001_fastqc.html
[2025-01-23 02:22:57,220] multiqc                                            [INFO   ]  Search path : /project/pi_hputnam_uri_edu/zdellaert/LaserCoral/output_WGBS/trimmed_V3_qc/trimmed_V3_LCM_24_S5_R1_001_fastqc.zip
[2025-01-23 02:22:57,220] multiqc                                            [INFO   ]  Search path : /project/pi_hputnam_uri_edu/zdellaert/LaserCoral/output_WGBS/trimmed_V3_qc/trimmed_V3_LCM_24_S5_R2_001_fastqc.html
[2025-01-23 02:22:57,220] multiqc                                            [INFO   ]  Search path : /project/pi_hputnam_uri_edu/zdellaert/LaserCoral/output_WGBS/trimmed_V3_qc/trimmed_V3_LCM_24_S5_R2_001_fastqc.zip
[2025-01-23 02:22:57,220] multiqc                                            [INFO   ]  Search path : /project/pi_hputnam_uri_edu/zdellaert/LaserCoral/output_WGBS/trimmed_V3_qc/trimmed_V3_LCM_25_S6_R1_001_fastqc.html
[2025-01-23 02:22:57,220] multiqc                                            [INFO   ]  Search path : /project/pi_hputnam_uri_edu/zdellaert/LaserCoral/output_WGBS/trimmed_V3_qc/trimmed_V3_LCM_25_S6_R1_001_fastqc.zip
[2025-01-23 02:22:57,221] multiqc                                            [INFO   ]  Search path : /project/pi_hputnam_uri_edu/zdellaert/LaserCoral/output_WGBS/trimmed_V3_qc/trimmed_V3_LCM_25_S6_R2_001_fastqc.html
[2025-01-23 02:22:57,221] multiqc                                            [INFO   ]  Search path : /project/pi_hputnam_uri_edu/zdellaert/LaserCoral/output_WGBS/trimmed_V3_qc/trimmed_V3_LCM_25_S6_R2_001_fastqc.zip
[2025-01-23 02:22:57,221] multiqc                                            [INFO   ]  Search path : /project/pi_hputnam_uri_edu/zdellaert/LaserCoral/output_WGBS/trimmed_V3_qc/trimmed_V3_LCM_32_S9_R1_001_fastqc.html
[2025-01-23 02:22:57,221] multiqc                                            [INFO   ]  Search path : /project/pi_hputnam_uri_edu/zdellaert/LaserCoral/output_WGBS/trimmed_V3_qc/trimmed_V3_LCM_32_S9_R1_001_fastqc.zip
[2025-01-23 02:22:57,221] multiqc                                            [INFO   ]  Search path : /project/pi_hputnam_uri_edu/zdellaert/LaserCoral/output_WGBS/trimmed_V3_qc/trimmed_V3_LCM_32_S9_R2_001_fastqc.html
[2025-01-23 02:22:57,221] multiqc                                            [INFO   ]  Search path : /project/pi_hputnam_uri_edu/zdellaert/LaserCoral/output_WGBS/trimmed_V3_qc/trimmed_V3_LCM_32_S9_R2_001_fastqc.zip
[2025-01-23 02:22:57,221] multiqc                                            [INFO   ]  Search path : /project/pi_hputnam_uri_edu/zdellaert/LaserCoral/output_WGBS/trimmed_V3_qc/trimmed_V3_LCM_33_S10_R1_001_fastqc.html
[2025-01-23 02:22:57,221] multiqc                                            [INFO   ]  Search path : /project/pi_hputnam_uri_edu/zdellaert/LaserCoral/output_WGBS/trimmed_V3_qc/trimmed_V3_LCM_33_S10_R1_001_fastqc.zip
[2025-01-23 02:22:57,222] multiqc                                            [INFO   ]  Search path : /project/pi_hputnam_uri_edu/zdellaert/LaserCoral/output_WGBS/trimmed_V3_qc/trimmed_V3_LCM_33_S10_R2_001_fastqc.html
[2025-01-23 02:22:57,222] multiqc                                            [INFO   ]  Search path : /project/pi_hputnam_uri_edu/zdellaert/LaserCoral/output_WGBS/trimmed_V3_qc/trimmed_V3_LCM_33_S10_R2_001_fastqc.zip
[2025-01-23 02:22:57,222] multiqc                                            [INFO   ]  Search path : /project/pi_hputnam_uri_edu/zdellaert/LaserCoral/output_WGBS/trimmed_V3_qc/trimmed_V3_LCM_3_S2_R1_001_fastqc.html
[2025-01-23 02:22:57,222] multiqc                                            [INFO   ]  Search path : /project/pi_hputnam_uri_edu/zdellaert/LaserCoral/output_WGBS/trimmed_V3_qc/trimmed_V3_LCM_3_S2_R1_001_fastqc.zip
[2025-01-23 02:22:57,222] multiqc                                            [INFO   ]  Search path : /project/pi_hputnam_uri_edu/zdellaert/LaserCoral/output_WGBS/trimmed_V3_qc/trimmed_V3_LCM_3_S2_R2_001_fastqc.html
[2025-01-23 02:22:57,222] multiqc                                            [INFO   ]  Search path : /project/pi_hputnam_uri_edu/zdellaert/LaserCoral/output_WGBS/trimmed_V3_qc/trimmed_V3_LCM_3_S2_R2_001_fastqc.zip
[2025-01-23 02:22:57,263] multiqc                                            [DEBUG  ]  File ignored by ccs/v4 because it exceeded search pattern filesize limit: trimmed_V3_LCM_11_S3_R1_001_fastqc.html
[2025-01-23 02:22:57,264] multiqc                                            [DEBUG  ]  File ignored by hicexplorer because it exceeded search pattern filesize limit: trimmed_V3_LCM_11_S3_R1_001_fastqc.html
[2025-01-23 02:22:57,264] multiqc                                            [DEBUG  ]  File ignored by lima/summary because it exceeded search pattern filesize limit: trimmed_V3_LCM_11_S3_R1_001_fastqc.html
[2025-01-23 02:22:57,267] multiqc                                            [DEBUG  ]  File ignored by vep/vep_txt because it exceeded search pattern filesize limit: trimmed_V3_LCM_11_S3_R1_001_fastqc.html
[2025-01-23 02:22:57,267] multiqc                                            [DEBUG  ]  File ignored by longranger/invocation because it exceeded search pattern filesize limit: trimmed_V3_LCM_11_S3_R1_001_fastqc.html
[2025-01-23 02:22:57,267] multiqc                                            [DEBUG  ]  File ignored by rockhopper because it exceeded search pattern filesize limit: trimmed_V3_LCM_11_S3_R1_001_fastqc.html
[2025-01-23 02:22:57,267] multiqc                                            [DEBUG  ]  File ignored by rseqc/bam_stat because it exceeded search pattern filesize limit: trimmed_V3_LCM_11_S3_R1_001_fastqc.html
[2025-01-23 02:22:57,267] multiqc                                            [DEBUG  ]  File ignored by rseqc/junction_annotation because it exceeded search pattern filesize limit: trimmed_V3_LCM_11_S3_R1_001_fastqc.html
[2025-01-23 02:22:57,267] multiqc                                            [DEBUG  ]  File ignored by rseqc/read_distribution because it exceeded search pattern filesize limit: trimmed_V3_LCM_11_S3_R1_001_fastqc.html
[2025-01-23 02:22:57,267] multiqc                                            [DEBUG  ]  File ignored by rseqc/infer_experiment because it exceeded search pattern filesize limit: trimmed_V3_LCM_11_S3_R1_001_fastqc.html
[2025-01-23 02:22:57,314] multiqc                                            [DEBUG  ]  File ignored by nanostat because it exceeded search pattern filesize limit: trimmed_V3_LCM_11_S3_R1_001_fastqc.html
[2025-01-23 02:22:57,322] multiqc                                            [DEBUG  ]  File ignored by ccs/v4 because it exceeded search pattern filesize limit: trimmed_V3_LCM_11_S3_R2_001_fastqc.html
[2025-01-23 02:22:57,323] multiqc                                            [DEBUG  ]  File ignored by hicexplorer because it exceeded search pattern filesize limit: trimmed_V3_LCM_11_S3_R2_001_fastqc.html
[2025-01-23 02:22:57,323] multiqc                                            [DEBUG  ]  File ignored by lima/summary because it exceeded search pattern filesize limit: trimmed_V3_LCM_11_S3_R2_001_fastqc.html
[2025-01-23 02:22:57,324] multiqc                                            [DEBUG  ]  File ignored by vep/vep_txt because it exceeded search pattern filesize limit: trimmed_V3_LCM_11_S3_R2_001_fastqc.html
[2025-01-23 02:22:57,324] multiqc                                            [DEBUG  ]  File ignored by longranger/invocation because it exceeded search pattern filesize limit: trimmed_V3_LCM_11_S3_R2_001_fastqc.html
[2025-01-23 02:22:57,324] multiqc                                            [DEBUG  ]  File ignored by rockhopper because it exceeded search pattern filesize limit: trimmed_V3_LCM_11_S3_R2_001_fastqc.html
[2025-01-23 02:22:57,324] multiqc                                            [DEBUG  ]  File ignored by rseqc/bam_stat because it exceeded search pattern filesize limit: trimmed_V3_LCM_11_S3_R2_001_fastqc.html
[2025-01-23 02:22:57,324] multiqc                                            [DEBUG  ]  File ignored by rseqc/junction_annotation because it exceeded search pattern filesize limit: trimmed_V3_LCM_11_S3_R2_001_fastqc.html
[2025-01-23 02:22:57,325] multiqc                                            [DEBUG  ]  File ignored by rseqc/read_distribution because it exceeded search pattern filesize limit: trimmed_V3_LCM_11_S3_R2_001_fastqc.html
[2025-01-23 02:22:57,325] multiqc                                            [DEBUG  ]  File ignored by rseqc/infer_experiment because it exceeded search pattern filesize limit: trimmed_V3_LCM_11_S3_R2_001_fastqc.html
[2025-01-23 02:22:57,349] multiqc                                            [DEBUG  ]  File ignored by nanostat because it exceeded search pattern filesize limit: trimmed_V3_LCM_11_S3_R2_001_fastqc.html
[2025-01-23 02:22:57,355] multiqc                                            [DEBUG  ]  File ignored by ccs/v4 because it exceeded search pattern filesize limit: trimmed_V3_LCM_12_S4_R1_001_fastqc.html
[2025-01-23 02:22:57,356] multiqc                                            [DEBUG  ]  File ignored by hicexplorer because it exceeded search pattern filesize limit: trimmed_V3_LCM_12_S4_R1_001_fastqc.html
[2025-01-23 02:22:57,356] multiqc                                            [DEBUG  ]  File ignored by lima/summary because it exceeded search pattern filesize limit: trimmed_V3_LCM_12_S4_R1_001_fastqc.html
[2025-01-23 02:22:57,357] multiqc                                            [DEBUG  ]  File ignored by vep/vep_txt because it exceeded search pattern filesize limit: trimmed_V3_LCM_12_S4_R1_001_fastqc.html
[2025-01-23 02:22:57,357] multiqc                                            [DEBUG  ]  File ignored by longranger/invocation because it exceeded search pattern filesize limit: trimmed_V3_LCM_12_S4_R1_001_fastqc.html
[2025-01-23 02:22:57,357] multiqc                                            [DEBUG  ]  File ignored by rockhopper because it exceeded search pattern filesize limit: trimmed_V3_LCM_12_S4_R1_001_fastqc.html
[2025-01-23 02:22:57,357] multiqc                                            [DEBUG  ]  File ignored by rseqc/bam_stat because it exceeded search pattern filesize limit: trimmed_V3_LCM_12_S4_R1_001_fastqc.html
[2025-01-23 02:22:57,358] multiqc                                            [DEBUG  ]  File ignored by rseqc/junction_annotation because it exceeded search pattern filesize limit: trimmed_V3_LCM_12_S4_R1_001_fastqc.html
[2025-01-23 02:22:57,358] multiqc                                            [DEBUG  ]  File ignored by rseqc/read_distribution because it exceeded search pattern filesize limit: trimmed_V3_LCM_12_S4_R1_001_fastqc.html
[2025-01-23 02:22:57,358] multiqc                                            [DEBUG  ]  File ignored by rseqc/infer_experiment because it exceeded search pattern filesize limit: trimmed_V3_LCM_12_S4_R1_001_fastqc.html
[2025-01-23 02:22:57,381] multiqc                                            [DEBUG  ]  File ignored by nanostat because it exceeded search pattern filesize limit: trimmed_V3_LCM_12_S4_R1_001_fastqc.html
[2025-01-23 02:22:57,387] multiqc                                            [DEBUG  ]  File ignored by ccs/v4 because it exceeded search pattern filesize limit: trimmed_V3_LCM_12_S4_R2_001_fastqc.html
[2025-01-23 02:22:57,388] multiqc                                            [DEBUG  ]  File ignored by hicexplorer because it exceeded search pattern filesize limit: trimmed_V3_LCM_12_S4_R2_001_fastqc.html
[2025-01-23 02:22:57,388] multiqc                                            [DEBUG  ]  File ignored by lima/summary because it exceeded search pattern filesize limit: trimmed_V3_LCM_12_S4_R2_001_fastqc.html
[2025-01-23 02:22:57,389] multiqc                                            [DEBUG  ]  File ignored by vep/vep_txt because it exceeded search pattern filesize limit: trimmed_V3_LCM_12_S4_R2_001_fastqc.html
[2025-01-23 02:22:57,390] multiqc                                            [DEBUG  ]  File ignored by longranger/invocation because it exceeded search pattern filesize limit: trimmed_V3_LCM_12_S4_R2_001_fastqc.html
[2025-01-23 02:22:57,390] multiqc                                            [DEBUG  ]  File ignored by rockhopper because it exceeded search pattern filesize limit: trimmed_V3_LCM_12_S4_R2_001_fastqc.html
[2025-01-23 02:22:57,390] multiqc                                            [DEBUG  ]  File ignored by rseqc/bam_stat because it exceeded search pattern filesize limit: trimmed_V3_LCM_12_S4_R2_001_fastqc.html
[2025-01-23 02:22:57,390] multiqc                                            [DEBUG  ]  File ignored by rseqc/junction_annotation because it exceeded search pattern filesize limit: trimmed_V3_LCM_12_S4_R2_001_fastqc.html
[2025-01-23 02:22:57,390] multiqc                                            [DEBUG  ]  File ignored by rseqc/read_distribution because it exceeded search pattern filesize limit: trimmed_V3_LCM_12_S4_R2_001_fastqc.html
[2025-01-23 02:22:57,390] multiqc                                            [DEBUG  ]  File ignored by rseqc/infer_experiment because it exceeded search pattern filesize limit: trimmed_V3_LCM_12_S4_R2_001_fastqc.html
[2025-01-23 02:22:57,413] multiqc                                            [DEBUG  ]  File ignored by nanostat because it exceeded search pattern filesize limit: trimmed_V3_LCM_12_S4_R2_001_fastqc.html
[2025-01-23 02:22:57,419] multiqc                                            [DEBUG  ]  File ignored by ccs/v4 because it exceeded search pattern filesize limit: trimmed_V3_LCM_17_S7_R1_001_fastqc.html
[2025-01-23 02:22:57,420] multiqc                                            [DEBUG  ]  File ignored by hicexplorer because it exceeded search pattern filesize limit: trimmed_V3_LCM_17_S7_R1_001_fastqc.html
[2025-01-23 02:22:57,420] multiqc                                            [DEBUG  ]  File ignored by lima/summary because it exceeded search pattern filesize limit: trimmed_V3_LCM_17_S7_R1_001_fastqc.html
[2025-01-23 02:22:57,422] multiqc                                            [DEBUG  ]  File ignored by vep/vep_txt because it exceeded search pattern filesize limit: trimmed_V3_LCM_17_S7_R1_001_fastqc.html
[2025-01-23 02:22:57,422] multiqc                                            [DEBUG  ]  File ignored by longranger/invocation because it exceeded search pattern filesize limit: trimmed_V3_LCM_17_S7_R1_001_fastqc.html
[2025-01-23 02:22:57,422] multiqc                                            [DEBUG  ]  File ignored by rockhopper because it exceeded search pattern filesize limit: trimmed_V3_LCM_17_S7_R1_001_fastqc.html
[2025-01-23 02:22:57,422] multiqc                                            [DEBUG  ]  File ignored by rseqc/bam_stat because it exceeded search pattern filesize limit: trimmed_V3_LCM_17_S7_R1_001_fastqc.html
[2025-01-23 02:22:57,422] multiqc                                            [DEBUG  ]  File ignored by rseqc/junction_annotation because it exceeded search pattern filesize limit: trimmed_V3_LCM_17_S7_R1_001_fastqc.html
[2025-01-23 02:22:57,422] multiqc                                            [DEBUG  ]  File ignored by rseqc/read_distribution because it exceeded search pattern filesize limit: trimmed_V3_LCM_17_S7_R1_001_fastqc.html
[2025-01-23 02:22:57,422] multiqc                                            [DEBUG  ]  File ignored by rseqc/infer_experiment because it exceeded search pattern filesize limit: trimmed_V3_LCM_17_S7_R1_001_fastqc.html
[2025-01-23 02:22:57,448] multiqc                                            [DEBUG  ]  File ignored by nanostat because it exceeded search pattern filesize limit: trimmed_V3_LCM_17_S7_R1_001_fastqc.html
[2025-01-23 02:22:57,454] multiqc                                            [DEBUG  ]  File ignored by ccs/v4 because it exceeded search pattern filesize limit: trimmed_V3_LCM_17_S7_R2_001_fastqc.html
[2025-01-23 02:22:57,455] multiqc                                            [DEBUG  ]  File ignored by hicexplorer because it exceeded search pattern filesize limit: trimmed_V3_LCM_17_S7_R2_001_fastqc.html
[2025-01-23 02:22:57,455] multiqc                                            [DEBUG  ]  File ignored by lima/summary because it exceeded search pattern filesize limit: trimmed_V3_LCM_17_S7_R2_001_fastqc.html
[2025-01-23 02:22:57,457] multiqc                                            [DEBUG  ]  File ignored by vep/vep_txt because it exceeded search pattern filesize limit: trimmed_V3_LCM_17_S7_R2_001_fastqc.html
[2025-01-23 02:22:57,457] multiqc                                            [DEBUG  ]  File ignored by longranger/invocation because it exceeded search pattern filesize limit: trimmed_V3_LCM_17_S7_R2_001_fastqc.html
[2025-01-23 02:22:57,457] multiqc                                            [DEBUG  ]  File ignored by rockhopper because it exceeded search pattern filesize limit: trimmed_V3_LCM_17_S7_R2_001_fastqc.html
[2025-01-23 02:22:57,457] multiqc                                            [DEBUG  ]  File ignored by rseqc/bam_stat because it exceeded search pattern filesize limit: trimmed_V3_LCM_17_S7_R2_001_fastqc.html
[2025-01-23 02:22:57,457] multiqc                                            [DEBUG  ]  File ignored by rseqc/junction_annotation because it exceeded search pattern filesize limit: trimmed_V3_LCM_17_S7_R2_001_fastqc.html
[2025-01-23 02:22:57,457] multiqc                                            [DEBUG  ]  File ignored by rseqc/read_distribution because it exceeded search pattern filesize limit: trimmed_V3_LCM_17_S7_R2_001_fastqc.html
[2025-01-23 02:22:57,457] multiqc                                            [DEBUG  ]  File ignored by rseqc/infer_experiment because it exceeded search pattern filesize limit: trimmed_V3_LCM_17_S7_R2_001_fastqc.html
[2025-01-23 02:22:57,481] multiqc                                            [DEBUG  ]  File ignored by nanostat because it exceeded search pattern filesize limit: trimmed_V3_LCM_17_S7_R2_001_fastqc.html
[2025-01-23 02:22:57,490] multiqc                                            [DEBUG  ]  File ignored by ccs/v4 because it exceeded search pattern filesize limit: trimmed_V3_LCM_18_S8_R1_001_fastqc.html
[2025-01-23 02:22:57,491] multiqc                                            [DEBUG  ]  File ignored by hicexplorer because it exceeded search pattern filesize limit: trimmed_V3_LCM_18_S8_R1_001_fastqc.html
[2025-01-23 02:22:57,491] multiqc                                            [DEBUG  ]  File ignored by lima/summary because it exceeded search pattern filesize limit: trimmed_V3_LCM_18_S8_R1_001_fastqc.html
[2025-01-23 02:22:57,492] multiqc                                            [DEBUG  ]  File ignored by vep/vep_txt because it exceeded search pattern filesize limit: trimmed_V3_LCM_18_S8_R1_001_fastqc.html
[2025-01-23 02:22:57,492] multiqc                                            [DEBUG  ]  File ignored by longranger/invocation because it exceeded search pattern filesize limit: trimmed_V3_LCM_18_S8_R1_001_fastqc.html
[2025-01-23 02:22:57,492] multiqc                                            [DEBUG  ]  File ignored by rockhopper because it exceeded search pattern filesize limit: trimmed_V3_LCM_18_S8_R1_001_fastqc.html
[2025-01-23 02:22:57,492] multiqc                                            [DEBUG  ]  File ignored by rseqc/bam_stat because it exceeded search pattern filesize limit: trimmed_V3_LCM_18_S8_R1_001_fastqc.html
[2025-01-23 02:22:57,493] multiqc                                            [DEBUG  ]  File ignored by rseqc/junction_annotation because it exceeded search pattern filesize limit: trimmed_V3_LCM_18_S8_R1_001_fastqc.html
[2025-01-23 02:22:57,493] multiqc                                            [DEBUG  ]  File ignored by rseqc/read_distribution because it exceeded search pattern filesize limit: trimmed_V3_LCM_18_S8_R1_001_fastqc.html
[2025-01-23 02:22:57,493] multiqc                                            [DEBUG  ]  File ignored by rseqc/infer_experiment because it exceeded search pattern filesize limit: trimmed_V3_LCM_18_S8_R1_001_fastqc.html
[2025-01-23 02:22:57,516] multiqc                                            [DEBUG  ]  File ignored by nanostat because it exceeded search pattern filesize limit: trimmed_V3_LCM_18_S8_R1_001_fastqc.html
[2025-01-23 02:22:57,522] multiqc                                            [DEBUG  ]  File ignored by ccs/v4 because it exceeded search pattern filesize limit: trimmed_V3_LCM_18_S8_R2_001_fastqc.html
[2025-01-23 02:22:57,523] multiqc                                            [DEBUG  ]  File ignored by hicexplorer because it exceeded search pattern filesize limit: trimmed_V3_LCM_18_S8_R2_001_fastqc.html
[2025-01-23 02:22:57,523] multiqc                                            [DEBUG  ]  File ignored by lima/summary because it exceeded search pattern filesize limit: trimmed_V3_LCM_18_S8_R2_001_fastqc.html
[2025-01-23 02:22:57,524] multiqc                                            [DEBUG  ]  File ignored by vep/vep_txt because it exceeded search pattern filesize limit: trimmed_V3_LCM_18_S8_R2_001_fastqc.html
[2025-01-23 02:22:57,524] multiqc                                            [DEBUG  ]  File ignored by longranger/invocation because it exceeded search pattern filesize limit: trimmed_V3_LCM_18_S8_R2_001_fastqc.html
[2025-01-23 02:22:57,524] multiqc                                            [DEBUG  ]  File ignored by rockhopper because it exceeded search pattern filesize limit: trimmed_V3_LCM_18_S8_R2_001_fastqc.html
[2025-01-23 02:22:57,524] multiqc                                            [DEBUG  ]  File ignored by rseqc/bam_stat because it exceeded search pattern filesize limit: trimmed_V3_LCM_18_S8_R2_001_fastqc.html
[2025-01-23 02:22:57,524] multiqc                                            [DEBUG  ]  File ignored by rseqc/junction_annotation because it exceeded search pattern filesize limit: trimmed_V3_LCM_18_S8_R2_001_fastqc.html
[2025-01-23 02:22:57,524] multiqc                                            [DEBUG  ]  File ignored by rseqc/read_distribution because it exceeded search pattern filesize limit: trimmed_V3_LCM_18_S8_R2_001_fastqc.html
[2025-01-23 02:22:57,525] multiqc                                            [DEBUG  ]  File ignored by rseqc/infer_experiment because it exceeded search pattern filesize limit: trimmed_V3_LCM_18_S8_R2_001_fastqc.html
[2025-01-23 02:22:57,555] multiqc                                            [DEBUG  ]  File ignored by nanostat because it exceeded search pattern filesize limit: trimmed_V3_LCM_18_S8_R2_001_fastqc.html
[2025-01-23 02:22:57,561] multiqc                                            [DEBUG  ]  File ignored by ccs/v4 because it exceeded search pattern filesize limit: trimmed_V3_LCM_1_S1_R1_001_fastqc.html
[2025-01-23 02:22:57,562] multiqc                                            [DEBUG  ]  File ignored by hicexplorer because it exceeded search pattern filesize limit: trimmed_V3_LCM_1_S1_R1_001_fastqc.html
[2025-01-23 02:22:57,562] multiqc                                            [DEBUG  ]  File ignored by lima/summary because it exceeded search pattern filesize limit: trimmed_V3_LCM_1_S1_R1_001_fastqc.html
[2025-01-23 02:22:57,564] multiqc                                            [DEBUG  ]  File ignored by vep/vep_txt because it exceeded search pattern filesize limit: trimmed_V3_LCM_1_S1_R1_001_fastqc.html
[2025-01-23 02:22:57,564] multiqc                                            [DEBUG  ]  File ignored by longranger/invocation because it exceeded search pattern filesize limit: trimmed_V3_LCM_1_S1_R1_001_fastqc.html
[2025-01-23 02:22:57,564] multiqc                                            [DEBUG  ]  File ignored by rockhopper because it exceeded search pattern filesize limit: trimmed_V3_LCM_1_S1_R1_001_fastqc.html
[2025-01-23 02:22:57,564] multiqc                                            [DEBUG  ]  File ignored by rseqc/bam_stat because it exceeded search pattern filesize limit: trimmed_V3_LCM_1_S1_R1_001_fastqc.html
[2025-01-23 02:22:57,564] multiqc                                            [DEBUG  ]  File ignored by rseqc/junction_annotation because it exceeded search pattern filesize limit: trimmed_V3_LCM_1_S1_R1_001_fastqc.html
[2025-01-23 02:22:57,564] multiqc                                            [DEBUG  ]  File ignored by rseqc/read_distribution because it exceeded search pattern filesize limit: trimmed_V3_LCM_1_S1_R1_001_fastqc.html
[2025-01-23 02:22:57,564] multiqc                                            [DEBUG  ]  File ignored by rseqc/infer_experiment because it exceeded search pattern filesize limit: trimmed_V3_LCM_1_S1_R1_001_fastqc.html
[2025-01-23 02:22:57,587] multiqc                                            [DEBUG  ]  File ignored by nanostat because it exceeded search pattern filesize limit: trimmed_V3_LCM_1_S1_R1_001_fastqc.html
[2025-01-23 02:22:57,593] multiqc                                            [DEBUG  ]  File ignored by ccs/v4 because it exceeded search pattern filesize limit: trimmed_V3_LCM_1_S1_R2_001_fastqc.html
[2025-01-23 02:22:57,594] multiqc                                            [DEBUG  ]  File ignored by hicexplorer because it exceeded search pattern filesize limit: trimmed_V3_LCM_1_S1_R2_001_fastqc.html
[2025-01-23 02:22:57,594] multiqc                                            [DEBUG  ]  File ignored by lima/summary because it exceeded search pattern filesize limit: trimmed_V3_LCM_1_S1_R2_001_fastqc.html
[2025-01-23 02:22:57,595] multiqc                                            [DEBUG  ]  File ignored by vep/vep_txt because it exceeded search pattern filesize limit: trimmed_V3_LCM_1_S1_R2_001_fastqc.html
[2025-01-23 02:22:57,595] multiqc                                            [DEBUG  ]  File ignored by longranger/invocation because it exceeded search pattern filesize limit: trimmed_V3_LCM_1_S1_R2_001_fastqc.html
[2025-01-23 02:22:57,595] multiqc                                            [DEBUG  ]  File ignored by rockhopper because it exceeded search pattern filesize limit: trimmed_V3_LCM_1_S1_R2_001_fastqc.html
[2025-01-23 02:22:57,596] multiqc                                            [DEBUG  ]  File ignored by rseqc/bam_stat because it exceeded search pattern filesize limit: trimmed_V3_LCM_1_S1_R2_001_fastqc.html
[2025-01-23 02:22:57,596] multiqc                                            [DEBUG  ]  File ignored by rseqc/junction_annotation because it exceeded search pattern filesize limit: trimmed_V3_LCM_1_S1_R2_001_fastqc.html
[2025-01-23 02:22:57,596] multiqc                                            [DEBUG  ]  File ignored by rseqc/read_distribution because it exceeded search pattern filesize limit: trimmed_V3_LCM_1_S1_R2_001_fastqc.html
[2025-01-23 02:22:57,596] multiqc                                            [DEBUG  ]  File ignored by rseqc/infer_experiment because it exceeded search pattern filesize limit: trimmed_V3_LCM_1_S1_R2_001_fastqc.html
[2025-01-23 02:22:57,623] multiqc                                            [DEBUG  ]  File ignored by nanostat because it exceeded search pattern filesize limit: trimmed_V3_LCM_1_S1_R2_001_fastqc.html
[2025-01-23 02:22:57,630] multiqc                                            [DEBUG  ]  File ignored by ccs/v4 because it exceeded search pattern filesize limit: trimmed_V3_LCM_24_S5_R1_001_fastqc.html
[2025-01-23 02:22:57,630] multiqc                                            [DEBUG  ]  File ignored by hicexplorer because it exceeded search pattern filesize limit: trimmed_V3_LCM_24_S5_R1_001_fastqc.html
[2025-01-23 02:22:57,630] multiqc                                            [DEBUG  ]  File ignored by lima/summary because it exceeded search pattern filesize limit: trimmed_V3_LCM_24_S5_R1_001_fastqc.html
[2025-01-23 02:22:57,632] multiqc                                            [DEBUG  ]  File ignored by vep/vep_txt because it exceeded search pattern filesize limit: trimmed_V3_LCM_24_S5_R1_001_fastqc.html
[2025-01-23 02:22:57,632] multiqc                                            [DEBUG  ]  File ignored by longranger/invocation because it exceeded search pattern filesize limit: trimmed_V3_LCM_24_S5_R1_001_fastqc.html
[2025-01-23 02:22:57,632] multiqc                                            [DEBUG  ]  File ignored by rockhopper because it exceeded search pattern filesize limit: trimmed_V3_LCM_24_S5_R1_001_fastqc.html
[2025-01-23 02:22:57,632] multiqc                                            [DEBUG  ]  File ignored by rseqc/bam_stat because it exceeded search pattern filesize limit: trimmed_V3_LCM_24_S5_R1_001_fastqc.html
[2025-01-23 02:22:57,632] multiqc                                            [DEBUG  ]  File ignored by rseqc/junction_annotation because it exceeded search pattern filesize limit: trimmed_V3_LCM_24_S5_R1_001_fastqc.html
[2025-01-23 02:22:57,632] multiqc                                            [DEBUG  ]  File ignored by rseqc/read_distribution because it exceeded search pattern filesize limit: trimmed_V3_LCM_24_S5_R1_001_fastqc.html
[2025-01-23 02:22:57,632] multiqc                                            [DEBUG  ]  File ignored by rseqc/infer_experiment because it exceeded search pattern filesize limit: trimmed_V3_LCM_24_S5_R1_001_fastqc.html
[2025-01-23 02:22:57,660] multiqc                                            [DEBUG  ]  File ignored by nanostat because it exceeded search pattern filesize limit: trimmed_V3_LCM_24_S5_R1_001_fastqc.html
[2025-01-23 02:22:57,672] multiqc                                            [DEBUG  ]  File ignored by ccs/v4 because it exceeded search pattern filesize limit: trimmed_V3_LCM_24_S5_R2_001_fastqc.html
[2025-01-23 02:22:57,673] multiqc                                            [DEBUG  ]  File ignored by hicexplorer because it exceeded search pattern filesize limit: trimmed_V3_LCM_24_S5_R2_001_fastqc.html
[2025-01-23 02:22:57,673] multiqc                                            [DEBUG  ]  File ignored by lima/summary because it exceeded search pattern filesize limit: trimmed_V3_LCM_24_S5_R2_001_fastqc.html
[2025-01-23 02:22:57,674] multiqc                                            [DEBUG  ]  File ignored by vep/vep_txt because it exceeded search pattern filesize limit: trimmed_V3_LCM_24_S5_R2_001_fastqc.html
[2025-01-23 02:22:57,675] multiqc                                            [DEBUG  ]  File ignored by longranger/invocation because it exceeded search pattern filesize limit: trimmed_V3_LCM_24_S5_R2_001_fastqc.html
[2025-01-23 02:22:57,675] multiqc                                            [DEBUG  ]  File ignored by rockhopper because it exceeded search pattern filesize limit: trimmed_V3_LCM_24_S5_R2_001_fastqc.html
[2025-01-23 02:22:57,675] multiqc                                            [DEBUG  ]  File ignored by rseqc/bam_stat because it exceeded search pattern filesize limit: trimmed_V3_LCM_24_S5_R2_001_fastqc.html
[2025-01-23 02:22:57,675] multiqc                                            [DEBUG  ]  File ignored by rseqc/junction_annotation because it exceeded search pattern filesize limit: trimmed_V3_LCM_24_S5_R2_001_fastqc.html
[2025-01-23 02:22:57,675] multiqc                                            [DEBUG  ]  File ignored by rseqc/read_distribution because it exceeded search pattern filesize limit: trimmed_V3_LCM_24_S5_R2_001_fastqc.html
[2025-01-23 02:22:57,675] multiqc                                            [DEBUG  ]  File ignored by rseqc/infer_experiment because it exceeded search pattern filesize limit: trimmed_V3_LCM_24_S5_R2_001_fastqc.html
[2025-01-23 02:22:57,698] multiqc                                            [DEBUG  ]  File ignored by nanostat because it exceeded search pattern filesize limit: trimmed_V3_LCM_24_S5_R2_001_fastqc.html
[2025-01-23 02:22:57,704] multiqc                                            [DEBUG  ]  File ignored by ccs/v4 because it exceeded search pattern filesize limit: trimmed_V3_LCM_25_S6_R1_001_fastqc.html
[2025-01-23 02:22:57,705] multiqc                                            [DEBUG  ]  File ignored by hicexplorer because it exceeded search pattern filesize limit: trimmed_V3_LCM_25_S6_R1_001_fastqc.html
[2025-01-23 02:22:57,705] multiqc                                            [DEBUG  ]  File ignored by lima/summary because it exceeded search pattern filesize limit: trimmed_V3_LCM_25_S6_R1_001_fastqc.html
[2025-01-23 02:22:57,706] multiqc                                            [DEBUG  ]  File ignored by vep/vep_txt because it exceeded search pattern filesize limit: trimmed_V3_LCM_25_S6_R1_001_fastqc.html
[2025-01-23 02:22:57,706] multiqc                                            [DEBUG  ]  File ignored by longranger/invocation because it exceeded search pattern filesize limit: trimmed_V3_LCM_25_S6_R1_001_fastqc.html
[2025-01-23 02:22:57,706] multiqc                                            [DEBUG  ]  File ignored by rockhopper because it exceeded search pattern filesize limit: trimmed_V3_LCM_25_S6_R1_001_fastqc.html
[2025-01-23 02:22:57,706] multiqc                                            [DEBUG  ]  File ignored by rseqc/bam_stat because it exceeded search pattern filesize limit: trimmed_V3_LCM_25_S6_R1_001_fastqc.html
[2025-01-23 02:22:57,707] multiqc                                            [DEBUG  ]  File ignored by rseqc/junction_annotation because it exceeded search pattern filesize limit: trimmed_V3_LCM_25_S6_R1_001_fastqc.html
[2025-01-23 02:22:57,707] multiqc                                            [DEBUG  ]  File ignored by rseqc/read_distribution because it exceeded search pattern filesize limit: trimmed_V3_LCM_25_S6_R1_001_fastqc.html
[2025-01-23 02:22:57,707] multiqc                                            [DEBUG  ]  File ignored by rseqc/infer_experiment because it exceeded search pattern filesize limit: trimmed_V3_LCM_25_S6_R1_001_fastqc.html
[2025-01-23 02:22:57,740] multiqc                                            [DEBUG  ]  File ignored by nanostat because it exceeded search pattern filesize limit: trimmed_V3_LCM_25_S6_R1_001_fastqc.html
[2025-01-23 02:22:57,747] multiqc                                            [DEBUG  ]  File ignored by ccs/v4 because it exceeded search pattern filesize limit: trimmed_V3_LCM_25_S6_R2_001_fastqc.html
[2025-01-23 02:22:57,748] multiqc                                            [DEBUG  ]  File ignored by hicexplorer because it exceeded search pattern filesize limit: trimmed_V3_LCM_25_S6_R2_001_fastqc.html
[2025-01-23 02:22:57,748] multiqc                                            [DEBUG  ]  File ignored by lima/summary because it exceeded search pattern filesize limit: trimmed_V3_LCM_25_S6_R2_001_fastqc.html
[2025-01-23 02:22:57,750] multiqc                                            [DEBUG  ]  File ignored by vep/vep_txt because it exceeded search pattern filesize limit: trimmed_V3_LCM_25_S6_R2_001_fastqc.html
[2025-01-23 02:22:57,750] multiqc                                            [DEBUG  ]  File ignored by longranger/invocation because it exceeded search pattern filesize limit: trimmed_V3_LCM_25_S6_R2_001_fastqc.html
[2025-01-23 02:22:57,750] multiqc                                            [DEBUG  ]  File ignored by rockhopper because it exceeded search pattern filesize limit: trimmed_V3_LCM_25_S6_R2_001_fastqc.html
[2025-01-23 02:22:57,750] multiqc                                            [DEBUG  ]  File ignored by rseqc/bam_stat because it exceeded search pattern filesize limit: trimmed_V3_LCM_25_S6_R2_001_fastqc.html
[2025-01-23 02:22:57,750] multiqc                                            [DEBUG  ]  File ignored by rseqc/junction_annotation because it exceeded search pattern filesize limit: trimmed_V3_LCM_25_S6_R2_001_fastqc.html
[2025-01-23 02:22:57,750] multiqc                                            [DEBUG  ]  File ignored by rseqc/read_distribution because it exceeded search pattern filesize limit: trimmed_V3_LCM_25_S6_R2_001_fastqc.html
[2025-01-23 02:22:57,750] multiqc                                            [DEBUG  ]  File ignored by rseqc/infer_experiment because it exceeded search pattern filesize limit: trimmed_V3_LCM_25_S6_R2_001_fastqc.html
[2025-01-23 02:22:57,773] multiqc                                            [DEBUG  ]  File ignored by nanostat because it exceeded search pattern filesize limit: trimmed_V3_LCM_25_S6_R2_001_fastqc.html
[2025-01-23 02:22:57,779] multiqc                                            [DEBUG  ]  File ignored by ccs/v4 because it exceeded search pattern filesize limit: trimmed_V3_LCM_32_S9_R1_001_fastqc.html
[2025-01-23 02:22:57,780] multiqc                                            [DEBUG  ]  File ignored by hicexplorer because it exceeded search pattern filesize limit: trimmed_V3_LCM_32_S9_R1_001_fastqc.html
[2025-01-23 02:22:57,780] multiqc                                            [DEBUG  ]  File ignored by lima/summary because it exceeded search pattern filesize limit: trimmed_V3_LCM_32_S9_R1_001_fastqc.html
[2025-01-23 02:22:57,781] multiqc                                            [DEBUG  ]  File ignored by vep/vep_txt because it exceeded search pattern filesize limit: trimmed_V3_LCM_32_S9_R1_001_fastqc.html
[2025-01-23 02:22:57,781] multiqc                                            [DEBUG  ]  File ignored by longranger/invocation because it exceeded search pattern filesize limit: trimmed_V3_LCM_32_S9_R1_001_fastqc.html
[2025-01-23 02:22:57,781] multiqc                                            [DEBUG  ]  File ignored by rockhopper because it exceeded search pattern filesize limit: trimmed_V3_LCM_32_S9_R1_001_fastqc.html
[2025-01-23 02:22:57,781] multiqc                                            [DEBUG  ]  File ignored by rseqc/bam_stat because it exceeded search pattern filesize limit: trimmed_V3_LCM_32_S9_R1_001_fastqc.html
[2025-01-23 02:22:57,781] multiqc                                            [DEBUG  ]  File ignored by rseqc/junction_annotation because it exceeded search pattern filesize limit: trimmed_V3_LCM_32_S9_R1_001_fastqc.html
[2025-01-23 02:22:57,781] multiqc                                            [DEBUG  ]  File ignored by rseqc/read_distribution because it exceeded search pattern filesize limit: trimmed_V3_LCM_32_S9_R1_001_fastqc.html
[2025-01-23 02:22:57,781] multiqc                                            [DEBUG  ]  File ignored by rseqc/infer_experiment because it exceeded search pattern filesize limit: trimmed_V3_LCM_32_S9_R1_001_fastqc.html
[2025-01-23 02:22:57,812] multiqc                                            [DEBUG  ]  File ignored by nanostat because it exceeded search pattern filesize limit: trimmed_V3_LCM_32_S9_R1_001_fastqc.html
[2025-01-23 02:22:57,818] multiqc                                            [DEBUG  ]  File ignored by ccs/v4 because it exceeded search pattern filesize limit: trimmed_V3_LCM_32_S9_R2_001_fastqc.html
[2025-01-23 02:22:57,819] multiqc                                            [DEBUG  ]  File ignored by hicexplorer because it exceeded search pattern filesize limit: trimmed_V3_LCM_32_S9_R2_001_fastqc.html
[2025-01-23 02:22:57,819] multiqc                                            [DEBUG  ]  File ignored by lima/summary because it exceeded search pattern filesize limit: trimmed_V3_LCM_32_S9_R2_001_fastqc.html
[2025-01-23 02:22:57,820] multiqc                                            [DEBUG  ]  File ignored by vep/vep_txt because it exceeded search pattern filesize limit: trimmed_V3_LCM_32_S9_R2_001_fastqc.html
[2025-01-23 02:22:57,820] multiqc                                            [DEBUG  ]  File ignored by longranger/invocation because it exceeded search pattern filesize limit: trimmed_V3_LCM_32_S9_R2_001_fastqc.html
[2025-01-23 02:22:57,820] multiqc                                            [DEBUG  ]  File ignored by rockhopper because it exceeded search pattern filesize limit: trimmed_V3_LCM_32_S9_R2_001_fastqc.html
[2025-01-23 02:22:57,820] multiqc                                            [DEBUG  ]  File ignored by rseqc/bam_stat because it exceeded search pattern filesize limit: trimmed_V3_LCM_32_S9_R2_001_fastqc.html
[2025-01-23 02:22:57,820] multiqc                                            [DEBUG  ]  File ignored by rseqc/junction_annotation because it exceeded search pattern filesize limit: trimmed_V3_LCM_32_S9_R2_001_fastqc.html
[2025-01-23 02:22:57,821] multiqc                                            [DEBUG  ]  File ignored by rseqc/read_distribution because it exceeded search pattern filesize limit: trimmed_V3_LCM_32_S9_R2_001_fastqc.html
[2025-01-23 02:22:57,821] multiqc                                            [DEBUG  ]  File ignored by rseqc/infer_experiment because it exceeded search pattern filesize limit: trimmed_V3_LCM_32_S9_R2_001_fastqc.html
[2025-01-23 02:22:57,845] multiqc                                            [DEBUG  ]  File ignored by nanostat because it exceeded search pattern filesize limit: trimmed_V3_LCM_32_S9_R2_001_fastqc.html
[2025-01-23 02:22:57,851] multiqc                                            [DEBUG  ]  File ignored by ccs/v4 because it exceeded search pattern filesize limit: trimmed_V3_LCM_33_S10_R1_001_fastqc.html
[2025-01-23 02:22:57,851] multiqc                                            [DEBUG  ]  File ignored by hicexplorer because it exceeded search pattern filesize limit: trimmed_V3_LCM_33_S10_R1_001_fastqc.html
[2025-01-23 02:22:57,852] multiqc                                            [DEBUG  ]  File ignored by lima/summary because it exceeded search pattern filesize limit: trimmed_V3_LCM_33_S10_R1_001_fastqc.html
[2025-01-23 02:22:57,853] multiqc                                            [DEBUG  ]  File ignored by vep/vep_txt because it exceeded search pattern filesize limit: trimmed_V3_LCM_33_S10_R1_001_fastqc.html
[2025-01-23 02:22:57,853] multiqc                                            [DEBUG  ]  File ignored by longranger/invocation because it exceeded search pattern filesize limit: trimmed_V3_LCM_33_S10_R1_001_fastqc.html
[2025-01-23 02:22:57,853] multiqc                                            [DEBUG  ]  File ignored by rockhopper because it exceeded search pattern filesize limit: trimmed_V3_LCM_33_S10_R1_001_fastqc.html
[2025-01-23 02:22:57,853] multiqc                                            [DEBUG  ]  File ignored by rseqc/bam_stat because it exceeded search pattern filesize limit: trimmed_V3_LCM_33_S10_R1_001_fastqc.html
[2025-01-23 02:22:57,853] multiqc                                            [DEBUG  ]  File ignored by rseqc/junction_annotation because it exceeded search pattern filesize limit: trimmed_V3_LCM_33_S10_R1_001_fastqc.html
[2025-01-23 02:22:57,853] multiqc                                            [DEBUG  ]  File ignored by rseqc/read_distribution because it exceeded search pattern filesize limit: trimmed_V3_LCM_33_S10_R1_001_fastqc.html
[2025-01-23 02:22:57,853] multiqc                                            [DEBUG  ]  File ignored by rseqc/infer_experiment because it exceeded search pattern filesize limit: trimmed_V3_LCM_33_S10_R1_001_fastqc.html
[2025-01-23 02:22:57,887] multiqc                                            [DEBUG  ]  File ignored by nanostat because it exceeded search pattern filesize limit: trimmed_V3_LCM_33_S10_R1_001_fastqc.html
[2025-01-23 02:22:57,894] multiqc                                            [DEBUG  ]  File ignored by ccs/v4 because it exceeded search pattern filesize limit: trimmed_V3_LCM_33_S10_R2_001_fastqc.html
[2025-01-23 02:22:57,895] multiqc                                            [DEBUG  ]  File ignored by hicexplorer because it exceeded search pattern filesize limit: trimmed_V3_LCM_33_S10_R2_001_fastqc.html
[2025-01-23 02:22:57,895] multiqc                                            [DEBUG  ]  File ignored by lima/summary because it exceeded search pattern filesize limit: trimmed_V3_LCM_33_S10_R2_001_fastqc.html
[2025-01-23 02:22:57,896] multiqc                                            [DEBUG  ]  File ignored by vep/vep_txt because it exceeded search pattern filesize limit: trimmed_V3_LCM_33_S10_R2_001_fastqc.html
[2025-01-23 02:22:57,897] multiqc                                            [DEBUG  ]  File ignored by longranger/invocation because it exceeded search pattern filesize limit: trimmed_V3_LCM_33_S10_R2_001_fastqc.html
[2025-01-23 02:22:57,897] multiqc                                            [DEBUG  ]  File ignored by rockhopper because it exceeded search pattern filesize limit: trimmed_V3_LCM_33_S10_R2_001_fastqc.html
[2025-01-23 02:22:57,897] multiqc                                            [DEBUG  ]  File ignored by rseqc/bam_stat because it exceeded search pattern filesize limit: trimmed_V3_LCM_33_S10_R2_001_fastqc.html
[2025-01-23 02:22:57,897] multiqc                                            [DEBUG  ]  File ignored by rseqc/junction_annotation because it exceeded search pattern filesize limit: trimmed_V3_LCM_33_S10_R2_001_fastqc.html
[2025-01-23 02:22:57,897] multiqc                                            [DEBUG  ]  File ignored by rseqc/read_distribution because it exceeded search pattern filesize limit: trimmed_V3_LCM_33_S10_R2_001_fastqc.html
[2025-01-23 02:22:57,897] multiqc                                            [DEBUG  ]  File ignored by rseqc/infer_experiment because it exceeded search pattern filesize limit: trimmed_V3_LCM_33_S10_R2_001_fastqc.html
[2025-01-23 02:22:57,920] multiqc                                            [DEBUG  ]  File ignored by nanostat because it exceeded search pattern filesize limit: trimmed_V3_LCM_33_S10_R2_001_fastqc.html
[2025-01-23 02:22:57,926] multiqc                                            [DEBUG  ]  File ignored by ccs/v4 because it exceeded search pattern filesize limit: trimmed_V3_LCM_3_S2_R1_001_fastqc.html
[2025-01-23 02:22:57,927] multiqc                                            [DEBUG  ]  File ignored by hicexplorer because it exceeded search pattern filesize limit: trimmed_V3_LCM_3_S2_R1_001_fastqc.html
[2025-01-23 02:22:57,927] multiqc                                            [DEBUG  ]  File ignored by lima/summary because it exceeded search pattern filesize limit: trimmed_V3_LCM_3_S2_R1_001_fastqc.html
[2025-01-23 02:22:57,929] multiqc                                            [DEBUG  ]  File ignored by vep/vep_txt because it exceeded search pattern filesize limit: trimmed_V3_LCM_3_S2_R1_001_fastqc.html
[2025-01-23 02:22:57,929] multiqc                                            [DEBUG  ]  File ignored by longranger/invocation because it exceeded search pattern filesize limit: trimmed_V3_LCM_3_S2_R1_001_fastqc.html
[2025-01-23 02:22:57,929] multiqc                                            [DEBUG  ]  File ignored by rockhopper because it exceeded search pattern filesize limit: trimmed_V3_LCM_3_S2_R1_001_fastqc.html
[2025-01-23 02:22:57,929] multiqc                                            [DEBUG  ]  File ignored by rseqc/bam_stat because it exceeded search pattern filesize limit: trimmed_V3_LCM_3_S2_R1_001_fastqc.html
[2025-01-23 02:22:57,929] multiqc                                            [DEBUG  ]  File ignored by rseqc/junction_annotation because it exceeded search pattern filesize limit: trimmed_V3_LCM_3_S2_R1_001_fastqc.html
[2025-01-23 02:22:57,929] multiqc                                            [DEBUG  ]  File ignored by rseqc/read_distribution because it exceeded search pattern filesize limit: trimmed_V3_LCM_3_S2_R1_001_fastqc.html
[2025-01-23 02:22:57,929] multiqc                                            [DEBUG  ]  File ignored by rseqc/infer_experiment because it exceeded search pattern filesize limit: trimmed_V3_LCM_3_S2_R1_001_fastqc.html
[2025-01-23 02:22:57,957] multiqc                                            [DEBUG  ]  File ignored by nanostat because it exceeded search pattern filesize limit: trimmed_V3_LCM_3_S2_R1_001_fastqc.html
[2025-01-23 02:22:57,963] multiqc                                            [DEBUG  ]  File ignored by ccs/v4 because it exceeded search pattern filesize limit: trimmed_V3_LCM_3_S2_R2_001_fastqc.html
[2025-01-23 02:22:57,964] multiqc                                            [DEBUG  ]  File ignored by hicexplorer because it exceeded search pattern filesize limit: trimmed_V3_LCM_3_S2_R2_001_fastqc.html
[2025-01-23 02:22:57,964] multiqc                                            [DEBUG  ]  File ignored by lima/summary because it exceeded search pattern filesize limit: trimmed_V3_LCM_3_S2_R2_001_fastqc.html
[2025-01-23 02:22:57,965] multiqc                                            [DEBUG  ]  File ignored by vep/vep_txt because it exceeded search pattern filesize limit: trimmed_V3_LCM_3_S2_R2_001_fastqc.html
[2025-01-23 02:22:57,965] multiqc                                            [DEBUG  ]  File ignored by longranger/invocation because it exceeded search pattern filesize limit: trimmed_V3_LCM_3_S2_R2_001_fastqc.html
[2025-01-23 02:22:57,965] multiqc                                            [DEBUG  ]  File ignored by rockhopper because it exceeded search pattern filesize limit: trimmed_V3_LCM_3_S2_R2_001_fastqc.html
[2025-01-23 02:22:57,965] multiqc                                            [DEBUG  ]  File ignored by rseqc/bam_stat because it exceeded search pattern filesize limit: trimmed_V3_LCM_3_S2_R2_001_fastqc.html
[2025-01-23 02:22:57,965] multiqc                                            [DEBUG  ]  File ignored by rseqc/junction_annotation because it exceeded search pattern filesize limit: trimmed_V3_LCM_3_S2_R2_001_fastqc.html
[2025-01-23 02:22:57,966] multiqc                                            [DEBUG  ]  File ignored by rseqc/read_distribution because it exceeded search pattern filesize limit: trimmed_V3_LCM_3_S2_R2_001_fastqc.html
[2025-01-23 02:22:57,966] multiqc                                            [DEBUG  ]  File ignored by rseqc/infer_experiment because it exceeded search pattern filesize limit: trimmed_V3_LCM_3_S2_R2_001_fastqc.html
[2025-01-23 02:22:57,989] multiqc                                            [DEBUG  ]  File ignored by nanostat because it exceeded search pattern filesize limit: trimmed_V3_LCM_3_S2_R2_001_fastqc.html
[2025-01-23 02:23:00,470] multiqc.plots.linegraph                            [DEBUG  ]  Using matplotlib version 3.4.3
[2025-01-23 02:23:00,478] multiqc.plots.bargraph                             [DEBUG  ]  Using matplotlib version 3.4.3
[2025-01-23 02:23:02,390] multiqc.modules.fastqc.fastqc                      [INFO   ]  Found 20 reports
[2025-01-23 02:23:02,582] multiqc                                            [INFO   ]  Compressing plot data
[2025-01-23 02:23:02,913] multiqc                                            [INFO   ]  Report      : multiqc_report.html
[2025-01-23 02:23:02,913] multiqc                                            [INFO   ]  Data        : multiqc_data
[2025-01-23 02:23:02,913] multiqc                                            [DEBUG  ]  Moving data file from '/tmp/tmp60gfjxgu/multiqc_data' to '/project/pi_hputnam_uri_edu/zdellaert/LaserCoral/output_WGBS/trimmed_V3_qc/multiqc_data'
[2025-01-23 02:23:03,381] multiqc                                            [INFO   ]  MultiQC complete
